#
# There is insufficient memory for the Java Runtime Environment to continue.
# Native memory allocation (malloc) failed to allocate 396656 bytes for Chunk::new
# Possible reasons:
#   The system is out of physical RAM or swap space
#   In 32 bit mode, the process size limit was hit
# Possible solutions:
#   Reduce memory load on the system
#   Increase physical memory or swap space
#   Check if swap backing store is full
#   Use 64 bit Java on a 64 bit OS
#   Decrease Java heap size (-Xmx/-Xms)
#   Decrease number of Java threads
#   Decrease Java thread stack sizes (-Xss)
#   Set larger code cache with -XX:ReservedCodeCacheSize=
# This output file may be truncated or incomplete.
#
#  Out of Memory Error (allocation.cpp:390), pid=1884, tid=9696
#
# JRE version: Java(TM) SE Runtime Environment (8.0_65-b17) (build 1.8.0_65-b17)
# Java VM: Java HotSpot(TM) 64-Bit Server VM (25.65-b01 mixed mode windows-amd64 compressed oops)
# Failed to write core dump. Minidumps are not enabled by default on client versions of Windows
#

---------------  T H R E A D  ---------------

Current thread (0x0000000014916800):  JavaThread "C2 CompilerThread1" daemon [_thread_in_native, id=9696, stack(0x0000000016000000,0x0000000016100000)]

Stack: [0x0000000016000000,0x0000000016100000]
[error occurred during error reporting (printing stack bounds), id 0xc0000005]

Native frames: (J=compiled Java code, j=interpreted, Vv=VM code, C=native code)


Current CompileTask:
C2:   2501 1177   !   4       com.android.dx.rop.code.RegisterSpec::intern (70 bytes)


---------------  P R O C E S S  ---------------

Java Threads: ( => current thread )
  0x0000000016468000 JavaThread "pool-2-thread-4" [_thread_in_Java, id=8776, stack(0x0000000016c00000,0x0000000016d00000)]
  0x000000001645a800 JavaThread "pool-2-thread-3" [_thread_in_Java, id=6172, stack(0x0000000016b00000,0x0000000016c00000)]
  0x0000000016467000 JavaThread "pool-2-thread-2" [_thread_in_Java, id=4476, stack(0x0000000016a00000,0x0000000016b00000)]
  0x0000000016462000 JavaThread "pool-3-thread-1" [_thread_blocked, id=6008, stack(0x0000000016900000,0x0000000016a00000)]
  0x000000001645e000 JavaThread "pool-2-thread-1" [_thread_in_vm, id=7820, stack(0x0000000016800000,0x0000000016900000)]
  0x0000000016205800 JavaThread "Service Thread" daemon [_thread_blocked, id=2432, stack(0x0000000016600000,0x0000000016700000)]
  0x000000001491c800 JavaThread "C1 CompilerThread2" daemon [_thread_blocked, id=2788, stack(0x0000000016100000,0x0000000016200000)]
=>0x0000000014916800 JavaThread "C2 CompilerThread1" daemon [_thread_in_native, id=9696, stack(0x0000000016000000,0x0000000016100000)]
  0x00000000148be000 JavaThread "C2 CompilerThread0" daemon [_thread_in_native, id=7392, stack(0x0000000015f00000,0x0000000016000000)]
  0x00000000148bb800 JavaThread "Attach Listener" daemon [_thread_blocked, id=1768, stack(0x0000000015e00000,0x0000000015f00000)]
  0x00000000148ba000 JavaThread "Signal Dispatcher" daemon [_thread_blocked, id=6088, stack(0x0000000015d00000,0x0000000015e00000)]
  0x00000000021e1000 JavaThread "Finalizer" daemon [_thread_blocked, id=8696, stack(0x0000000015b20000,0x0000000015c20000)]
  0x00000000021de000 JavaThread "Reference Handler" daemon [_thread_blocked, id=9820, stack(0x0000000015a20000,0x0000000015b20000)]
  0x00000000020f0800 JavaThread "main" [_thread_in_Java, id=6692, stack(0x0000000001ef0000,0x0000000001ff0000)]

Other Threads:
  0x0000000014888000 VMThread [stack: 0x0000000015920000,0x0000000015a20000] [id=2668]
  0x0000000016221800 WatcherThread [stack: 0x0000000016700000,0x0000000016800000] [id=9916]

VM state:not at safepoint (normal execution)

VM Mutex/Monitor currently owned by a thread: None

Heap:
 PSYoungGen      total 35328K, used 14494K [0x00000000eab00000, 0x00000000ed000000, 0x0000000100000000)
  eden space 32768K, 36% used [0x00000000eab00000,0x00000000eb6afb48,0x00000000ecb00000)
  from space 2560K, 98% used [0x00000000ecd80000,0x00000000ecff8028,0x00000000ed000000)
  to   space 2560K, 0% used [0x00000000ecb00000,0x00000000ecb00000,0x00000000ecd80000)
 ParOldGen       total 44032K, used 4213K [0x00000000c0000000, 0x00000000c2b00000, 0x00000000eab00000)
  object space 44032K, 9% used [0x00000000c0000000,0x00000000c041d628,0x00000000c2b00000)
 Metaspace       used 5944K, capacity 6960K, committed 7040K, reserved 1056768K
  class space    used 591K, capacity 616K, committed 640K, reserved 1048576K

Card table byte_map: [0x00000000115b0000,0x00000000117c0000] byte_map_base: 0x0000000010fb0000

Marking Bits: (ParMarkBitMap*) 0x000000005d94a5b0
 Begin Bits: [0x0000000011d20000, 0x0000000012d20000)
 End Bits:   [0x0000000012d20000, 0x0000000013d20000)

Polling page: 0x00000000001f0000

CodeCache: size=245760Kb used=5077Kb max_used=5077Kb free=240682Kb
 bounds [0x00000000021f0000, 0x00000000026f0000, 0x00000000111f0000]
 total_blobs=1551 nmethods=1280 adapters=182
 compilation: disabled (not enough contiguous free space left)

Compilation events (10 events):
Event: 2.229 Thread 0x000000001491c800 nmethod 1188 0x000000000267fc50 code [0x000000000267fe00, 0x00000000026805e8]
Event: 2.229 Thread 0x000000001491c800 1190       3       com.android.dx.dex.code.RopTranslator::pickOrder (400 bytes)
Event: 2.232 Thread 0x000000001491c800 nmethod 1190 0x000000000268d590 code [0x000000000268d8c0, 0x000000000268f9d8]
Event: 2.232 Thread 0x000000001491c800 1196       3       com.android.dx.rop.code.BasicBlockList::getInstructionCount (48 bytes)
Event: 2.232 Thread 0x000000001491c800 nmethod 1196 0x0000000002679b10 code [0x0000000002679ca0, 0x000000000267a330]
Event: 2.232 Thread 0x000000001491c800 1192       3       com.android.dx.ssa.DeadCodeRemover::run (194 bytes)
Event: 2.234 Thread 0x00000000148be000 nmethod 1174 0x0000000002694190 code [0x0000000002694320, 0x0000000002694bd8]
Event: 2.234 Thread 0x00000000148be000 1181       4       com.android.dx.ssa.SsaRenamer$BlockRenamer::addMapping (143 bytes)
Event: 2.235 Thread 0x000000001491c800 nmethod 1192 0x0000000002691810 code [0x0000000002691b40, 0x0000000002693388]
Event: 2.235 Thread 0x000000001491c800 1180       3       com.android.dx.ssa.SsaMethod::convertRopToSsaBlocks (103 bytes)

GC Heap History (2 events):
Event: 1.453 GC heap before
{Heap before GC invocations=1 (full 0):
 PSYoungGen      total 18944K, used 16384K [0x00000000eab00000, 0x00000000ec000000, 0x0000000100000000)
  eden space 16384K, 100% used [0x00000000eab00000,0x00000000ebb00000,0x00000000ebb00000)
  from space 2560K, 0% used [0x00000000ebd80000,0x00000000ebd80000,0x00000000ec000000)
  to   space 2560K, 0% used [0x00000000ebb00000,0x00000000ebb00000,0x00000000ebd80000)
 ParOldGen       total 44032K, used 0K [0x00000000c0000000, 0x00000000c2b00000, 0x00000000eab00000)
  object space 44032K, 0% used [0x00000000c0000000,0x00000000c0000000,0x00000000c2b00000)
 Metaspace       used 5718K, capacity 6768K, committed 7040K, reserved 1056768K
  class space    used 588K, capacity 616K, committed 640K, reserved 1048576K
Event: 1.746 GC heap after
Heap after GC invocations=1 (full 0):
 PSYoungGen      total 18944K, used 2544K [0x00000000eab00000, 0x00000000ed000000, 0x0000000100000000)
  eden space 16384K, 0% used [0x00000000eab00000,0x00000000eab00000,0x00000000ebb00000)
  from space 2560K, 99% used [0x00000000ebb00000,0x00000000ebd7c028,0x00000000ebd80000)
  to   space 2560K, 0% used [0x00000000ecd80000,0x00000000ecd80000,0x00000000ed000000)
 ParOldGen       total 44032K, used 1913K [0x00000000c0000000, 0x00000000c2b00000, 0x00000000eab00000)
  object space 44032K, 4% used [0x00000000c0000000,0x00000000c01de668,0x00000000c2b00000)
 Metaspace       used 5718K, capacity 6768K, committed 7040K, reserved 1056768K
  class space    used 588K, capacity 616K, committed 640K, reserved 1048576K
}

Deoptimization events (10 events):
Event: 1.432 Thread 0x00000000020f0800 Uncommon trap: reason=unstable_if action=reinterpret pc=0x0000000002523a50 method=com.android.dx.rop.code.RegisterSpec.equals(ILcom/android/dx/rop/type/TypeBearer;Lcom/android/dx/rop/code/LocalItem;)Z @ 16
Event: 1.793 Thread 0x0000000016467000 Uncommon trap: reason=unstable_if action=reinterpret pc=0x0000000002567b50 method=com.android.dx.ssa.SsaRenamer$BlockRenamer.addMapping(ILcom/android/dx/rop/code/RegisterSpec;)V @ 120
Event: 1.823 Thread 0x00000000020f0800 Uncommon trap: reason=unstable_if action=reinterpret pc=0x00000000024c5848 method=com.android.dx.rop.code.RegisterSpec.equals(ILcom/android/dx/rop/type/TypeBearer;Lcom/android/dx/rop/code/LocalItem;)Z @ 16
Event: 1.825 Thread 0x00000000020f0800 Uncommon trap: reason=unstable_if action=reinterpret pc=0x000000000253349c method=com.android.dx.rop.cst.Constant.compareTo(Lcom/android/dx/rop/cst/Constant;)I @ 12
Event: 1.878 Thread 0x000000001645e000 Uncommon trap: reason=null_check action=make_not_entrant pc=0x00000000025058e4 method=com.android.dx.ssa.SsaRenamer.getLocalForNewReg(I)Lcom/android/dx/rop/code/LocalItem; @ 19
Event: 1.881 Thread 0x000000001645a800 Uncommon trap: reason=unstable_if action=reinterpret pc=0x0000000002540620 method=com.android.dx.rop.code.LocalItem.hashCode()I @ 25
Event: 1.913 Thread 0x000000001645e000 Uncommon trap: reason=null_check action=make_not_entrant pc=0x0000000002557aa0 method=com.android.dx.rop.type.Type.equals(Ljava/lang/Object;)Z @ 8
Event: 2.226 Thread 0x000000001645a800 Uncommon trap: reason=bimorphic action=maybe_recompile pc=0x000000000241a21c method=java.util.HashMap.getNode(ILjava/lang/Object;)Ljava/util/HashMap$Node; @ 126
Event: 2.226 Thread 0x000000001645a800 Uncommon trap: reason=bimorphic action=maybe_recompile pc=0x000000000241a21c method=java.util.HashMap.getNode(ILjava/lang/Object;)Ljava/util/HashMap$Node; @ 126
Event: 2.226 Thread 0x000000001645a800 Uncommon trap: reason=bimorphic action=maybe_recompile pc=0x000000000241a21c method=java.util.HashMap.getNode(ILjava/lang/Object;)Ljava/util/HashMap$Node; @ 126

Internal exceptions (4 events):
Event: 0.083 Thread 0x00000000020f0800 Exception <a 'java/lang/NoSuchMethodError': Method sun.misc.Unsafe.defineClass(Ljava/lang/String;[BII)Ljava/lang/Class; name or signature does not match> (0x00000000eab0d600) thrown at [C:\workspace\8-2-build-windows-amd64-cygwin\jdk8u65\4987\hotspot\src\s'ìÀ¿Â9µ?
Event: 0.083 Thread 0x00000000020f0800 Exception <a 'java/lang/NoSuchMethodError': Method sun.misc.Unsafe.prefetchRead(Ljava/lang/Object;J)V name or signature does not match> (0x00000000eab0d8e8) thrown at [C:\workspace\8-2-build-windows-amd64-cygwin\jdk8u65\4987\hotspot\src\share\vm\prims\jni.Ô:Æ©j
þ?
Event: 1.878 Thread 0x000000001645e000 Implicit null exception at 0x0000000002504057 to 0x0000000002505899
Event: 1.913 Thread 0x000000001645e000 Implicit null exception at 0x00000000025579a2 to 0x0000000002557a92

Events (10 events):
Event: 1.913 Thread 0x000000001645e000 DEOPT UNPACKING pc=0x000000000223582a sp=0x00000000168fe698 mode 2
Event: 2.226 Thread 0x000000001645a800 Uncommon trap: trap_request=0xffffffc6 fr.pc=0x000000000241a21c
Event: 2.226 Thread 0x000000001645a800 DEOPT PACKING pc=0x000000000241a21c sp=0x0000000016bfe580
Event: 2.226 Thread 0x000000001645a800 DEOPT UNPACKING pc=0x000000000223582a sp=0x0000000016bfe498 mode 2
Event: 2.226 Thread 0x000000001645a800 Uncommon trap: trap_request=0xffffffc6 fr.pc=0x000000000241a21c
Event: 2.226 Thread 0x000000001645a800 DEOPT PACKING pc=0x000000000241a21c sp=0x0000000016bfe580
Event: 2.226 Thread 0x000000001645a800 DEOPT UNPACKING pc=0x000000000223582a sp=0x0000000016bfe498 mode 2
Event: 2.226 Thread 0x000000001645a800 Uncommon trap: trap_request=0xffffffc6 fr.pc=0x000000000241a21c
Event: 2.226 Thread 0x000000001645a800 DEOPT PACKING pc=0x000000000241a21c sp=0x0000000016bfe240
Event: 2.226 Thread 0x000000001645a800 DEOPT UNPACKING pc=0x000000000223582a sp=0x0000000016bfe158 mode 2


Dynamic libraries:
0x00007ff606210000 - 0x00007ff606247000 	C:\Program Files\Java\jdk1.8.0_65\bin\java.exe
0x00007ff810bb0000 - 0x00007ff810d71000 	C:\Windows\SYSTEM32\ntdll.dll
0x00007ff80e9c0000 - 0x00007ff80ea6d000 	C:\Windows\system32\KERNEL32.DLL
0x00007ff80d280000 - 0x00007ff80d468000 	C:\Windows\system32\KERNELBASE.dll
0x00007ff80b710000 - 0x00007ff80b789000 	C:\Windows\system32\apphelp.dll
0x00007ff8108c0000 - 0x00007ff810967000 	C:\Windows\system32\ADVAPI32.dll
0x00007ff80e0e0000 - 0x00007ff80e17d000 	C:\Windows\system32\msvcrt.dll
0x00007ff8101a0000 - 0x00007ff8101fb000 	C:\Windows\system32\sechost.dll
0x00007ff810480000 - 0x00007ff81059c000 	C:\Windows\system32\RPCRT4.dll
0x00007ff80e7f0000 - 0x00007ff80e946000 	C:\Windows\system32\USER32.dll
0x00007ff810010000 - 0x00007ff810196000 	C:\Windows\system32\GDI32.dll
0x00007fffffb60000 - 0x00007fffffdd4000 	C:\Windows\WinSxS\amd64_microsoft.windows.common-controls_6595b64144ccf1df_6.0.10586.0_none_8c15ae12515e1c22\COMCTL32.dll
0x00007ff810200000 - 0x00007ff81047d000 	C:\Windows\system32\combase.dll
0x00007ff80d8f0000 - 0x00007ff80d95a000 	C:\Windows\system32\bcryptPrimitives.dll
0x00007ff80ffd0000 - 0x00007ff81000b000 	C:\Windows\system32\IMM32.DLL
0x000000005ccc0000 - 0x000000005cd92000 	C:\Program Files\Java\jdk1.8.0_65\jre\bin\msvcr100.dll
0x000000005d140000 - 0x000000005d9c9000 	C:\Program Files\Java\jdk1.8.0_65\jre\bin\server\jvm.dll
0x00007ff810750000 - 0x00007ff810758000 	C:\Windows\system32\PSAPI.DLL
0x00007ff802680000 - 0x00007ff802689000 	C:\Windows\SYSTEM32\WSOCK32.dll
0x00007ff80e180000 - 0x00007ff80e1eb000 	C:\Windows\system32\WS2_32.dll
0x00007ff80b5a0000 - 0x00007ff80b5c3000 	C:\Windows\SYSTEM32\WINMM.dll
0x00007ff8006f0000 - 0x00007ff8006fa000 	C:\Windows\SYSTEM32\VERSION.dll
0x00007ff80b240000 - 0x00007ff80b26c000 	C:\Windows\SYSTEM32\WINMMBASE.dll
0x00007ff80d6d0000 - 0x00007ff80d713000 	C:\Windows\system32\cfgmgr32.dll
0x000000005d130000 - 0x000000005d13f000 	C:\Program Files\Java\jdk1.8.0_65\jre\bin\verify.dll
0x000000005d100000 - 0x000000005d129000 	C:\Program Files\Java\jdk1.8.0_65\jre\bin\java.dll
0x000000005d0e0000 - 0x000000005d0f6000 	C:\Program Files\Java\jdk1.8.0_65\jre\bin\zip.dll
0x00007ff80ea70000 - 0x00007ff80ffcf000 	C:\Windows\system32\SHELL32.dll
0x00007ff80d960000 - 0x00007ff80dfa4000 	C:\Windows\system32\windows.storage.dll
0x00007ff80e250000 - 0x00007ff80e2a2000 	C:\Windows\system32\shlwapi.dll
0x00007ff80d230000 - 0x00007ff80d23f000 	C:\Windows\system32\kernel.appcore.dll
0x00007ff80d560000 - 0x00007ff80d615000 	C:\Windows\system32\shcore.dll
0x00007ff80d1d0000 - 0x00007ff80d21b000 	C:\Windows\system32\powrprof.dll
0x00007ff80d240000 - 0x00007ff80d254000 	C:\Windows\system32\profapi.dll

VM Arguments:
jvm_args: -Djava.awt.headless=true -Xmx1024M -Dfile.encoding=windows-1252 -Duser.country=US -Duser.language=en -Duser.variant 
java_command: com.android.dx.command.Main --dex --force-jumbo --num-threads=4 --multi-dex --output F:\Android Tools\My AndroWork\MapMyDay\app\build\intermediates\transforms\dex\debug\folders\1000\10\com.android.support-design-23.1.1_293015b490e4bb4658832041fa721b10915f9258 F:\Android Tools\My AndroWork\MapMyDay\app\build\intermediates\exploded-aar\com.android.support\design\23.1.1\jars\classes.jar
java_class_path (initial): F:\sdk\build-tools\23.0.1\lib\dx.jar
Launcher Type: SUN_STANDARD

Environment Variables:
PATH=C:\ProgramData\Oracle\Java\javapath;C:\Windows\system32;C:\Windows;C:\Windows\System32\Wbem;C:\Windows\System32\WindowsPowerShell\v1.0\;C:\Program Files (x86)\Intel\OpenCL SDK\2.0\bin\x86;C:\Program Files (x86)\Intel\OpenCL SDK\2.0\bin\x64;C:\Program Files\Microsoft\Web Platform Installer\;C:\Program Files (x86)\Microsoft ASP.NET\ASP.NET Web Pages\v1.0\;C:\Program Files (x86)\Windows Kits\8.0\Windows Performance Toolkit\;C:\Program Files\Microsoft SQL Server\110\Tools\Binn\;C:\VisualStudio & OpenCv\opencv\build\x64\vc11\bin\;C:\Program Files (x86)\Common Files\lenovo\easyplussdk\bin;C:\Modeltech_pe_edu_10.4a\win32pe_edu
USERNAME=Fahim Al Mahmud
OS=Windows_NT
PROCESSOR_IDENTIFIER=Intel64 Family 6 Model 58 Stepping 9, GenuineIntel



---------------  S Y S T E M  ---------------

OS: Windows 10.0 , 64 bit Build 10586 (10.0.10586.0)

CPU:total 4 (2 cores per cpu, 2 threads per core) family 6 model 58 stepping 9, cmov, cx8, fxsr, mmx, sse, sse2, sse3, ssse3, sse4.1, sse4.2, popcnt, avx, aes, clmul, erms, ht, tsc, tscinvbit, tscinv

Memory: 4k page, physical 4087096k(540808k free), swap 6005436k(163944k free)

vm_info: Java HotSpot(TM) 64-Bit Server VM (25.65-b01) for windows-amd64 JRE (1.8.0_65-b17), built on Oct  6 2015 16:39:20 by "java_re" with MS VC++ 10.0 (VS2010)

time: Sun Jun 12 01:28:00 2016
elapsed time: 2 seconds (0d 0h 0m 2s)

