#
# There is insufficient memory for the Java Runtime Environment to continue.
# Native memory allocation (malloc) failed to allocate 434736 bytes for Chunk::new
# Possible reasons:
#   The system is out of physical RAM or swap space
#   In 32 bit mode, the process size limit was hit
# Possible solutions:
#   Reduce memory load on the system
#   Increase physical memory or swap space
#   Check if swap backing store is full
#   Use 64 bit Java on a 64 bit OS
#   Decrease Java heap size (-Xmx/-Xms)
#   Decrease number of Java threads
#   Decrease Java thread stack sizes (-Xss)
#   Set larger code cache with -XX:ReservedCodeCacheSize=
# This output file may be truncated or incomplete.
#
#  Out of Memory Error (allocation.cpp:390), pid=6992, tid=8328
#
# JRE version: Java(TM) SE Runtime Environment (8.0_65-b17) (build 1.8.0_65-b17)
# Java VM: Java HotSpot(TM) 64-Bit Server VM (25.65-b01 mixed mode windows-amd64 compressed oops)
# Failed to write core dump. Minidumps are not enabled by default on client versions of Windows
#

---------------  T H R E A D  ---------------

Current thread (0x0000000014a7d800):  JavaThread "C2 CompilerThread0" daemon [_thread_in_native, id=8328, stack(0x0000000016000000,0x0000000016100000)]

Stack: [0x0000000016000000,0x0000000016100000]
[error occurred during error reporting (printing stack bounds), id 0xc0000005]

Native frames: (J=compiled Java code, j=interpreted, Vv=VM code, C=native code)


Current CompileTask:
C2:   3540  875       4       com.android.dx.ssa.back.LivenessAnalyzer::handleTailRecursion (94 bytes)


---------------  P R O C E S S  ---------------

Java Threads: ( => current thread )
  0x0000000016435000 JavaThread "pool-3-thread-1" [_thread_blocked, id=4360, stack(0x0000000016a00000,0x0000000016b00000)]
  0x000000001643b000 JavaThread "pool-2-thread-1" [_thread_blocked, id=8092, stack(0x0000000016900000,0x0000000016a00000)]
  0x0000000016302800 JavaThread "Service Thread" daemon [_thread_blocked, id=10004, stack(0x0000000016700000,0x0000000016800000)]
  0x0000000014adc000 JavaThread "C1 CompilerThread2" daemon [_thread_blocked, id=9260, stack(0x0000000016200000,0x0000000016300000)]
  0x0000000014acd800 JavaThread "C2 CompilerThread1" daemon [_thread_blocked, id=7228, stack(0x0000000016100000,0x0000000016200000)]
=>0x0000000014a7d800 JavaThread "C2 CompilerThread0" daemon [_thread_in_native, id=8328, stack(0x0000000016000000,0x0000000016100000)]
  0x0000000014a7a800 JavaThread "Attach Listener" daemon [_thread_blocked, id=120, stack(0x0000000015f00000,0x0000000016000000)]
  0x0000000014a79000 JavaThread "Signal Dispatcher" daemon [_thread_blocked, id=8424, stack(0x0000000015e00000,0x0000000015f00000)]
  0x00000000023a0800 JavaThread "Finalizer" daemon [_thread_blocked, id=9892, stack(0x0000000015d00000,0x0000000015e00000)]
  0x000000000239d000 JavaThread "Reference Handler" daemon [_thread_blocked, id=7036, stack(0x0000000015c00000,0x0000000015d00000)]
  0x00000000022b0800 JavaThread "main" [_thread_blocked, id=3192, stack(0x00000000020d0000,0x00000000021d0000)]

Other Threads:
  0x0000000014a48000 VMThread [stack: 0x0000000015b00000,0x0000000015c00000] [id=9000]
  0x000000001630b000 WatcherThread [stack: 0x0000000016800000,0x0000000016900000] [id=8924]

VM state:at safepoint (normal execution)

VM Mutex/Monitor currently owned by a thread:  ([mutex/lock_event])
[0x00000000022ac230] Threads_lock - owner thread: 0x0000000014a48000
[0x00000000022ac9b0] Heap_lock - owner thread: 0x000000001643b000

Heap:
 PSYoungGen      total 18944K, used 16384K [0x00000000eab00000, 0x00000000ec000000, 0x0000000100000000)
  eden space 16384K, 100% used [0x00000000eab00000,0x00000000ebb00000,0x00000000ebb00000)
  from space 2560K, 0% used [0x00000000ebd80000,0x00000000ebd80000,0x00000000ec000000)
  to   space 2560K, 91% used [0x00000000ebb00000,0x00000000ebd48038,0x00000000ebd80000)
 ParOldGen       total 44032K, used 16K [0x00000000c0000000, 0x00000000c2b00000, 0x00000000eab00000)
  object space 44032K, 0% used [0x00000000c0000000,0x00000000c0004000,0x00000000c2b00000)
 Metaspace       used 5655K, capacity 6704K, committed 6784K, reserved 1056768K
  class space    used 584K, capacity 616K, committed 640K, reserved 1048576K

Card table byte_map: [0x0000000011770000,0x0000000011980000] byte_map_base: 0x0000000011170000

Marking Bits: (ParMarkBitMap*) 0x000000005d94a5b0
 Begin Bits: [0x0000000011ee0000, 0x0000000012ee0000)
 End Bits:   [0x0000000012ee0000, 0x0000000013ee0000)

Polling page: 0x00000000001f0000

CodeCache: size=245760Kb used=3595Kb max_used=3595Kb free=242164Kb
 bounds [0x00000000023b0000, 0x0000000002740000, 0x00000000113b0000]
 total_blobs=1143 nmethods=874 adapters=182
 compilation: enabled

Compilation events (10 events):
Event: 3.503 Thread 0x0000000014adc000  886       3       com.android.dx.rop.code.RegisterSpec::intersect (169 bytes)
Event: 3.504 Thread 0x0000000014adc000 nmethod 886 0x00000000027239d0 code [0x0000000002723c20, 0x0000000002724bc8]
Event: 3.507 Thread 0x0000000014adc000  887       3       com.android.dx.dex.code.OutputFinisher::hasLocalInfo (75 bytes)
Event: 3.508 Thread 0x0000000014adc000 nmethod 887 0x000000000272b5d0 code [0x000000000272b7e0, 0x000000000272c5d8]
Event: 3.508 Thread 0x0000000014adc000  888       3       com.android.dx.util.MutabilityControl::isImmutable (13 bytes)
Event: 3.508 Thread 0x0000000014adc000 nmethod 888 0x000000000272b250 code [0x000000000272b3a0, 0x000000000272b550]
Event: 3.508 Thread 0x0000000014adc000  889       3       com.android.dx.rop.code.RegisterSpecList::withFirst (64 bytes)
Event: 3.510 Thread 0x0000000014adc000 nmethod 889 0x0000000002733950 code [0x0000000002733be0, 0x0000000002734f68]
Event: 3.510 Thread 0x0000000014adc000  890       3       com.android.dx.rop.code.Rop::isCommutative (60 bytes)
Event: 3.510 Thread 0x0000000014adc000 nmethod 890 0x0000000002735c50 code [0x0000000002735da0, 0x0000000002735f30]

GC Heap History (1 events):
Event: 3.510 GC heap before
{Heap before GC invocations=1 (full 0):
 PSYoungGen      total 18944K, used 16384K [0x00000000eab00000, 0x00000000ec000000, 0x0000000100000000)
  eden space 16384K, 100% used [0x00000000eab00000,0x00000000ebb00000,0x00000000ebb00000)
  from space 2560K, 0% used [0x00000000ebd80000,0x00000000ebd80000,0x00000000ec000000)
  to   space 2560K, 0% used [0x00000000ebb00000,0x00000000ebb00000,0x00000000ebd80000)
 ParOldGen       total 44032K, used 0K [0x00000000c0000000, 0x00000000c2b00000, 0x00000000eab00000)
  object space 44032K, 0% used [0x00000000c0000000,0x00000000c0000000,0x00000000c2b00000)
 Metaspace       used 5655K, capacity 6704K, committed 6784K, reserved 1056768K
  class space    used 584K, capacity 616K, committed 640K, reserved 1048576K

Deoptimization events (10 events):
Event: 3.127 Thread 0x000000001651e000 Uncommon trap: reason=unstable_if action=reinterpret pc=0x00000000025df8b0 method=java.util.BitSet.nextSetBit(I)I @ 87
Event: 3.161 Thread 0x00000000164ed800 Uncommon trap: reason=unstable_if action=reinterpret pc=0x000000000264e1a4 method=com.android.dx.rop.code.RegisterSpec.equals(ILcom/android/dx/rop/type/TypeBearer;Lcom/android/dx/rop/code/LocalItem;)Z @ 42
Event: 3.162 Thread 0x0000000016440000 Uncommon trap: reason=unstable_if action=reinterpret pc=0x00000000025d565c method=java.util.HashMap.getNode(ILjava/lang/Object;)Ljava/util/HashMap$Node; @ 129
Event: 3.364 Thread 0x000000001643b000 Uncommon trap: reason=unstable_if action=reinterpret pc=0x00000000025ff84c method=com.android.dx.rop.code.RegisterSpec.equals(ILcom/android/dx/rop/type/TypeBearer;Lcom/android/dx/rop/code/LocalItem;)Z @ 16
Event: 3.390 Thread 0x00000000164ed800 Uncommon trap: reason=unstable_if action=reinterpret pc=0x0000000002612af4 method=java.util.BitSet.ensureCapacity(I)V @ 6
Event: 3.481 Thread 0x000000001643b000 Uncommon trap: reason=bimorphic action=maybe_recompile pc=0x0000000002703aa4 method=java.util.HashMap.getNode(ILjava/lang/Object;)Ljava/util/HashMap$Node; @ 126
Event: 3.481 Thread 0x000000001643b000 Uncommon trap: reason=bimorphic action=maybe_recompile pc=0x0000000002703aa4 method=java.util.HashMap.getNode(ILjava/lang/Object;)Ljava/util/HashMap$Node; @ 126
Event: 3.481 Thread 0x000000001643b000 Uncommon trap: reason=bimorphic action=maybe_recompile pc=0x0000000002703aa4 method=java.util.HashMap.getNode(ILjava/lang/Object;)Ljava/util/HashMap$Node; @ 126
Event: 3.481 Thread 0x000000001643b000 Uncommon trap: reason=bimorphic action=maybe_recompile pc=0x0000000002703aa4 method=java.util.HashMap.getNode(ILjava/lang/Object;)Ljava/util/HashMap$Node; @ 126
Event: 3.484 Thread 0x000000001643b000 Uncommon trap: reason=bimorphic action=maybe_recompile pc=0x0000000002706624 method=java.util.HashMap.getNode(ILjava/lang/Object;)Ljava/util/HashMap$Node; @ 126

Internal exceptions (2 events):
Event: 0.067 Thread 0x00000000022b0800 Exception <a 'java/lang/NoSuchMethodError': Method sun.misc.Unsafe.defineClass(Ljava/lang/String;[BII)Ljava/lang/Class; name or signature does not match> (0x00000000eab0d610) thrown at [C:\workspace\8-2-build-windows-amd64-cygwin\jdk8u65\4987\hotspot\src\s5ú¾Á…±?
Event: 0.067 Thread 0x00000000022b0800 Exception <a 'java/lang/NoSuchMethodError': Method sun.misc.Unsafe.prefetchRead(Ljava/lang/Object;J)V name or signature does not match> (0x00000000eab0d8f8) thrown at [C:\workspace\8-2-build-windows-amd64-cygwin\jdk8u65\4987\hotspot\src\share\vm\prims\jni.

Events (10 events):
Event: 3.481 Thread 0x000000001643b000 Uncommon trap: trap_request=0xffffffc6 fr.pc=0x0000000002703aa4
Event: 3.481 Thread 0x000000001643b000 DEOPT PACKING pc=0x0000000002703aa4 sp=0x00000000169fe7b0
Event: 3.481 Thread 0x000000001643b000 DEOPT UNPACKING pc=0x00000000023f582a sp=0x00000000169fe6d8 mode 2
Event: 3.481 Thread 0x000000001643b000 Uncommon trap: trap_request=0xffffffc6 fr.pc=0x0000000002703aa4
Event: 3.481 Thread 0x000000001643b000 DEOPT PACKING pc=0x0000000002703aa4 sp=0x00000000169fe7c0
Event: 3.481 Thread 0x000000001643b000 DEOPT UNPACKING pc=0x00000000023f582a sp=0x00000000169fe6e8 mode 2
Event: 3.484 Thread 0x000000001643b000 Uncommon trap: trap_request=0xffffffc6 fr.pc=0x0000000002706624
Event: 3.484 Thread 0x000000001643b000 DEOPT PACKING pc=0x0000000002706624 sp=0x00000000169fea70
Event: 3.484 Thread 0x000000001643b000 DEOPT UNPACKING pc=0x00000000023f582a sp=0x00000000169fea08 mode 2
Event: 3.510 Executing VM operation: ParallelGCFailedAllocation


Dynamic libraries:
0x00007ff606210000 - 0x00007ff606247000 	C:\Program Files\Java\jdk1.8.0_65\bin\java.exe
0x00007ff810bb0000 - 0x00007ff810d71000 	C:\Windows\SYSTEM32\ntdll.dll
0x00007ff80e9c0000 - 0x00007ff80ea6d000 	C:\Windows\system32\KERNEL32.DLL
0x00007ff80d280000 - 0x00007ff80d468000 	C:\Windows\system32\KERNELBASE.dll
0x00007ff80b710000 - 0x00007ff80b789000 	C:\Windows\system32\apphelp.dll
0x00007ff8108c0000 - 0x00007ff810967000 	C:\Windows\system32\ADVAPI32.dll
0x00007ff80e0e0000 - 0x00007ff80e17d000 	C:\Windows\system32\msvcrt.dll
0x00007ff8101a0000 - 0x00007ff8101fb000 	C:\Windows\system32\sechost.dll
0x00007ff810480000 - 0x00007ff81059c000 	C:\Windows\system32\RPCRT4.dll
0x00007ff80e7f0000 - 0x00007ff80e946000 	C:\Windows\system32\USER32.dll
0x00007ff810010000 - 0x00007ff810196000 	C:\Windows\system32\GDI32.dll
0x00007fffffb60000 - 0x00007fffffdd4000 	C:\Windows\WinSxS\amd64_microsoft.windows.common-controls_6595b64144ccf1df_6.0.10586.0_none_8c15ae12515e1c22\COMCTL32.dll
0x00007ff810200000 - 0x00007ff81047d000 	C:\Windows\system32\combase.dll
0x00007ff80d8f0000 - 0x00007ff80d95a000 	C:\Windows\system32\bcryptPrimitives.dll
0x00007ff80ffd0000 - 0x00007ff81000b000 	C:\Windows\system32\IMM32.DLL
0x000000005ccc0000 - 0x000000005cd92000 	C:\Program Files\Java\jdk1.8.0_65\jre\bin\msvcr100.dll
0x000000005d140000 - 0x000000005d9c9000 	C:\Program Files\Java\jdk1.8.0_65\jre\bin\server\jvm.dll
0x00007ff810750000 - 0x00007ff810758000 	C:\Windows\system32\PSAPI.DLL
0x00007ff802680000 - 0x00007ff802689000 	C:\Windows\SYSTEM32\WSOCK32.dll
0x00007ff80e180000 - 0x00007ff80e1eb000 	C:\Windows\system32\WS2_32.dll
0x00007ff80b5a0000 - 0x00007ff80b5c3000 	C:\Windows\SYSTEM32\WINMM.dll
0x00007ff8006f0000 - 0x00007ff8006fa000 	C:\Windows\SYSTEM32\VERSION.dll
0x00007ff80b240000 - 0x00007ff80b26c000 	C:\Windows\SYSTEM32\WINMMBASE.dll
0x00007ff80d6d0000 - 0x00007ff80d713000 	C:\Windows\system32\cfgmgr32.dll
0x000000005d130000 - 0x000000005d13f000 	C:\Program Files\Java\jdk1.8.0_65\jre\bin\verify.dll
0x000000005d100000 - 0x000000005d129000 	C:\Program Files\Java\jdk1.8.0_65\jre\bin\java.dll
0x000000005d0e0000 - 0x000000005d0f6000 	C:\Program Files\Java\jdk1.8.0_65\jre\bin\zip.dll
0x00007ff80ea70000 - 0x00007ff80ffcf000 	C:\Windows\system32\SHELL32.dll
0x00007ff80d960000 - 0x00007ff80dfa4000 	C:\Windows\system32\windows.storage.dll
0x00007ff80e250000 - 0x00007ff80e2a2000 	C:\Windows\system32\shlwapi.dll
0x00007ff80d230000 - 0x00007ff80d23f000 	C:\Windows\system32\kernel.appcore.dll
0x00007ff80d560000 - 0x00007ff80d615000 	C:\Windows\system32\shcore.dll
0x00007ff80d1d0000 - 0x00007ff80d21b000 	C:\Windows\system32\powrprof.dll
0x00007ff80d240000 - 0x00007ff80d254000 	C:\Windows\system32\profapi.dll

VM Arguments:
jvm_args: -Djava.awt.headless=true -Xmx1024M -Dfile.encoding=windows-1252 -Duser.country=US -Duser.language=en -Duser.variant 
java_command: com.android.dx.command.Main --dex --force-jumbo --num-threads=4 --multi-dex --output F:\Android Tools\My AndroWork\MapMyDay\app\build\intermediates\transforms\dex\debug\folders\1000\10\com.android.support-cardview-v7-23.1.1_29af79a2b0b31a035a3961ea4b5c07eeba8023a0 F:\Android Tools\My AndroWork\MapMyDay\app\build\intermediates\exploded-aar\com.android.support\cardview-v7\23.1.1\jars\classes.jar
java_class_path (initial): F:\sdk\build-tools\23.0.1\lib\dx.jar
Launcher Type: SUN_STANDARD

Environment Variables:
PATH=C:\ProgramData\Oracle\Java\javapath;C:\Windows\system32;C:\Windows;C:\Windows\System32\Wbem;C:\Windows\System32\WindowsPowerShell\v1.0\;C:\Program Files (x86)\Intel\OpenCL SDK\2.0\bin\x86;C:\Program Files (x86)\Intel\OpenCL SDK\2.0\bin\x64;C:\Program Files\Microsoft\Web Platform Installer\;C:\Program Files (x86)\Microsoft ASP.NET\ASP.NET Web Pages\v1.0\;C:\Program Files (x86)\Windows Kits\8.0\Windows Performance Toolkit\;C:\Program Files\Microsoft SQL Server\110\Tools\Binn\;C:\VisualStudio & OpenCv\opencv\build\x64\vc11\bin\;C:\Program Files (x86)\Common Files\lenovo\easyplussdk\bin;C:\Modeltech_pe_edu_10.4a\win32pe_edu
USERNAME=Fahim Al Mahmud
OS=Windows_NT
PROCESSOR_IDENTIFIER=Intel64 Family 6 Model 58 Stepping 9, GenuineIntel



---------------  S Y S T E M  ---------------

OS: Windows 10.0 , 64 bit Build 10586 (10.0.10586.0)

CPU:total 4 (2 cores per cpu, 2 threads per core) family 6 model 58 stepping 9, cmov, cx8, fxsr, mmx, sse, sse2, sse3, ssse3, sse4.1, sse4.2, popcnt, avx, aes, clmul, erms, ht, tsc, tscinvbit, tscinv

Memory: 4k page, physical 4087096k(428140k free), swap 6005436k(4432k free)

vm_info: Java HotSpot(TM) 64-Bit Server VM (25.65-b01) for windows-amd64 JRE (1.8.0_65-b17), built on Oct  6 2015 16:39:20 by "java_re" with MS VC++ 10.0 (VS2010)

time: Sun Jun 12 01:26:08 2016
elapsed time: 3 seconds (0d 0h 0m 3s)

