#
# There is insufficient memory for the Java Runtime Environment to continue.
# Native memory allocation (malloc) failed to allocate 1074096 bytes for Chunk::new
# Possible reasons:
#   The system is out of physical RAM or swap space
#   In 32 bit mode, the process size limit was hit
# Possible solutions:
#   Reduce memory load on the system
#   Increase physical memory or swap space
#   Check if swap backing store is full
#   Use 64 bit Java on a 64 bit OS
#   Decrease Java heap size (-Xmx/-Xms)
#   Decrease number of Java threads
#   Decrease Java thread stack sizes (-Xss)
#   Set larger code cache with -XX:ReservedCodeCacheSize=
# This output file may be truncated or incomplete.
#
#  Out of Memory Error (allocation.cpp:390), pid=6984, tid=9024
#
# JRE version: Java(TM) SE Runtime Environment (8.0_65-b17) (build 1.8.0_65-b17)
# Java VM: Java HotSpot(TM) 64-Bit Server VM (25.65-b01 mixed mode windows-amd64 compressed oops)
# Failed to write core dump. Minidumps are not enabled by default on client versions of Windows
#

---------------  T H R E A D  ---------------

Current thread (0x00000000148ae800):  JavaThread "C2 CompilerThread0" daemon [_thread_in_native, id=9024, stack(0x0000000015ef0000,0x0000000015ff0000)]

Stack: [0x0000000015ef0000,0x0000000015ff0000]
[error occurred during error reporting (printing stack bounds), id 0xc0000005]

Native frames: (J=compiled Java code, j=interpreted, Vv=VM code, C=native code)


Current CompileTask:
C2:   8698 1645       4       com.android.dx.ssa.SCCP::simulateBlock (54 bytes)


---------------  P R O C E S S  ---------------

Java Threads: ( => current thread )
  0x000000001647c000 JavaThread "pool-2-thread-4" [_thread_in_Java, id=8624, stack(0x0000000016bf0000,0x0000000016cf0000)]
  0x000000001647b000 JavaThread "pool-2-thread-3" [_thread_blocked, id=4204, stack(0x0000000016af0000,0x0000000016bf0000)]
  0x0000000016478000 JavaThread "pool-2-thread-2" [_thread_in_Java, id=8372, stack(0x00000000169f0000,0x0000000016af0000)]
  0x0000000016452000 JavaThread "pool-3-thread-1" [_thread_blocked, id=7644, stack(0x00000000168f0000,0x00000000169f0000)]
  0x0000000016451800 JavaThread "pool-2-thread-1" [_thread_blocked, id=4924, stack(0x00000000167f0000,0x00000000168f0000)]
  0x000000001490e800 JavaThread "Service Thread" daemon [_thread_blocked, id=9060, stack(0x00000000165f0000,0x00000000166f0000)]
  0x0000000014909800 JavaThread "C1 CompilerThread2" daemon [_thread_blocked, id=7120, stack(0x00000000160f0000,0x00000000161f0000)]
  0x0000000014906800 JavaThread "C2 CompilerThread1" daemon [_thread_in_native, id=9272, stack(0x0000000015ff0000,0x00000000160f0000)]
=>0x00000000148ae800 JavaThread "C2 CompilerThread0" daemon [_thread_in_native, id=9024, stack(0x0000000015ef0000,0x0000000015ff0000)]
  0x00000000148ab800 JavaThread "Attach Listener" daemon [_thread_blocked, id=5292, stack(0x0000000015df0000,0x0000000015ef0000)]
  0x00000000148aa800 JavaThread "Signal Dispatcher" daemon [_thread_blocked, id=9656, stack(0x0000000015cf0000,0x0000000015df0000)]
  0x00000000021d0800 JavaThread "Finalizer" daemon [_thread_blocked, id=8940, stack(0x0000000015b10000,0x0000000015c10000)]
  0x00000000021cd000 JavaThread "Reference Handler" daemon [_thread_blocked, id=796, stack(0x0000000015a10000,0x0000000015b10000)]
  0x00000000020e0800 JavaThread "main" [_thread_in_Java, id=5132, stack(0x0000000001f70000,0x0000000002070000)]

Other Threads:
  0x0000000014878000 VMThread [stack: 0x0000000015910000,0x0000000015a10000] [id=3868]
  0x00000000161f6000 WatcherThread [stack: 0x00000000166f0000,0x00000000167f0000] [id=7176]

VM state:not at safepoint (normal execution)

VM Mutex/Monitor currently owned by a thread: None

Heap:
 PSYoungGen      total 35328K, used 12521K [0x00000000eab00000, 0x00000000ed000000, 0x0000000100000000)
  eden space 32768K, 30% used [0x00000000eab00000,0x00000000eb4c2438,0x00000000ecb00000)
  from space 2560K, 98% used [0x00000000ecb00000,0x00000000ecd78050,0x00000000ecd80000)
  to   space 2560K, 0% used [0x00000000ecd80000,0x00000000ecd80000,0x00000000ed000000)
 ParOldGen       total 44032K, used 9591K [0x00000000c0000000, 0x00000000c2b00000, 0x00000000eab00000)
  object space 44032K, 21% used [0x00000000c0000000,0x00000000c095dd38,0x00000000c2b00000)
 Metaspace       used 6110K, capacity 7088K, committed 7296K, reserved 1056768K
  class space    used 591K, capacity 616K, committed 640K, reserved 1048576K

Card table byte_map: [0x00000000115a0000,0x00000000117b0000] byte_map_base: 0x0000000010fa0000

Marking Bits: (ParMarkBitMap*) 0x000000005d94a5b0
 Begin Bits: [0x0000000011d10000, 0x0000000012d10000)
 End Bits:   [0x0000000012d10000, 0x0000000013d10000)

Polling page: 0x00000000001f0000

CodeCache: size=245760Kb used=6973Kb max_used=6973Kb free=238786Kb
 bounds [0x00000000021e0000, 0x00000000028c0000, 0x00000000111e0000]
 total_blobs=1904 nmethods=1635 adapters=182
 compilation: enabled

Compilation events (10 events):
Event: 8.622 Thread 0x0000000014909800 1664       3       java.util.concurrent.locks.AbstractQueuedSynchronizer::acquire (27 bytes)
Event: 8.623 Thread 0x0000000014909800 nmethod 1664 0x00000000028b2e50 code [0x00000000028b3000, 0x00000000028b34b8]
Event: 8.651 Thread 0x0000000014909800 1665       1       java.util.HashMap$Node::getKey (5 bytes)
Event: 8.651 Thread 0x0000000014909800 nmethod 1665 0x00000000028b3610 code [0x00000000028b3760, 0x00000000028b3870]
Event: 8.659 Thread 0x0000000014909800 1667       2       java.util.HashMap$EntryIterator::next (5 bytes)
Event: 8.659 Thread 0x0000000014909800 nmethod 1667 0x00000000028b38d0 code [0x00000000028b3a40, 0x00000000028b3ba8]
Event: 8.664 Thread 0x0000000014909800 1668       2       java.lang.String::lastIndexOf (151 bytes)
Event: 8.665 Thread 0x0000000014909800 nmethod 1668 0x00000000028b3c50 code [0x00000000028b3de0, 0x00000000028b4190]
Event: 8.673 Thread 0x0000000014909800 1669       2       com.android.dx.ssa.SsaInsn::makeFromRop (10 bytes)
Event: 8.673 Thread 0x0000000014909800 nmethod 1669 0x00000000028b4610 code [0x00000000028b4780, 0x00000000028b4a08]

GC Heap History (6 events):
Event: 5.558 GC heap before
{Heap before GC invocations=1 (full 0):
 PSYoungGen      total 18944K, used 16384K [0x00000000eab00000, 0x00000000ec000000, 0x0000000100000000)
  eden space 16384K, 100% used [0x00000000eab00000,0x00000000ebb00000,0x00000000ebb00000)
  from space 2560K, 0% used [0x00000000ebd80000,0x00000000ebd80000,0x00000000ec000000)
  to   space 2560K, 0% used [0x00000000ebb00000,0x00000000ebb00000,0x00000000ebd80000)
 ParOldGen       total 44032K, used 0K [0x00000000c0000000, 0x00000000c2b00000, 0x00000000eab00000)
  object space 44032K, 0% used [0x00000000c0000000,0x00000000c0000000,0x00000000c2b00000)
 Metaspace       used 5728K, capacity 6768K, committed 7040K, reserved 1056768K
  class space    used 590K, capacity 616K, committed 640K, reserved 1048576K
Event: 5.822 GC heap after
Heap after GC invocations=1 (full 0):
 PSYoungGen      total 18944K, used 2543K [0x00000000eab00000, 0x00000000ed000000, 0x0000000100000000)
  eden space 16384K, 0% used [0x00000000eab00000,0x00000000eab00000,0x00000000ebb00000)
  from space 2560K, 99% used [0x00000000ebb00000,0x00000000ebd7be40,0x00000000ebd80000)
  to   space 2560K, 0% used [0x00000000ecd80000,0x00000000ecd80000,0x00000000ed000000)
 ParOldGen       total 44032K, used 1948K [0x00000000c0000000, 0x00000000c2b00000, 0x00000000eab00000)
  object space 44032K, 4% used [0x00000000c0000000,0x00000000c01e70b8,0x00000000c2b00000)
 Metaspace       used 5728K, capacity 6768K, committed 7040K, reserved 1056768K
  class space    used 590K, capacity 616K, committed 640K, reserved 1048576K
}
Event: 6.265 GC heap before
{Heap before GC invocations=2 (full 0):
 PSYoungGen      total 18944K, used 18927K [0x00000000eab00000, 0x00000000ed000000, 0x0000000100000000)
  eden space 16384K, 100% used [0x00000000eab00000,0x00000000ebb00000,0x00000000ebb00000)
  from space 2560K, 99% used [0x00000000ebb00000,0x00000000ebd7be40,0x00000000ebd80000)
  to   space 2560K, 0% used [0x00000000ecd80000,0x00000000ecd80000,0x00000000ed000000)
 ParOldGen       total 44032K, used 1948K [0x00000000c0000000, 0x00000000c2b00000, 0x00000000eab00000)
  object space 44032K, 4% used [0x00000000c0000000,0x00000000c01e70b8,0x00000000c2b00000)
 Metaspace       used 5918K, capacity 6896K, committed 7040K, reserved 1056768K
  class space    used 591K, capacity 616K, committed 640K, reserved 1048576K
Event: 6.428 GC heap after
Heap after GC invocations=2 (full 0):
 PSYoungGen      total 35328K, used 2538K [0x00000000eab00000, 0x00000000ed000000, 0x0000000100000000)
  eden space 32768K, 0% used [0x00000000eab00000,0x00000000eab00000,0x00000000ecb00000)
  from space 2560K, 99% used [0x00000000ecd80000,0x00000000ecffaa40,0x00000000ed000000)
  to   space 2560K, 0% used [0x00000000ecb00000,0x00000000ecb00000,0x00000000ecd80000)
 ParOldGen       total 44032K, used 4170K [0x00000000c0000000, 0x00000000c2b00000, 0x00000000eab00000)
  object space 44032K, 9% used [0x00000000c0000000,0x00000000c0412b58,0x00000000c2b00000)
 Metaspace       used 5918K, capacity 6896K, committed 7040K, reserved 1056768K
  class space    used 591K, capacity 616K, committed 640K, reserved 1048576K
}
Event: 8.486 GC heap before
{Heap before GC invocations=3 (full 0):
 PSYoungGen      total 35328K, used 35306K [0x00000000eab00000, 0x00000000ed000000, 0x0000000100000000)
  eden space 32768K, 100% used [0x00000000eab00000,0x00000000ecb00000,0x00000000ecb00000)
  from space 2560K, 99% used [0x00000000ecd80000,0x00000000ecffaa40,0x00000000ed000000)
  to   space 2560K, 0% used [0x00000000ecb00000,0x00000000ecb00000,0x00000000ecd80000)
 ParOldGen       total 44032K, used 4170K [0x00000000c0000000, 0x00000000c2b00000, 0x00000000eab00000)
  object space 44032K, 9% used [0x00000000c0000000,0x00000000c0412b58,0x00000000c2b00000)
 Metaspace       used 6099K, capacity 7088K, committed 7296K, reserved 1056768K
  class space    used 591K, capacity 616K, committed 640K, reserved 1048576K
Event: 8.517 GC heap after
Heap after GC invocations=3 (full 0):
 PSYoungGen      total 35328K, used 2528K [0x00000000eab00000, 0x00000000ed000000, 0x0000000100000000)
  eden space 32768K, 0% used [0x00000000eab00000,0x00000000eab00000,0x00000000ecb00000)
  from space 2560K, 98% used [0x00000000ecb00000,0x00000000ecd78050,0x00000000ecd80000)
  to   space 2560K, 0% used [0x00000000ecd80000,0x00000000ecd80000,0x00000000ed000000)
 ParOldGen       total 44032K, used 9591K [0x00000000c0000000, 0x00000000c2b00000, 0x00000000eab00000)
  object space 44032K, 21% used [0x00000000c0000000,0x00000000c095dd38,0x00000000c2b00000)
 Metaspace       used 6099K, capacity 7088K, committed 7296K, reserved 1056768K
  class space    used 591K, capacity 616K, committed 640K, reserved 1048576K
}

Deoptimization events (10 events):
Event: 5.894 Thread 0x0000000016478000 Uncommon trap: reason=null_check action=make_not_entrant pc=0x000000000259dbe0 method=com.android.dx.rop.type.Type.equals(Ljava/lang/Object;)Z @ 8
Event: 5.906 Thread 0x0000000016451800 Uncommon trap: reason=null_check action=make_not_entrant pc=0x0000000002554480 method=com.android.dx.ssa.SsaRenamer.getLocalForNewReg(I)Lcom/android/dx/rop/code/LocalItem; @ 19
Event: 5.920 Thread 0x000000001647b000 Uncommon trap: reason=unstable_if action=reinterpret pc=0x00000000025a0dec method=com.android.dx.rop.code.RegisterSpecSet.put(Lcom/android/dx/rop/code/RegisterSpec;)V @ 77
Event: 5.924 Thread 0x000000001647b000 Uncommon trap: reason=unstable_if action=reinterpret pc=0x000000000241a188 method=java.util.HashMap.getNode(ILjava/lang/Object;)Ljava/util/HashMap$Node; @ 62
Event: 6.116 Thread 0x000000001647c000 Uncommon trap: reason=bimorphic action=maybe_recompile pc=0x000000000253bd70 method=java.util.HashMap.getNode(ILjava/lang/Object;)Ljava/util/HashMap$Node; @ 126
Event: 6.245 Thread 0x00000000020e0800 Uncommon trap: reason=unstable_if action=reinterpret pc=0x00000000025a9bdc method=com.android.dx.rop.cst.Constant.compareTo(Lcom/android/dx/rop/cst/Constant;)I @ 12
Event: 8.169 Thread 0x000000001647c000 Uncommon trap: reason=class_check action=maybe_recompile pc=0x000000000272d180 method=com.android.dx.cf.code.BytecodeArray.parseInstruction(ILcom/android/dx/cf/code/BytecodeArray$Visitor;)I @ 987
Event: 8.169 Thread 0x000000001647c000 Uncommon trap: reason=class_check action=maybe_recompile pc=0x000000000272d180 method=com.android.dx.cf.code.BytecodeArray.parseInstruction(ILcom/android/dx/cf/code/BytecodeArray$Visitor;)I @ 987
Event: 8.270 Thread 0x000000001647b000 Uncommon trap: reason=uninitialized action=reinterpret pc=0x000000000272cec4 method=com.android.dx.cf.code.BytecodeArray.parseInstruction(ILcom/android/dx/cf/code/BytecodeArray$Visitor;)I @ 999
Event: 8.301 Thread 0x000000001647b000 Uncommon trap: reason=unstable_if action=reinterpret pc=0x00000000026291bc method=com.android.dx.util.IntList.binarysearch(I)I @ 105

Internal exceptions (5 events):
Event: 0.091 Thread 0x00000000020e0800 Exception <a 'java/lang/NoSuchMethodError': Method sun.misc.Unsafe.defineClass(Ljava/lang/String;[BII)Ljava/lang/Class; name or signature does not match> (0x00000000eab0d608) thrown at [C:\workspace\8-2-build-windows-amd64-cygwin\jdk8u65\4987\hotspot\src\s€~æ-;∑?
Event: 0.091 Thread 0x00000000020e0800 Exception <a 'java/lang/NoSuchMethodError': Method sun.misc.Unsafe.prefetchRead(Ljava/lang/Object;J)V name or signature does not match> (0x00000000eab0d8f0) thrown at [C:\workspace\8-2-build-windows-amd64-cygwin\jdk8u65\4987\hotspot\src\share\vm\prims\jni.:Rj#˜è@
Event: 5.141 Thread 0x000000001647b000 Implicit null exception at 0x0000000002540a84 to 0x00000000025432d9
Event: 5.894 Thread 0x0000000016478000 Implicit null exception at 0x000000000259dae2 to 0x000000000259dbd2
Event: 5.906 Thread 0x0000000016451800 Implicit null exception at 0x00000000025522ee to 0x000000000255445d

Events (10 events):
Event: 8.169 Thread 0x000000001647c000 DEOPT PACKING pc=0x000000000272d180 sp=0x0000000016ceec00
Event: 8.169 Thread 0x000000001647c000 DEOPT UNPACKING pc=0x000000000222582a sp=0x0000000016ceeb70 mode 2
Event: 8.270 Thread 0x000000001647b000 Uncommon trap: trap_request=0xffffffb5 fr.pc=0x000000000272cec4
Event: 8.270 Thread 0x000000001647b000 DEOPT PACKING pc=0x000000000272cec4 sp=0x0000000016beea20
Event: 8.270 Thread 0x000000001647b000 DEOPT UNPACKING pc=0x000000000222582a sp=0x0000000016bee9a0 mode 2
Event: 8.301 Thread 0x000000001647b000 Uncommon trap: trap_request=0xffffff65 fr.pc=0x00000000026291bc
Event: 8.301 Thread 0x000000001647b000 DEOPT PACKING pc=0x00000000026291bc sp=0x0000000016bee940
Event: 8.301 Thread 0x000000001647b000 DEOPT UNPACKING pc=0x000000000222582a sp=0x0000000016bee8b8 mode 2
Event: 8.486 Executing VM operation: ParallelGCFailedAllocation
Event: 8.517 Executing VM operation: ParallelGCFailedAllocation done


Dynamic libraries:
0x00007ff606210000 - 0x00007ff606247000 	C:\Program Files\Java\jdk1.8.0_65\bin\java.exe
0x00007ff810bb0000 - 0x00007ff810d71000 	C:\Windows\SYSTEM32\ntdll.dll
0x00007ff80e9c0000 - 0x00007ff80ea6d000 	C:\Windows\system32\KERNEL32.DLL
0x00007ff80d280000 - 0x00007ff80d468000 	C:\Windows\system32\KERNELBASE.dll
0x00007ff80b710000 - 0x00007ff80b789000 	C:\Windows\system32\apphelp.dll
0x00007ff8108c0000 - 0x00007ff810967000 	C:\Windows\system32\ADVAPI32.dll
0x00007ff80e0e0000 - 0x00007ff80e17d000 	C:\Windows\system32\msvcrt.dll
0x00007ff8101a0000 - 0x00007ff8101fb000 	C:\Windows\system32\sechost.dll
0x00007ff810480000 - 0x00007ff81059c000 	C:\Windows\system32\RPCRT4.dll
0x00007ff80e7f0000 - 0x00007ff80e946000 	C:\Windows\system32\USER32.dll
0x00007ff810010000 - 0x00007ff810196000 	C:\Windows\system32\GDI32.dll
0x00007fffffb60000 - 0x00007fffffdd4000 	C:\Windows\WinSxS\amd64_microsoft.windows.common-controls_6595b64144ccf1df_6.0.10586.0_none_8c15ae12515e1c22\COMCTL32.dll
0x00007ff810200000 - 0x00007ff81047d000 	C:\Windows\system32\combase.dll
0x00007ff80d8f0000 - 0x00007ff80d95a000 	C:\Windows\system32\bcryptPrimitives.dll
0x00007ff80ffd0000 - 0x00007ff81000b000 	C:\Windows\system32\IMM32.DLL
0x000000005ccc0000 - 0x000000005cd92000 	C:\Program Files\Java\jdk1.8.0_65\jre\bin\msvcr100.dll
0x000000005d140000 - 0x000000005d9c9000 	C:\Program Files\Java\jdk1.8.0_65\jre\bin\server\jvm.dll
0x00007ff810750000 - 0x00007ff810758000 	C:\Windows\system32\PSAPI.DLL
0x00007ff802680000 - 0x00007ff802689000 	C:\Windows\SYSTEM32\WSOCK32.dll
0x00007ff80e180000 - 0x00007ff80e1eb000 	C:\Windows\system32\WS2_32.dll
0x00007ff80b5a0000 - 0x00007ff80b5c3000 	C:\Windows\SYSTEM32\WINMM.dll
0x00007ff8006f0000 - 0x00007ff8006fa000 	C:\Windows\SYSTEM32\VERSION.dll
0x00007ff80b240000 - 0x00007ff80b26c000 	C:\Windows\SYSTEM32\WINMMBASE.dll
0x00007ff80d6d0000 - 0x00007ff80d713000 	C:\Windows\system32\cfgmgr32.dll
0x000000005d130000 - 0x000000005d13f000 	C:\Program Files\Java\jdk1.8.0_65\jre\bin\verify.dll
0x000000005d100000 - 0x000000005d129000 	C:\Program Files\Java\jdk1.8.0_65\jre\bin\java.dll
0x000000005d0e0000 - 0x000000005d0f6000 	C:\Program Files\Java\jdk1.8.0_65\jre\bin\zip.dll
0x00007ff80ea70000 - 0x00007ff80ffcf000 	C:\Windows\system32\SHELL32.dll
0x00007ff80d960000 - 0x00007ff80dfa4000 	C:\Windows\system32\windows.storage.dll
0x00007ff80e250000 - 0x00007ff80e2a2000 	C:\Windows\system32\shlwapi.dll
0x00007ff80d230000 - 0x00007ff80d23f000 	C:\Windows\system32\kernel.appcore.dll
0x00007ff80d560000 - 0x00007ff80d615000 	C:\Windows\system32\shcore.dll
0x00007ff80d1d0000 - 0x00007ff80d21b000 	C:\Windows\system32\powrprof.dll
0x00007ff80d240000 - 0x00007ff80d254000 	C:\Windows\system32\profapi.dll

VM Arguments:
jvm_args: -Djava.awt.headless=true -Xmx1024M -Dfile.encoding=windows-1252 -Duser.country=US -Duser.language=en -Duser.variant 
java_command: com.android.dx.command.Main --dex --force-jumbo --num-threads=4 --multi-dex --output F:\Android Tools\My AndroWork\MapMyDay\app\build\intermediates\transforms\dex\debug\folders\1000\10\glide-3.7.0_abeea4c31300fe30579db1176bb1de07dc72ee4f C:\Users\Fahim Al Mahmud\.gradle\caches\modules-2\files-2.1\com.github.bumptech.glide\glide\3.7.0\9e9eeaf9948ee4d6c3ab354e8dc14368f16994a4\glide-3.7.0.jar
java_class_path (initial): F:\sdk\build-tools\23.0.1\lib\dx.jar
Launcher Type: SUN_STANDARD

Environment Variables:
PATH=C:\ProgramData\Oracle\Java\javapath;C:\Windows\system32;C:\Windows;C:\Windows\System32\Wbem;C:\Windows\System32\WindowsPowerShell\v1.0\;C:\Program Files (x86)\Intel\OpenCL SDK\2.0\bin\x86;C:\Program Files (x86)\Intel\OpenCL SDK\2.0\bin\x64;C:\Program Files\Microsoft\Web Platform Installer\;C:\Program Files (x86)\Microsoft ASP.NET\ASP.NET Web Pages\v1.0\;C:\Program Files (x86)\Windows Kits\8.0\Windows Performance Toolkit\;C:\Program Files\Microsoft SQL Server\110\Tools\Binn\;C:\VisualStudio & OpenCv\opencv\build\x64\vc11\bin\;C:\Program Files (x86)\Common Files\lenovo\easyplussdk\bin;C:\Modeltech_pe_edu_10.4a\win32pe_edu
USERNAME=Fahim Al Mahmud
OS=Windows_NT
PROCESSOR_IDENTIFIER=Intel64 Family 6 Model 58 Stepping 9, GenuineIntel



---------------  S Y S T E M  ---------------

OS: Windows 10.0 , 64 bit Build 10586 (10.0.10586.0)

CPU:total 4 (2 cores per cpu, 2 threads per core) family 6 model 58 stepping 9, cmov, cx8, fxsr, mmx, sse, sse2, sse3, ssse3, sse4.1, sse4.2, popcnt, avx, aes, clmul, erms, ht, tsc, tscinvbit, tscinv

Memory: 4k page, physical 4087096k(374664k free), swap 6005436k(6160k free)

vm_info: Java HotSpot(TM) 64-Bit Server VM (25.65-b01) for windows-amd64 JRE (1.8.0_65-b17), built on Oct  6 2015 16:39:20 by "java_re" with MS VC++ 10.0 (VS2010)

time: Sun Jun 12 03:12:39 2016
elapsed time: 8 seconds (0d 0h 0m 8s)

