#
# There is insufficient memory for the Java Runtime Environment to continue.
# Native memory allocation (malloc) failed to allocate 32784 bytes for Chunk::new
# Possible reasons:
#   The system is out of physical RAM or swap space
#   In 32 bit mode, the process size limit was hit
# Possible solutions:
#   Reduce memory load on the system
#   Increase physical memory or swap space
#   Check if swap backing store is full
#   Use 64 bit Java on a 64 bit OS
#   Decrease Java heap size (-Xmx/-Xms)
#   Decrease number of Java threads
#   Decrease Java thread stack sizes (-Xss)
#   Set larger code cache with -XX:ReservedCodeCacheSize=
# This output file may be truncated or incomplete.
#
#  Out of Memory Error (allocation.cpp:390), pid=5776, tid=7756
#
# JRE version: Java(TM) SE Runtime Environment (8.0_65-b17) (build 1.8.0_65-b17)
# Java VM: Java HotSpot(TM) 64-Bit Server VM (25.65-b01 mixed mode windows-amd64 compressed oops)
# Failed to write core dump. Minidumps are not enabled by default on client versions of Windows
#

---------------  T H R E A D  ---------------

Current thread (0x00000000149ac000):  JavaThread "C1 CompilerThread2" daemon [_thread_in_native, id=7756, stack(0x0000000016190000,0x0000000016290000)]

Stack: [0x0000000016190000,0x0000000016290000]
[error occurred during error reporting (printing stack bounds), id 0xc0000005]

Native frames: (J=compiled Java code, j=interpreted, Vv=VM code, C=native code)


Current CompileTask:
C1:   1573  524   !   3       com.android.dx.cf.code.BytecodeArray::parseInstruction (2764 bytes)


---------------  P R O C E S S  ---------------

Java Threads: ( => current thread )
  0x00000000164fc000 JavaThread "pool-2-thread-4" [_thread_in_Java, id=3412, stack(0x0000000016c90000,0x0000000016d90000)]
  0x00000000164fa800 JavaThread "pool-2-thread-3" [_thread_in_Java, id=1268, stack(0x0000000016b90000,0x0000000016c90000)]
  0x00000000163fe800 JavaThread "pool-2-thread-2" [_thread_in_vm, id=5208, stack(0x0000000016a90000,0x0000000016b90000)]
  0x00000000163f2000 JavaThread "pool-3-thread-1" [_thread_blocked, id=5712, stack(0x0000000016990000,0x0000000016a90000)]
  0x00000000163bc000 JavaThread "pool-2-thread-1" [_thread_in_Java, id=10160, stack(0x0000000016890000,0x0000000016990000)]
  0x00000000162ad800 JavaThread "Service Thread" daemon [_thread_blocked, id=3168, stack(0x0000000016690000,0x0000000016790000)]
=>0x00000000149ac000 JavaThread "C1 CompilerThread2" daemon [_thread_in_native, id=7756, stack(0x0000000016190000,0x0000000016290000)]
  0x000000001499d800 JavaThread "C2 CompilerThread1" daemon [_thread_in_native, id=5564, stack(0x0000000016090000,0x0000000016190000)]
  0x000000001494d800 JavaThread "C2 CompilerThread0" daemon [_thread_blocked, id=8752, stack(0x0000000015f90000,0x0000000016090000)]
  0x000000001494a800 JavaThread "Attach Listener" daemon [_thread_blocked, id=644, stack(0x0000000015e90000,0x0000000015f90000)]
  0x0000000014949800 JavaThread "Signal Dispatcher" daemon [_thread_blocked, id=6332, stack(0x0000000015d90000,0x0000000015e90000)]
  0x0000000002270800 JavaThread "Finalizer" daemon [_thread_blocked, id=5812, stack(0x0000000015bb0000,0x0000000015cb0000)]
  0x0000000014919000 JavaThread "Reference Handler" daemon [_thread_blocked, id=6460, stack(0x0000000015ab0000,0x0000000015bb0000)]
  0x0000000002180800 JavaThread "main" [_thread_blocked, id=5512, stack(0x0000000002010000,0x0000000002110000)]

Other Threads:
  0x0000000014917000 VMThread [stack: 0x00000000159b0000,0x0000000015ab0000] [id=8312]
  0x00000000162b1000 WatcherThread [stack: 0x0000000016790000,0x0000000016890000] [id=6892]

VM state:not at safepoint (normal execution)

VM Mutex/Monitor currently owned by a thread: None

Heap:
 PSYoungGen      total 18944K, used 11193K [0x00000000eab00000, 0x00000000ec000000, 0x0000000100000000)
  eden space 16384K, 68% used [0x00000000eab00000,0x00000000eb5ee5f8,0x00000000ebb00000)
  from space 2560K, 0% used [0x00000000ebd80000,0x00000000ebd80000,0x00000000ec000000)
  to   space 2560K, 0% used [0x00000000ebb00000,0x00000000ebb00000,0x00000000ebd80000)
 ParOldGen       total 44032K, used 0K [0x00000000c0000000, 0x00000000c2b00000, 0x00000000eab00000)
  object space 44032K, 0% used [0x00000000c0000000,0x00000000c0000000,0x00000000c2b00000)
 Metaspace       used 5424K, capacity 6512K, committed 6784K, reserved 1056768K
  class space    used 586K, capacity 616K, committed 640K, reserved 1048576K

Card table byte_map: [0x0000000011640000,0x0000000011850000] byte_map_base: 0x0000000011040000

Marking Bits: (ParMarkBitMap*) 0x000000005d94a5b0
 Begin Bits: [0x0000000011db0000, 0x0000000012db0000)
 End Bits:   [0x0000000012db0000, 0x0000000013db0000)

Polling page: 0x00000000001f0000

CodeCache: size=245760Kb used=2135Kb max_used=2146Kb free=243624Kb
 bounds [0x0000000002280000, 0x00000000024f0000, 0x0000000011280000]
 total_blobs=793 nmethods=524 adapters=182
 compilation: enabled

Compilation events (10 events):
Event: 1.563 Thread 0x000000001494d800  542       4       com.android.dx.util.IntList::growIfNeeded (46 bytes)
Event: 1.564 Thread 0x000000001499d800 nmethod 540 0x0000000002497890 code [0x00000000024979e0, 0x0000000002497ad8]
Event: 1.564 Thread 0x000000001499d800  543       4       com.android.dx.util.IntList::add (65 bytes)
Event: 1.566 Thread 0x000000001494d800 nmethod 542 0x0000000002493710 code [0x0000000002493860, 0x0000000002493ad8]
Event: 1.567 Thread 0x000000001494d800  545       4       java.lang.Long::bitCount (61 bytes)
Event: 1.568 Thread 0x000000001494d800 nmethod 545 0x0000000002493410 code [0x0000000002493540, 0x00000000024935f8]
Event: 1.569 Thread 0x000000001499d800 nmethod 543 0x0000000002499110 code [0x0000000002499260, 0x00000000024995d8]
Event: 1.569 Thread 0x000000001494d800  547   !   4       com.android.dx.util.FixedSizeList::set0 (22 bytes)
Event: 1.570 Thread 0x000000001494d800 nmethod 547 0x00000000024997d0 code [0x0000000002499920, 0x0000000002499a38]
Event: 1.571 Thread 0x000000001499d800  549       4       com.android.dx.util.Bits::clear (21 bytes)

GC Heap History (0 events):
No events

Deoptimization events (0 events):
No events

Internal exceptions (2 events):
Event: 0.162 Thread 0x0000000002180800 Exception <a 'java/lang/NoSuchMethodError': Method sun.misc.Unsafe.defineClass(Ljava/lang/String;[BII)Ljava/lang/Class; name or signature does not match> (0x00000000eab0d618) thrown at [C:\workspace\8-2-build-windows-amd64-cygwin\jdk8u65\4987\hotspot\src\sn½¿¿Ä?
Event: 0.162 Thread 0x0000000002180800 Exception <a 'java/lang/NoSuchMethodError': Method sun.misc.Unsafe.prefetchRead(Ljava/lang/Object;J)V name or signature does not match> (0x00000000eab0d900) thrown at [C:\workspace\8-2-build-windows-amd64-cygwin\jdk8u65\4987\hotspot\src\share\vm\prims\jni.

Events (10 events):
Event: 1.541 loading class com/android/dx/dex/file/FieldAnnotationStruct
Event: 1.541 loading class com/android/dx/dex/file/FieldAnnotationStruct done
Event: 1.550 loading class com/android/dx/ssa/PhiInsn$Operand
Event: 1.550 loading class com/android/dx/ssa/PhiInsn$Operand done
Event: 1.553 loading class java/util/HashMap$KeySet
Event: 1.553 loading class java/util/HashMap$KeySet done
Event: 1.554 loading class java/util/HashMap$KeyIterator
Event: 1.554 loading class java/util/HashMap$KeyIterator done
Event: 1.557 loading class com/android/dx/cf/code/BytecodeArray$ConstantParserVisitor
Event: 1.557 loading class com/android/dx/cf/code/BytecodeArray$ConstantParserVisitor done


Dynamic libraries:
0x00007ff76f100000 - 0x00007ff76f137000 	C:\Program Files\Java\jdk1.8.0_65\bin\java.exe
0x00007ff810bb0000 - 0x00007ff810d71000 	C:\Windows\SYSTEM32\ntdll.dll
0x00007ff80e9c0000 - 0x00007ff80ea6d000 	C:\Windows\system32\KERNEL32.DLL
0x00007ff80d280000 - 0x00007ff80d468000 	C:\Windows\system32\KERNELBASE.dll
0x00007ff80b710000 - 0x00007ff80b789000 	C:\Windows\system32\apphelp.dll
0x00007ff8108c0000 - 0x00007ff810967000 	C:\Windows\system32\ADVAPI32.dll
0x00007ff80e0e0000 - 0x00007ff80e17d000 	C:\Windows\system32\msvcrt.dll
0x00007ff8101a0000 - 0x00007ff8101fb000 	C:\Windows\system32\sechost.dll
0x00007ff810480000 - 0x00007ff81059c000 	C:\Windows\system32\RPCRT4.dll
0x00007ff80e7f0000 - 0x00007ff80e946000 	C:\Windows\system32\USER32.dll
0x00007ff810010000 - 0x00007ff810196000 	C:\Windows\system32\GDI32.dll
0x00007fffffb60000 - 0x00007fffffdd4000 	C:\Windows\WinSxS\amd64_microsoft.windows.common-controls_6595b64144ccf1df_6.0.10586.0_none_8c15ae12515e1c22\COMCTL32.dll
0x00007ff810200000 - 0x00007ff81047d000 	C:\Windows\system32\combase.dll
0x00007ff80d8f0000 - 0x00007ff80d95a000 	C:\Windows\system32\bcryptPrimitives.dll
0x00007ff80ffd0000 - 0x00007ff81000b000 	C:\Windows\system32\IMM32.DLL
0x000000005ccc0000 - 0x000000005cd92000 	C:\Program Files\Java\jdk1.8.0_65\jre\bin\msvcr100.dll
0x000000005d140000 - 0x000000005d9c9000 	C:\Program Files\Java\jdk1.8.0_65\jre\bin\server\jvm.dll
0x00007ff810750000 - 0x00007ff810758000 	C:\Windows\system32\PSAPI.DLL
0x00007ff802680000 - 0x00007ff802689000 	C:\Windows\SYSTEM32\WSOCK32.dll
0x00007ff80e180000 - 0x00007ff80e1eb000 	C:\Windows\system32\WS2_32.dll
0x00007ff80b5a0000 - 0x00007ff80b5c3000 	C:\Windows\SYSTEM32\WINMM.dll
0x00007ff8006f0000 - 0x00007ff8006fa000 	C:\Windows\SYSTEM32\VERSION.dll
0x00007ff80b240000 - 0x00007ff80b26c000 	C:\Windows\SYSTEM32\WINMMBASE.dll
0x00007ff80d6d0000 - 0x00007ff80d713000 	C:\Windows\system32\cfgmgr32.dll
0x000000005d130000 - 0x000000005d13f000 	C:\Program Files\Java\jdk1.8.0_65\jre\bin\verify.dll
0x000000005d100000 - 0x000000005d129000 	C:\Program Files\Java\jdk1.8.0_65\jre\bin\java.dll
0x000000005d0e0000 - 0x000000005d0f6000 	C:\Program Files\Java\jdk1.8.0_65\jre\bin\zip.dll
0x00007ff80ea70000 - 0x00007ff80ffcf000 	C:\Windows\system32\SHELL32.dll
0x00007ff80d960000 - 0x00007ff80dfa4000 	C:\Windows\system32\windows.storage.dll
0x00007ff80e250000 - 0x00007ff80e2a2000 	C:\Windows\system32\shlwapi.dll
0x00007ff80d230000 - 0x00007ff80d23f000 	C:\Windows\system32\kernel.appcore.dll
0x00007ff80d560000 - 0x00007ff80d615000 	C:\Windows\system32\shcore.dll
0x00007ff80d1d0000 - 0x00007ff80d21b000 	C:\Windows\system32\powrprof.dll
0x00007ff80d240000 - 0x00007ff80d254000 	C:\Windows\system32\profapi.dll

VM Arguments:
jvm_args: -Djava.awt.headless=true -Xmx1024M -Dfile.encoding=windows-1252 -Duser.country=US -Duser.language=en -Duser.variant 
java_command: com.android.dx.command.Main --dex --force-jumbo --num-threads=4 --multi-dex --output F:\Android Tools\My AndroWork\MapMyDay\app\build\intermediates\transforms\dex\debug\folders\1000\10\com.github.ozodrukh-CircularReveal-1.1.1_a13e659be49c628bd3e5102d7e1981c6c9dbaf8a F:\Android Tools\My AndroWork\MapMyDay\app\build\intermediates\exploded-aar\com.github.ozodrukh\CircularReveal\1.1.1\jars\classes.jar
java_class_path (initial): F:\sdk\build-tools\23.0.1\lib\dx.jar
Launcher Type: SUN_STANDARD

Environment Variables:
PATH=C:\ProgramData\Oracle\Java\javapath;C:\Windows\system32;C:\Windows;C:\Windows\System32\Wbem;C:\Windows\System32\WindowsPowerShell\v1.0\;C:\Program Files (x86)\Intel\OpenCL SDK\2.0\bin\x86;C:\Program Files (x86)\Intel\OpenCL SDK\2.0\bin\x64;C:\Program Files\Microsoft\Web Platform Installer\;C:\Program Files (x86)\Microsoft ASP.NET\ASP.NET Web Pages\v1.0\;C:\Program Files (x86)\Windows Kits\8.0\Windows Performance Toolkit\;C:\Program Files\Microsoft SQL Server\110\Tools\Binn\;C:\VisualStudio & OpenCv\opencv\build\x64\vc11\bin\;C:\Program Files (x86)\Common Files\lenovo\easyplussdk\bin;C:\Modeltech_pe_edu_10.4a\win32pe_edu
USERNAME=Fahim Al Mahmud
OS=Windows_NT
PROCESSOR_IDENTIFIER=Intel64 Family 6 Model 58 Stepping 9, GenuineIntel



---------------  S Y S T E M  ---------------

OS: Windows 10.0 , 64 bit Build 10586 (10.0.10586.0)

CPU:total 4 (2 cores per cpu, 2 threads per core) family 6 model 58 stepping 9, cmov, cx8, fxsr, mmx, sse, sse2, sse3, ssse3, sse4.1, sse4.2, popcnt, avx, aes, clmul, erms, ht, tsc, tscinvbit, tscinv

Memory: 4k page, physical 4087096k(662980k free), swap 6005436k(3104k free)

vm_info: Java HotSpot(TM) 64-Bit Server VM (25.65-b01) for windows-amd64 JRE (1.8.0_65-b17), built on Oct  6 2015 16:39:20 by "java_re" with MS VC++ 10.0 (VS2010)

time: Fri Jun 10 23:54:14 2016
elapsed time: 1 seconds (0d 0h 0m 1s)

