#
# There is insufficient memory for the Java Runtime Environment to continue.
# Native memory allocation (malloc) failed to allocate 251056 bytes for Chunk::new
# Possible reasons:
#   The system is out of physical RAM or swap space
#   In 32 bit mode, the process size limit was hit
# Possible solutions:
#   Reduce memory load on the system
#   Increase physical memory or swap space
#   Check if swap backing store is full
#   Use 64 bit Java on a 64 bit OS
#   Decrease Java heap size (-Xmx/-Xms)
#   Decrease number of Java threads
#   Decrease Java thread stack sizes (-Xss)
#   Set larger code cache with -XX:ReservedCodeCacheSize=
# This output file may be truncated or incomplete.
#
#  Out of Memory Error (allocation.cpp:390), pid=6164, tid=9516
#
# JRE version: Java(TM) SE Runtime Environment (8.0_65-b17) (build 1.8.0_65-b17)
# Java VM: Java HotSpot(TM) 64-Bit Server VM (25.65-b01 mixed mode windows-amd64 compressed oops)
# Failed to write core dump. Minidumps are not enabled by default on client versions of Windows
#

---------------  T H R E A D  ---------------

Current thread (0x000000001488f800):  JavaThread "C2 CompilerThread1" daemon [_thread_in_native, id=9516, stack(0x0000000015fe0000,0x00000000160e0000)]

Stack: [0x0000000015fe0000,0x00000000160e0000]
[error occurred during error reporting (printing stack bounds), id 0xc0000005]

Native frames: (J=compiled Java code, j=interpreted, Vv=VM code, C=native code)


Current CompileTask:
C2:   9930 1397   !   4       com.android.dx.cf.code.BytecodeArray::parseInstruction (2764 bytes)


---------------  P R O C E S S  ---------------

Java Threads: ( => current thread )
  0x0000000016438800 JavaThread "pool-2-thread-4" [_thread_blocked, id=1240, stack(0x0000000016be0000,0x0000000016ce0000)]
  0x00000000163bf000 JavaThread "pool-2-thread-3" [_thread_blocked, id=8592, stack(0x0000000016ae0000,0x0000000016be0000)]
  0x000000001636a000 JavaThread "pool-2-thread-2" [_thread_blocked, id=9480, stack(0x00000000169e0000,0x0000000016ae0000)]
  0x0000000016362800 JavaThread "pool-3-thread-1" [_thread_blocked, id=8528, stack(0x00000000168e0000,0x00000000169e0000)]
  0x0000000016361800 JavaThread "pool-2-thread-1" [_thread_blocked, id=8920, stack(0x00000000167e0000,0x00000000168e0000)]
  0x00000000161f5800 JavaThread "Service Thread" daemon [_thread_blocked, id=4476, stack(0x00000000165e0000,0x00000000166e0000)]
  0x00000000148e0800 JavaThread "C1 CompilerThread2" daemon [_thread_in_native, id=4420, stack(0x00000000160e0000,0x00000000161e0000)]
=>0x000000001488f800 JavaThread "C2 CompilerThread1" daemon [_thread_in_native, id=9516, stack(0x0000000015fe0000,0x00000000160e0000)]
  0x000000001488d800 JavaThread "C2 CompilerThread0" daemon [_thread_in_native, id=1344, stack(0x0000000015ee0000,0x0000000015fe0000)]
  0x000000001488a800 JavaThread "Attach Listener" daemon [_thread_blocked, id=5488, stack(0x0000000015de0000,0x0000000015ee0000)]
  0x0000000014889000 JavaThread "Signal Dispatcher" daemon [_thread_blocked, id=8084, stack(0x0000000015ce0000,0x0000000015de0000)]
  0x00000000021b0800 JavaThread "Finalizer" daemon [_thread_blocked, id=3980, stack(0x0000000015b00000,0x0000000015c00000)]
  0x00000000021ad000 JavaThread "Reference Handler" daemon [_thread_blocked, id=7200, stack(0x0000000015a00000,0x0000000015b00000)]
  0x00000000020c0800 JavaThread "main" [_thread_in_vm, id=7188, stack(0x0000000001f80000,0x0000000002080000)]

Other Threads:
  0x0000000014858000 VMThread [stack: 0x0000000015900000,0x0000000015a00000] [id=9432]
  0x0000000016203800 WatcherThread [stack: 0x00000000166e0000,0x00000000167e0000] [id=5500]

VM state:not at safepoint (normal execution)

VM Mutex/Monitor currently owned by a thread: None

Heap:
 PSYoungGen      total 35328K, used 1405K [0x00000000eab00000, 0x00000000ed000000, 0x0000000100000000)
  eden space 32768K, 4% used [0x00000000eab00000,0x00000000eac5f7e8,0x00000000ecb00000)
  from space 2560K, 0% used [0x00000000ecb00000,0x00000000ecb00000,0x00000000ecd80000)
  to   space 2560K, 0% used [0x00000000ecd80000,0x00000000ecd80000,0x00000000ed000000)
 ParOldGen       total 62976K, used 25694K [0x00000000c0000000, 0x00000000c3d80000, 0x00000000eab00000)
  object space 62976K, 40% used [0x00000000c0000000,0x00000000c1917ad0,0x00000000c3d80000)
 Metaspace       used 5742K, capacity 6960K, committed 7040K, reserved 1056768K
  class space    used 577K, capacity 616K, committed 640K, reserved 1048576K

Card table byte_map: [0x0000000011580000,0x0000000011790000] byte_map_base: 0x0000000010f80000

Marking Bits: (ParMarkBitMap*) 0x000000005d94a5b0
 Begin Bits: [0x0000000011cf0000, 0x0000000012cf0000)
 End Bits:   [0x0000000012cf0000, 0x0000000013cf0000)

Polling page: 0x00000000001f0000

CodeCache: size=245760Kb used=6583Kb max_used=6583Kb free=239176Kb
 bounds [0x00000000021c0000, 0x0000000002840000, 0x00000000111c0000]
 total_blobs=1688 nmethods=1426 adapters=175
 compilation: enabled

Compilation events (10 events):
Event: 9.292 Thread 0x00000000148e0800 nmethod 1429 0x000000000282dc10 code [0x000000000282ddc0, 0x000000000282e648]
Event: 9.920 Thread 0x00000000148e0800 1430       3       com.android.dx.ssa.DeadCodeRemover::isCircularNoSideEffect (140 bytes)
Event: 9.921 Thread 0x00000000148e0800 nmethod 1430 0x000000000282e990 code [0x000000000282ec20, 0x000000000282fce8]
Event: 9.922 Thread 0x00000000148e0800 1431       3       com.android.dx.rop.cst.Constant::compareTo (33 bytes)
Event: 9.923 Thread 0x00000000148e0800 nmethod 1431 0x0000000002830610 code [0x00000000028307c0, 0x0000000002830ef8]
Event: 9.924 Thread 0x00000000148e0800 1432       3       com.android.dx.rop.code.Insn::equalsHandleNulls (23 bytes)
Event: 9.924 Thread 0x00000000148e0800 nmethod 1432 0x0000000002831110 code [0x0000000002831280, 0x0000000002831548]
Event: 9.924 Thread 0x00000000148e0800 1433       3       com.android.dx.rop.code.Insn::contentEquals (84 bytes)
Event: 9.925 Thread 0x00000000148e0800 nmethod 1433 0x0000000002831610 code [0x0000000002831800, 0x0000000002832438]
Event: 9.925 Thread 0x00000000148e0800 1434       3       com.android.dx.util.LabeledList::rebuildLabelToIndex (46 bytes)

GC Heap History (10 events):
Event: 4.840 GC heap before
{Heap before GC invocations=2 (full 0):
 PSYoungGen      total 18944K, used 18928K [0x00000000eab00000, 0x00000000ec000000, 0x0000000100000000)
  eden space 16384K, 100% used [0x00000000eab00000,0x00000000ebb00000,0x00000000ebb00000)
  from space 2560K, 99% used [0x00000000ebb00000,0x00000000ebd7c180,0x00000000ebd80000)
  to   space 2560K, 0% used [0x00000000ebd80000,0x00000000ebd80000,0x00000000ec000000)
 ParOldGen       total 44032K, used 1626K [0x00000000c0000000, 0x00000000c2b00000, 0x00000000eab00000)
  object space 44032K, 3% used [0x00000000c0000000,0x00000000c01969d0,0x00000000c2b00000)
 Metaspace       used 5598K, capacity 6832K, committed 7040K, reserved 1056768K
  class space    used 574K, capacity 616K, committed 640K, reserved 1048576K
Event: 5.290 GC heap after
Heap after GC invocations=2 (full 0):
 PSYoungGen      total 18944K, used 2556K [0x00000000eab00000, 0x00000000ed000000, 0x0000000100000000)
  eden space 16384K, 0% used [0x00000000eab00000,0x00000000eab00000,0x00000000ebb00000)
  from space 2560K, 99% used [0x00000000ebd80000,0x00000000ebfff228,0x00000000ec000000)
  to   space 2560K, 0% used [0x00000000ebb00000,0x00000000ebb00000,0x00000000ebd80000)
 ParOldGen       total 44032K, used 7536K [0x00000000c0000000, 0x00000000c2b00000, 0x00000000eab00000)
  object space 44032K, 17% used [0x00000000c0000000,0x00000000c075c170,0x00000000c2b00000)
 Metaspace       used 5598K, capacity 6832K, committed 7040K, reserved 1056768K
  class space    used 574K, capacity 616K, committed 640K, reserved 1048576K
}
Event: 7.802 GC heap before
{Heap before GC invocations=3 (full 0):
 PSYoungGen      total 18944K, used 18940K [0x00000000eab00000, 0x00000000ed000000, 0x0000000100000000)
  eden space 16384K, 100% used [0x00000000eab00000,0x00000000ebb00000,0x00000000ebb00000)
  from space 2560K, 99% used [0x00000000ebd80000,0x00000000ebfff228,0x00000000ec000000)
  to   space 2560K, 0% used [0x00000000ebb00000,0x00000000ebb00000,0x00000000ebd80000)
 ParOldGen       total 44032K, used 7536K [0x00000000c0000000, 0x00000000c2b00000, 0x00000000eab00000)
  object space 44032K, 17% used [0x00000000c0000000,0x00000000c075c170,0x00000000c2b00000)
 Metaspace       used 5619K, capacity 6832K, committed 7040K, reserved 1056768K
  class space    used 575K, capacity 616K, committed 640K, reserved 1048576K
Event: 8.311 GC heap after
Heap after GC invocations=3 (full 0):
 PSYoungGen      total 18944K, used 2544K [0x00000000eab00000, 0x00000000ed000000, 0x0000000100000000)
  eden space 16384K, 0% used [0x00000000eab00000,0x00000000eab00000,0x00000000ebb00000)
  from space 2560K, 99% used [0x00000000ebb00000,0x00000000ebd7c160,0x00000000ebd80000)
  to   space 2560K, 0% used [0x00000000ecd80000,0x00000000ecd80000,0x00000000ed000000)
 ParOldGen       total 44032K, used 12019K [0x00000000c0000000, 0x00000000c2b00000, 0x00000000eab00000)
  object space 44032K, 27% used [0x00000000c0000000,0x00000000c0bbcf28,0x00000000c2b00000)
 Metaspace       used 5619K, capacity 6832K, committed 7040K, reserved 1056768K
  class space    used 575K, capacity 616K, committed 640K, reserved 1048576K
}
Event: 8.959 GC heap before
{Heap before GC invocations=4 (full 0):
 PSYoungGen      total 18944K, used 18928K [0x00000000eab00000, 0x00000000ed000000, 0x0000000100000000)
  eden space 16384K, 100% used [0x00000000eab00000,0x00000000ebb00000,0x00000000ebb00000)
  from space 2560K, 99% used [0x00000000ebb00000,0x00000000ebd7c160,0x00000000ebd80000)
  to   space 2560K, 0% used [0x00000000ecd80000,0x00000000ecd80000,0x00000000ed000000)
 ParOldGen       total 44032K, used 12019K [0x00000000c0000000, 0x00000000c2b00000, 0x00000000eab00000)
  object space 44032K, 27% used [0x00000000c0000000,0x00000000c0bbcf28,0x00000000c2b00000)
 Metaspace       used 5712K, capacity 6896K, committed 7040K, reserved 1056768K
  class space    used 577K, capacity 616K, committed 640K, reserved 1048576K
Event: 9.043 GC heap after
Heap after GC invocations=4 (full 0):
 PSYoungGen      total 35328K, used 2559K [0x00000000eab00000, 0x00000000ed000000, 0x0000000100000000)
  eden space 32768K, 0% used [0x00000000eab00000,0x00000000eab00000,0x00000000ecb00000)
  from space 2560K, 99% used [0x00000000ecd80000,0x00000000ecfffec8,0x00000000ed000000)
  to   space 2560K, 0% used [0x00000000ecb00000,0x00000000ecb00000,0x00000000ecd80000)
 ParOldGen       total 44032K, used 17524K [0x00000000c0000000, 0x00000000c2b00000, 0x00000000eab00000)
  object space 44032K, 39% used [0x00000000c0000000,0x00000000c111d210,0x00000000c2b00000)
 Metaspace       used 5712K, capacity 6896K, committed 7040K, reserved 1056768K
  class space    used 577K, capacity 616K, committed 640K, reserved 1048576K
}
Event: 9.319 GC heap before
{Heap before GC invocations=5 (full 0):
 PSYoungGen      total 35328K, used 35327K [0x00000000eab00000, 0x00000000ed000000, 0x0000000100000000)
  eden space 32768K, 100% used [0x00000000eab00000,0x00000000ecb00000,0x00000000ecb00000)
  from space 2560K, 99% used [0x00000000ecd80000,0x00000000ecfffec8,0x00000000ed000000)
  to   space 2560K, 0% used [0x00000000ecb00000,0x00000000ecb00000,0x00000000ecd80000)
 ParOldGen       total 44032K, used 17524K [0x00000000c0000000, 0x00000000c2b00000, 0x00000000eab00000)
  object space 44032K, 39% used [0x00000000c0000000,0x00000000c111d210,0x00000000c2b00000)
 Metaspace       used 5742K, capacity 6960K, committed 7040K, reserved 1056768K
  class space    used 577K, capacity 616K, committed 640K, reserved 1048576K
Event: 9.365 GC heap after
Heap after GC invocations=5 (full 0):
 PSYoungGen      total 35328K, used 2550K [0x00000000eab00000, 0x00000000ed000000, 0x0000000100000000)
  eden space 32768K, 0% used [0x00000000eab00000,0x00000000eab00000,0x00000000ecb00000)
  from space 2560K, 99% used [0x00000000ecb00000,0x00000000ecd7d940,0x00000000ecd80000)
  to   space 2560K, 0% used [0x00000000ecd80000,0x00000000ecd80000,0x00000000ed000000)
 ParOldGen       total 44032K, used 34157K [0x00000000c0000000, 0x00000000c2b00000, 0x00000000eab00000)
  object space 44032K, 77% used [0x00000000c0000000,0x00000000c215b7f0,0x00000000c2b00000)
 Metaspace       used 5742K, capacity 6960K, committed 7040K, reserved 1056768K
  class space    used 577K, capacity 616K, committed 640K, reserved 1048576K
}
Event: 9.365 GC heap before
{Heap before GC invocations=6 (full 1):
 PSYoungGen      total 35328K, used 2550K [0x00000000eab00000, 0x00000000ed000000, 0x0000000100000000)
  eden space 32768K, 0% used [0x00000000eab00000,0x00000000eab00000,0x00000000ecb00000)
  from space 2560K, 99% used [0x00000000ecb00000,0x00000000ecd7d940,0x00000000ecd80000)
  to   space 2560K, 0% used [0x00000000ecd80000,0x00000000ecd80000,0x00000000ed000000)
 ParOldGen       total 44032K, used 34157K [0x00000000c0000000, 0x00000000c2b00000, 0x00000000eab00000)
  object space 44032K, 77% used [0x00000000c0000000,0x00000000c215b7f0,0x00000000c2b00000)
 Metaspace       used 5742K, capacity 6960K, committed 7040K, reserved 1056768K
  class space    used 577K, capacity 616K, committed 640K, reserved 1048576K
Event: 9.876 GC heap after
Heap after GC invocations=6 (full 1):
 PSYoungGen      total 35328K, used 0K [0x00000000eab00000, 0x00000000ed000000, 0x0000000100000000)
  eden space 32768K, 0% used [0x00000000eab00000,0x00000000eab00000,0x00000000ecb00000)
  from space 2560K, 0% used [0x00000000ecb00000,0x00000000ecb00000,0x00000000ecd80000)
  to   space 2560K, 0% used [0x00000000ecd80000,0x00000000ecd80000,0x00000000ed000000)
 ParOldGen       total 62976K, used 25694K [0x00000000c0000000, 0x00000000c3d80000, 0x00000000eab00000)
  object space 62976K, 40% used [0x00000000c0000000,0x00000000c1917ad0,0x00000000c3d80000)
 Metaspace       used 5742K, capacity 6960K, committed 7040K, reserved 1056768K
  class space    used 577K, capacity 616K, committed 640K, reserved 1048576K
}

Deoptimization events (10 events):
Event: 9.079 Thread 0x00000000020c0800 Uncommon trap: reason=class_check action=maybe_recompile pc=0x0000000002669e2c method=com.android.dx.cf.code.Ropper.processBlock(Lcom/android/dx/cf/code/ByteBlock;Lcom/android/dx/cf/code/Frame;[I)V @ 777
Event: 9.231 Thread 0x00000000020c0800 Uncommon trap: reason=unstable_if action=reinterpret pc=0x000000000259d71c method=com.android.dx.rop.cst.Constant.compareTo(Lcom/android/dx/rop/cst/Constant;)I @ 12
Event: 9.246 Thread 0x00000000020c0800 Uncommon trap: reason=unstable_if action=reinterpret pc=0x00000000026b0d5c method=com.android.dx.util.BitIntSet.has(I)Z @ 8
Event: 9.246 Thread 0x00000000020c0800 Uncommon trap: reason=unstable_if action=reinterpret pc=0x00000000026acc38 method=com.android.dx.util.BitIntSet.has(I)Z @ 8
Event: 9.248 Thread 0x00000000020c0800 Uncommon trap: reason=unstable_if action=reinterpret pc=0x0000000002668f6c method=com.android.dx.cf.code.Ropper.processBlock(Lcom/android/dx/cf/code/ByteBlock;Lcom/android/dx/cf/code/Frame;[I)V @ 940
Event: 9.271 Thread 0x00000000020c0800 Uncommon trap: reason=unstable_if action=reinterpret pc=0x00000000026dfa68 method=com.android.dx.rop.code.LocalVariableExtractor.processBlock(I)V @ 179
Event: 9.280 Thread 0x00000000020c0800 Uncommon trap: reason=unstable_if action=reinterpret pc=0x00000000026e4ab4 method=com.android.dx.dex.code.RopTranslator.outputBlock(Lcom/android/dx/rop/code/BasicBlock;I)V @ 132
Event: 9.919 Thread 0x00000000020c0800 Uncommon trap: reason=unstable_if action=reinterpret pc=0x0000000002696ed0 method=com.android.dx.ssa.DeadCodeRemover.isCircularNoSideEffect(ILjava/util/BitSet;)Z @ 9
Event: 9.924 Thread 0x00000000020c0800 Uncommon trap: reason=unstable_if action=reinterpret pc=0x00000000026cfe04 method=com.android.dx.rop.code.Insn.equalsHandleNulls(Ljava/lang/Object;Ljava/lang/Object;)Z @ 14
Event: 9.924 Thread 0x00000000020c0800 Uncommon trap: reason=unstable_if action=reinterpret pc=0x00000000026c7638 method=com.android.dx.rop.code.Insn.equalsHandleNulls(Ljava/lang/Object;Ljava/lang/Object;)Z @ 14

Internal exceptions (3 events):
Event: 0.099 Thread 0x00000000020c0800 Exception <a 'java/lang/NoSuchMethodError': Method sun.misc.Unsafe.defineClass(Ljava/lang/String;[BII)Ljava/lang/Class; name or signature does not match> (0x00000000eab0d560) thrown at [C:\workspace\8-2-build-windows-amd64-cygwin\jdk8u65\4987\hotspot\src\skÊM^¹?
Event: 0.099 Thread 0x00000000020c0800 Exception <a 'java/lang/NoSuchMethodError': Method sun.misc.Unsafe.prefetchRead(Ljava/lang/Object;J)V name or signature does not match> (0x00000000eab0d848) thrown at [C:\workspace\8-2-build-windows-amd64-cygwin\jdk8u65\4987\hotspot\src\share\vm\prims\jni.bº²¨j&ú?
Event: 1.634 Thread 0x0000000016361800 Implicit null exception at 0x0000000002470e23 to 0x0000000002472739

Events (10 events):
Event: 9.903 Executing VM operation: RevokeBias done
Event: 9.919 Thread 0x00000000020c0800 Uncommon trap: trap_request=0xffffff65 fr.pc=0x0000000002696ed0
Event: 9.919 Thread 0x00000000020c0800 DEOPT PACKING pc=0x0000000002696ed0 sp=0x000000000207e270
Event: 9.919 Thread 0x00000000020c0800 DEOPT UNPACKING pc=0x000000000220582a sp=0x000000000207e1d8 mode 2
Event: 9.923 Thread 0x00000000020c0800 Uncommon trap: trap_request=0xffffff65 fr.pc=0x00000000026cfe04
Event: 9.924 Thread 0x00000000020c0800 DEOPT PACKING pc=0x00000000026cfe04 sp=0x000000000207e250
Event: 9.924 Thread 0x00000000020c0800 DEOPT UNPACKING pc=0x000000000220582a sp=0x000000000207e168 mode 2
Event: 9.924 Thread 0x00000000020c0800 Uncommon trap: trap_request=0xffffff65 fr.pc=0x00000000026c7638
Event: 9.924 Thread 0x00000000020c0800 DEOPT PACKING pc=0x00000000026c7638 sp=0x000000000207e1e0
Event: 9.924 Thread 0x00000000020c0800 DEOPT UNPACKING pc=0x000000000220582a sp=0x000000000207e158 mode 2


Dynamic libraries:
0x00007ff606210000 - 0x00007ff606247000 	C:\Program Files\Java\jdk1.8.0_65\bin\java.exe
0x00007ff810bb0000 - 0x00007ff810d71000 	C:\Windows\SYSTEM32\ntdll.dll
0x00007ff80e9c0000 - 0x00007ff80ea6d000 	C:\Windows\system32\KERNEL32.DLL
0x00007ff80d280000 - 0x00007ff80d468000 	C:\Windows\system32\KERNELBASE.dll
0x00007ff80b710000 - 0x00007ff80b789000 	C:\Windows\system32\apphelp.dll
0x00007ff8108c0000 - 0x00007ff810967000 	C:\Windows\system32\ADVAPI32.dll
0x00007ff80e0e0000 - 0x00007ff80e17d000 	C:\Windows\system32\msvcrt.dll
0x00007ff8101a0000 - 0x00007ff8101fb000 	C:\Windows\system32\sechost.dll
0x00007ff810480000 - 0x00007ff81059c000 	C:\Windows\system32\RPCRT4.dll
0x00007ff80e7f0000 - 0x00007ff80e946000 	C:\Windows\system32\USER32.dll
0x00007ff810010000 - 0x00007ff810196000 	C:\Windows\system32\GDI32.dll
0x00007fffffb60000 - 0x00007fffffdd4000 	C:\Windows\WinSxS\amd64_microsoft.windows.common-controls_6595b64144ccf1df_6.0.10586.0_none_8c15ae12515e1c22\COMCTL32.dll
0x00007ff810200000 - 0x00007ff81047d000 	C:\Windows\system32\combase.dll
0x00007ff80d8f0000 - 0x00007ff80d95a000 	C:\Windows\system32\bcryptPrimitives.dll
0x00007ff80ffd0000 - 0x00007ff81000b000 	C:\Windows\system32\IMM32.DLL
0x000000005ccc0000 - 0x000000005cd92000 	C:\Program Files\Java\jdk1.8.0_65\jre\bin\msvcr100.dll
0x000000005d140000 - 0x000000005d9c9000 	C:\Program Files\Java\jdk1.8.0_65\jre\bin\server\jvm.dll
0x00007ff810750000 - 0x00007ff810758000 	C:\Windows\system32\PSAPI.DLL
0x00007ff802680000 - 0x00007ff802689000 	C:\Windows\SYSTEM32\WSOCK32.dll
0x00007ff80e180000 - 0x00007ff80e1eb000 	C:\Windows\system32\WS2_32.dll
0x00007ff80b5a0000 - 0x00007ff80b5c3000 	C:\Windows\SYSTEM32\WINMM.dll
0x00007ff8006f0000 - 0x00007ff8006fa000 	C:\Windows\SYSTEM32\VERSION.dll
0x00007ff80b240000 - 0x00007ff80b26c000 	C:\Windows\SYSTEM32\WINMMBASE.dll
0x00007ff80d6d0000 - 0x00007ff80d713000 	C:\Windows\system32\cfgmgr32.dll
0x000000005d130000 - 0x000000005d13f000 	C:\Program Files\Java\jdk1.8.0_65\jre\bin\verify.dll
0x000000005d100000 - 0x000000005d129000 	C:\Program Files\Java\jdk1.8.0_65\jre\bin\java.dll
0x000000005d0e0000 - 0x000000005d0f6000 	C:\Program Files\Java\jdk1.8.0_65\jre\bin\zip.dll
0x00007ff80ea70000 - 0x00007ff80ffcf000 	C:\Windows\system32\SHELL32.dll
0x00007ff80d960000 - 0x00007ff80dfa4000 	C:\Windows\system32\windows.storage.dll
0x00007ff80e250000 - 0x00007ff80e2a2000 	C:\Windows\system32\shlwapi.dll
0x00007ff80d230000 - 0x00007ff80d23f000 	C:\Windows\system32\kernel.appcore.dll
0x00007ff80d560000 - 0x00007ff80d615000 	C:\Windows\system32\shcore.dll
0x00007ff80d1d0000 - 0x00007ff80d21b000 	C:\Windows\system32\powrprof.dll
0x00007ff80d240000 - 0x00007ff80d254000 	C:\Windows\system32\profapi.dll

VM Arguments:
jvm_args: -Djava.awt.headless=true -Xmx1024M -Dfile.encoding=windows-1252 -Duser.country=US -Duser.language=en -Duser.variant 
java_command: com.android.dx.command.Main --dex --force-jumbo --num-threads=4 --multi-dex --output F:\Android Tools\My AndroWork\MapMyDay\app\build\intermediates\transforms\dex\debug\folders\1000\5\slice_7 F:\Android Tools\My AndroWork\MapMyDay\app\build\intermediates\transforms\instantRunSlicer\debug\folders\1\5\slice_7
java_class_path (initial): F:\sdk\build-tools\23.0.1\lib\dx.jar
Launcher Type: SUN_STANDARD

Environment Variables:
PATH=C:\ProgramData\Oracle\Java\javapath;C:\Windows\system32;C:\Windows;C:\Windows\System32\Wbem;C:\Windows\System32\WindowsPowerShell\v1.0\;C:\Program Files (x86)\Intel\OpenCL SDK\2.0\bin\x86;C:\Program Files (x86)\Intel\OpenCL SDK\2.0\bin\x64;C:\Program Files\Microsoft\Web Platform Installer\;C:\Program Files (x86)\Microsoft ASP.NET\ASP.NET Web Pages\v1.0\;C:\Program Files (x86)\Windows Kits\8.0\Windows Performance Toolkit\;C:\Program Files\Microsoft SQL Server\110\Tools\Binn\;C:\VisualStudio & OpenCv\opencv\build\x64\vc11\bin\;C:\Program Files (x86)\Common Files\lenovo\easyplussdk\bin;C:\Modeltech_pe_edu_10.4a\win32pe_edu
USERNAME=Fahim Al Mahmud
OS=Windows_NT
PROCESSOR_IDENTIFIER=Intel64 Family 6 Model 58 Stepping 9, GenuineIntel



---------------  S Y S T E M  ---------------

OS: Windows 10.0 , 64 bit Build 10586 (10.0.10586.0)

CPU:total 4 (2 cores per cpu, 2 threads per core) family 6 model 58 stepping 9, cmov, cx8, fxsr, mmx, sse, sse2, sse3, ssse3, sse4.1, sse4.2, popcnt, avx, aes, clmul, erms, ht, tsc, tscinvbit, tscinv

Memory: 4k page, physical 4087096k(373552k free), swap 6005436k(4092k free)

vm_info: Java HotSpot(TM) 64-Bit Server VM (25.65-b01) for windows-amd64 JRE (1.8.0_65-b17), built on Oct  6 2015 16:39:20 by "java_re" with MS VC++ 10.0 (VS2010)

time: Sun Jun 12 03:15:35 2016
elapsed time: 9 seconds (0d 0h 0m 9s)

