#
# There is insufficient memory for the Java Runtime Environment to continue.
# Native memory allocation (malloc) failed to allocate 32744 bytes for ChunkPool::allocate
# Possible reasons:
#   The system is out of physical RAM or swap space
#   In 32 bit mode, the process size limit was hit
# Possible solutions:
#   Reduce memory load on the system
#   Increase physical memory or swap space
#   Check if swap backing store is full
#   Use 64 bit Java on a 64 bit OS
#   Decrease Java heap size (-Xmx/-Xms)
#   Decrease number of Java threads
#   Decrease Java thread stack sizes (-Xss)
#   Set larger code cache with -XX:ReservedCodeCacheSize=
# This output file may be truncated or incomplete.
#
#  Out of Memory Error (allocation.cpp:273), pid=224, tid=9204
#
# JRE version: Java(TM) SE Runtime Environment (8.0_65-b17) (build 1.8.0_65-b17)
# Java VM: Java HotSpot(TM) 64-Bit Server VM (25.65-b01 mixed mode windows-amd64 compressed oops)
# Failed to write core dump. Minidumps are not enabled by default on client versions of Windows
#

---------------  T H R E A D  ---------------

Current thread (0x00000000149c4000):  JavaThread "C1 CompilerThread2" daemon [_thread_in_native, id=9204, stack(0x00000000161f0000,0x00000000162f0000)]

Stack: [0x00000000161f0000,0x00000000162f0000]
[error occurred during error reporting (printing stack bounds), id 0xc0000005]

Native frames: (J=compiled Java code, j=interpreted, Vv=VM code, C=native code)


Current CompileTask:
C1:   2635 1458       3       com.android.dx.cf.code.Ropper::addSetupBlocks (535 bytes)


---------------  P R O C E S S  ---------------

Java Threads: ( => current thread )
  0x000000001657a800 JavaThread "pool-2-thread-4" [_thread_in_vm, id=8932, stack(0x0000000016cf0000,0x0000000016df0000)]
  0x000000001657a000 JavaThread "pool-2-thread-3" [_thread_in_Java, id=8456, stack(0x0000000016bf0000,0x0000000016cf0000)]
  0x0000000016577800 JavaThread "pool-2-thread-2" [_thread_in_Java, id=5104, stack(0x0000000016af0000,0x0000000016bf0000)]
  0x0000000016545000 JavaThread "pool-3-thread-1" [_thread_blocked, id=5640, stack(0x00000000169f0000,0x0000000016af0000)]
  0x0000000016544800 JavaThread "pool-2-thread-1" [_thread_in_Java, id=7644, stack(0x00000000168f0000,0x00000000169f0000)]
  0x0000000016318800 JavaThread "Service Thread" daemon [_thread_blocked, id=3364, stack(0x00000000166f0000,0x00000000167f0000)]
=>0x00000000149c4000 JavaThread "C1 CompilerThread2" daemon [_thread_in_native, id=9204, stack(0x00000000161f0000,0x00000000162f0000)]
  0x00000000149c1000 JavaThread "C2 CompilerThread1" daemon [_thread_in_native, id=5212, stack(0x00000000160f0000,0x00000000161f0000)]
  0x00000000149bf000 JavaThread "C2 CompilerThread0" daemon [_thread_in_native, id=5528, stack(0x0000000015ff0000,0x00000000160f0000)]
  0x00000000149bd000 JavaThread "Attach Listener" daemon [_thread_blocked, id=2736, stack(0x0000000015ef0000,0x0000000015ff0000)]
  0x00000000149bb800 JavaThread "Signal Dispatcher" daemon [_thread_blocked, id=4152, stack(0x0000000015df0000,0x0000000015ef0000)]
  0x0000000002236800 JavaThread "Finalizer" daemon [_thread_blocked, id=4724, stack(0x0000000015c10000,0x0000000015d10000)]
  0x000000000222e800 JavaThread "Reference Handler" daemon [_thread_blocked, id=9236, stack(0x0000000015b10000,0x0000000015c10000)]
  0x0000000002140800 JavaThread "main" [_thread_in_Java, id=2752, stack(0x0000000000910000,0x0000000000a10000)]

Other Threads:
  0x0000000014987800 VMThread [stack: 0x0000000015a10000,0x0000000015b10000] [id=6352]
  0x000000001633b800 WatcherThread [stack: 0x00000000167f0000,0x00000000168f0000] [id=5916]

VM state:not at safepoint (normal execution)

VM Mutex/Monitor currently owned by a thread: None

Heap:
 PSYoungGen      total 35328K, used 26267K [0x00000000eab00000, 0x00000000ed000000, 0x0000000100000000)
  eden space 32768K, 72% used [0x00000000eab00000,0x00000000ec22b410,0x00000000ecb00000)
  from space 2560K, 99% used [0x00000000ecd80000,0x00000000ecffbbe0,0x00000000ed000000)
  to   space 2560K, 0% used [0x00000000ecb00000,0x00000000ecb00000,0x00000000ecd80000)
 ParOldGen       total 44032K, used 4565K [0x00000000c0000000, 0x00000000c2b00000, 0x00000000eab00000)
  object space 44032K, 10% used [0x00000000c0000000,0x00000000c04756e8,0x00000000c2b00000)
 Metaspace       used 6060K, capacity 7088K, committed 7296K, reserved 1056768K
  class space    used 591K, capacity 616K, committed 640K, reserved 1048576K

Card table byte_map: [0x0000000011810000,0x0000000011a20000] byte_map_base: 0x0000000011210000

Marking Bits: (ParMarkBitMap*) 0x000000005d94a5b0
 Begin Bits: [0x0000000011e20000, 0x0000000012e20000)
 End Bits:   [0x0000000012e20000, 0x0000000013e20000)

Polling page: 0x00000000001f0000

CodeCache: size=245760Kb used=5825Kb max_used=5825Kb free=239934Kb
 bounds [0x0000000002450000, 0x0000000002a10000, 0x0000000011450000]
 total_blobs=1716 nmethods=1447 adapters=182
 compilation: enabled

Compilation events (10 events):
Event: 2.600 Thread 0x00000000149c4000 1453       3       com.android.dx.cf.code.ValueAwareMachine::<init> (6 bytes)
Event: 2.600 Thread 0x00000000149c4000 nmethod 1453 0x00000000029eb710 code [0x00000000029eb880, 0x00000000029eba08]
Event: 2.600 Thread 0x00000000149c4000 1454       3       com.android.dx.cf.code.Simulator$SimVisitor::<init> (23 bytes)
Event: 2.600 Thread 0x00000000149c4000 nmethod 1454 0x00000000029eb250 code [0x00000000029eb3c0, 0x00000000029eb5d0]
Event: 2.600 Thread 0x00000000149c4000 1455       3       com.android.dx.cf.code.Frame::initializeWithParameters (49 bytes)
Event: 2.601 Thread 0x00000000149c4000 nmethod 1455 0x00000000029e6250 code [0x00000000029e6400, 0x00000000029e6b28]
Event: 2.601 Thread 0x00000000149c4000 1456       3       com.android.dx.cf.code.Ropper::addReturnBlock (228 bytes)
Event: 2.601 Thread 0x00000000149bf000 1457       4       com.android.dx.ssa.back.FirstFitLocalCombiningAllocator$1::processInsn (169 bytes)
Event: 2.605 Thread 0x00000000149c4000 nmethod 1456 0x0000000002a02710 code [0x0000000002a02c40, 0x0000000002a06488]
Event: 2.629 Thread 0x00000000149c4000 1458       3       com.android.dx.cf.code.Ropper::addSetupBlocks (535 bytes)

GC Heap History (4 events):
Event: 0.989 GC heap before
{Heap before GC invocations=1 (full 0):
 PSYoungGen      total 18944K, used 16384K [0x00000000eab00000, 0x00000000ec000000, 0x0000000100000000)
  eden space 16384K, 100% used [0x00000000eab00000,0x00000000ebb00000,0x00000000ebb00000)
  from space 2560K, 0% used [0x00000000ebd80000,0x00000000ebd80000,0x00000000ec000000)
  to   space 2560K, 0% used [0x00000000ebb00000,0x00000000ebb00000,0x00000000ebd80000)
 ParOldGen       total 44032K, used 0K [0x00000000c0000000, 0x00000000c2b00000, 0x00000000eab00000)
  object space 44032K, 0% used [0x00000000c0000000,0x00000000c0000000,0x00000000c2b00000)
 Metaspace       used 5702K, capacity 6768K, committed 7040K, reserved 1056768K
  class space    used 590K, capacity 616K, committed 640K, reserved 1048576K
Event: 1.097 GC heap after
Heap after GC invocations=1 (full 0):
 PSYoungGen      total 18944K, used 2558K [0x00000000eab00000, 0x00000000ed000000, 0x0000000100000000)
  eden space 16384K, 0% used [0x00000000eab00000,0x00000000eab00000,0x00000000ebb00000)
  from space 2560K, 99% used [0x00000000ebb00000,0x00000000ebd7fbd0,0x00000000ebd80000)
  to   space 2560K, 0% used [0x00000000ecd80000,0x00000000ecd80000,0x00000000ed000000)
 ParOldGen       total 44032K, used 2049K [0x00000000c0000000, 0x00000000c2b00000, 0x00000000eab00000)
  object space 44032K, 4% used [0x00000000c0000000,0x00000000c02005b8,0x00000000c2b00000)
 Metaspace       used 5702K, capacity 6768K, committed 7040K, reserved 1056768K
  class space    used 590K, capacity 616K, committed 640K, reserved 1048576K
}
Event: 1.815 GC heap before
{Heap before GC invocations=2 (full 0):
 PSYoungGen      total 18944K, used 18942K [0x00000000eab00000, 0x00000000ed000000, 0x0000000100000000)
  eden space 16384K, 100% used [0x00000000eab00000,0x00000000ebb00000,0x00000000ebb00000)
  from space 2560K, 99% used [0x00000000ebb00000,0x00000000ebd7fbd0,0x00000000ebd80000)
  to   space 2560K, 0% used [0x00000000ecd80000,0x00000000ecd80000,0x00000000ed000000)
 ParOldGen       total 44032K, used 2049K [0x00000000c0000000, 0x00000000c2b00000, 0x00000000eab00000)
  object space 44032K, 4% used [0x00000000c0000000,0x00000000c02005b8,0x00000000c2b00000)
 Metaspace       used 5918K, capacity 6960K, committed 7040K, reserved 1056768K
  class space    used 591K, capacity 616K, committed 640K, reserved 1048576K
Event: 2.000 GC heap after
Heap after GC invocations=2 (full 0):
 PSYoungGen      total 35328K, used 2542K [0x00000000eab00000, 0x00000000ed000000, 0x0000000100000000)
  eden space 32768K, 0% used [0x00000000eab00000,0x00000000eab00000,0x00000000ecb00000)
  from space 2560K, 99% used [0x00000000ecd80000,0x00000000ecffbbe0,0x00000000ed000000)
  to   space 2560K, 0% used [0x00000000ecb00000,0x00000000ecb00000,0x00000000ecd80000)
 ParOldGen       total 44032K, used 4565K [0x00000000c0000000, 0x00000000c2b00000, 0x00000000eab00000)
  object space 44032K, 10% used [0x00000000c0000000,0x00000000c04756e8,0x00000000c2b00000)
 Metaspace       used 5918K, capacity 6960K, committed 7040K, reserved 1056768K
  class space    used 591K, capacity 616K, committed 640K, reserved 1048576K
}

Deoptimization events (10 events):
Event: 1.183 Thread 0x000000001657a000 Uncommon trap: reason=unstable_if action=reinterpret pc=0x000000000272bd6c method=com.android.dx.rop.code.RegisterSpecSet.put(Lcom/android/dx/rop/code/RegisterSpec;)V @ 77
Event: 1.183 Thread 0x000000001657a000 Uncommon trap: reason=unstable_if action=reinterpret pc=0x00000000027bf1ec method=com.android.dx.rop.code.RegisterSpecSet.put(Lcom/android/dx/rop/code/RegisterSpec;)V @ 77
Event: 1.187 Thread 0x000000001657a000 Uncommon trap: reason=unstable_if action=reinterpret pc=0x00000000026964ac method=java.util.HashMap.getNode(ILjava/lang/Object;)Ljava/util/HashMap$Node; @ 62
Event: 1.799 Thread 0x0000000016544800 Uncommon trap: reason=bimorphic action=maybe_recompile pc=0x00000000026d946c method=java.util.HashMap.getNode(ILjava/lang/Object;)Ljava/util/HashMap$Node; @ 126
Event: 2.009 Thread 0x0000000016544800 Uncommon trap: reason=unstable_if action=reinterpret pc=0x000000000292a9a8 method=com.android.dx.ssa.SCCP.simulateStmt(Lcom/android/dx/ssa/SsaInsn;)V @ 59
Event: 2.043 Thread 0x000000001657a800 Uncommon trap: reason=unstable_if action=reinterpret pc=0x00000000027295dc method=com.android.dx.rop.cst.Constant.compareTo(Lcom/android/dx/rop/cst/Constant;)I @ 12
Event: 2.513 Thread 0x0000000016544800 Uncommon trap: reason=bimorphic action=maybe_recompile pc=0x00000000029d1dfc method=com.android.dx.ssa.LiteralOpUpgrader.tryReplacingWithConstant(Lcom/android/dx/ssa/NormalSsaInsn;)Z @ 52
Event: 2.517 Thread 0x0000000016544800 Uncommon trap: reason=bimorphic action=maybe_recompile pc=0x00000000029d1dfc method=com.android.dx.ssa.LiteralOpUpgrader.tryReplacingWithConstant(Lcom/android/dx/ssa/NormalSsaInsn;)Z @ 52
Event: 2.518 Thread 0x0000000016544800 Uncommon trap: reason=bimorphic action=maybe_recompile pc=0x00000000029d1dfc method=com.android.dx.ssa.LiteralOpUpgrader.tryReplacingWithConstant(Lcom/android/dx/ssa/NormalSsaInsn;)Z @ 52
Event: 2.599 Thread 0x0000000016544800 Uncommon trap: reason=bimorphic action=maybe_recompile pc=0x00000000029d1dfc method=com.android.dx.ssa.LiteralOpUpgrader.tryReplacingWithConstant(Lcom/android/dx/ssa/NormalSsaInsn;)Z @ 52

Internal exceptions (4 events):
Event: 0.029 Thread 0x0000000002140800 Exception <a 'java/lang/NoSuchMethodError': Method sun.misc.Unsafe.defineClass(Ljava/lang/String;[BII)Ljava/lang/Class; name or signature does not match> (0x00000000eab0d608) thrown at [C:\workspace\8-2-build-windows-amd64-cygwin\jdk8u65\4987\hotspot\src\sÃkπ‚Ïù?
Event: 0.029 Thread 0x0000000002140800 Exception <a 'java/lang/NoSuchMethodError': Method sun.misc.Unsafe.prefetchRead(Ljava/lang/Object;J)V name or signature does not match> (0x00000000eab0d8f0) thrown at [C:\workspace\8-2-build-windows-amd64-cygwin\jdk8u65\4987\hotspot\src\share\vm\prims\jni.¢qÉ≤◊dÓ?
Event: 0.950 Thread 0x000000001657a000 Implicit null exception at 0x000000000270b897 to 0x000000000270cfd9
Event: 1.165 Thread 0x0000000016544800 Implicit null exception at 0x000000000271e062 to 0x000000000271e152

Events (10 events):
Event: 2.513 Thread 0x0000000016544800 DEOPT UNPACKING pc=0x000000000249582a sp=0x00000000169ee508 mode 2
Event: 2.517 Thread 0x0000000016544800 Uncommon trap: trap_request=0xffffffc6 fr.pc=0x00000000029d1dfc
Event: 2.517 Thread 0x0000000016544800 DEOPT PACKING pc=0x00000000029d1dfc sp=0x00000000169ee620
Event: 2.517 Thread 0x0000000016544800 DEOPT UNPACKING pc=0x000000000249582a sp=0x00000000169ee508 mode 2
Event: 2.518 Thread 0x0000000016544800 Uncommon trap: trap_request=0xffffffc6 fr.pc=0x00000000029d1dfc
Event: 2.518 Thread 0x0000000016544800 DEOPT PACKING pc=0x00000000029d1dfc sp=0x00000000169ee620
Event: 2.518 Thread 0x0000000016544800 DEOPT UNPACKING pc=0x000000000249582a sp=0x00000000169ee508 mode 2
Event: 2.599 Thread 0x0000000016544800 Uncommon trap: trap_request=0xffffffc6 fr.pc=0x00000000029d1dfc
Event: 2.599 Thread 0x0000000016544800 DEOPT PACKING pc=0x00000000029d1dfc sp=0x00000000169ee620
Event: 2.599 Thread 0x0000000016544800 DEOPT UNPACKING pc=0x000000000249582a sp=0x00000000169ee508 mode 2


Dynamic libraries:
0x00007ff76f100000 - 0x00007ff76f137000 	C:\Program Files\Java\jdk1.8.0_65\bin\java.exe
0x00007ff810bb0000 - 0x00007ff810d71000 	C:\Windows\SYSTEM32\ntdll.dll
0x00007ff80e9c0000 - 0x00007ff80ea6d000 	C:\Windows\system32\KERNEL32.DLL
0x00007ff80d280000 - 0x00007ff80d468000 	C:\Windows\system32\KERNELBASE.dll
0x00007ff80b710000 - 0x00007ff80b789000 	C:\Windows\system32\apphelp.dll
0x00007ff8108c0000 - 0x00007ff810967000 	C:\Windows\system32\ADVAPI32.dll
0x00007ff80e0e0000 - 0x00007ff80e17d000 	C:\Windows\system32\msvcrt.dll
0x00007ff8101a0000 - 0x00007ff8101fb000 	C:\Windows\system32\sechost.dll
0x00007ff810480000 - 0x00007ff81059c000 	C:\Windows\system32\RPCRT4.dll
0x00007ff80e7f0000 - 0x00007ff80e946000 	C:\Windows\system32\USER32.dll
0x00007ff810010000 - 0x00007ff810196000 	C:\Windows\system32\GDI32.dll
0x00007fffffb60000 - 0x00007fffffdd4000 	C:\Windows\WinSxS\amd64_microsoft.windows.common-controls_6595b64144ccf1df_6.0.10586.0_none_8c15ae12515e1c22\COMCTL32.dll
0x00007ff810200000 - 0x00007ff81047d000 	C:\Windows\system32\combase.dll
0x00007ff80d8f0000 - 0x00007ff80d95a000 	C:\Windows\system32\bcryptPrimitives.dll
0x00007ff80ffd0000 - 0x00007ff81000b000 	C:\Windows\system32\IMM32.DLL
0x000000005ccc0000 - 0x000000005cd92000 	C:\Program Files\Java\jdk1.8.0_65\jre\bin\msvcr100.dll
0x000000005d140000 - 0x000000005d9c9000 	C:\Program Files\Java\jdk1.8.0_65\jre\bin\server\jvm.dll
0x00007ff810750000 - 0x00007ff810758000 	C:\Windows\system32\PSAPI.DLL
0x00007ff8006f0000 - 0x00007ff8006fa000 	C:\Windows\SYSTEM32\VERSION.dll
0x00007ff80b5a0000 - 0x00007ff80b5c3000 	C:\Windows\SYSTEM32\WINMM.dll
0x00007ff802680000 - 0x00007ff802689000 	C:\Windows\SYSTEM32\WSOCK32.dll
0x00007ff80e180000 - 0x00007ff80e1eb000 	C:\Windows\system32\WS2_32.dll
0x00007ff80b240000 - 0x00007ff80b26c000 	C:\Windows\SYSTEM32\WINMMBASE.dll
0x00007ff80d6d0000 - 0x00007ff80d713000 	C:\Windows\system32\cfgmgr32.dll
0x000000005d130000 - 0x000000005d13f000 	C:\Program Files\Java\jdk1.8.0_65\jre\bin\verify.dll
0x000000005d100000 - 0x000000005d129000 	C:\Program Files\Java\jdk1.8.0_65\jre\bin\java.dll
0x000000005d0e0000 - 0x000000005d0f6000 	C:\Program Files\Java\jdk1.8.0_65\jre\bin\zip.dll
0x00007ff80ea70000 - 0x00007ff80ffcf000 	C:\Windows\system32\SHELL32.dll
0x00007ff80d960000 - 0x00007ff80dfa4000 	C:\Windows\system32\windows.storage.dll
0x00007ff80e250000 - 0x00007ff80e2a2000 	C:\Windows\system32\shlwapi.dll
0x00007ff80d230000 - 0x00007ff80d23f000 	C:\Windows\system32\kernel.appcore.dll
0x00007ff80d560000 - 0x00007ff80d615000 	C:\Windows\system32\shcore.dll
0x00007ff80d1d0000 - 0x00007ff80d21b000 	C:\Windows\system32\powrprof.dll
0x00007ff80d240000 - 0x00007ff80d254000 	C:\Windows\system32\profapi.dll

VM Arguments:
jvm_args: -Djava.awt.headless=true -Xmx1024M -Dfile.encoding=windows-1252 -Duser.country=US -Duser.language=en -Duser.variant 
java_command: com.android.dx.command.Main --dex --force-jumbo --num-threads=4 --multi-dex --output F:\Android Tools\My AndroWork\MapMyDay\app\build\intermediates\transforms\dex\debug\folders\1000\10\glide-3.7.0_abeea4c31300fe30579db1176bb1de07dc72ee4f C:\Users\Fahim Al Mahmud\.gradle\caches\modules-2\files-2.1\com.github.bumptech.glide\glide\3.7.0\9e9eeaf9948ee4d6c3ab354e8dc14368f16994a4\glide-3.7.0.jar
java_class_path (initial): F:\sdk\build-tools\23.0.1\lib\dx.jar
Launcher Type: SUN_STANDARD

Environment Variables:
PATH=C:\ProgramData\Oracle\Java\javapath;C:\Windows\system32;C:\Windows;C:\Windows\System32\Wbem;C:\Windows\System32\WindowsPowerShell\v1.0\;C:\Program Files (x86)\Intel\OpenCL SDK\2.0\bin\x86;C:\Program Files (x86)\Intel\OpenCL SDK\2.0\bin\x64;C:\Program Files\Microsoft\Web Platform Installer\;C:\Program Files (x86)\Microsoft ASP.NET\ASP.NET Web Pages\v1.0\;C:\Program Files (x86)\Windows Kits\8.0\Windows Performance Toolkit\;C:\Program Files\Microsoft SQL Server\110\Tools\Binn\;C:\VisualStudio & OpenCv\opencv\build\x64\vc11\bin\;C:\Program Files (x86)\Common Files\lenovo\easyplussdk\bin;C:\Modeltech_pe_edu_10.4a\win32pe_edu
USERNAME=Fahim Al Mahmud
OS=Windows_NT
PROCESSOR_IDENTIFIER=Intel64 Family 6 Model 58 Stepping 9, GenuineIntel



---------------  S Y S T E M  ---------------

OS: Windows 10.0 , 64 bit Build 10586 (10.0.10586.0)

CPU:total 4 (2 cores per cpu, 2 threads per core) family 6 model 58 stepping 9, cmov, cx8, fxsr, mmx, sse, sse2, sse3, ssse3, sse4.1, sse4.2, popcnt, avx, aes, clmul, erms, ht, tsc, tscinvbit, tscinv

Memory: 4k page, physical 4087096k(649396k free), swap 6005436k(5168k free)

vm_info: Java HotSpot(TM) 64-Bit Server VM (25.65-b01) for windows-amd64 JRE (1.8.0_65-b17), built on Oct  6 2015 16:39:20 by "java_re" with MS VC++ 10.0 (VS2010)

time: Fri Jun 10 23:54:07 2016
elapsed time: 2 seconds (0d 0h 0m 2s)

