#
# There is insufficient memory for the Java Runtime Environment to continue.
# Native memory allocation (malloc) failed to allocate 32784 bytes for Chunk::new
# Possible reasons:
#   The system is out of physical RAM or swap space
#   In 32 bit mode, the process size limit was hit
# Possible solutions:
#   Reduce memory load on the system
#   Increase physical memory or swap space
#   Check if swap backing store is full
#   Use 64 bit Java on a 64 bit OS
#   Decrease Java heap size (-Xmx/-Xms)
#   Decrease number of Java threads
#   Decrease Java thread stack sizes (-Xss)
#   Set larger code cache with -XX:ReservedCodeCacheSize=
# This output file may be truncated or incomplete.
#
#  Out of Memory Error (allocation.cpp:390), pid=2996, tid=6500
#
# JRE version: Java(TM) SE Runtime Environment (8.0_65-b17) (build 1.8.0_65-b17)
# Java VM: Java HotSpot(TM) 64-Bit Server VM (25.65-b01 mixed mode windows-amd64 compressed oops)
# Failed to write core dump. Minidumps are not enabled by default on client versions of Windows
#

---------------  T H R E A D  ---------------

Current thread (0x0000000014890000):  JavaThread "C2 CompilerThread0" daemon [_thread_in_native, id=6500, stack(0x0000000015f10000,0x0000000016010000)]

Stack: [0x0000000015f10000,0x0000000016010000]
[error occurred during error reporting (printing stack bounds), id 0xc0000005]

Native frames: (J=compiled Java code, j=interpreted, Vv=VM code, C=native code)


Current CompileTask:
C2:   2713 1195       4       com.android.dx.ssa.SCCP::simulateStmt (481 bytes)


---------------  P R O C E S S  ---------------

Java Threads: ( => current thread )
  0x0000000016384000 JavaThread "pool-1-thread-4" [_thread_in_Java, id=5084, stack(0x0000000016c10000,0x0000000016d10000)]
  0x000000001637f000 JavaThread "pool-1-thread-3" [_thread_blocked, id=4804, stack(0x0000000016b10000,0x0000000016c10000)]
  0x0000000016374000 JavaThread "pool-1-thread-2" [_thread_in_vm, id=7220, stack(0x0000000016a10000,0x0000000016b10000)]
  0x000000001636c000 JavaThread "pool-2-thread-1" [_thread_blocked, id=548, stack(0x0000000016910000,0x0000000016a10000)]
  0x000000001633f000 JavaThread "pool-1-thread-1" [_thread_in_vm, id=6864, stack(0x0000000016810000,0x0000000016910000)]
  0x0000000016216000 JavaThread "Service Thread" daemon [_thread_blocked, id=6284, stack(0x0000000016610000,0x0000000016710000)]
  0x00000000148ee000 JavaThread "C1 CompilerThread2" daemon [_thread_blocked, id=8156, stack(0x0000000016110000,0x0000000016210000)]
  0x00000000148e3800 JavaThread "C2 CompilerThread1" daemon [_thread_blocked, id=7524, stack(0x0000000016010000,0x0000000016110000)]
=>0x0000000014890000 JavaThread "C2 CompilerThread0" daemon [_thread_in_native, id=6500, stack(0x0000000015f10000,0x0000000016010000)]
  0x000000001488d800 JavaThread "Attach Listener" daemon [_thread_blocked, id=5800, stack(0x0000000015e10000,0x0000000015f10000)]
  0x000000001488a800 JavaThread "Signal Dispatcher" daemon [_thread_blocked, id=4132, stack(0x0000000015d10000,0x0000000015e10000)]
  0x0000000002190800 JavaThread "Finalizer" daemon [_thread_blocked, id=3468, stack(0x0000000015b00000,0x0000000015c00000)]
  0x000000000218d000 JavaThread "Reference Handler" daemon [_thread_blocked, id=3064, stack(0x0000000015a00000,0x0000000015b00000)]
  0x00000000020a0800 JavaThread "main" [_thread_blocked, id=3744, stack(0x0000000001fa0000,0x00000000020a0000)]

Other Threads:
  0x0000000014858000 VMThread [stack: 0x0000000015900000,0x0000000015a00000] [id=688]
  0x0000000016219000 WatcherThread [stack: 0x0000000016710000,0x0000000016810000] [id=2600]

VM state:synchronizing (normal execution)

VM Mutex/Monitor currently owned by a thread:  ([mutex/lock_event])
[0x000000000044c3b0] Safepoint_lock - owner thread: 0x0000000014858000
[0x000000000044c430] Threads_lock - owner thread: 0x0000000014858000
[0x000000000044bfb0] Heap_lock - owner thread: 0x0000000016374000

Heap:
 PSYoungGen      total 18944K, used 18922K [0x00000000eab00000, 0x00000000ec000000, 0x0000000100000000)
  eden space 16384K, 100% used [0x00000000eab00000,0x00000000ebb00000,0x00000000ebb00000)
  from space 2560K, 99% used [0x00000000ebb00000,0x00000000ebd7aa90,0x00000000ebd80000)
  to   space 2560K, 0% used [0x00000000ebd80000,0x00000000ebd80000,0x00000000ec000000)
 ParOldGen       total 44032K, used 2113K [0x00000000c0000000, 0x00000000c2b00000, 0x00000000eab00000)
  object space 44032K, 4% used [0x00000000c0000000,0x00000000c0210420,0x00000000c2b00000)
 Metaspace       used 5902K, capacity 6960K, committed 7040K, reserved 1056768K
  class space    used 591K, capacity 616K, committed 640K, reserved 1048576K

Card table byte_map: [0x0000000011560000,0x0000000011770000] byte_map_base: 0x0000000010f60000

Marking Bits: (ParMarkBitMap*) 0x000000006dc5a5b0
 Begin Bits: [0x0000000011cd0000, 0x0000000012cd0000)
 End Bits:   [0x0000000012cd0000, 0x0000000013cd0000)

Polling page: 0x0000000000450000

CodeCache: size=245760Kb used=4852Kb max_used=4852Kb free=240907Kb
 bounds [0x00000000021a0000, 0x0000000002670000, 0x00000000111a0000]
 total_blobs=1469 nmethods=1200 adapters=182
 compilation: enabled

Compilation events (10 events):
Event: 2.686 Thread 0x00000000148ee000 1209       3       com.android.dx.cf.code.Simulator$SimVisitor::visitNoArgs (2108 bytes)
Event: 2.697 Thread 0x00000000148ee000 nmethod 1209 0x0000000002644a10 code [0x0000000002645900, 0x0000000002651508]
Event: 2.697 Thread 0x00000000148ee000 1211       3       com.android.dx.ssa.DomFront::run (264 bytes)
Event: 2.701 Thread 0x00000000148ee000 nmethod 1211 0x0000000002657910 code [0x0000000002657e80, 0x000000000265b4e8]
Event: 2.701 Thread 0x00000000148ee000 1210       3       com.android.dx.ssa.DomFront::<init> (60 bytes)
Event: 2.702 Thread 0x00000000148ee000 nmethod 1210 0x000000000265d390 code [0x000000000265d520, 0x000000000265db70]
Event: 2.702 Thread 0x00000000148ee000 1213       3       com.android.dx.rop.type.Prototype::compareTo (120 bytes)
Event: 2.702 Thread 0x00000000148ee000 nmethod 1213 0x000000000265de50 code [0x000000000265e060, 0x000000000265eef8]
Event: 2.702 Thread 0x00000000148ee000 1212       3       com.android.dx.cf.code.Frame::mergeWith (80 bytes)
Event: 2.703 Thread 0x00000000148ee000 nmethod 1212 0x000000000265f610 code [0x000000000265f840, 0x0000000002660828]

GC Heap History (2 events):
Event: 2.230 GC heap before
{Heap before GC invocations=1 (full 0):
 PSYoungGen      total 18944K, used 16384K [0x00000000eab00000, 0x00000000ec000000, 0x0000000100000000)
  eden space 16384K, 100% used [0x00000000eab00000,0x00000000ebb00000,0x00000000ebb00000)
  from space 2560K, 0% used [0x00000000ebd80000,0x00000000ebd80000,0x00000000ec000000)
  to   space 2560K, 0% used [0x00000000ebb00000,0x00000000ebb00000,0x00000000ebd80000)
 ParOldGen       total 44032K, used 0K [0x00000000c0000000, 0x00000000c2b00000, 0x00000000eab00000)
  object space 44032K, 0% used [0x00000000c0000000,0x00000000c0000000,0x00000000c2b00000)
 Metaspace       used 5691K, capacity 6768K, committed 7040K, reserved 1056768K
  class space    used 591K, capacity 616K, committed 640K, reserved 1048576K
Event: 2.276 GC heap after
Heap after GC invocations=1 (full 0):
 PSYoungGen      total 18944K, used 2538K [0x00000000eab00000, 0x00000000ec000000, 0x0000000100000000)
  eden space 16384K, 0% used [0x00000000eab00000,0x00000000eab00000,0x00000000ebb00000)
  from space 2560K, 99% used [0x00000000ebb00000,0x00000000ebd7aa90,0x00000000ebd80000)
  to   space 2560K, 0% used [0x00000000ebd80000,0x00000000ebd80000,0x00000000ec000000)
 ParOldGen       total 44032K, used 2113K [0x00000000c0000000, 0x00000000c2b00000, 0x00000000eab00000)
  object space 44032K, 4% used [0x00000000c0000000,0x00000000c0210420,0x00000000c2b00000)
 Metaspace       used 5691K, capacity 6768K, committed 7040K, reserved 1056768K
  class space    used 591K, capacity 616K, committed 640K, reserved 1048576K
}

Deoptimization events (10 events):
Event: 2.182 Thread 0x0000000016384000 Uncommon trap: reason=class_check action=maybe_recompile pc=0x0000000002457ad4 method=com.android.dx.ssa.NormalSsaInsn.accept(Lcom/android/dx/ssa/SsaInsn$Visitor;)V @ 9
Event: 2.182 Thread 0x0000000016384000 Uncommon trap: reason=class_check action=maybe_recompile pc=0x0000000002418eb0 method=com.android.dx.ssa.NormalSsaInsn.accept(Lcom/android/dx/ssa/SsaInsn$Visitor;)V @ 9
Event: 2.182 Thread 0x0000000016384000 Uncommon trap: reason=class_check action=maybe_recompile pc=0x0000000002418eb0 method=com.android.dx.ssa.NormalSsaInsn.accept(Lcom/android/dx/ssa/SsaInsn$Visitor;)V @ 9
Event: 2.182 Thread 0x0000000016384000 Uncommon trap: reason=class_check action=maybe_recompile pc=0x0000000002418eb0 method=com.android.dx.ssa.NormalSsaInsn.accept(Lcom/android/dx/ssa/SsaInsn$Visitor;)V @ 9
Event: 2.191 Thread 0x00000000020a0800 Uncommon trap: reason=class_check action=maybe_recompile pc=0x0000000002497cd0 method=com.android.dx.rop.type.Type.equals(Ljava/lang/Object;)Z @ 8
Event: 2.191 Thread 0x00000000020a0800 Uncommon trap: reason=class_check action=maybe_recompile pc=0x0000000002497cd0 method=com.android.dx.rop.type.Type.equals(Ljava/lang/Object;)Z @ 8
Event: 2.192 Thread 0x00000000020a0800 Uncommon trap: reason=class_check action=maybe_recompile pc=0x0000000002497cd0 method=com.android.dx.rop.type.Type.equals(Ljava/lang/Object;)Z @ 8
Event: 2.193 Thread 0x00000000020a0800 Uncommon trap: reason=class_check action=maybe_recompile pc=0x0000000002497cd0 method=com.android.dx.rop.type.Type.equals(Ljava/lang/Object;)Z @ 8
Event: 2.200 Thread 0x0000000016374000 Uncommon trap: reason=unstable_if action=reinterpret pc=0x0000000002459cc4 method=java.util.HashMap.getNode(ILjava/lang/Object;)Ljava/util/HashMap$Node; @ 62
Event: 2.215 Thread 0x000000001633f000 Uncommon trap: reason=class_check action=maybe_recompile pc=0x0000000002457ad4 method=com.android.dx.ssa.NormalSsaInsn.accept(Lcom/android/dx/ssa/SsaInsn$Visitor;)V @ 9

Internal exceptions (2 events):
Event: 0.808 Thread 0x00000000020a0800 Exception <a 'java/lang/NoSuchMethodError': Method sun.misc.Unsafe.defineClass(Ljava/lang/String;[BII)Ljava/lang/Class; name or signature does not match> (0x00000000eab0d750) thrown at [C:\workspace\8-2-build-windows-amd64-cygwin\jdk8u65\4987\hotspot\src\sÆ†·vîÚé?
Event: 0.808 Thread 0x00000000020a0800 Exception <a 'java/lang/NoSuchMethodError': Method sun.misc.Unsafe.prefetchRead(Ljava/lang/Object;J)V name or signature does not match> (0x00000000eab0da38) thrown at [C:\workspace\8-2-build-windows-amd64-cygwin\jdk8u65\4987\hotspot\src\share\vm\prims\jni.

Events (10 events):
Event: 2.276 Executing VM operation: ParallelGCFailedAllocation done
Event: 2.305 loading class java/util/DualPivotQuicksort
Event: 2.305 loading class java/util/DualPivotQuicksort done
Event: 2.541 Thread 0x000000001637f000 DEOPT PACKING pc=0x00000000023c68d7 sp=0x0000000016c0e660
Event: 2.541 Thread 0x000000001637f000 DEOPT UNPACKING pc=0x00000000021e787f sp=0x0000000016c0e440 mode 0
Event: 2.582 Executing VM operation: ForceSafepoint
Event: 2.600 Executing VM operation: ForceSafepoint done
Event: 2.650 Thread 0x0000000016374000 DEOPT PACKING pc=0x000000000252f8bc sp=0x0000000016b0ec60
Event: 2.650 Thread 0x0000000016374000 DEOPT UNPACKING pc=0x00000000021e787f sp=0x0000000016b0ea28 mode 0
Event: 2.704 Executing VM operation: ParallelGCFailedAllocation


Dynamic libraries:
0x00007ff788ce0000 - 0x00007ff788d17000 	C:\Program Files\Java\jdk1.8.0_65\bin\java.exe
0x00007ffc1d5e0000 - 0x00007ffc1d7a1000 	C:\Windows\SYSTEM32\ntdll.dll
0x00007ffc1b370000 - 0x00007ffc1b41d000 	C:\Windows\system32\KERNEL32.DLL
0x00007ffc19d20000 - 0x00007ffc19f08000 	C:\Windows\system32\KERNELBASE.dll
0x00007ffc18190000 - 0x00007ffc18209000 	C:\Windows\system32\apphelp.dll
0x00007ffc1ac00000 - 0x00007ffc1aca7000 	C:\Windows\system32\ADVAPI32.dll
0x00007ffc1cff0000 - 0x00007ffc1d08d000 	C:\Windows\system32\msvcrt.dll
0x00007ffc1b240000 - 0x00007ffc1b29b000 	C:\Windows\system32\sechost.dll
0x00007ffc1b6a0000 - 0x00007ffc1b7bc000 	C:\Windows\system32\RPCRT4.dll
0x00007ffc1acb0000 - 0x00007ffc1ae06000 	C:\Windows\system32\USER32.dll
0x00007ffc1aa00000 - 0x00007ffc1ab86000 	C:\Windows\system32\GDI32.dll
0x00007ffc0c950000 - 0x00007ffc0cbc4000 	C:\Windows\WinSxS\amd64_microsoft.windows.common-controls_6595b64144ccf1df_6.0.10586.0_none_8c15ae12515e1c22\COMCTL32.dll
0x00007ffc1b420000 - 0x00007ffc1b69d000 	C:\Windows\system32\combase.dll
0x00007ffc1a150000 - 0x00007ffc1a1ba000 	C:\Windows\system32\bcryptPrimitives.dll
0x00007ffc1d210000 - 0x00007ffc1d24b000 	C:\Windows\system32\IMM32.DLL
0x000000006cfd0000 - 0x000000006d0a2000 	C:\Program Files\Java\jdk1.8.0_65\jre\bin\msvcr100.dll
0x000000006d450000 - 0x000000006dcd9000 	C:\Program Files\Java\jdk1.8.0_65\jre\bin\server\jvm.dll
0x00007ffc1d3a0000 - 0x00007ffc1d3a8000 	C:\Windows\system32\PSAPI.DLL
0x00007ffc02230000 - 0x00007ffc02239000 	C:\Windows\SYSTEM32\WSOCK32.dll
0x00007ffc1d090000 - 0x00007ffc1d0fb000 	C:\Windows\system32\WS2_32.dll
0x00007ffc180a0000 - 0x00007ffc180c3000 	C:\Windows\SYSTEM32\WINMM.dll
0x00007ffc0e190000 - 0x00007ffc0e19a000 	C:\Windows\SYSTEM32\VERSION.dll
0x0000000001f70000 - 0x0000000001f9c000 	C:\Windows\SYSTEM32\WINMMBASE.dll
0x00007ffc1a100000 - 0x00007ffc1a143000 	C:\Windows\system32\cfgmgr32.dll
0x000000006d440000 - 0x000000006d44f000 	C:\Program Files\Java\jdk1.8.0_65\jre\bin\verify.dll
0x000000006d410000 - 0x000000006d439000 	C:\Program Files\Java\jdk1.8.0_65\jre\bin\java.dll
0x000000006d3f0000 - 0x000000006d406000 	C:\Program Files\Java\jdk1.8.0_65\jre\bin\zip.dll
0x00007ffc1b980000 - 0x00007ffc1cedf000 	C:\Windows\system32\SHELL32.dll
0x00007ffc1a2d0000 - 0x00007ffc1a914000 	C:\Windows\system32\windows.storage.dll
0x00007ffc1d3c0000 - 0x00007ffc1d412000 	C:\Windows\system32\shlwapi.dll
0x00007ffc19c80000 - 0x00007ffc19c8f000 	C:\Windows\system32\kernel.appcore.dll
0x00007ffc1a920000 - 0x00007ffc1a9d5000 	C:\Windows\system32\shcore.dll
0x00007ffc19c30000 - 0x00007ffc19c7b000 	C:\Windows\system32\powrprof.dll
0x00007ffc19c10000 - 0x00007ffc19c24000 	C:\Windows\system32\profapi.dll

VM Arguments:
jvm_args: -Djava.awt.headless=true -Xmx1024M -Dfile.encoding=windows-1252 -Duser.country=US -Duser.language=en -Duser.variant 
java_command: com.android.dx.command.Main --dex --force-jumbo --num-threads=4 --output F:\Android Tools\My AndroWork\MapMyDay\app\build\intermediates\pre-dexed\debug\picasso-2.5.0_c50a6d023b7338caf93b15136a94ed23ac7babe6.jar C:\Users\Fahim Al Mahmud\.gradle\caches\modules-2\files-2.1\com.squareup.picasso\picasso\2.5.0\7ff0e000d1e27e356567f56c92af3b8ab912636f\picasso-2.5.0.jar
java_class_path (initial): F:\sdk\build-tools\23.0.1\lib\dx.jar
Launcher Type: SUN_STANDARD

Environment Variables:
PATH=C:\ProgramData\Oracle\Java\javapath;C:\Windows\system32;C:\Windows;C:\Windows\System32\Wbem;C:\Windows\System32\WindowsPowerShell\v1.0\;C:\Program Files (x86)\Intel\OpenCL SDK\2.0\bin\x86;C:\Program Files (x86)\Intel\OpenCL SDK\2.0\bin\x64;C:\Program Files\Microsoft\Web Platform Installer\;C:\Program Files (x86)\Microsoft ASP.NET\ASP.NET Web Pages\v1.0\;C:\Program Files (x86)\Windows Kits\8.0\Windows Performance Toolkit\;C:\Program Files\Microsoft SQL Server\110\Tools\Binn\;C:\VisualStudio & OpenCv\opencv\build\x64\vc11\bin\;C:\Program Files (x86)\Common Files\lenovo\easyplussdk\bin;C:\Modeltech_pe_edu_10.4a\win32pe_edu
USERNAME=Fahim Al Mahmud
OS=Windows_NT
PROCESSOR_IDENTIFIER=Intel64 Family 6 Model 58 Stepping 9, GenuineIntel



---------------  S Y S T E M  ---------------

OS: Windows 10.0 , 64 bit Build 10586 (10.0.10586.0)

CPU:total 4 (2 cores per cpu, 2 threads per core) family 6 model 58 stepping 9, cmov, cx8, fxsr, mmx, sse, sse2, sse3, ssse3, sse4.1, sse4.2, popcnt, avx, aes, clmul, erms, ht, tsc, tscinvbit, tscinv

Memory: 4k page, physical 4087096k(518084k free), swap 5250600k(5120k free)

vm_info: Java HotSpot(TM) 64-Bit Server VM (25.65-b01) for windows-amd64 JRE (1.8.0_65-b17), built on Oct  6 2015 16:39:20 by "java_re" with MS VC++ 10.0 (VS2010)

time: Mon Jun 13 11:34:30 2016
elapsed time: 2 seconds (0d 0h 0m 2s)

