#
# There is insufficient memory for the Java Runtime Environment to continue.
# Native memory allocation (malloc) failed to allocate 1915216 bytes for Chunk::new
# Possible reasons:
#   The system is out of physical RAM or swap space
#   In 32 bit mode, the process size limit was hit
# Possible solutions:
#   Reduce memory load on the system
#   Increase physical memory or swap space
#   Check if swap backing store is full
#   Use 64 bit Java on a 64 bit OS
#   Decrease Java heap size (-Xmx/-Xms)
#   Decrease number of Java threads
#   Decrease Java thread stack sizes (-Xss)
#   Set larger code cache with -XX:ReservedCodeCacheSize=
# This output file may be truncated or incomplete.
#
#  Out of Memory Error (allocation.cpp:390), pid=4688, tid=6464
#
# JRE version: Java(TM) SE Runtime Environment (8.0_65-b17) (build 1.8.0_65-b17)
# Java VM: Java HotSpot(TM) 64-Bit Server VM (25.65-b01 mixed mode windows-amd64 compressed oops)
# Failed to write core dump. Minidumps are not enabled by default on client versions of Windows
#

---------------  T H R E A D  ---------------

Current thread (0x000000001490f800):  JavaThread "C2 CompilerThread0" daemon [_thread_in_native, id=6464, stack(0x0000000015f50000,0x0000000016050000)]

Stack: [0x0000000015f50000,0x0000000016050000]
[error occurred during error reporting (printing stack bounds), id 0xc0000005]

Native frames: (J=compiled Java code, j=interpreted, Vv=VM code, C=native code)


Current CompileTask:
C2:   7447 2004   !   4       com.android.dx.cf.code.BytecodeArray::parseInstruction (2764 bytes)


---------------  P R O C E S S  ---------------

Java Threads: ( => current thread )
  0x00000000164b9000 JavaThread "pool-2-thread-4" [_thread_in_Java, id=10052, stack(0x0000000016c50000,0x0000000016d50000)]
  0x00000000164b6800 JavaThread "pool-2-thread-3" [_thread_in_Java, id=2576, stack(0x0000000016b50000,0x0000000016c50000)]
  0x00000000164b5000 JavaThread "pool-2-thread-2" [_thread_in_Java, id=6932, stack(0x0000000016a50000,0x0000000016b50000)]
  0x00000000164b0800 JavaThread "pool-3-thread-1" [_thread_blocked, id=4392, stack(0x0000000016950000,0x0000000016a50000)]
  0x00000000164ad000 JavaThread "pool-2-thread-1" [_thread_blocked, id=1496, stack(0x0000000016850000,0x0000000016950000)]
  0x0000000016257000 JavaThread "Service Thread" daemon [_thread_blocked, id=7596, stack(0x0000000016650000,0x0000000016750000)]
  0x000000001496a800 JavaThread "C1 CompilerThread2" daemon [_thread_blocked, id=9576, stack(0x0000000016150000,0x0000000016250000)]
  0x0000000014911800 JavaThread "C2 CompilerThread1" daemon [_thread_in_native, id=5288, stack(0x0000000016050000,0x0000000016150000)]
=>0x000000001490f800 JavaThread "C2 CompilerThread0" daemon [_thread_in_native, id=6464, stack(0x0000000015f50000,0x0000000016050000)]
  0x000000001490c800 JavaThread "Attach Listener" daemon [_thread_blocked, id=10168, stack(0x0000000015e50000,0x0000000015f50000)]
  0x000000001490b800 JavaThread "Signal Dispatcher" daemon [_thread_blocked, id=2768, stack(0x0000000015d50000,0x0000000015e50000)]
  0x0000000002236000 JavaThread "Finalizer" daemon [_thread_blocked, id=6544, stack(0x0000000015b70000,0x0000000015c70000)]
  0x000000000222d000 JavaThread "Reference Handler" daemon [_thread_blocked, id=1448, stack(0x0000000015a70000,0x0000000015b70000)]
  0x0000000002140800 JavaThread "main" [_thread_in_Java, id=8264, stack(0x0000000001ed0000,0x0000000001fd0000)]

Other Threads:
  0x00000000148d8000 VMThread [stack: 0x0000000015970000,0x0000000015a70000] [id=4188]
  0x0000000016273000 WatcherThread [stack: 0x0000000016750000,0x0000000016850000] [id=2736]

VM state:not at safepoint (normal execution)

VM Mutex/Monitor currently owned by a thread: None

Heap:
 PSYoungGen      total 144384K, used 66323K [0x00000000eab00000, 0x00000000fda00000, 0x0000000100000000)
  eden space 129024K, 43% used [0x00000000eab00000,0x00000000ee24f518,0x00000000f2900000)
  from space 15360K, 63% used [0x00000000f2900000,0x00000000f3275aa0,0x00000000f3800000)
  to   space 26112K, 0% used [0x00000000fc080000,0x00000000fc080000,0x00000000fda00000)
 ParOldGen       total 44032K, used 43814K [0x00000000c0000000, 0x00000000c2b00000, 0x00000000eab00000)
  object space 44032K, 99% used [0x00000000c0000000,0x00000000c2ac9870,0x00000000c2b00000)
 Metaspace       used 6408K, capacity 7256K, committed 7424K, reserved 1056768K
  class space    used 616K, capacity 656K, committed 768K, reserved 1048576K

Card table byte_map: [0x0000000011600000,0x0000000011810000] byte_map_base: 0x0000000011000000

Marking Bits: (ParMarkBitMap*) 0x000000005d94a5b0
 Begin Bits: [0x0000000011d70000, 0x0000000012d70000)
 End Bits:   [0x0000000012d70000, 0x0000000013d70000)

Polling page: 0x0000000000510000

CodeCache: size=245760Kb used=8690Kb max_used=8699Kb free=237070Kb
 bounds [0x0000000002240000, 0x0000000002ad0000, 0x0000000011240000]
 total_blobs=2255 nmethods=1985 adapters=182
 compilation: enabled

Compilation events (10 events):
Event: 7.149 Thread 0x000000001496a800 nmethod 2038 0x0000000002a80f10 code [0x0000000002a810e0, 0x0000000002a81658]
Event: 7.158 Thread 0x000000001496a800 2039       2       com.android.dx.rop.cst.CstFloat::make (9 bytes)
Event: 7.158 Thread 0x000000001496a800 nmethod 2039 0x0000000002a988d0 code [0x0000000002a98a20, 0x0000000002a98bb0]
Event: 7.159 Thread 0x000000001496a800 2040       2       com.android.dx.cf.code.BytecodeArray$ConstantParserVisitor::visitConstant (18 bytes)
Event: 7.159 Thread 0x000000001496a800 nmethod 2040 0x0000000002a98590 code [0x0000000002a986e0, 0x0000000002a98850]
Event: 7.171 Thread 0x000000001496a800 2042       2       java.util.concurrent.locks.AbstractQueuedSynchronizer$ConditionObject::await (98 bytes)
Event: 7.172 Thread 0x000000001496a800 nmethod 2042 0x0000000002a97650 code [0x0000000002a97860, 0x0000000002a97f48]
Event: 7.172 Thread 0x000000001496a800 2043       2       com.android.dx.rop.code.Rops::opSub (29 bytes)
Event: 7.172 Thread 0x000000001496a800 nmethod 2043 0x0000000002a97290 code [0x0000000002a97400, 0x0000000002a975a8]
Event: 7.287 Thread 0x000000001496a800 2045       2       com.android.dx.rop.annotation.AnnotationsList::set (11 bytes)

GC Heap History (10 events):
Event: 3.700 GC heap before
{Heap before GC invocations=4 (full 0):
 PSYoungGen      total 35328K, used 35296K [0x00000000eab00000, 0x00000000ef000000, 0x0000000100000000)
  eden space 32768K, 100% used [0x00000000eab00000,0x00000000ecb00000,0x00000000ecb00000)
  from space 2560K, 98% used [0x00000000ecb00000,0x00000000ecd78010,0x00000000ecd80000)
  to   space 2560K, 0% used [0x00000000eed80000,0x00000000eed80000,0x00000000ef000000)
 ParOldGen       total 44032K, used 9111K [0x00000000c0000000, 0x00000000c2b00000, 0x00000000eab00000)
  object space 44032K, 20% used [0x00000000c0000000,0x00000000c08e5e58,0x00000000c2b00000)
 Metaspace       used 6153K, capacity 7152K, committed 7296K, reserved 1056768K
  class space    used 595K, capacity 616K, committed 640K, reserved 1048576K
Event: 3.947 GC heap after
Heap after GC invocations=4 (full 0):
 PSYoungGen      total 68096K, used 2544K [0x00000000eab00000, 0x00000000ef000000, 0x0000000100000000)
  eden space 65536K, 0% used [0x00000000eab00000,0x00000000eab00000,0x00000000eeb00000)
  from space 2560K, 99% used [0x00000000eed80000,0x00000000eeffc398,0x00000000ef000000)
  to   space 2560K, 0% used [0x00000000eeb00000,0x00000000eeb00000,0x00000000eed80000)
 ParOldGen       total 44032K, used 14533K [0x00000000c0000000, 0x00000000c2b00000, 0x00000000eab00000)
  object space 44032K, 33% used [0x00000000c0000000,0x00000000c0e31730,0x00000000c2b00000)
 Metaspace       used 6153K, capacity 7152K, committed 7296K, reserved 1056768K
  class space    used 595K, capacity 616K, committed 640K, reserved 1048576K
}
Event: 4.975 GC heap before
{Heap before GC invocations=5 (full 0):
 PSYoungGen      total 68096K, used 68080K [0x00000000eab00000, 0x00000000ef000000, 0x0000000100000000)
  eden space 65536K, 100% used [0x00000000eab00000,0x00000000eeb00000,0x00000000eeb00000)
  from space 2560K, 99% used [0x00000000eed80000,0x00000000eeffc398,0x00000000ef000000)
  to   space 2560K, 0% used [0x00000000eeb00000,0x00000000eeb00000,0x00000000eed80000)
 ParOldGen       total 44032K, used 14533K [0x00000000c0000000, 0x00000000c2b00000, 0x00000000eab00000)
  object space 44032K, 33% used [0x00000000c0000000,0x00000000c0e31730,0x00000000c2b00000)
 Metaspace       used 6279K, capacity 7152K, committed 7296K, reserved 1056768K
  class space    used 595K, capacity 616K, committed 640K, reserved 1048576K
Event: 5.016 GC heap after
Heap after GC invocations=5 (full 0):
 PSYoungGen      total 68096K, used 2554K [0x00000000eab00000, 0x00000000f4500000, 0x0000000100000000)
  eden space 65536K, 0% used [0x00000000eab00000,0x00000000eab00000,0x00000000eeb00000)
  from space 2560K, 99% used [0x00000000eeb00000,0x00000000eed7e960,0x00000000eed80000)
  to   space 13312K, 0% used [0x00000000f3800000,0x00000000f3800000,0x00000000f4500000)
 ParOldGen       total 44032K, used 25151K [0x00000000c0000000, 0x00000000c2b00000, 0x00000000eab00000)
  object space 44032K, 57% used [0x00000000c0000000,0x00000000c188fe70,0x00000000c2b00000)
 Metaspace       used 6279K, capacity 7152K, committed 7296K, reserved 1056768K
  class space    used 595K, capacity 616K, committed 640K, reserved 1048576K
}
Event: 5.587 GC heap before
{Heap before GC invocations=6 (full 0):
 PSYoungGen      total 68096K, used 68090K [0x00000000eab00000, 0x00000000f4500000, 0x0000000100000000)
  eden space 65536K, 100% used [0x00000000eab00000,0x00000000eeb00000,0x00000000eeb00000)
  from space 2560K, 99% used [0x00000000eeb00000,0x00000000eed7e960,0x00000000eed80000)
  to   space 13312K, 0% used [0x00000000f3800000,0x00000000f3800000,0x00000000f4500000)
 ParOldGen       total 44032K, used 25151K [0x00000000c0000000, 0x00000000c2b00000, 0x00000000eab00000)
  object space 44032K, 57% used [0x00000000c0000000,0x00000000c188fe70,0x00000000c2b00000)
 Metaspace       used 6285K, capacity 7216K, committed 7296K, reserved 1056768K
  class space    used 595K, capacity 616K, committed 640K, reserved 1048576K
Event: 5.652 GC heap after
Heap after GC invocations=6 (full 0):
 PSYoungGen      total 142336K, used 12738K [0x00000000eab00000, 0x00000000f4900000, 0x0000000100000000)
  eden space 129024K, 0% used [0x00000000eab00000,0x00000000eab00000,0x00000000f2900000)
  from space 13312K, 95% used [0x00000000f3800000,0x00000000f4470868,0x00000000f4500000)
  to   space 15360K, 0% used [0x00000000f2900000,0x00000000f2900000,0x00000000f3800000)
 ParOldGen       total 44032K, used 25151K [0x00000000c0000000, 0x00000000c2b00000, 0x00000000eab00000)
  object space 44032K, 57% used [0x00000000c0000000,0x00000000c188fe70,0x00000000c2b00000)
 Metaspace       used 6285K, capacity 7216K, committed 7296K, reserved 1056768K
  class space    used 595K, capacity 616K, committed 640K, reserved 1048576K
}
Event: 6.474 GC heap before
{Heap before GC invocations=7 (full 0):
 PSYoungGen      total 142336K, used 141762K [0x00000000eab00000, 0x00000000f4900000, 0x0000000100000000)
  eden space 129024K, 100% used [0x00000000eab00000,0x00000000f2900000,0x00000000f2900000)
  from space 13312K, 95% used [0x00000000f3800000,0x00000000f4470868,0x00000000f4500000)
  to   space 15360K, 0% used [0x00000000f2900000,0x00000000f2900000,0x00000000f3800000)
 ParOldGen       total 44032K, used 25151K [0x00000000c0000000, 0x00000000c2b00000, 0x00000000eab00000)
  object space 44032K, 57% used [0x00000000c0000000,0x00000000c188fe70,0x00000000c2b00000)
 Metaspace       used 6399K, capacity 7256K, committed 7424K, reserved 1056768K
  class space    used 616K, capacity 656K, committed 768K, reserved 1048576K
Event: 6.570 GC heap after
Heap after GC invocations=7 (full 0):
 PSYoungGen      total 144384K, used 15355K [0x00000000eab00000, 0x00000000fda00000, 0x0000000100000000)
  eden space 129024K, 0% used [0x00000000eab00000,0x00000000eab00000,0x00000000f2900000)
  from space 15360K, 99% used [0x00000000f2900000,0x00000000f37fedc0,0x00000000f3800000)
  to   space 26112K, 0% used [0x00000000fc080000,0x00000000fc080000,0x00000000fda00000)
 ParOldGen       total 44032K, used 41270K [0x00000000c0000000, 0x00000000c2b00000, 0x00000000eab00000)
  object space 44032K, 93% used [0x00000000c0000000,0x00000000c284d8c8,0x00000000c2b00000)
 Metaspace       used 6399K, capacity 7256K, committed 7424K, reserved 1056768K
  class space    used 616K, capacity 656K, committed 768K, reserved 1048576K
}
Event: 6.570 GC heap before
{Heap before GC invocations=8 (full 1):
 PSYoungGen      total 144384K, used 15355K [0x00000000eab00000, 0x00000000fda00000, 0x0000000100000000)
  eden space 129024K, 0% used [0x00000000eab00000,0x00000000eab00000,0x00000000f2900000)
  from space 15360K, 99% used [0x00000000f2900000,0x00000000f37fedc0,0x00000000f3800000)
  to   space 26112K, 0% used [0x00000000fc080000,0x00000000fc080000,0x00000000fda00000)
 ParOldGen       total 44032K, used 41270K [0x00000000c0000000, 0x00000000c2b00000, 0x00000000eab00000)
  object space 44032K, 93% used [0x00000000c0000000,0x00000000c284d8c8,0x00000000c2b00000)
 Metaspace       used 6399K, capacity 7256K, committed 7424K, reserved 1056768K
  class space    used 616K, capacity 656K, committed 768K, reserved 1048576K
Event: 7.075 GC heap after
Heap after GC invocations=8 (full 1):
 PSYoungGen      total 144384K, used 9686K [0x00000000eab00000, 0x00000000fda00000, 0x0000000100000000)
  eden space 129024K, 0% used [0x00000000eab00000,0x00000000eab00000,0x00000000f2900000)
  from space 15360K, 63% used [0x00000000f2900000,0x00000000f3275aa0,0x00000000f3800000)
  to   space 26112K, 0% used [0x00000000fc080000,0x00000000fc080000,0x00000000fda00000)
 ParOldGen       total 44032K, used 43814K [0x00000000c0000000, 0x00000000c2b00000, 0x00000000eab00000)
  object space 44032K, 99% used [0x00000000c0000000,0x00000000c2ac9870,0x00000000c2b00000)
 Metaspace       used 6399K, capacity 7256K, committed 7424K, reserved 1056768K
  class space    used 616K, capacity 656K, committed 768K, reserved 1048576K
}

Deoptimization events (10 events):
Event: 5.036 Thread 0x00000000164b5000 Uncommon trap: reason=class_check action=maybe_recompile pc=0x000000000273269c method=java.util.HashMap.putVal(ILjava/lang/Object;Ljava/lang/Object;ZZ)Ljava/lang/Object; @ 203
Event: 5.215 Thread 0x0000000002140800 Uncommon trap: reason=bimorphic action=maybe_recompile pc=0x00000000029daf54 method=com.android.dx.cf.code.BytecodeArray.parseInstruction(ILcom/android/dx/cf/code/BytecodeArray$Visitor;)I @ 923
Event: 5.215 Thread 0x0000000002140800 Uncommon trap: reason=bimorphic action=maybe_recompile pc=0x00000000029db538 method=com.android.dx.cf.code.BytecodeArray.parseInstruction(ILcom/android/dx/cf/code/BytecodeArray$Visitor;)I @ 1224
Event: 5.215 Thread 0x0000000002140800 Uncommon trap: reason=bimorphic action=maybe_recompile pc=0x00000000029daf54 method=com.android.dx.cf.code.BytecodeArray.parseInstruction(ILcom/android/dx/cf/code/BytecodeArray$Visitor;)I @ 923
Event: 5.249 Thread 0x0000000002140800 Uncommon trap: reason=bimorphic action=maybe_recompile pc=0x000000000262d1b4 method=java.util.HashMap.getNode(ILjava/lang/Object;)Ljava/util/HashMap$Node; @ 126
Event: 5.249 Thread 0x0000000002140800 Uncommon trap: reason=class_check action=maybe_recompile pc=0x000000000273269c method=java.util.HashMap.putVal(ILjava/lang/Object;Ljava/lang/Object;ZZ)Ljava/lang/Object; @ 203
Event: 6.077 Thread 0x00000000164b6800 Uncommon trap: reason=bimorphic action=maybe_recompile pc=0x0000000002a49b2c method=com.android.dx.cf.code.BytecodeArray.parseInstruction(ILcom/android/dx/cf/code/BytecodeArray$Visitor;)I @ 939
Event: 6.078 Thread 0x00000000164b6800 Uncommon trap: reason=bimorphic action=maybe_recompile pc=0x0000000002a49b2c method=com.android.dx.cf.code.BytecodeArray.parseInstruction(ILcom/android/dx/cf/code/BytecodeArray$Visitor;)I @ 939
Event: 6.221 Thread 0x00000000164b9000 Uncommon trap: reason=unstable_if action=reinterpret pc=0x000000000254eab4 method=java.util.HashMap.putVal(ILjava/lang/Object;Ljava/lang/Object;ZZ)Ljava/lang/Object; @ 162
Event: 6.394 Thread 0x00000000164ad000 Uncommon trap: reason=unstable_if action=reinterpret pc=0x0000000002a3ee84 method=java.util.HashMap.putVal(ILjava/lang/Object;Ljava/lang/Object;ZZ)Ljava/lang/Object; @ 94

Internal exceptions (9 events):
Event: 0.062 Thread 0x0000000002140800 Exception <a 'java/lang/NoSuchMethodError': Method sun.misc.Unsafe.defineClass(Ljava/lang/String;[BII)Ljava/lang/Class; name or signature does not match> (0x00000000eab0d610) thrown at [C:\workspace\8-2-build-windows-amd64-cygwin\jdk8u65\4987\hotspot\src\sÄüQAæ ¯?
Event: 0.062 Thread 0x0000000002140800 Exception <a 'java/lang/NoSuchMethodError': Method sun.misc.Unsafe.prefetchRead(Ljava/lang/Object;J)V name or signature does not match> (0x00000000eab0d8f8) thrown at [C:\workspace\8-2-build-windows-amd64-cygwin\jdk8u65\4987\hotspot\src\share\vm\prims\jni.
Event: 1.482 Thread 0x00000000164b5000 Implicit null exception at 0x000000000253ed31 to 0x0000000002540b99
Event: 3.504 Thread 0x00000000164b5000 Implicit null exception at 0x00000000028fdd0f to 0x00000000028fef1d
Event: 4.056 Thread 0x00000000164ad000 Implicit null exception at 0x00000000028f0b95 to 0x00000000028f2615
Event: 4.657 Thread 0x00000000164ad000 Implicit null exception at 0x00000000027b53e2 to 0x00000000027b54d2
Event: 6.223 Thread 0x00000000164b9000 Exception <a 'java/lang/ArrayIndexOutOfBoundsException': 18> (0x00000000eed92698) thrown at [C:\workspace\8-2-build-windows-amd64-cygwin\jdk8u65\4987\hotspot\src\share\vm\interpreter\interpreterRuntime.cpp, line 366]
Event: 6.223 Thread 0x00000000164b9000 Exception <a 'java/lang/ArrayIndexOutOfBoundsException': 145> (0x00000000eed94218) thrown at [C:\workspace\8-2-build-windows-amd64-cygwin\jdk8u65\4987\hotspot\src\share\vm\interpreter\interpreterRuntime.cpp, line 366]
Event: 6.224 Thread 0x00000000164b9000 Exception <a 'java/lang/ArrayIndexOutOfBoundsException'> (0x00000000eed95500) thrown at [C:\workspace\8-2-build-windows-amd64-cygwin\jdk8u65\4987\hotspot\src\share\vm\runtime\sharedRuntime.cpp, line 605]

Events (10 events):
Event: 6.224 loading class java/lang/reflect/TypeVariable done
Event: 6.224 loading class sun/reflect/generics/reflectiveObjects/TypeVariableImpl
Event: 6.225 loading class sun/reflect/generics/reflectiveObjects/LazyReflectiveObjectGenerator
Event: 6.225 loading class sun/reflect/generics/reflectiveObjects/LazyReflectiveObjectGenerator done
Event: 6.225 loading class sun/reflect/generics/reflectiveObjects/TypeVariableImpl done
Event: 6.394 Thread 0x00000000164ad000 Uncommon trap: trap_request=0xffffff65 fr.pc=0x0000000002a3ee84
Event: 6.394 Thread 0x00000000164ad000 DEOPT PACKING pc=0x0000000002a3ee84 sp=0x000000001694e380
Event: 6.394 Thread 0x00000000164ad000 DEOPT UNPACKING pc=0x000000000228582a sp=0x000000001694e310 mode 2
Event: 6.473 Executing VM operation: ParallelGCFailedAllocation
Event: 7.075 Executing VM operation: ParallelGCFailedAllocation done


Dynamic libraries:
0x00007ff606210000 - 0x00007ff606247000 	C:\Program Files\Java\jdk1.8.0_65\bin\java.exe
0x00007ff810bb0000 - 0x00007ff810d71000 	C:\Windows\SYSTEM32\ntdll.dll
0x00007ff80e9c0000 - 0x00007ff80ea6d000 	C:\Windows\system32\KERNEL32.DLL
0x00007ff80d280000 - 0x00007ff80d468000 	C:\Windows\system32\KERNELBASE.dll
0x00007ff80b710000 - 0x00007ff80b789000 	C:\Windows\system32\apphelp.dll
0x00007ff8108c0000 - 0x00007ff810967000 	C:\Windows\system32\ADVAPI32.dll
0x00007ff80e0e0000 - 0x00007ff80e17d000 	C:\Windows\system32\msvcrt.dll
0x00007ff8101a0000 - 0x00007ff8101fb000 	C:\Windows\system32\sechost.dll
0x00007ff810480000 - 0x00007ff81059c000 	C:\Windows\system32\RPCRT4.dll
0x00007ff80e7f0000 - 0x00007ff80e946000 	C:\Windows\system32\USER32.dll
0x00007ff810010000 - 0x00007ff810196000 	C:\Windows\system32\GDI32.dll
0x00007fffffb60000 - 0x00007fffffdd4000 	C:\Windows\WinSxS\amd64_microsoft.windows.common-controls_6595b64144ccf1df_6.0.10586.0_none_8c15ae12515e1c22\COMCTL32.dll
0x00007ff810200000 - 0x00007ff81047d000 	C:\Windows\system32\combase.dll
0x00007ff80d8f0000 - 0x00007ff80d95a000 	C:\Windows\system32\bcryptPrimitives.dll
0x00007ff80ffd0000 - 0x00007ff81000b000 	C:\Windows\system32\IMM32.DLL
0x000000005ccc0000 - 0x000000005cd92000 	C:\Program Files\Java\jdk1.8.0_65\jre\bin\msvcr100.dll
0x000000005d140000 - 0x000000005d9c9000 	C:\Program Files\Java\jdk1.8.0_65\jre\bin\server\jvm.dll
0x00007ff810750000 - 0x00007ff810758000 	C:\Windows\system32\PSAPI.DLL
0x00007ff802680000 - 0x00007ff802689000 	C:\Windows\SYSTEM32\WSOCK32.dll
0x00007ff80e180000 - 0x00007ff80e1eb000 	C:\Windows\system32\WS2_32.dll
0x00007ff80b5a0000 - 0x00007ff80b5c3000 	C:\Windows\SYSTEM32\WINMM.dll
0x00007ff8006f0000 - 0x00007ff8006fa000 	C:\Windows\SYSTEM32\VERSION.dll
0x00007ff80b240000 - 0x00007ff80b26c000 	C:\Windows\SYSTEM32\WINMMBASE.dll
0x00007ff80d6d0000 - 0x00007ff80d713000 	C:\Windows\system32\cfgmgr32.dll
0x000000005d130000 - 0x000000005d13f000 	C:\Program Files\Java\jdk1.8.0_65\jre\bin\verify.dll
0x000000005d100000 - 0x000000005d129000 	C:\Program Files\Java\jdk1.8.0_65\jre\bin\java.dll
0x000000005d0e0000 - 0x000000005d0f6000 	C:\Program Files\Java\jdk1.8.0_65\jre\bin\zip.dll
0x00007ff80ea70000 - 0x00007ff80ffcf000 	C:\Windows\system32\SHELL32.dll
0x00007ff80d960000 - 0x00007ff80dfa4000 	C:\Windows\system32\windows.storage.dll
0x00007ff80e250000 - 0x00007ff80e2a2000 	C:\Windows\system32\shlwapi.dll
0x00007ff80d230000 - 0x00007ff80d23f000 	C:\Windows\system32\kernel.appcore.dll
0x00007ff80d560000 - 0x00007ff80d615000 	C:\Windows\system32\shcore.dll
0x00007ff80d1d0000 - 0x00007ff80d21b000 	C:\Windows\system32\powrprof.dll
0x00007ff80d240000 - 0x00007ff80d254000 	C:\Windows\system32\profapi.dll

VM Arguments:
jvm_args: -Djava.awt.headless=true -Xmx1024M -Dfile.encoding=windows-1252 -Duser.country=US -Duser.language=en -Duser.variant 
java_command: com.android.dx.command.Main --dex --force-jumbo --num-threads=4 --multi-dex --output F:\Android Tools\My AndroWork\MapMyDay\app\build\intermediates\transforms\dex\debug\folders\1000\10\com.android.support-support-v4-23.1.1_b3a364f2fa358bad3d4bcdd2cad6060edfd22087 F:\Android Tools\My AndroWork\MapMyDay\app\build\intermediates\exploded-aar\com.android.support\support-v4\23.1.1\jars\classes.jar
java_class_path (initial): F:\sdk\build-tools\23.0.1\lib\dx.jar
Launcher Type: SUN_STANDARD

Environment Variables:
PATH=C:\ProgramData\Oracle\Java\javapath;C:\Windows\system32;C:\Windows;C:\Windows\System32\Wbem;C:\Windows\System32\WindowsPowerShell\v1.0\;C:\Program Files (x86)\Intel\OpenCL SDK\2.0\bin\x86;C:\Program Files (x86)\Intel\OpenCL SDK\2.0\bin\x64;C:\Program Files\Microsoft\Web Platform Installer\;C:\Program Files (x86)\Microsoft ASP.NET\ASP.NET Web Pages\v1.0\;C:\Program Files (x86)\Windows Kits\8.0\Windows Performance Toolkit\;C:\Program Files\Microsoft SQL Server\110\Tools\Binn\;C:\VisualStudio & OpenCv\opencv\build\x64\vc11\bin\;C:\Program Files (x86)\Common Files\lenovo\easyplussdk\bin;C:\Modeltech_pe_edu_10.4a\win32pe_edu
USERNAME=Fahim Al Mahmud
OS=Windows_NT
PROCESSOR_IDENTIFIER=Intel64 Family 6 Model 58 Stepping 9, GenuineIntel



---------------  S Y S T E M  ---------------

OS: Windows 10.0 , 64 bit Build 10586 (10.0.10586.0)

CPU:total 4 (2 cores per cpu, 2 threads per core) family 6 model 58 stepping 9, cmov, cx8, fxsr, mmx, sse, sse2, sse3, ssse3, sse4.1, sse4.2, popcnt, avx, aes, clmul, erms, ht, tsc, tscinvbit, tscinv

Memory: 4k page, physical 4087096k(749904k free), swap 6005436k(16072k free)

vm_info: Java HotSpot(TM) 64-Bit Server VM (25.65-b01) for windows-amd64 JRE (1.8.0_65-b17), built on Oct  6 2015 16:39:20 by "java_re" with MS VC++ 10.0 (VS2010)

time: Sun Jun 12 03:13:00 2016
elapsed time: 7 seconds (0d 0h 0m 7s)

