#
# There is insufficient memory for the Java Runtime Environment to continue.
# Native memory allocation (malloc) failed to allocate 765936 bytes for Chunk::new
# Possible reasons:
#   The system is out of physical RAM or swap space
#   In 32 bit mode, the process size limit was hit
# Possible solutions:
#   Reduce memory load on the system
#   Increase physical memory or swap space
#   Check if swap backing store is full
#   Use 64 bit Java on a 64 bit OS
#   Decrease Java heap size (-Xmx/-Xms)
#   Decrease number of Java threads
#   Decrease Java thread stack sizes (-Xss)
#   Set larger code cache with -XX:ReservedCodeCacheSize=
# This output file may be truncated or incomplete.
#
#  Out of Memory Error (allocation.cpp:390), pid=4932, tid=2308
#
# JRE version: Java(TM) SE Runtime Environment (8.0_65-b17) (build 1.8.0_65-b17)
# Java VM: Java HotSpot(TM) 64-Bit Server VM (25.65-b01 mixed mode windows-amd64 compressed oops)
# Failed to write core dump. Minidumps are not enabled by default on client versions of Windows
#

---------------  T H R E A D  ---------------

Current thread (0x000000001492e800):  JavaThread "C2 CompilerThread0" daemon [_thread_in_native, id=2308, stack(0x0000000015f80000,0x0000000016080000)]

Stack: [0x0000000015f80000,0x0000000016080000]
[error occurred during error reporting (printing stack bounds), id 0xc0000005]

Native frames: (J=compiled Java code, j=interpreted, Vv=VM code, C=native code)


Current CompileTask:
C2:   4931 1520       4       com.android.dx.ssa.SCCP::simulatePhi (169 bytes)


---------------  P R O C E S S  ---------------

Java Threads: ( => current thread )
  0x00000000164e7000 JavaThread "pool-1-thread-4" [_thread_in_Java, id=7016, stack(0x0000000016c80000,0x0000000016d80000)]
  0x00000000164e6000 JavaThread "pool-1-thread-3" [_thread_in_Java, id=4356, stack(0x0000000016b80000,0x0000000016c80000)]
  0x00000000164e1000 JavaThread "pool-1-thread-2" [_thread_in_vm, id=3940, stack(0x0000000016a80000,0x0000000016b80000)]
  0x00000000164e0800 JavaThread "pool-2-thread-1" [_thread_blocked, id=6664, stack(0x0000000016980000,0x0000000016a80000)]
  0x00000000164da800 JavaThread "pool-1-thread-1" [_thread_in_Java, id=1404, stack(0x0000000016880000,0x0000000016980000)]
  0x0000000016284800 JavaThread "Service Thread" daemon [_thread_blocked, id=2616, stack(0x0000000016680000,0x0000000016780000)]
  0x000000001498d000 JavaThread "C1 CompilerThread2" daemon [_thread_blocked, id=3180, stack(0x0000000016180000,0x0000000016280000)]
  0x0000000014982000 JavaThread "C2 CompilerThread1" daemon [_thread_in_native, id=5960, stack(0x0000000016080000,0x0000000016180000)]
=>0x000000001492e800 JavaThread "C2 CompilerThread0" daemon [_thread_in_native, id=2308, stack(0x0000000015f80000,0x0000000016080000)]
  0x000000001492b800 JavaThread "Attach Listener" daemon [_thread_blocked, id=1232, stack(0x0000000015e80000,0x0000000015f80000)]
  0x000000001492a800 JavaThread "Signal Dispatcher" daemon [_thread_blocked, id=5492, stack(0x0000000015d80000,0x0000000015e80000)]
  0x0000000002250800 JavaThread "Finalizer" daemon [_thread_blocked, id=2184, stack(0x0000000015ba0000,0x0000000015ca0000)]
  0x000000000224d000 JavaThread "Reference Handler" daemon [_thread_blocked, id=6044, stack(0x0000000015aa0000,0x0000000015ba0000)]
  0x0000000002160800 JavaThread "main" [_thread_in_Java, id=1228, stack(0x0000000002060000,0x0000000002160000)]

Other Threads:
  0x00000000148f8000 VMThread [stack: 0x00000000159a0000,0x0000000015aa0000] [id=720]
  0x0000000016299800 WatcherThread [stack: 0x0000000016780000,0x0000000016880000] [id=4476]

VM state:not at safepoint (normal execution)

VM Mutex/Monitor currently owned by a thread: None

Heap:
 PSYoungGen      total 18944K, used 18846K [0x00000000eab00000, 0x00000000ec000000, 0x0000000100000000)
  eden space 16384K, 99% used [0x00000000eab00000,0x00000000ebaebbd8,0x00000000ebb00000)
  from space 2560K, 99% used [0x00000000ebb00000,0x00000000ebd7c020,0x00000000ebd80000)
  to   space 2560K, 0% used [0x00000000ebd80000,0x00000000ebd80000,0x00000000ec000000)
 ParOldGen       total 44032K, used 11764K [0x00000000c0000000, 0x00000000c2b00000, 0x00000000eab00000)
  object space 44032K, 26% used [0x00000000c0000000,0x00000000c0b7d038,0x00000000c2b00000)
 Metaspace       used 6174K, capacity 7152K, committed 7296K, reserved 1056768K
  class space    used 594K, capacity 616K, committed 640K, reserved 1048576K

Card table byte_map: [0x0000000011620000,0x0000000011830000] byte_map_base: 0x0000000011020000

Marking Bits: (ParMarkBitMap*) 0x000000006dc5a5b0
 Begin Bits: [0x0000000011d90000, 0x0000000012d90000)
 End Bits:   [0x0000000012d90000, 0x0000000013d90000)

Polling page: 0x00000000001f0000

CodeCache: size=245760Kb used=6162Kb max_used=6162Kb free=239597Kb
 bounds [0x0000000002260000, 0x0000000002870000, 0x0000000011260000]
 total_blobs=1846 nmethods=1577 adapters=182
 compilation: enabled

Compilation events (10 events):
Event: 4.895 Thread 0x000000001498d000 nmethod 1598 0x0000000002865690 code [0x00000000028657e0, 0x0000000002865930]
Event: 4.895 Thread 0x000000001498d000 1599   !   2       java.util.concurrent.ThreadPoolExecutor::getTask (179 bytes)
Event: 4.896 Thread 0x000000001498d000 nmethod 1599 0x0000000002865990 code [0x0000000002865b60, 0x0000000002866118]
Event: 4.896 Thread 0x000000001498d000 1600       2       com.android.dx.ssa.LocalVariableInfo::addAssignment (43 bytes)
Event: 4.897 Thread 0x000000001498d000 nmethod 1600 0x0000000002866510 code [0x00000000028666c0, 0x0000000002866a78]
Event: 4.899 Thread 0x000000001498d000 1601       2       java.util.concurrent.locks.ReentrantLock::lockInterruptibly (9 bytes)
Event: 4.899 Thread 0x000000001498d000 nmethod 1601 0x0000000002866c90 code [0x0000000002866e20, 0x00000000028670b8]
Event: 4.900 Thread 0x000000001498d000 1602       2       com.android.dx.rop.code.LocalVariableInfo::addAssignment (43 bytes)
Event: 4.900 Thread 0x000000001498d000 nmethod 1602 0x0000000002867290 code [0x0000000002867440, 0x00000000028677f8]
Event: 4.903 Thread 0x000000001498d000 1603       2       com.android.dx.dex.file.ClassDefItem::addMethodAnnotations (11 bytes)

GC Heap History (10 events):
Event: 3.636 GC heap before
{Heap before GC invocations=1 (full 0):
 PSYoungGen      total 18944K, used 16384K [0x00000000eab00000, 0x00000000ec000000, 0x0000000100000000)
  eden space 16384K, 100% used [0x00000000eab00000,0x00000000ebb00000,0x00000000ebb00000)
  from space 2560K, 0% used [0x00000000ebd80000,0x00000000ebd80000,0x00000000ec000000)
  to   space 2560K, 0% used [0x00000000ebb00000,0x00000000ebb00000,0x00000000ebd80000)
 ParOldGen       total 44032K, used 0K [0x00000000c0000000, 0x00000000c2b00000, 0x00000000eab00000)
  object space 44032K, 0% used [0x00000000c0000000,0x00000000c0000000,0x00000000c2b00000)
 Metaspace       used 5738K, capacity 6768K, committed 7040K, reserved 1056768K
  class space    used 589K, capacity 616K, committed 640K, reserved 1048576K
Event: 3.644 GC heap after
Heap after GC invocations=1 (full 0):
 PSYoungGen      total 18944K, used 2535K [0x00000000eab00000, 0x00000000ec000000, 0x0000000100000000)
  eden space 16384K, 0% used [0x00000000eab00000,0x00000000eab00000,0x00000000ebb00000)
  from space 2560K, 99% used [0x00000000ebb00000,0x00000000ebd79c70,0x00000000ebd80000)
  to   space 2560K, 0% used [0x00000000ebd80000,0x00000000ebd80000,0x00000000ec000000)
 ParOldGen       total 44032K, used 1774K [0x00000000c0000000, 0x00000000c2b00000, 0x00000000eab00000)
  object space 44032K, 4% used [0x00000000c0000000,0x00000000c01bbb58,0x00000000c2b00000)
 Metaspace       used 5738K, capacity 6768K, committed 7040K, reserved 1056768K
  class space    used 589K, capacity 616K, committed 640K, reserved 1048576K
}
Event: 4.107 GC heap before
{Heap before GC invocations=2 (full 0):
 PSYoungGen      total 18944K, used 18919K [0x00000000eab00000, 0x00000000ec000000, 0x0000000100000000)
  eden space 16384K, 100% used [0x00000000eab00000,0x00000000ebb00000,0x00000000ebb00000)
  from space 2560K, 99% used [0x00000000ebb00000,0x00000000ebd79c70,0x00000000ebd80000)
  to   space 2560K, 0% used [0x00000000ebd80000,0x00000000ebd80000,0x00000000ec000000)
 ParOldGen       total 44032K, used 1774K [0x00000000c0000000, 0x00000000c2b00000, 0x00000000eab00000)
  object space 44032K, 4% used [0x00000000c0000000,0x00000000c01bbb58,0x00000000c2b00000)
 Metaspace       used 5970K, capacity 6960K, committed 7040K, reserved 1056768K
  class space    used 589K, capacity 616K, committed 640K, reserved 1048576K
Event: 4.135 GC heap after
Heap after GC invocations=2 (full 0):
 PSYoungGen      total 18944K, used 2544K [0x00000000eab00000, 0x00000000ec000000, 0x0000000100000000)
  eden space 16384K, 0% used [0x00000000eab00000,0x00000000eab00000,0x00000000ebb00000)
  from space 2560K, 99% used [0x00000000ebd80000,0x00000000ebffc020,0x00000000ec000000)
  to   space 2560K, 0% used [0x00000000ebb00000,0x00000000ebb00000,0x00000000ebd80000)
 ParOldGen       total 44032K, used 3813K [0x00000000c0000000, 0x00000000c2b00000, 0x00000000eab00000)
  object space 44032K, 8% used [0x00000000c0000000,0x00000000c03b9660,0x00000000c2b00000)
 Metaspace       used 5970K, capacity 6960K, committed 7040K, reserved 1056768K
  class space    used 589K, capacity 616K, committed 640K, reserved 1048576K
}
Event: 4.331 GC heap before
{Heap before GC invocations=3 (full 0):
 PSYoungGen      total 18944K, used 18928K [0x00000000eab00000, 0x00000000ec000000, 0x0000000100000000)
  eden space 16384K, 100% used [0x00000000eab00000,0x00000000ebb00000,0x00000000ebb00000)
  from space 2560K, 99% used [0x00000000ebd80000,0x00000000ebffc020,0x00000000ec000000)
  to   space 2560K, 0% used [0x00000000ebb00000,0x00000000ebb00000,0x00000000ebd80000)
 ParOldGen       total 44032K, used 3813K [0x00000000c0000000, 0x00000000c2b00000, 0x00000000eab00000)
  object space 44032K, 8% used [0x00000000c0000000,0x00000000c03b9660,0x00000000c2b00000)
 Metaspace       used 6001K, capacity 7024K, committed 7296K, reserved 1056768K
  class space    used 590K, capacity 616K, committed 640K, reserved 1048576K
Event: 4.363 GC heap after
Heap after GC invocations=3 (full 0):
 PSYoungGen      total 18944K, used 2528K [0x00000000eab00000, 0x00000000ec000000, 0x0000000100000000)
  eden space 16384K, 0% used [0x00000000eab00000,0x00000000eab00000,0x00000000ebb00000)
  from space 2560K, 98% used [0x00000000ebb00000,0x00000000ebd78030,0x00000000ebd80000)
  to   space 2560K, 0% used [0x00000000ebd80000,0x00000000ebd80000,0x00000000ec000000)
 ParOldGen       total 44032K, used 6614K [0x00000000c0000000, 0x00000000c2b00000, 0x00000000eab00000)
  object space 44032K, 15% used [0x00000000c0000000,0x00000000c0675b98,0x00000000c2b00000)
 Metaspace       used 6001K, capacity 7024K, committed 7296K, reserved 1056768K
  class space    used 590K, capacity 616K, committed 640K, reserved 1048576K
}
Event: 4.505 GC heap before
{Heap before GC invocations=4 (full 0):
 PSYoungGen      total 18944K, used 18912K [0x00000000eab00000, 0x00000000ec000000, 0x0000000100000000)
  eden space 16384K, 100% used [0x00000000eab00000,0x00000000ebb00000,0x00000000ebb00000)
  from space 2560K, 98% used [0x00000000ebb00000,0x00000000ebd78030,0x00000000ebd80000)
  to   space 2560K, 0% used [0x00000000ebd80000,0x00000000ebd80000,0x00000000ec000000)
 ParOldGen       total 44032K, used 6614K [0x00000000c0000000, 0x00000000c2b00000, 0x00000000eab00000)
  object space 44032K, 15% used [0x00000000c0000000,0x00000000c0675b98,0x00000000c2b00000)
 Metaspace       used 6054K, capacity 7088K, committed 7296K, reserved 1056768K
  class space    used 590K, capacity 616K, committed 640K, reserved 1048576K
Event: 4.520 GC heap after
Heap after GC invocations=4 (full 0):
 PSYoungGen      total 18944K, used 2544K [0x00000000eab00000, 0x00000000ec000000, 0x0000000100000000)
  eden space 16384K, 0% used [0x00000000eab00000,0x00000000eab00000,0x00000000ebb00000)
  from space 2560K, 99% used [0x00000000ebd80000,0x00000000ebffc040,0x00000000ec000000)
  to   space 2560K, 0% used [0x00000000ebb00000,0x00000000ebb00000,0x00000000ebd80000)
 ParOldGen       total 44032K, used 9144K [0x00000000c0000000, 0x00000000c2b00000, 0x00000000eab00000)
  object space 44032K, 20% used [0x00000000c0000000,0x00000000c08ee1b8,0x00000000c2b00000)
 Metaspace       used 6054K, capacity 7088K, committed 7296K, reserved 1056768K
  class space    used 590K, capacity 616K, committed 640K, reserved 1048576K
}
Event: 4.688 GC heap before
{Heap before GC invocations=5 (full 0):
 PSYoungGen      total 18944K, used 18928K [0x00000000eab00000, 0x00000000ec000000, 0x0000000100000000)
  eden space 16384K, 100% used [0x00000000eab00000,0x00000000ebb00000,0x00000000ebb00000)
  from space 2560K, 99% used [0x00000000ebd80000,0x00000000ebffc040,0x00000000ec000000)
  to   space 2560K, 0% used [0x00000000ebb00000,0x00000000ebb00000,0x00000000ebd80000)
 ParOldGen       total 44032K, used 9144K [0x00000000c0000000, 0x00000000c2b00000, 0x00000000eab00000)
  object space 44032K, 20% used [0x00000000c0000000,0x00000000c08ee1b8,0x00000000c2b00000)
 Metaspace       used 6118K, capacity 7088K, committed 7296K, reserved 1056768K
  class space    used 594K, capacity 616K, committed 640K, reserved 1048576K
Event: 4.755 GC heap after
Heap after GC invocations=5 (full 0):
 PSYoungGen      total 18944K, used 2544K [0x00000000eab00000, 0x00000000ec000000, 0x0000000100000000)
  eden space 16384K, 0% used [0x00000000eab00000,0x00000000eab00000,0x00000000ebb00000)
  from space 2560K, 99% used [0x00000000ebb00000,0x00000000ebd7c020,0x00000000ebd80000)
  to   space 2560K, 0% used [0x00000000ebd80000,0x00000000ebd80000,0x00000000ec000000)
 ParOldGen       total 44032K, used 11764K [0x00000000c0000000, 0x00000000c2b00000, 0x00000000eab00000)
  object space 44032K, 26% used [0x00000000c0000000,0x00000000c0b7d038,0x00000000c2b00000)
 Metaspace       used 6118K, capacity 7088K, committed 7296K, reserved 1056768K
  class space    used 594K, capacity 616K, committed 640K, reserved 1048576K
}

Deoptimization events (10 events):
Event: 4.213 Thread 0x0000000002160800 Uncommon trap: reason=bimorphic action=maybe_recompile pc=0x0000000002783e7c method=com.android.dx.cf.code.BytecodeArray.parseInstruction(ILcom/android/dx/cf/code/BytecodeArray$Visitor;)I @ 2484
Event: 4.260 Thread 0x00000000164e1000 Uncommon trap: reason=bimorphic action=maybe_recompile pc=0x0000000002784890 method=com.android.dx.cf.code.BytecodeArray.parseInstruction(ILcom/android/dx/cf/code/BytecodeArray$Visitor;)I @ 907
Event: 4.260 Thread 0x00000000164e1000 Uncommon trap: reason=bimorphic action=maybe_recompile pc=0x0000000002784890 method=com.android.dx.cf.code.BytecodeArray.parseInstruction(ILcom/android/dx/cf/code/BytecodeArray$Visitor;)I @ 907
Event: 4.276 Thread 0x00000000164da800 Uncommon trap: reason=bimorphic action=maybe_recompile pc=0x00000000024c3a68 method=java.util.HashMap.getNode(ILjava/lang/Object;)Ljava/util/HashMap$Node; @ 126
Event: 4.276 Thread 0x00000000164da800 Uncommon trap: reason=bimorphic action=maybe_recompile pc=0x00000000024c3a68 method=java.util.HashMap.getNode(ILjava/lang/Object;)Ljava/util/HashMap$Node; @ 126
Event: 4.424 Thread 0x00000000164da800 Uncommon trap: reason=bimorphic action=maybe_recompile pc=0x00000000024c3a68 method=java.util.HashMap.getNode(ILjava/lang/Object;)Ljava/util/HashMap$Node; @ 126
Event: 4.424 Thread 0x00000000164da800 Uncommon trap: reason=bimorphic action=maybe_recompile pc=0x00000000024c3a68 method=java.util.HashMap.getNode(ILjava/lang/Object;)Ljava/util/HashMap$Node; @ 126
Event: 4.436 Thread 0x00000000164da800 Uncommon trap: reason=bimorphic action=maybe_recompile pc=0x00000000025cddb8 method=java.util.HashMap.getNode(ILjava/lang/Object;)Ljava/util/HashMap$Node; @ 126
Event: 4.451 Thread 0x0000000002160800 Uncommon trap: reason=unstable_if action=reinterpret pc=0x0000000002757e68 method=com.android.dx.ssa.SCCP.simulateStmt(Lcom/android/dx/ssa/SsaInsn;)V @ 53
Event: 4.686 Thread 0x00000000164e6000 Uncommon trap: reason=unstable_if action=reinterpret pc=0x00000000027feaa4 method=java.util.HashMap.getNode(ILjava/lang/Object;)Ljava/util/HashMap$Node; @ 84

Internal exceptions (3 events):
Event: 1.167 Thread 0x0000000002160800 Exception <a 'java/lang/NoSuchMethodError': Method sun.misc.Unsafe.defineClass(Ljava/lang/String;[BII)Ljava/lang/Class; name or signature does not match> (0x00000000eab0d610) thrown at [C:\workspace\8-2-build-windows-amd64-cygwin\jdk8u65\4987\hotspot\src\sxΩÖùbÛ?
Event: 1.211 Thread 0x0000000002160800 Exception <a 'java/lang/NoSuchMethodError': Method sun.misc.Unsafe.prefetchRead(Ljava/lang/Object;J)V name or signature does not match> (0x00000000eab0d8f8) thrown at [C:\workspace\8-2-build-windows-amd64-cygwin\jdk8u65\4987\hotspot\src\share\vm\prims\jni.2"N±MÇ@
Event: 3.814 Thread 0x00000000164e7000 Implicit null exception at 0x00000000025d23e2 to 0x00000000025d24d2

Events (10 events):
Event: 4.686 Thread 0x00000000164e6000 DEOPT PACKING pc=0x00000000027feaa4 sp=0x0000000016c7e5d0
Event: 4.686 Thread 0x00000000164e6000 DEOPT UNPACKING pc=0x00000000022a582a sp=0x0000000016c7e4f0 mode 2
Event: 4.686 Thread 0x00000000164e6000 DEOPT PACKING pc=0x0000000002592b3c sp=0x0000000016c7e880
Event: 4.686 Thread 0x00000000164e6000 DEOPT UNPACKING pc=0x00000000022a787f sp=0x0000000016c7e648 mode 0
Event: 4.687 Executing VM operation: ParallelGCFailedAllocation
Event: 4.755 Executing VM operation: ParallelGCFailedAllocation done
Event: 4.800 Thread 0x00000000164da800 DEOPT PACKING pc=0x0000000002592b3c sp=0x000000001697e9e0
Event: 4.800 Thread 0x00000000164da800 DEOPT UNPACKING pc=0x00000000022a787f sp=0x000000001697e7a8 mode 0
Event: 4.815 Thread 0x00000000164e7000 DEOPT PACKING pc=0x0000000002592b3c sp=0x0000000016d7e630
Event: 4.815 Thread 0x00000000164e7000 DEOPT UNPACKING pc=0x00000000022a787f sp=0x0000000016d7e3f8 mode 0


Dynamic libraries:
0x00007ff788ce0000 - 0x00007ff788d17000 	C:\Program Files\Java\jdk1.8.0_65\bin\java.exe
0x00007ffc1d5e0000 - 0x00007ffc1d7a1000 	C:\Windows\SYSTEM32\ntdll.dll
0x00007ffc1b370000 - 0x00007ffc1b41d000 	C:\Windows\system32\KERNEL32.DLL
0x00007ffc19d20000 - 0x00007ffc19f08000 	C:\Windows\system32\KERNELBASE.dll
0x00007ffc18190000 - 0x00007ffc18209000 	C:\Windows\system32\apphelp.dll
0x00007ffc1ac00000 - 0x00007ffc1aca7000 	C:\Windows\system32\ADVAPI32.dll
0x00007ffc1cff0000 - 0x00007ffc1d08d000 	C:\Windows\system32\msvcrt.dll
0x00007ffc1b240000 - 0x00007ffc1b29b000 	C:\Windows\system32\sechost.dll
0x00007ffc1b6a0000 - 0x00007ffc1b7bc000 	C:\Windows\system32\RPCRT4.dll
0x00007ffc1acb0000 - 0x00007ffc1ae06000 	C:\Windows\system32\USER32.dll
0x00007ffc1aa00000 - 0x00007ffc1ab86000 	C:\Windows\system32\GDI32.dll
0x00007ffc0c950000 - 0x00007ffc0cbc4000 	C:\Windows\WinSxS\amd64_microsoft.windows.common-controls_6595b64144ccf1df_6.0.10586.0_none_8c15ae12515e1c22\COMCTL32.dll
0x00007ffc1b420000 - 0x00007ffc1b69d000 	C:\Windows\system32\combase.dll
0x00007ffc1a150000 - 0x00007ffc1a1ba000 	C:\Windows\system32\bcryptPrimitives.dll
0x00007ffc1d210000 - 0x00007ffc1d24b000 	C:\Windows\system32\IMM32.DLL
0x000000006cfd0000 - 0x000000006d0a2000 	C:\Program Files\Java\jdk1.8.0_65\jre\bin\msvcr100.dll
0x000000006d450000 - 0x000000006dcd9000 	C:\Program Files\Java\jdk1.8.0_65\jre\bin\server\jvm.dll
0x00007ffc1d3a0000 - 0x00007ffc1d3a8000 	C:\Windows\system32\PSAPI.DLL
0x00007ffc02230000 - 0x00007ffc02239000 	C:\Windows\SYSTEM32\WSOCK32.dll
0x00007ffc1d090000 - 0x00007ffc1d0fb000 	C:\Windows\system32\WS2_32.dll
0x00007ffc180a0000 - 0x00007ffc180c3000 	C:\Windows\SYSTEM32\WINMM.dll
0x00007ffc0e190000 - 0x00007ffc0e19a000 	C:\Windows\SYSTEM32\VERSION.dll
0x00007ffc18070000 - 0x00007ffc1809c000 	C:\Windows\SYSTEM32\WINMMBASE.dll
0x00007ffc1a100000 - 0x00007ffc1a143000 	C:\Windows\system32\cfgmgr32.dll
0x000000006d440000 - 0x000000006d44f000 	C:\Program Files\Java\jdk1.8.0_65\jre\bin\verify.dll
0x000000006d410000 - 0x000000006d439000 	C:\Program Files\Java\jdk1.8.0_65\jre\bin\java.dll
0x000000006d3f0000 - 0x000000006d406000 	C:\Program Files\Java\jdk1.8.0_65\jre\bin\zip.dll
0x00007ffc1b980000 - 0x00007ffc1cedf000 	C:\Windows\system32\SHELL32.dll
0x00007ffc1a2d0000 - 0x00007ffc1a914000 	C:\Windows\system32\windows.storage.dll
0x00007ffc1d3c0000 - 0x00007ffc1d412000 	C:\Windows\system32\shlwapi.dll
0x00007ffc19c80000 - 0x00007ffc19c8f000 	C:\Windows\system32\kernel.appcore.dll
0x00007ffc1a920000 - 0x00007ffc1a9d5000 	C:\Windows\system32\shcore.dll
0x00007ffc19c30000 - 0x00007ffc19c7b000 	C:\Windows\system32\powrprof.dll
0x00007ffc19c10000 - 0x00007ffc19c24000 	C:\Windows\system32\profapi.dll

VM Arguments:
jvm_args: -Djava.awt.headless=true -Xmx1024M -Dfile.encoding=windows-1252 -Duser.country=US -Duser.language=en -Duser.variant 
java_command: com.android.dx.command.Main --dex --force-jumbo --num-threads=4 --output F:\Android Tools\My AndroWork\MapMyDay\app\build\intermediates\pre-dexed\debug\com.google.android.gms-play-services-basement-8.4.0_2ddf79089c325f7b2599eb58671b42b541ff2ff3.jar F:\Android Tools\My AndroWork\MapMyDay\app\build\intermediates\exploded-aar\com.google.android.gms\play-services-basement\8.4.0\jars\classes.jar
java_class_path (initial): F:\sdk\build-tools\23.0.1\lib\dx.jar
Launcher Type: SUN_STANDARD

Environment Variables:
PATH=C:\ProgramData\Oracle\Java\javapath;C:\Windows\system32;C:\Windows;C:\Windows\System32\Wbem;C:\Windows\System32\WindowsPowerShell\v1.0\;C:\Program Files (x86)\Intel\OpenCL SDK\2.0\bin\x86;C:\Program Files (x86)\Intel\OpenCL SDK\2.0\bin\x64;C:\Program Files\Microsoft\Web Platform Installer\;C:\Program Files (x86)\Microsoft ASP.NET\ASP.NET Web Pages\v1.0\;C:\Program Files (x86)\Windows Kits\8.0\Windows Performance Toolkit\;C:\Program Files\Microsoft SQL Server\110\Tools\Binn\;C:\VisualStudio & OpenCv\opencv\build\x64\vc11\bin\;C:\Program Files (x86)\Common Files\lenovo\easyplussdk\bin;C:\Modeltech_pe_edu_10.4a\win32pe_edu
USERNAME=Fahim Al Mahmud
OS=Windows_NT
PROCESSOR_IDENTIFIER=Intel64 Family 6 Model 58 Stepping 9, GenuineIntel



---------------  S Y S T E M  ---------------

OS: Windows 10.0 , 64 bit Build 10586 (10.0.10586.0)

CPU:total 4 (2 cores per cpu, 2 threads per core) family 6 model 58 stepping 9, cmov, cx8, fxsr, mmx, sse, sse2, sse3, ssse3, sse4.1, sse4.2, popcnt, avx, aes, clmul, erms, ht, tsc, tscinvbit, tscinv

Memory: 4k page, physical 4087096k(491872k free), swap 5250600k(5276k free)

vm_info: Java HotSpot(TM) 64-Bit Server VM (25.65-b01) for windows-amd64 JRE (1.8.0_65-b17), built on Oct  6 2015 16:39:20 by "java_re" with MS VC++ 10.0 (VS2010)

time: Mon Jun 13 11:34:34 2016
elapsed time: 4 seconds (0d 0h 0m 4s)

