#
# There is insufficient memory for the Java Runtime Environment to continue.
# Native memory allocation (malloc) failed to allocate 1098736 bytes for Chunk::new
# Possible reasons:
#   The system is out of physical RAM or swap space
#   In 32 bit mode, the process size limit was hit
# Possible solutions:
#   Reduce memory load on the system
#   Increase physical memory or swap space
#   Check if swap backing store is full
#   Use 64 bit Java on a 64 bit OS
#   Decrease Java heap size (-Xmx/-Xms)
#   Decrease number of Java threads
#   Decrease Java thread stack sizes (-Xss)
#   Set larger code cache with -XX:ReservedCodeCacheSize=
# This output file may be truncated or incomplete.
#
#  Out of Memory Error (allocation.cpp:390), pid=3924, tid=6740
#
# JRE version: Java(TM) SE Runtime Environment (8.0_65-b17) (build 1.8.0_65-b17)
# Java VM: Java HotSpot(TM) 64-Bit Server VM (25.65-b01 mixed mode windows-amd64 compressed oops)
# Failed to write core dump. Minidumps are not enabled by default on client versions of Windows
#

---------------  T H R E A D  ---------------

Current thread (0x000000001487d000):  JavaThread "C2 CompilerThread0" daemon [_thread_in_native, id=6740, stack(0x0000000015ec0000,0x0000000015fc0000)]

Stack: [0x0000000015ec0000,0x0000000015fc0000]
[error occurred during error reporting (printing stack bounds), id 0xc0000005]

Native frames: (J=compiled Java code, j=interpreted, Vv=VM code, C=native code)


Current CompileTask:
C2:   3953 1273   !   4       com.android.dx.cf.code.BytecodeArray::parseInstruction (2764 bytes)


---------------  P R O C E S S  ---------------

Java Threads: ( => current thread )
  0x0000000016469800 JavaThread "pool-2-thread-4" [_thread_blocked, id=1376, stack(0x0000000016bc0000,0x0000000016cc0000)]
  0x000000001644c800 JavaThread "pool-2-thread-3" [_thread_blocked, id=4148, stack(0x0000000016ac0000,0x0000000016bc0000)]
  0x0000000016358800 JavaThread "pool-2-thread-2" [_thread_blocked, id=9240, stack(0x00000000169c0000,0x0000000016ac0000)]
  0x000000001633e800 JavaThread "pool-3-thread-1" [_thread_blocked, id=7036, stack(0x00000000168c0000,0x00000000169c0000)]
  0x00000000162e3000 JavaThread "pool-2-thread-1" [_thread_blocked, id=9000, stack(0x00000000167c0000,0x00000000168c0000)]
  0x00000000148de800 JavaThread "Service Thread" daemon [_thread_blocked, id=2056, stack(0x00000000165c0000,0x00000000166c0000)]
  0x00000000148d8800 JavaThread "C1 CompilerThread2" daemon [_thread_blocked, id=9020, stack(0x00000000160c0000,0x00000000161c0000)]
  0x00000000148d5800 JavaThread "C2 CompilerThread1" daemon [_thread_blocked, id=4784, stack(0x0000000015fc0000,0x00000000160c0000)]
=>0x000000001487d000 JavaThread "C2 CompilerThread0" daemon [_thread_in_native, id=6740, stack(0x0000000015ec0000,0x0000000015fc0000)]
  0x000000001487a800 JavaThread "Attach Listener" daemon [_thread_blocked, id=9568, stack(0x0000000015dc0000,0x0000000015ec0000)]
  0x0000000014879000 JavaThread "Signal Dispatcher" daemon [_thread_blocked, id=9612, stack(0x0000000015cc0000,0x0000000015dc0000)]
  0x00000000021a0800 JavaThread "Finalizer" daemon [_thread_blocked, id=3792, stack(0x0000000015ad0000,0x0000000015bd0000)]
  0x000000000219d000 JavaThread "Reference Handler" daemon [_thread_blocked, id=4644, stack(0x00000000159d0000,0x0000000015ad0000)]
  0x00000000020b0800 JavaThread "main" [_thread_in_native, id=7968, stack(0x0000000001eb0000,0x0000000001fb0000)]

Other Threads:
  0x0000000014848000 VMThread [stack: 0x00000000158d0000,0x00000000159d0000] [id=4660]
  0x00000000161e2800 WatcherThread [stack: 0x00000000166c0000,0x00000000167c0000] [id=8404]

VM state:not at safepoint (normal execution)

VM Mutex/Monitor currently owned by a thread: None

Heap:
 PSYoungGen      total 35328K, used 13481K [0x00000000eab00000, 0x00000000ed000000, 0x0000000100000000)
  eden space 32768K, 33% used [0x00000000eab00000,0x00000000eb5ae540,0x00000000ecb00000)
  from space 2560K, 99% used [0x00000000ecd80000,0x00000000ecffc038,0x00000000ed000000)
  to   space 2560K, 0% used [0x00000000ecb00000,0x00000000ecb00000,0x00000000ecd80000)
 ParOldGen       total 44032K, used 4735K [0x00000000c0000000, 0x00000000c2b00000, 0x00000000eab00000)
  object space 44032K, 10% used [0x00000000c0000000,0x00000000c049fc98,0x00000000c2b00000)
 Metaspace       used 5718K, capacity 6960K, committed 7040K, reserved 1056768K
  class space    used 575K, capacity 616K, committed 640K, reserved 1048576K

Card table byte_map: [0x0000000011570000,0x0000000011780000] byte_map_base: 0x0000000010f70000

Marking Bits: (ParMarkBitMap*) 0x000000005d94a5b0
 Begin Bits: [0x0000000011ce0000, 0x0000000012ce0000)
 End Bits:   [0x0000000012ce0000, 0x0000000013ce0000)

Polling page: 0x0000000001e30000

CodeCache: size=245760Kb used=5415Kb max_used=5450Kb free=240344Kb
 bounds [0x00000000021b0000, 0x0000000002710000, 0x00000000111b0000]
 total_blobs=1521 nmethods=1259 adapters=175
 compilation: enabled

Compilation events (10 events):
Event: 3.569 Thread 0x00000000148d8800 nmethod 1274 0x00000000026e7c50 code [0x00000000026e7e00, 0x00000000026e84b8]
Event: 3.569 Thread 0x00000000148d8800 1275       3       com.android.dx.ssa.SCCP::<init> (142 bytes)
Event: 3.570 Thread 0x00000000148d8800 nmethod 1275 0x00000000026e87d0 code [0x00000000026e8a40, 0x00000000026e9b68]
Event: 3.571 Thread 0x00000000148d8800 1276       3       com.android.dx.rop.code.Rops::opAput (97 bytes)
Event: 3.572 Thread 0x00000000148d8800 nmethod 1276 0x00000000026ea450 code [0x00000000026ea680, 0x00000000026eb2f8]
Event: 3.592 Thread 0x000000001487d000 nmethod 1259 0x00000000026f0210 code [0x00000000026f0440, 0x00000000026f2148]
Event: 3.593 Thread 0x000000001487d000 1273   !   4       com.android.dx.cf.code.BytecodeArray::parseInstruction (2764 bytes)
Event: 3.781 Thread 0x00000000148d5800 nmethod 1250 0x00000000026fc8d0 code [0x00000000026fcee0, 0x0000000002703460]
Event: 3.781 Thread 0x00000000148d5800 1262       4       com.android.dx.ssa.InterferenceRegisterMapper::interferes (78 bytes)
Event: 3.788 Thread 0x00000000148d5800 nmethod 1262 0x00000000026ced10 code [0x00000000026cee80, 0x00000000026cf1c8]

GC Heap History (4 events):
Event: 1.838 GC heap before
{Heap before GC invocations=1 (full 0):
 PSYoungGen      total 18944K, used 16384K [0x00000000eab00000, 0x00000000ec000000, 0x0000000100000000)
  eden space 16384K, 100% used [0x00000000eab00000,0x00000000ebb00000,0x00000000ebb00000)
  from space 2560K, 0% used [0x00000000ebd80000,0x00000000ebd80000,0x00000000ec000000)
  to   space 2560K, 0% used [0x00000000ebb00000,0x00000000ebb00000,0x00000000ebd80000)
 ParOldGen       total 44032K, used 0K [0x00000000c0000000, 0x00000000c2b00000, 0x00000000eab00000)
  object space 44032K, 0% used [0x00000000c0000000,0x00000000c0000000,0x00000000c2b00000)
 Metaspace       used 5519K, capacity 6768K, committed 7040K, reserved 1056768K
  class space    used 574K, capacity 616K, committed 640K, reserved 1048576K
Event: 1.855 GC heap after
Heap after GC invocations=1 (full 0):
 PSYoungGen      total 18944K, used 2528K [0x00000000eab00000, 0x00000000ed000000, 0x0000000100000000)
  eden space 16384K, 0% used [0x00000000eab00000,0x00000000eab00000,0x00000000ebb00000)
  from space 2560K, 98% used [0x00000000ebb00000,0x00000000ebd78038,0x00000000ebd80000)
  to   space 2560K, 0% used [0x00000000ecd80000,0x00000000ecd80000,0x00000000ed000000)
 ParOldGen       total 44032K, used 1441K [0x00000000c0000000, 0x00000000c2b00000, 0x00000000eab00000)
  object space 44032K, 3% used [0x00000000c0000000,0x00000000c0168520,0x00000000c2b00000)
 Metaspace       used 5519K, capacity 6768K, committed 7040K, reserved 1056768K
  class space    used 574K, capacity 616K, committed 640K, reserved 1048576K
}
Event: 2.211 GC heap before
{Heap before GC invocations=2 (full 0):
 PSYoungGen      total 18944K, used 18912K [0x00000000eab00000, 0x00000000ed000000, 0x0000000100000000)
  eden space 16384K, 100% used [0x00000000eab00000,0x00000000ebb00000,0x00000000ebb00000)
  from space 2560K, 98% used [0x00000000ebb00000,0x00000000ebd78038,0x00000000ebd80000)
  to   space 2560K, 0% used [0x00000000ecd80000,0x00000000ecd80000,0x00000000ed000000)
 ParOldGen       total 44032K, used 1441K [0x00000000c0000000, 0x00000000c2b00000, 0x00000000eab00000)
  object space 44032K, 3% used [0x00000000c0000000,0x00000000c0168520,0x00000000c2b00000)
 Metaspace       used 5624K, capacity 6832K, committed 7040K, reserved 1056768K
  class space    used 575K, capacity 616K, committed 640K, reserved 1048576K
Event: 2.230 GC heap after
Heap after GC invocations=2 (full 0):
 PSYoungGen      total 35328K, used 2544K [0x00000000eab00000, 0x00000000ed000000, 0x0000000100000000)
  eden space 32768K, 0% used [0x00000000eab00000,0x00000000eab00000,0x00000000ecb00000)
  from space 2560K, 99% used [0x00000000ecd80000,0x00000000ecffc038,0x00000000ed000000)
  to   space 2560K, 0% used [0x00000000ecb00000,0x00000000ecb00000,0x00000000ecd80000)
 ParOldGen       total 44032K, used 4735K [0x00000000c0000000, 0x00000000c2b00000, 0x00000000eab00000)
  object space 44032K, 10% used [0x00000000c0000000,0x00000000c049fc98,0x00000000c2b00000)
 Metaspace       used 5624K, capacity 6832K, committed 7040K, reserved 1056768K
  class space    used 575K, capacity 616K, committed 640K, reserved 1048576K
}

Deoptimization events (10 events):
Event: 1.724 Thread 0x0000000016469800 Uncommon trap: reason=class_check action=maybe_recompile pc=0x00000000024821a8 method=com.android.dx.ssa.NormalSsaInsn.accept(Lcom/android/dx/ssa/SsaInsn$Visitor;)V @ 9
Event: 1.768 Thread 0x0000000016358800 Uncommon trap: reason=null_check action=make_not_entrant pc=0x00000000024827e4 method=com.android.dx.ssa.SsaRenamer.getLocalForNewReg(I)Lcom/android/dx/rop/code/LocalItem; @ 19
Event: 1.803 Thread 0x000000001644c800 Uncommon trap: reason=null_check action=make_not_entrant pc=0x00000000024f0554 method=com.android.dx.ssa.SsaRenamer.getLocalForNewReg(I)Lcom/android/dx/rop/code/LocalItem; @ 19
Event: 2.024 Thread 0x0000000016358800 Uncommon trap: reason=unstable_if action=reinterpret pc=0x00000000025074b8 method=com.android.dx.rop.code.RegisterSpecSet.put(Lcom/android/dx/rop/code/RegisterSpec;)V @ 77
Event: 2.118 Thread 0x0000000016358800 Uncommon trap: reason=bimorphic action=maybe_recompile pc=0x00000000024180bc method=java.util.HashMap.getNode(ILjava/lang/Object;)Ljava/util/HashMap$Node; @ 126
Event: 2.118 Thread 0x0000000016358800 Uncommon trap: reason=class_check action=maybe_recompile pc=0x00000000025e5158 method=java.util.HashMap.putVal(ILjava/lang/Object;Ljava/lang/Object;ZZ)Ljava/lang/Object; @ 203
Event: 3.566 Thread 0x0000000016358800 Uncommon trap: reason=bimorphic action=maybe_recompile pc=0x000000000262f8fc method=com.android.dx.cf.code.BytecodeArray.parseInstruction(ILcom/android/dx/cf/code/BytecodeArray$Visitor;)I @ 955
Event: 3.566 Thread 0x0000000016358800 Uncommon trap: reason=bimorphic action=maybe_recompile pc=0x000000000262fd90 method=com.android.dx.cf.code.BytecodeArray.parseInstruction(ILcom/android/dx/cf/code/BytecodeArray$Visitor;)I @ 1224
Event: 3.566 Thread 0x0000000016358800 Uncommon trap: reason=bimorphic action=maybe_recompile pc=0x000000000262fd90 method=com.android.dx.cf.code.BytecodeArray.parseInstruction(ILcom/android/dx/cf/code/BytecodeArray$Visitor;)I @ 1224
Event: 3.566 Thread 0x0000000016358800 Uncommon trap: reason=bimorphic action=maybe_recompile pc=0x000000000262fd90 method=com.android.dx.cf.code.BytecodeArray.parseInstruction(ILcom/android/dx/cf/code/BytecodeArray$Visitor;)I @ 1224

Internal exceptions (4 events):
Event: 0.642 Thread 0x00000000020b0800 Exception <a 'java/lang/NoSuchMethodError': Method sun.misc.Unsafe.defineClass(Ljava/lang/String;[BII)Ljava/lang/Class; name or signature does not match> (0x00000000eab0d560) thrown at [C:\workspace\8-2-build-windows-amd64-cygwin\jdk8u65\4987\hotspot\src\sDŒýe7rå?
Event: 0.670 Thread 0x00000000020b0800 Exception <a 'java/lang/NoSuchMethodError': Method sun.misc.Unsafe.prefetchRead(Ljava/lang/Object;J)V name or signature does not match> (0x00000000eab0d848) thrown at [C:\workspace\8-2-build-windows-amd64-cygwin\jdk8u65\4987\hotspot\src\share\vm\prims\jni.¨úG¦³Hü?
Event: 1.768 Thread 0x0000000016358800 Implicit null exception at 0x0000000002480e2a to 0x00000000024827c5
Event: 1.803 Thread 0x000000001644c800 Implicit null exception at 0x00000000024ee499 to 0x00000000024f0509

Events (10 events):
Event: 3.566 Thread 0x0000000016358800 DEOPT UNPACKING pc=0x00000000021f582a sp=0x0000000016abe5e8 mode 2
Event: 3.566 Thread 0x0000000016358800 Uncommon trap: trap_request=0xffffffc6 fr.pc=0x000000000262fd90
Event: 3.566 Thread 0x0000000016358800 DEOPT PACKING pc=0x000000000262fd90 sp=0x0000000016abe640
Event: 3.566 Thread 0x0000000016358800 DEOPT UNPACKING pc=0x00000000021f582a sp=0x0000000016abe5e8 mode 2
Event: 3.566 Thread 0x0000000016358800 Uncommon trap: trap_request=0xffffffc6 fr.pc=0x000000000262fd90
Event: 3.566 Thread 0x0000000016358800 DEOPT PACKING pc=0x000000000262fd90 sp=0x0000000016abe640
Event: 3.566 Thread 0x0000000016358800 DEOPT UNPACKING pc=0x00000000021f582a sp=0x0000000016abe5e8 mode 2
Event: 3.566 Thread 0x0000000016358800 Uncommon trap: trap_request=0xffffffc6 fr.pc=0x000000000262fd90
Event: 3.566 Thread 0x0000000016358800 DEOPT PACKING pc=0x000000000262fd90 sp=0x0000000016abe640
Event: 3.566 Thread 0x0000000016358800 DEOPT UNPACKING pc=0x00000000021f582a sp=0x0000000016abe5e8 mode 2


Dynamic libraries:
0x00007ff606210000 - 0x00007ff606247000 	C:\Program Files\Java\jdk1.8.0_65\bin\java.exe
0x00007ff810bb0000 - 0x00007ff810d71000 	C:\Windows\SYSTEM32\ntdll.dll
0x00007ff80e9c0000 - 0x00007ff80ea6d000 	C:\Windows\system32\KERNEL32.DLL
0x00007ff80d280000 - 0x00007ff80d468000 	C:\Windows\system32\KERNELBASE.dll
0x00007ff80b710000 - 0x00007ff80b789000 	C:\Windows\system32\apphelp.dll
0x00007ff8108c0000 - 0x00007ff810967000 	C:\Windows\system32\ADVAPI32.dll
0x00007ff80e0e0000 - 0x00007ff80e17d000 	C:\Windows\system32\msvcrt.dll
0x00007ff8101a0000 - 0x00007ff8101fb000 	C:\Windows\system32\sechost.dll
0x00007ff810480000 - 0x00007ff81059c000 	C:\Windows\system32\RPCRT4.dll
0x00007ff80e7f0000 - 0x00007ff80e946000 	C:\Windows\system32\USER32.dll
0x00007ff810010000 - 0x00007ff810196000 	C:\Windows\system32\GDI32.dll
0x00007fffffb60000 - 0x00007fffffdd4000 	C:\Windows\WinSxS\amd64_microsoft.windows.common-controls_6595b64144ccf1df_6.0.10586.0_none_8c15ae12515e1c22\COMCTL32.dll
0x00007ff810200000 - 0x00007ff81047d000 	C:\Windows\system32\combase.dll
0x00007ff80d8f0000 - 0x00007ff80d95a000 	C:\Windows\system32\bcryptPrimitives.dll
0x00007ff80ffd0000 - 0x00007ff81000b000 	C:\Windows\system32\IMM32.DLL
0x000000005ccc0000 - 0x000000005cd92000 	C:\Program Files\Java\jdk1.8.0_65\jre\bin\msvcr100.dll
0x000000005d140000 - 0x000000005d9c9000 	C:\Program Files\Java\jdk1.8.0_65\jre\bin\server\jvm.dll
0x00007ff810750000 - 0x00007ff810758000 	C:\Windows\system32\PSAPI.DLL
0x00007ff802680000 - 0x00007ff802689000 	C:\Windows\SYSTEM32\WSOCK32.dll
0x00007ff80e180000 - 0x00007ff80e1eb000 	C:\Windows\system32\WS2_32.dll
0x00007ff80b5a0000 - 0x00007ff80b5c3000 	C:\Windows\SYSTEM32\WINMM.dll
0x00007ff8006f0000 - 0x00007ff8006fa000 	C:\Windows\SYSTEM32\VERSION.dll
0x00007ff80b240000 - 0x00007ff80b26c000 	C:\Windows\SYSTEM32\WINMMBASE.dll
0x00007ff80d6d0000 - 0x00007ff80d713000 	C:\Windows\system32\cfgmgr32.dll
0x000000005d130000 - 0x000000005d13f000 	C:\Program Files\Java\jdk1.8.0_65\jre\bin\verify.dll
0x000000005d100000 - 0x000000005d129000 	C:\Program Files\Java\jdk1.8.0_65\jre\bin\java.dll
0x000000005d0e0000 - 0x000000005d0f6000 	C:\Program Files\Java\jdk1.8.0_65\jre\bin\zip.dll
0x00007ff80ea70000 - 0x00007ff80ffcf000 	C:\Windows\system32\SHELL32.dll
0x00007ff80d960000 - 0x00007ff80dfa4000 	C:\Windows\system32\windows.storage.dll
0x00007ff80e250000 - 0x00007ff80e2a2000 	C:\Windows\system32\shlwapi.dll
0x00007ff80d230000 - 0x00007ff80d23f000 	C:\Windows\system32\kernel.appcore.dll
0x00007ff80d560000 - 0x00007ff80d615000 	C:\Windows\system32\shcore.dll
0x00007ff80d1d0000 - 0x00007ff80d21b000 	C:\Windows\system32\powrprof.dll
0x00007ff80d240000 - 0x00007ff80d254000 	C:\Windows\system32\profapi.dll

VM Arguments:
jvm_args: -Djava.awt.headless=true -Xmx1024M -Dfile.encoding=windows-1252 -Duser.country=US -Duser.language=en -Duser.variant 
java_command: com.android.dx.command.Main --dex --force-jumbo --num-threads=4 --multi-dex --output F:\Android Tools\My AndroWork\MapMyDay\app\build\intermediates\transforms\dex\debug\folders\1000\5\slice_6 F:\Android Tools\My AndroWork\MapMyDay\app\build\intermediates\transforms\instantRunSlicer\debug\folders\1\5\slice_6
java_class_path (initial): F:\sdk\build-tools\23.0.1\lib\dx.jar
Launcher Type: SUN_STANDARD

Environment Variables:
PATH=C:\ProgramData\Oracle\Java\javapath;C:\Windows\system32;C:\Windows;C:\Windows\System32\Wbem;C:\Windows\System32\WindowsPowerShell\v1.0\;C:\Program Files (x86)\Intel\OpenCL SDK\2.0\bin\x86;C:\Program Files (x86)\Intel\OpenCL SDK\2.0\bin\x64;C:\Program Files\Microsoft\Web Platform Installer\;C:\Program Files (x86)\Microsoft ASP.NET\ASP.NET Web Pages\v1.0\;C:\Program Files (x86)\Windows Kits\8.0\Windows Performance Toolkit\;C:\Program Files\Microsoft SQL Server\110\Tools\Binn\;C:\VisualStudio & OpenCv\opencv\build\x64\vc11\bin\;C:\Program Files (x86)\Common Files\lenovo\easyplussdk\bin;C:\Modeltech_pe_edu_10.4a\win32pe_edu
USERNAME=Fahim Al Mahmud
OS=Windows_NT
PROCESSOR_IDENTIFIER=Intel64 Family 6 Model 58 Stepping 9, GenuineIntel



---------------  S Y S T E M  ---------------

OS: Windows 10.0 , 64 bit Build 10586 (10.0.10586.0)

CPU:total 4 (2 cores per cpu, 2 threads per core) family 6 model 58 stepping 9, cmov, cx8, fxsr, mmx, sse, sse2, sse3, ssse3, sse4.1, sse4.2, popcnt, avx, aes, clmul, erms, ht, tsc, tscinvbit, tscinv

Memory: 4k page, physical 4087096k(513660k free), swap 6005436k(4120k free)

vm_info: Java HotSpot(TM) 64-Bit Server VM (25.65-b01) for windows-amd64 JRE (1.8.0_65-b17), built on Oct  6 2015 16:39:20 by "java_re" with MS VC++ 10.0 (VS2010)

time: Sun Jun 12 01:27:54 2016
elapsed time: 3 seconds (0d 0h 0m 3s)

