#
# There is insufficient memory for the Java Runtime Environment to continue.
# Native memory allocation (malloc) failed to allocate 32744 bytes for ChunkPool::allocate
# Possible reasons:
#   The system is out of physical RAM or swap space
#   In 32 bit mode, the process size limit was hit
# Possible solutions:
#   Reduce memory load on the system
#   Increase physical memory or swap space
#   Check if swap backing store is full
#   Use 64 bit Java on a 64 bit OS
#   Decrease Java heap size (-Xmx/-Xms)
#   Decrease number of Java threads
#   Decrease Java thread stack sizes (-Xss)
#   Set larger code cache with -XX:ReservedCodeCacheSize=
# This output file may be truncated or incomplete.
#
#  Out of Memory Error (allocation.cpp:273), pid=6028, tid=5056
#
# JRE version: Java(TM) SE Runtime Environment (8.0_65-b17) (build 1.8.0_65-b17)
# Java VM: Java HotSpot(TM) 64-Bit Server VM (25.65-b01 mixed mode windows-amd64 compressed oops)
# Failed to write core dump. Minidumps are not enabled by default on client versions of Windows
#

---------------  T H R E A D  ---------------

Current thread (0x0000000014a1f800):  JavaThread "C2 CompilerThread1" daemon [_thread_in_native, id=5056, stack(0x0000000016150000,0x0000000016250000)]

Stack: [0x0000000016150000,0x0000000016250000]
[error occurred during error reporting (printing stack bounds), id 0xc0000005]

Native frames: (J=compiled Java code, j=interpreted, Vv=VM code, C=native code)


Current CompileTask:
C2:  12184 1618       4       com.android.dx.rop.code.RegisterSpec$ForComparison::set (16 bytes)


---------------  P R O C E S S  ---------------

Java Threads: ( => current thread )
  0x00000000164ba000 JavaThread "pool-2-thread-4" [_thread_blocked, id=7948, stack(0x0000000016d50000,0x0000000016e50000)]
  0x00000000164bd800 JavaThread "pool-2-thread-3" [_thread_blocked, id=6432, stack(0x0000000016c50000,0x0000000016d50000)]
  0x00000000164b1000 JavaThread "pool-2-thread-2" [_thread_blocked, id=4824, stack(0x0000000016b50000,0x0000000016c50000)]
  0x00000000164aa000 JavaThread "pool-3-thread-1" [_thread_blocked, id=764, stack(0x0000000016a50000,0x0000000016b50000)]
  0x00000000164a9000 JavaThread "pool-2-thread-1" [_thread_blocked, id=344, stack(0x0000000016950000,0x0000000016a50000)]
  0x0000000014a7d800 JavaThread "Service Thread" daemon [_thread_blocked, id=1896, stack(0x0000000016750000,0x0000000016850000)]
  0x0000000016258800 JavaThread "C1 CompilerThread2" daemon [_thread_in_native, id=2472, stack(0x0000000016650000,0x0000000016750000)]
=>0x0000000014a1f800 JavaThread "C2 CompilerThread1" daemon [_thread_in_native, id=5056, stack(0x0000000016150000,0x0000000016250000)]
  0x0000000014a1d800 JavaThread "C2 CompilerThread0" daemon [_thread_in_native, id=2524, stack(0x0000000016050000,0x0000000016150000)]
  0x0000000014a1a800 JavaThread "Attach Listener" daemon [_thread_blocked, id=7412, stack(0x0000000015f50000,0x0000000016050000)]
  0x0000000014a19800 JavaThread "Signal Dispatcher" daemon [_thread_blocked, id=4632, stack(0x0000000015e50000,0x0000000015f50000)]
  0x0000000002340800 JavaThread "Finalizer" daemon [_thread_blocked, id=7784, stack(0x0000000015c70000,0x0000000015d70000)]
  0x000000000233d000 JavaThread "Reference Handler" daemon [_thread_blocked, id=212, stack(0x0000000015b70000,0x0000000015c70000)]
  0x0000000002250800 JavaThread "main" [_thread_in_vm, id=4564, stack(0x0000000002150000,0x0000000002250000)]

Other Threads:
  0x00000000149e8000 VMThread [stack: 0x0000000015a70000,0x0000000015b70000] [id=7692]
  0x0000000016260800 WatcherThread [stack: 0x0000000016850000,0x0000000016950000] [id=7600]

VM state:synchronizing (normal execution)

VM Mutex/Monitor currently owned by a thread:  ([mutex/lock_event])
[0x000000000214c430] Threads_lock - owner thread: 0x00000000149e8000

Heap:
 PSYoungGen      total 35328K, used 23333K [0x00000000eab00000, 0x00000000ef000000, 0x0000000100000000)
  eden space 32768K, 63% used [0x00000000eab00000,0x00000000ebf513d8,0x00000000ecb00000)
  from space 2560K, 98% used [0x00000000ecb00000,0x00000000ecd782f0,0x00000000ecd80000)
  to   space 2560K, 0% used [0x00000000eed80000,0x00000000eed80000,0x00000000ef000000)
 ParOldGen       total 44032K, used 9758K [0x00000000c0000000, 0x00000000c2b00000, 0x00000000eab00000)
  object space 44032K, 22% used [0x00000000c0000000,0x00000000c0987b18,0x00000000c2b00000)
 Metaspace       used 6158K, capacity 7128K, committed 7424K, reserved 1056768K
  class space    used 615K, capacity 656K, committed 768K, reserved 1048576K

Card table byte_map: [0x0000000011710000,0x0000000011920000] byte_map_base: 0x0000000011110000

Marking Bits: (ParMarkBitMap*) 0x000000006dc5a5b0
 Begin Bits: [0x0000000011e80000, 0x0000000012e80000)
 End Bits:   [0x0000000012e80000, 0x0000000013e80000)

Polling page: 0x00000000001f0000

CodeCache: size=245760Kb used=6946Kb max_used=6959Kb free=238813Kb
 bounds [0x0000000002350000, 0x0000000002a30000, 0x0000000011350000]
 total_blobs=1836 nmethods=1567 adapters=182
 compilation: enabled

Compilation events (10 events):
Event: 11.544 Thread 0x0000000014a1f800 1585       4       java.util.HashMap::resize (359 bytes)
Event: 11.557 Thread 0x0000000014a1f800 nmethod 1585 0x0000000002a13710 code [0x0000000002a138a0, 0x0000000002a13e18]
Event: 11.557 Thread 0x0000000014a1f800 1614       4       com.android.dx.ssa.SsaMethod::getUseListCopy (56 bytes)
Event: 11.574 Thread 0x0000000016258800 1616   !   2       sun.reflect.generics.parser.SignatureParser::current (40 bytes)
Event: 11.574 Thread 0x0000000016258800 nmethod 1616 0x0000000002a11350 code [0x0000000002a114a0, 0x0000000002a11650]
Event: 11.591 Thread 0x0000000014a1f800 nmethod 1614 0x0000000002a1f890 code [0x0000000002a1fa80, 0x0000000002a209a8]
Event: 11.591 Thread 0x0000000014a1f800 1573       4       com.android.dx.rop.code.Rop::hashCode (54 bytes)
Event: 11.609 Thread 0x0000000014a1f800 nmethod 1573 0x0000000002a21610 code [0x0000000002a21780, 0x0000000002a21e78]
Event: 11.834 Thread 0x0000000016258800 1617   !   3       com.android.dx.rop.code.RegisterSpec::intern (70 bytes)
Event: 11.834 Thread 0x0000000014a1f800 1618       4       com.android.dx.rop.code.RegisterSpec$ForComparison::set (16 bytes)

GC Heap History (6 events):
Event: 2.793 GC heap before
{Heap before GC invocations=1 (full 0):
 PSYoungGen      total 18944K, used 16384K [0x00000000eab00000, 0x00000000ec000000, 0x0000000100000000)
  eden space 16384K, 100% used [0x00000000eab00000,0x00000000ebb00000,0x00000000ebb00000)
  from space 2560K, 0% used [0x00000000ebd80000,0x00000000ebd80000,0x00000000ec000000)
  to   space 2560K, 0% used [0x00000000ebb00000,0x00000000ebb00000,0x00000000ebd80000)
 ParOldGen       total 44032K, used 0K [0x00000000c0000000, 0x00000000c2b00000, 0x00000000eab00000)
  object space 44032K, 0% used [0x00000000c0000000,0x00000000c0000000,0x00000000c2b00000)
 Metaspace       used 5704K, capacity 6768K, committed 7040K, reserved 1056768K
  class space    used 590K, capacity 616K, committed 640K, reserved 1048576K
Event: 3.414 GC heap after
Heap after GC invocations=1 (full 0):
 PSYoungGen      total 18944K, used 2551K [0x00000000eab00000, 0x00000000ed000000, 0x0000000100000000)
  eden space 16384K, 0% used [0x00000000eab00000,0x00000000eab00000,0x00000000ebb00000)
  from space 2560K, 99% used [0x00000000ebb00000,0x00000000ebd7dc78,0x00000000ebd80000)
  to   space 2560K, 0% used [0x00000000ecd80000,0x00000000ecd80000,0x00000000ed000000)
 ParOldGen       total 44032K, used 1818K [0x00000000c0000000, 0x00000000c2b00000, 0x00000000eab00000)
  object space 44032K, 4% used [0x00000000c0000000,0x00000000c01c6870,0x00000000c2b00000)
 Metaspace       used 5704K, capacity 6768K, committed 7040K, reserved 1056768K
  class space    used 590K, capacity 616K, committed 640K, reserved 1048576K
}
Event: 4.821 GC heap before
{Heap before GC invocations=2 (full 0):
 PSYoungGen      total 18944K, used 18935K [0x00000000eab00000, 0x00000000ed000000, 0x0000000100000000)
  eden space 16384K, 100% used [0x00000000eab00000,0x00000000ebb00000,0x00000000ebb00000)
  from space 2560K, 99% used [0x00000000ebb00000,0x00000000ebd7dc78,0x00000000ebd80000)
  to   space 2560K, 0% used [0x00000000ecd80000,0x00000000ecd80000,0x00000000ed000000)
 ParOldGen       total 44032K, used 1818K [0x00000000c0000000, 0x00000000c2b00000, 0x00000000eab00000)
  object space 44032K, 4% used [0x00000000c0000000,0x00000000c01c6870,0x00000000c2b00000)
 Metaspace       used 5897K, capacity 6960K, committed 7040K, reserved 1056768K
  class space    used 594K, capacity 616K, committed 640K, reserved 1048576K
Event: 5.551 GC heap after
Heap after GC invocations=2 (full 0):
 PSYoungGen      total 35328K, used 2528K [0x00000000eab00000, 0x00000000ed000000, 0x0000000100000000)
  eden space 32768K, 0% used [0x00000000eab00000,0x00000000eab00000,0x00000000ecb00000)
  from space 2560K, 98% used [0x00000000ecd80000,0x00000000ecff8168,0x00000000ed000000)
  to   space 2560K, 0% used [0x00000000ecb00000,0x00000000ecb00000,0x00000000ecd80000)
 ParOldGen       total 44032K, used 4852K [0x00000000c0000000, 0x00000000c2b00000, 0x00000000eab00000)
  object space 44032K, 11% used [0x00000000c0000000,0x00000000c04bd350,0x00000000c2b00000)
 Metaspace       used 5897K, capacity 6960K, committed 7040K, reserved 1056768K
  class space    used 594K, capacity 616K, committed 640K, reserved 1048576K
}
Event: 10.371 GC heap before
{Heap before GC invocations=3 (full 0):
 PSYoungGen      total 35328K, used 35296K [0x00000000eab00000, 0x00000000ed000000, 0x0000000100000000)
  eden space 32768K, 100% used [0x00000000eab00000,0x00000000ecb00000,0x00000000ecb00000)
  from space 2560K, 98% used [0x00000000ecd80000,0x00000000ecff8168,0x00000000ed000000)
  to   space 2560K, 0% used [0x00000000ecb00000,0x00000000ecb00000,0x00000000ecd80000)
 ParOldGen       total 44032K, used 4852K [0x00000000c0000000, 0x00000000c2b00000, 0x00000000eab00000)
  object space 44032K, 11% used [0x00000000c0000000,0x00000000c04bd350,0x00000000c2b00000)
 Metaspace       used 6060K, capacity 7088K, committed 7296K, reserved 1056768K
  class space    used 594K, capacity 616K, committed 640K, reserved 1048576K
Event: 10.956 GC heap after
Heap after GC invocations=3 (full 0):
 PSYoungGen      total 35328K, used 2528K [0x00000000eab00000, 0x00000000ef000000, 0x0000000100000000)
  eden space 32768K, 0% used [0x00000000eab00000,0x00000000eab00000,0x00000000ecb00000)
  from space 2560K, 98% used [0x00000000ecb00000,0x00000000ecd782f0,0x00000000ecd80000)
  to   space 2560K, 0% used [0x00000000eed80000,0x00000000eed80000,0x00000000ef000000)
 ParOldGen       total 44032K, used 9758K [0x00000000c0000000, 0x00000000c2b00000, 0x00000000eab00000)
  object space 44032K, 22% used [0x00000000c0000000,0x00000000c0987b18,0x00000000c2b00000)
 Metaspace       used 6060K, capacity 7088K, committed 7296K, reserved 1056768K
  class space    used 594K, capacity 616K, committed 640K, reserved 1048576K
}

Deoptimization events (10 events):
Event: 4.401 Thread 0x0000000002250800 Uncommon trap: reason=unstable_if action=reinterpret pc=0x00000000026de5ac method=com.android.dx.rop.code.RegisterSpecSet.put(Lcom/android/dx/rop/code/RegisterSpec;)V @ 77
Event: 4.403 Thread 0x0000000002250800 Uncommon trap: reason=bimorphic action=maybe_recompile pc=0x00000000027698a0 method=java.util.HashMap.getNode(ILjava/lang/Object;)Ljava/util/HashMap$Node; @ 126
Event: 4.403 Thread 0x0000000002250800 Uncommon trap: reason=class_check action=maybe_recompile pc=0x000000000277df58 method=java.util.HashMap.putVal(ILjava/lang/Object;Ljava/lang/Object;ZZ)Ljava/lang/Object; @ 203
Event: 4.404 Thread 0x0000000002250800 Uncommon trap: reason=bimorphic action=maybe_recompile pc=0x00000000027698a0 method=java.util.HashMap.getNode(ILjava/lang/Object;)Ljava/util/HashMap$Node; @ 126
Event: 4.404 Thread 0x0000000002250800 Uncommon trap: reason=class_check action=maybe_recompile pc=0x000000000277df58 method=java.util.HashMap.putVal(ILjava/lang/Object;Ljava/lang/Object;ZZ)Ljava/lang/Object; @ 203
Event: 4.404 Thread 0x0000000002250800 Uncommon trap: reason=bimorphic action=maybe_recompile pc=0x00000000027698a0 method=java.util.HashMap.getNode(ILjava/lang/Object;)Ljava/util/HashMap$Node; @ 126
Event: 4.404 Thread 0x0000000002250800 Uncommon trap: reason=class_check action=maybe_recompile pc=0x000000000277df58 method=java.util.HashMap.putVal(ILjava/lang/Object;Ljava/lang/Object;ZZ)Ljava/lang/Object; @ 203
Event: 4.404 Thread 0x0000000002250800 Uncommon trap: reason=bimorphic action=maybe_recompile pc=0x0000000002761cec method=java.util.HashMap.getNode(ILjava/lang/Object;)Ljava/util/HashMap$Node; @ 126
Event: 5.729 Thread 0x00000000164b1000 Uncommon trap: reason=unstable_if action=reinterpret pc=0x00000000028c3b64 method=com.android.dx.ssa.SCCP.simulateStmt(Lcom/android/dx/ssa/SsaInsn;)V @ 53
Event: 11.451 Thread 0x00000000164ba000 Uncommon trap: reason=unstable_if action=reinterpret pc=0x00000000026b8ea0 method=java.util.HashMap.putVal(ILjava/lang/Object;Ljava/lang/Object;ZZ)Ljava/lang/Object; @ 162

Internal exceptions (6 events):
Event: 0.202 Thread 0x0000000002250800 Exception <a 'java/lang/NoSuchMethodError': Method sun.misc.Unsafe.defineClass(Ljava/lang/String;[BII)Ljava/lang/Class; name or signature does not match> (0x00000000eab0d620) thrown at [C:\workspace\8-2-build-windows-amd64-cygwin\jdk8u65\4987\hotspot\src\sk9?ëžÞÉ?
Event: 0.202 Thread 0x0000000002250800 Exception <a 'java/lang/NoSuchMethodError': Method sun.misc.Unsafe.prefetchRead(Ljava/lang/Object;J)V name or signature does not match> (0x00000000eab0d908) thrown at [C:\workspace\8-2-build-windows-amd64-cygwin\jdk8u65\4987\hotspot\src\share\vm\prims\jni.#’X•2±@
Event: 3.462 Thread 0x00000000164bd800 Implicit null exception at 0x000000000261bef1 to 0x000000000261d29d
Event: 11.454 Thread 0x00000000164ba000 Exception <a 'java/lang/ArrayIndexOutOfBoundsException': 18> (0x00000000ebb29bd0) thrown at [C:\workspace\8-2-build-windows-amd64-cygwin\jdk8u65\4987\hotspot\src\share\vm\interpreter\interpreterRuntime.cpp, line 366]
Event: 11.574 Thread 0x00000000164ba000 Exception <a 'java/lang/ArrayIndexOutOfBoundsException'> (0x00000000ebb2b750) thrown at [C:\workspace\8-2-build-windows-amd64-cygwin\jdk8u65\4987\hotspot\src\share\vm\runtime\sharedRuntime.cpp, line 605]
Event: 11.576 Thread 0x00000000164ba000 Exception <a 'java/lang/ArrayIndexOutOfBoundsException'> (0x00000000ebb2ca38) thrown at [C:\workspace\8-2-build-windows-amd64-cygwin\jdk8u65\4987\hotspot\src\share\vm\runtime\sharedRuntime.cpp, line 605]

Events (10 events):
Event: 11.575 loading class java/lang/reflect/ParameterizedType done
Event: 11.575 loading class sun/reflect/generics/reflectiveObjects/ParameterizedTypeImpl done
Event: 11.576 loading class java/lang/reflect/TypeVariable
Event: 11.576 loading class java/lang/reflect/TypeVariable done
Event: 11.576 loading class sun/reflect/generics/reflectiveObjects/TypeVariableImpl
Event: 11.576 loading class sun/reflect/generics/reflectiveObjects/LazyReflectiveObjectGenerator
Event: 11.576 loading class sun/reflect/generics/reflectiveObjects/LazyReflectiveObjectGenerator done
Event: 11.834 loading class sun/reflect/generics/reflectiveObjects/TypeVariableImpl done
Event: 11.837 Thread 0x0000000002250800 Uncommon trap: trap_request=0xffffff65 fr.pc=0x0000000002938f5c
Event: 11.837 Thread 0x00000000164ba000 Uncommon trap: trap_request=0xffffff65 fr.pc=0x00000000028c0394


Dynamic libraries:
0x00007ff788ce0000 - 0x00007ff788d17000 	C:\Program Files\Java\jdk1.8.0_65\bin\java.exe
0x00007ffc1d5e0000 - 0x00007ffc1d7a1000 	C:\Windows\SYSTEM32\ntdll.dll
0x00007ffc1b370000 - 0x00007ffc1b41d000 	C:\Windows\system32\KERNEL32.DLL
0x00007ffc19d20000 - 0x00007ffc19f08000 	C:\Windows\system32\KERNELBASE.dll
0x00007ffc18190000 - 0x00007ffc18209000 	C:\Windows\system32\apphelp.dll
0x00007ffc1ac00000 - 0x00007ffc1aca7000 	C:\Windows\system32\ADVAPI32.dll
0x00007ffc1cff0000 - 0x00007ffc1d08d000 	C:\Windows\system32\msvcrt.dll
0x00007ffc1b240000 - 0x00007ffc1b29b000 	C:\Windows\system32\sechost.dll
0x00007ffc1b6a0000 - 0x00007ffc1b7bc000 	C:\Windows\system32\RPCRT4.dll
0x00007ffc1acb0000 - 0x00007ffc1ae06000 	C:\Windows\system32\USER32.dll
0x00007ffc1aa00000 - 0x00007ffc1ab86000 	C:\Windows\system32\GDI32.dll
0x00007ffc0c950000 - 0x00007ffc0cbc4000 	C:\Windows\WinSxS\amd64_microsoft.windows.common-controls_6595b64144ccf1df_6.0.10586.0_none_8c15ae12515e1c22\COMCTL32.dll
0x00007ffc1b420000 - 0x00007ffc1b69d000 	C:\Windows\system32\combase.dll
0x00007ffc1a150000 - 0x00007ffc1a1ba000 	C:\Windows\system32\bcryptPrimitives.dll
0x00007ffc1d210000 - 0x00007ffc1d24b000 	C:\Windows\system32\IMM32.DLL
0x000000006cfd0000 - 0x000000006d0a2000 	C:\Program Files\Java\jdk1.8.0_65\jre\bin\msvcr100.dll
0x000000006d450000 - 0x000000006dcd9000 	C:\Program Files\Java\jdk1.8.0_65\jre\bin\server\jvm.dll
0x00007ffc1d3a0000 - 0x00007ffc1d3a8000 	C:\Windows\system32\PSAPI.DLL
0x00007ffc02230000 - 0x00007ffc02239000 	C:\Windows\SYSTEM32\WSOCK32.dll
0x00007ffc180a0000 - 0x00007ffc180c3000 	C:\Windows\SYSTEM32\WINMM.dll
0x00007ffc0e190000 - 0x00007ffc0e19a000 	C:\Windows\SYSTEM32\VERSION.dll
0x00007ffc1d090000 - 0x00007ffc1d0fb000 	C:\Windows\system32\WS2_32.dll
0x00000000020c0000 - 0x00000000020ec000 	C:\Windows\SYSTEM32\WINMMBASE.dll
0x00007ffc1a100000 - 0x00007ffc1a143000 	C:\Windows\system32\cfgmgr32.dll
0x000000006d440000 - 0x000000006d44f000 	C:\Program Files\Java\jdk1.8.0_65\jre\bin\verify.dll
0x000000006d410000 - 0x000000006d439000 	C:\Program Files\Java\jdk1.8.0_65\jre\bin\java.dll
0x000000006d3f0000 - 0x000000006d406000 	C:\Program Files\Java\jdk1.8.0_65\jre\bin\zip.dll
0x00007ffc1b980000 - 0x00007ffc1cedf000 	C:\Windows\system32\SHELL32.dll
0x00007ffc1a2d0000 - 0x00007ffc1a914000 	C:\Windows\system32\windows.storage.dll
0x00007ffc1d3c0000 - 0x00007ffc1d412000 	C:\Windows\system32\shlwapi.dll
0x00007ffc19c80000 - 0x00007ffc19c8f000 	C:\Windows\system32\kernel.appcore.dll
0x00007ffc1a920000 - 0x00007ffc1a9d5000 	C:\Windows\system32\shcore.dll
0x00007ffc19c30000 - 0x00007ffc19c7b000 	C:\Windows\system32\powrprof.dll
0x00007ffc19c10000 - 0x00007ffc19c24000 	C:\Windows\system32\profapi.dll

VM Arguments:
jvm_args: -Djava.awt.headless=true -Xmx1024M -Dfile.encoding=windows-1252 -Duser.country=US -Duser.language=en -Duser.variant 
java_command: com.android.dx.command.Main --dex --force-jumbo --num-threads=4 --multi-dex --output F:\Android Tools\My AndroWork\MapMyDay\app\build\intermediates\transforms\dex\debug\folders\1000\10\com.android.support-recyclerview-v7-23.1.1_3b68c178c13e6a0df3a3b1c4f3709ead7e46dfb0 F:\Android Tools\My AndroWork\MapMyDay\app\build\intermediates\exploded-aar\com.android.support\recyclerview-v7\23.1.1\jars\classes.jar
java_class_path (initial): F:\sdk\build-tools\23.0.1\lib\dx.jar
Launcher Type: SUN_STANDARD

Environment Variables:
PATH=C:\ProgramData\Oracle\Java\javapath;C:\Windows\system32;C:\Windows;C:\Windows\System32\Wbem;C:\Windows\System32\WindowsPowerShell\v1.0\;C:\Program Files (x86)\Intel\OpenCL SDK\2.0\bin\x86;C:\Program Files (x86)\Intel\OpenCL SDK\2.0\bin\x64;C:\Program Files\Microsoft\Web Platform Installer\;C:\Program Files (x86)\Microsoft ASP.NET\ASP.NET Web Pages\v1.0\;C:\Program Files (x86)\Windows Kits\8.0\Windows Performance Toolkit\;C:\Program Files\Microsoft SQL Server\110\Tools\Binn\;C:\VisualStudio & OpenCv\opencv\build\x64\vc11\bin\;C:\Program Files (x86)\Common Files\lenovo\easyplussdk\bin;C:\Modeltech_pe_edu_10.4a\win32pe_edu
USERNAME=Fahim Al Mahmud
OS=Windows_NT
PROCESSOR_IDENTIFIER=Intel64 Family 6 Model 58 Stepping 9, GenuineIntel



---------------  S Y S T E M  ---------------

OS: Windows 10.0 , 64 bit Build 10586 (10.0.10586.0)

CPU:total 4 (2 cores per cpu, 2 threads per core) family 6 model 58 stepping 9, cmov, cx8, fxsr, mmx, sse, sse2, sse3, ssse3, sse4.1, sse4.2, popcnt, avx, aes, clmul, erms, ht, tsc, tscinvbit, tscinv

Memory: 4k page, physical 4087096k(394696k free), swap 5215736k(6084k free)

vm_info: Java HotSpot(TM) 64-Bit Server VM (25.65-b01) for windows-amd64 JRE (1.8.0_65-b17), built on Oct  6 2015 16:39:20 by "java_re" with MS VC++ 10.0 (VS2010)

time: Mon Jun 13 11:39:04 2016
elapsed time: 12 seconds (0d 0h 0m 12s)

