#
# There is insufficient memory for the Java Runtime Environment to continue.
# Native memory allocation (malloc) failed to allocate 480104 bytes for AllocateHeap
# Possible reasons:
#   The system is out of physical RAM or swap space
#   In 32 bit mode, the process size limit was hit
# Possible solutions:
#   Reduce memory load on the system
#   Increase physical memory or swap space
#   Check if swap backing store is full
#   Use 64 bit Java on a 64 bit OS
#   Decrease Java heap size (-Xmx/-Xms)
#   Decrease number of Java threads
#   Decrease Java thread stack sizes (-Xss)
#   Set larger code cache with -XX:ReservedCodeCacheSize=
# This output file may be truncated or incomplete.
#
#  Out of Memory Error (memory/allocation.inline.hpp:61), pid=1896, tid=5252
#
# JRE version:  (8.0_65-b17) (build )
# Java VM: Java HotSpot(TM) 64-Bit Server VM (25.65-b01 mixed mode windows-amd64 compressed oops)
# Failed to write core dump. Minidumps are not enabled by default on client versions of Windows
#

---------------  T H R E A D  ---------------

Current thread (0x00000000021b0800):  JavaThread "Unknown thread" [_thread_in_vm, id=5252, stack(0x0000000001ec0000,0x0000000001fc0000)]

Stack: [0x0000000001ec0000,0x0000000001fc0000]
[error occurred during error reporting (printing stack bounds), id 0xc0000005]

Native frames: (J=compiled Java code, j=interpreted, Vv=VM code, C=native code)


---------------  P R O C E S S  ---------------

Java Threads: ( => current thread )

Other Threads:

=>0x00000000021b0800 (exited) JavaThread "Unknown thread" [_thread_in_vm, id=5252, stack(0x0000000001ec0000,0x0000000001fc0000)]

VM state:not at safepoint (not fully initialized)

VM Mutex/Monitor currently owned by a thread: None

GC Heap History (0 events):
No events

Deoptimization events (0 events):
No events

Internal exceptions (0 events):
No events

Events (0 events):
No events


Dynamic libraries:
0x00007ff788ce0000 - 0x00007ff788d17000 	C:\Program Files\Java\jdk1.8.0_65\bin\java.exe
0x00007ffc1d5e0000 - 0x00007ffc1d7a1000 	C:\Windows\SYSTEM32\ntdll.dll
0x00007ffc1b370000 - 0x00007ffc1b41d000 	C:\Windows\system32\KERNEL32.DLL
0x00007ffc19d20000 - 0x00007ffc19f08000 	C:\Windows\system32\KERNELBASE.dll
0x00007ffc18190000 - 0x00007ffc18209000 	C:\Windows\system32\apphelp.dll
0x00007ffc1ac00000 - 0x00007ffc1aca7000 	C:\Windows\system32\ADVAPI32.dll
0x00007ffc1cff0000 - 0x00007ffc1d08d000 	C:\Windows\system32\msvcrt.dll
0x00007ffc1b240000 - 0x00007ffc1b29b000 	C:\Windows\system32\sechost.dll
0x00007ffc1b6a0000 - 0x00007ffc1b7bc000 	C:\Windows\system32\RPCRT4.dll
0x00007ffc1acb0000 - 0x00007ffc1ae06000 	C:\Windows\system32\USER32.dll
0x00007ffc1aa00000 - 0x00007ffc1ab86000 	C:\Windows\system32\GDI32.dll
0x00007ffc0c950000 - 0x00007ffc0cbc4000 	C:\Windows\WinSxS\amd64_microsoft.windows.common-controls_6595b64144ccf1df_6.0.10586.0_none_8c15ae12515e1c22\COMCTL32.dll
0x00007ffc1b420000 - 0x00007ffc1b69d000 	C:\Windows\system32\combase.dll
0x00007ffc1a150000 - 0x00007ffc1a1ba000 	C:\Windows\system32\bcryptPrimitives.dll
0x00007ffc1d210000 - 0x00007ffc1d24b000 	C:\Windows\system32\IMM32.DLL
0x000000006cfd0000 - 0x000000006d0a2000 	C:\Program Files\Java\jdk1.8.0_65\jre\bin\msvcr100.dll
0x000000006d450000 - 0x000000006dcd9000 	C:\Program Files\Java\jdk1.8.0_65\jre\bin\server\jvm.dll
0x00007ffc1d3a0000 - 0x00007ffc1d3a8000 	C:\Windows\system32\PSAPI.DLL
0x00007ffc02230000 - 0x00007ffc02239000 	C:\Windows\SYSTEM32\WSOCK32.dll
0x00007ffc1d090000 - 0x00007ffc1d0fb000 	C:\Windows\system32\WS2_32.dll
0x00007ffc180a0000 - 0x00007ffc180c3000 	C:\Windows\SYSTEM32\WINMM.dll
0x00007ffc0e190000 - 0x00007ffc0e19a000 	C:\Windows\SYSTEM32\VERSION.dll
0x00007ffc18070000 - 0x00007ffc1809c000 	C:\Windows\SYSTEM32\WINMMBASE.dll
0x00007ffc1a100000 - 0x00007ffc1a143000 	C:\Windows\system32\cfgmgr32.dll
0x000000006d440000 - 0x000000006d44f000 	C:\Program Files\Java\jdk1.8.0_65\jre\bin\verify.dll
0x000000006d410000 - 0x000000006d439000 	C:\Program Files\Java\jdk1.8.0_65\jre\bin\java.dll
0x000000006d3f0000 - 0x000000006d406000 	C:\Program Files\Java\jdk1.8.0_65\jre\bin\zip.dll

VM Arguments:
jvm_args: -Djava.awt.headless=true -Xmx1024M -Dfile.encoding=windows-1252 -Duser.country=US -Duser.language=en -Duser.variant 
java_command: com.android.dx.command.Main --dex --force-jumbo --num-threads=4 --multi-dex --output F:\Android Tools\My AndroWork\MapMyDay\app\build\intermediates\transforms\dex\debug\folders\1000\10\io.nlopez.clusterer-library-1.0.6_856b78db23f7301c160a83db8ecde8b92f993a57 F:\Android Tools\My AndroWork\MapMyDay\app\build\intermediates\exploded-aar\io.nlopez.clusterer\library\1.0.6\jars\classes.jar
java_class_path (initial): F:\sdk\build-tools\23.0.1\lib\dx.jar
Launcher Type: SUN_STANDARD

Environment Variables:
PATH=C:\ProgramData\Oracle\Java\javapath;C:\Windows\system32;C:\Windows;C:\Windows\System32\Wbem;C:\Windows\System32\WindowsPowerShell\v1.0\;C:\Program Files (x86)\Intel\OpenCL SDK\2.0\bin\x86;C:\Program Files (x86)\Intel\OpenCL SDK\2.0\bin\x64;C:\Program Files\Microsoft\Web Platform Installer\;C:\Program Files (x86)\Microsoft ASP.NET\ASP.NET Web Pages\v1.0\;C:\Program Files (x86)\Windows Kits\8.0\Windows Performance Toolkit\;C:\Program Files\Microsoft SQL Server\110\Tools\Binn\;C:\VisualStudio & OpenCv\opencv\build\x64\vc11\bin\;C:\Program Files (x86)\Common Files\lenovo\easyplussdk\bin;C:\Modeltech_pe_edu_10.4a\win32pe_edu
USERNAME=Fahim Al Mahmud
OS=Windows_NT
PROCESSOR_IDENTIFIER=Intel64 Family 6 Model 58 Stepping 9, GenuineIntel



---------------  S Y S T E M  ---------------

OS: Windows 10.0 , 64 bit Build 10586 (10.0.10586.0)

CPU:total 4 (2 cores per cpu, 2 threads per core) family 6 model 58 stepping 9, cmov, cx8, fxsr, mmx, sse, sse2, sse3, ssse3, sse4.1, sse4.2, popcnt, avx, aes, clmul, erms, ht, tsc, tscinvbit, tscinv

Memory: 4k page, physical 4087096k(462124k free), swap 5215736k(5208k free)

vm_info: Java HotSpot(TM) 64-Bit Server VM (25.65-b01) for windows-amd64 JRE (1.8.0_65-b17), built on Oct  6 2015 16:39:20 by "java_re" with MS VC++ 10.0 (VS2010)

time: Mon Jun 13 11:44:13 2016
elapsed time: 0 seconds (0d 0h 0m 0s)

