#
# There is insufficient memory for the Java Runtime Environment to continue.
# Native memory allocation (malloc) failed to allocate 210464 bytes for Chunk::new
# Possible reasons:
#   The system is out of physical RAM or swap space
#   In 32 bit mode, the process size limit was hit
# Possible solutions:
#   Reduce memory load on the system
#   Increase physical memory or swap space
#   Check if swap backing store is full
#   Use 64 bit Java on a 64 bit OS
#   Decrease Java heap size (-Xmx/-Xms)
#   Decrease number of Java threads
#   Decrease Java thread stack sizes (-Xss)
#   Set larger code cache with -XX:ReservedCodeCacheSize=
# This output file may be truncated or incomplete.
#
#  Out of Memory Error (allocation.cpp:390), pid=7420, tid=4632
#
# JRE version: Java(TM) SE Runtime Environment (8.0_65-b17) (build 1.8.0_65-b17)
# Java VM: Java HotSpot(TM) 64-Bit Server VM (25.65-b01 mixed mode windows-amd64 compressed oops)
# Failed to write core dump. Minidumps are not enabled by default on client versions of Windows
#

---------------  T H R E A D  ---------------

Current thread (0x0000000014a1a000):  JavaThread "C2 CompilerThread1" daemon [_thread_in_native, id=4632, stack(0x00000000160f0000,0x00000000161f0000)]

Stack: [0x00000000160f0000,0x00000000161f0000]
[error occurred during error reporting (printing stack bounds), id 0xc0000005]

Native frames: (J=compiled Java code, j=interpreted, Vv=VM code, C=native code)


Current CompileTask:
C2:   9236 1523       4       com.android.dx.ssa.SsaRenamer$BlockRenamer::visitNonMoveInsn (14 bytes)


---------------  P R O C E S S  ---------------

Java Threads: ( => current thread )
  0x0000000016552800 JavaThread "pool-1-thread-1" [_thread_in_Java, id=5640, stack(0x00000000185c0000,0x00000000186c0000)]
  0x00000000162f6000 JavaThread "Service Thread" daemon [_thread_blocked, id=7556, stack(0x00000000166f0000,0x00000000167f0000)]
  0x0000000014a1d000 JavaThread "C1 CompilerThread2" daemon [_thread_blocked, id=8064, stack(0x00000000161f0000,0x00000000162f0000)]
=>0x0000000014a1a000 JavaThread "C2 CompilerThread1" daemon [_thread_in_native, id=4632, stack(0x00000000160f0000,0x00000000161f0000)]
  0x00000000149be800 JavaThread "C2 CompilerThread0" daemon [_thread_in_native, id=4564, stack(0x0000000015ff0000,0x00000000160f0000)]
  0x00000000149bb800 JavaThread "Attach Listener" daemon [_thread_blocked, id=4984, stack(0x0000000015ef0000,0x0000000015ff0000)]
  0x00000000149ba800 JavaThread "Signal Dispatcher" daemon [_thread_blocked, id=2884, stack(0x0000000015df0000,0x0000000015ef0000)]
  0x00000000022e0800 JavaThread "Finalizer" daemon [_thread_blocked, id=3612, stack(0x0000000015c10000,0x0000000015d10000)]
  0x00000000022dd000 JavaThread "Reference Handler" daemon [_thread_blocked, id=7112, stack(0x0000000015b10000,0x0000000015c10000)]
  0x00000000021f0800 JavaThread "main" [_thread_blocked, id=7660, stack(0x0000000001f50000,0x0000000002050000)]

Other Threads:
  0x0000000014988000 VMThread [stack: 0x0000000015a10000,0x0000000015b10000] [id=8024]
  0x000000001630a000 WatcherThread [stack: 0x00000000167f0000,0x00000000168f0000] [id=7528]

VM state:not at safepoint (normal execution)

VM Mutex/Monitor currently owned by a thread: None

Heap:
 PSYoungGen      total 143360K, used 118262K [0x00000000eab00000, 0x00000000fa300000, 0x0000000100000000)
  eden space 125440K, 84% used [0x00000000eab00000,0x00000000f130ad98,0x00000000f2580000)
  from space 17920K, 65% used [0x00000000f2580000,0x00000000f30f2b48,0x00000000f3700000)
  to   space 26624K, 0% used [0x00000000f8900000,0x00000000f8900000,0x00000000fa300000)
 ParOldGen       total 82944K, used 43727K [0x00000000c0000000, 0x00000000c5100000, 0x00000000eab00000)
  object space 82944K, 52% used [0x00000000c0000000,0x00000000c2ab3fb0,0x00000000c5100000)
 Metaspace       used 6524K, capacity 7320K, committed 7680K, reserved 1056768K
  class space    used 621K, capacity 656K, committed 768K, reserved 1048576K

Card table byte_map: [0x00000000116b0000,0x00000000118c0000] byte_map_base: 0x00000000110b0000

Marking Bits: (ParMarkBitMap*) 0x000000006dc5a5b0
 Begin Bits: [0x0000000011e20000, 0x0000000012e20000)
 End Bits:   [0x0000000012e20000, 0x0000000013e20000)

Polling page: 0x00000000001f0000

CodeCache: size=245760Kb used=8497Kb max_used=8497Kb free=237262Kb
 bounds [0x00000000022f0000, 0x0000000002b50000, 0x00000000112f0000]
 total_blobs=2383 nmethods=2113 adapters=182
 compilation: enabled

Compilation events (10 events):
Event: 9.188 Thread 0x0000000014a1d000 2174 %     3       com.android.dx.dex.code.OutputFinisher::addConstants @ 47 (93 bytes)
Event: 9.188 Thread 0x0000000014a1d000 nmethod 2174% 0x0000000002b40750 code [0x0000000002b40980, 0x0000000002b41908]
Event: 9.188 Thread 0x0000000014a1d000 2175       2       java.util.HashMap::keySet (27 bytes)
Event: 9.189 Thread 0x0000000014a1d000 nmethod 2175 0x0000000002b39d50 code [0x0000000002b39ea0, 0x0000000002b3a090]
Event: 9.189 Thread 0x0000000014a1d000 2177       3       com.android.dx.dex.code.OutputFinisher::addConstants (93 bytes)
Event: 9.190 Thread 0x0000000014a1d000 nmethod 2177 0x0000000002b41e50 code [0x0000000002b42080, 0x0000000002b42f68]
Event: 9.190 Thread 0x0000000014a1d000 2176       2       java.util.HashMap$KeySet::iterator (12 bytes)
Event: 9.190 Thread 0x0000000014a1d000 nmethod 2176 0x0000000002b3e110 code [0x0000000002b3e280, 0x0000000002b3e468]
Event: 9.190 Thread 0x0000000014a1d000 2178       2       com.android.dx.dex.file.DebugInfoItem::<init> (36 bytes)
Event: 9.190 Thread 0x0000000014a1d000 nmethod 2178 0x0000000002b3dc10 code [0x0000000002b3dd80, 0x0000000002b3dff8]

GC Heap History (10 events):
Event: 4.641 GC heap before
{Heap before GC invocations=6 (full 0):
 PSYoungGen      total 35328K, used 35299K [0x00000000eab00000, 0x00000000efa00000, 0x0000000100000000)
  eden space 32768K, 100% used [0x00000000eab00000,0x00000000ecb00000,0x00000000ecb00000)
  from space 2560K, 98% used [0x00000000ecb00000,0x00000000ecd78f90,0x00000000ecd80000)
  to   space 7680K, 0% used [0x00000000ef280000,0x00000000ef280000,0x00000000efa00000)
 ParOldGen       total 44032K, used 14920K [0x00000000c0000000, 0x00000000c2b00000, 0x00000000eab00000)
  object space 44032K, 33% used [0x00000000c0000000,0x00000000c0e920a0,0x00000000c2b00000)
 Metaspace       used 6177K, capacity 7152K, committed 7296K, reserved 1056768K
  class space    used 594K, capacity 616K, committed 640K, reserved 1048576K
Event: 4.664 GC heap after
Heap after GC invocations=6 (full 0):
 PSYoungGen      total 72192K, used 7651K [0x00000000eab00000, 0x00000000efc00000, 0x0000000100000000)
  eden space 64512K, 0% used [0x00000000eab00000,0x00000000eab00000,0x00000000eea00000)
  from space 7680K, 99% used [0x00000000ef280000,0x00000000ef9f8f90,0x00000000efa00000)
  to   space 8704K, 0% used [0x00000000eea00000,0x00000000eea00000,0x00000000ef280000)
 ParOldGen       total 44032K, used 15009K [0x00000000c0000000, 0x00000000c2b00000, 0x00000000eab00000)
  object space 44032K, 34% used [0x00000000c0000000,0x00000000c0ea86f0,0x00000000c2b00000)
 Metaspace       used 6177K, capacity 7152K, committed 7296K, reserved 1056768K
  class space    used 594K, capacity 616K, committed 640K, reserved 1048576K
}
Event: 5.254 GC heap before
{Heap before GC invocations=7 (full 0):
 PSYoungGen      total 72192K, used 72163K [0x00000000eab00000, 0x00000000efc00000, 0x0000000100000000)
  eden space 64512K, 100% used [0x00000000eab00000,0x00000000eea00000,0x00000000eea00000)
  from space 7680K, 99% used [0x00000000ef280000,0x00000000ef9f8f90,0x00000000efa00000)
  to   space 8704K, 0% used [0x00000000eea00000,0x00000000eea00000,0x00000000ef280000)
 ParOldGen       total 44032K, used 15009K [0x00000000c0000000, 0x00000000c2b00000, 0x00000000eab00000)
  object space 44032K, 34% used [0x00000000c0000000,0x00000000c0ea86f0,0x00000000c2b00000)
 Metaspace       used 6229K, capacity 7152K, committed 7296K, reserved 1056768K
  class space    used 595K, capacity 616K, committed 640K, reserved 1048576K
Event: 5.307 GC heap after
Heap after GC invocations=7 (full 0):
 PSYoungGen      total 73216K, used 8684K [0x00000000eab00000, 0x00000000f4500000, 0x0000000100000000)
  eden space 64512K, 0% used [0x00000000eab00000,0x00000000eab00000,0x00000000eea00000)
  from space 8704K, 99% used [0x00000000eea00000,0x00000000ef27b3d8,0x00000000ef280000)
  to   space 14336K, 0% used [0x00000000f3700000,0x00000000f3700000,0x00000000f4500000)
 ParOldGen       total 44032K, used 23856K [0x00000000c0000000, 0x00000000c2b00000, 0x00000000eab00000)
  object space 44032K, 54% used [0x00000000c0000000,0x00000000c174c0e0,0x00000000c2b00000)
 Metaspace       used 6229K, capacity 7152K, committed 7296K, reserved 1056768K
  class space    used 595K, capacity 616K, committed 640K, reserved 1048576K
}
Event: 5.721 GC heap before
{Heap before GC invocations=8 (full 0):
 PSYoungGen      total 73216K, used 73196K [0x00000000eab00000, 0x00000000f4500000, 0x0000000100000000)
  eden space 64512K, 100% used [0x00000000eab00000,0x00000000eea00000,0x00000000eea00000)
  from space 8704K, 99% used [0x00000000eea00000,0x00000000ef27b3d8,0x00000000ef280000)
  to   space 14336K, 0% used [0x00000000f3700000,0x00000000f3700000,0x00000000f4500000)
 ParOldGen       total 44032K, used 23856K [0x00000000c0000000, 0x00000000c2b00000, 0x00000000eab00000)
  object space 44032K, 54% used [0x00000000c0000000,0x00000000c174c0e0,0x00000000c2b00000)
 Metaspace       used 6271K, capacity 7152K, committed 7296K, reserved 1056768K
  class space    used 595K, capacity 616K, committed 640K, reserved 1048576K
Event: 5.749 GC heap after
Heap after GC invocations=8 (full 0):
 PSYoungGen      total 139776K, used 14330K [0x00000000eab00000, 0x00000000f4c00000, 0x0000000100000000)
  eden space 125440K, 0% used [0x00000000eab00000,0x00000000eab00000,0x00000000f2580000)
  from space 14336K, 99% used [0x00000000f3700000,0x00000000f44feb80,0x00000000f4500000)
  to   space 17920K, 0% used [0x00000000f2580000,0x00000000f2580000,0x00000000f3700000)
 ParOldGen       total 44032K, used 27735K [0x00000000c0000000, 0x00000000c2b00000, 0x00000000eab00000)
  object space 44032K, 62% used [0x00000000c0000000,0x00000000c1b15dd8,0x00000000c2b00000)
 Metaspace       used 6271K, capacity 7152K, committed 7296K, reserved 1056768K
  class space    used 595K, capacity 616K, committed 640K, reserved 1048576K
}
Event: 7.292 GC heap before
{Heap before GC invocations=9 (full 0):
 PSYoungGen      total 139776K, used 139770K [0x00000000eab00000, 0x00000000f4c00000, 0x0000000100000000)
  eden space 125440K, 100% used [0x00000000eab00000,0x00000000f2580000,0x00000000f2580000)
  from space 14336K, 99% used [0x00000000f3700000,0x00000000f44feb80,0x00000000f4500000)
  to   space 17920K, 0% used [0x00000000f2580000,0x00000000f2580000,0x00000000f3700000)
 ParOldGen       total 44032K, used 27735K [0x00000000c0000000, 0x00000000c2b00000, 0x00000000eab00000)
  object space 44032K, 62% used [0x00000000c0000000,0x00000000c1b15dd8,0x00000000c2b00000)
 Metaspace       used 6404K, capacity 7256K, committed 7424K, reserved 1056768K
  class space    used 615K, capacity 656K, committed 768K, reserved 1048576K
Event: 7.454 GC heap after
Heap after GC invocations=9 (full 0):
 PSYoungGen      total 143360K, used 17912K [0x00000000eab00000, 0x00000000fa300000, 0x0000000100000000)
  eden space 125440K, 0% used [0x00000000eab00000,0x00000000eab00000,0x00000000f2580000)
  from space 17920K, 99% used [0x00000000f2580000,0x00000000f36fe318,0x00000000f3700000)
  to   space 26624K, 0% used [0x00000000f8900000,0x00000000f8900000,0x00000000fa300000)
 ParOldGen       total 44032K, used 42356K [0x00000000c0000000, 0x00000000c2b00000, 0x00000000eab00000)
  object space 44032K, 96% used [0x00000000c0000000,0x00000000c295d2d8,0x00000000c2b00000)
 Metaspace       used 6404K, capacity 7256K, committed 7424K, reserved 1056768K
  class space    used 615K, capacity 656K, committed 768K, reserved 1048576K
}
Event: 7.455 GC heap before
{Heap before GC invocations=10 (full 1):
 PSYoungGen      total 143360K, used 17912K [0x00000000eab00000, 0x00000000fa300000, 0x0000000100000000)
  eden space 125440K, 0% used [0x00000000eab00000,0x00000000eab00000,0x00000000f2580000)
  from space 17920K, 99% used [0x00000000f2580000,0x00000000f36fe318,0x00000000f3700000)
  to   space 26624K, 0% used [0x00000000f8900000,0x00000000f8900000,0x00000000fa300000)
 ParOldGen       total 44032K, used 42356K [0x00000000c0000000, 0x00000000c2b00000, 0x00000000eab00000)
  object space 44032K, 96% used [0x00000000c0000000,0x00000000c295d2d8,0x00000000c2b00000)
 Metaspace       used 6404K, capacity 7256K, committed 7424K, reserved 1056768K
  class space    used 615K, capacity 656K, committed 768K, reserved 1048576K
Event: 8.439 GC heap after
Heap after GC invocations=10 (full 1):
 PSYoungGen      total 143360K, used 11722K [0x00000000eab00000, 0x00000000fa300000, 0x0000000100000000)
  eden space 125440K, 0% used [0x00000000eab00000,0x00000000eab00000,0x00000000f2580000)
  from space 17920K, 65% used [0x00000000f2580000,0x00000000f30f2b48,0x00000000f3700000)
  to   space 26624K, 0% used [0x00000000f8900000,0x00000000f8900000,0x00000000fa300000)
 ParOldGen       total 82944K, used 43727K [0x00000000c0000000, 0x00000000c5100000, 0x00000000eab00000)
  object space 82944K, 52% used [0x00000000c0000000,0x00000000c2ab3fb0,0x00000000c5100000)
 Metaspace       used 6404K, capacity 7256K, committed 7424K, reserved 1056768K
  class space    used 615K, capacity 656K, committed 768K, reserved 1048576K
}

Deoptimization events (10 events):
Event: 7.108 Thread 0x000000001655a800 Uncommon trap: reason=bimorphic action=maybe_recompile pc=0x0000000002a8000c method=com.android.dx.cf.code.BytecodeArray.parseInstruction(ILcom/android/dx/cf/code/BytecodeArray$Visitor;)I @ 971
Event: 8.540 Thread 0x000000001655a800 Uncommon trap: reason=class_check action=maybe_recompile pc=0x00000000026b1730 method=java.util.HashMap.putVal(ILjava/lang/Object;Ljava/lang/Object;ZZ)Ljava/lang/Object; @ 91
Event: 8.559 Thread 0x00000000021f0800 Uncommon trap: reason=unstable_if action=reinterpret pc=0x0000000002ad5174 method=java.util.HashMap.getNode(ILjava/lang/Object;)Ljava/util/HashMap$Node; @ 84
Event: 8.862 Thread 0x000000001655a800 Uncommon trap: reason=unstable_if action=reinterpret pc=0x0000000002a02140 method=java.util.HashMap.getNode(ILjava/lang/Object;)Ljava/util/HashMap$Node; @ 84
Event: 8.963 Thread 0x0000000016557000 Uncommon trap: reason=unstable_if action=reinterpret pc=0x0000000002a0cd50 method=java.util.HashMap.resize()[Ljava/util/HashMap$Node; @ 206
Event: 9.101 Thread 0x0000000016552800 Uncommon trap: reason=class_check action=maybe_recompile pc=0x0000000002708388 method=java.util.Arrays.hashCode([Ljava/lang/Object;)I @ 43
Event: 9.101 Thread 0x0000000016552800 Uncommon trap: reason=class_check action=maybe_recompile pc=0x0000000002708388 method=java.util.Arrays.hashCode([Ljava/lang/Object;)I @ 43
Event: 9.102 Thread 0x0000000016552800 Uncommon trap: reason=class_check action=maybe_recompile pc=0x0000000002708388 method=java.util.Arrays.hashCode([Ljava/lang/Object;)I @ 43
Event: 9.102 Thread 0x0000000016552800 Uncommon trap: reason=class_check action=maybe_recompile pc=0x0000000002708388 method=java.util.Arrays.hashCode([Ljava/lang/Object;)I @ 43
Event: 9.102 Thread 0x0000000016552800 Uncommon trap: reason=class_check action=maybe_recompile pc=0x00000000026d0ee8 method=java.util.Arrays.hashCode([Ljava/lang/Object;)I @ 43

Internal exceptions (7 events):
Event: 1.568 Thread 0x00000000021f0800 Exception <a 'java/lang/NoSuchMethodError': Method sun.misc.Unsafe.defineClass(Ljava/lang/String;[BII)Ljava/lang/Class; name or signature does not match> (0x00000000eab0d610) thrown at [C:\workspace\8-2-build-windows-amd64-cygwin\jdk8u65\4987\hotspot\src\s*†I^gù?
Event: 1.568 Thread 0x00000000021f0800 Exception <a 'java/lang/NoSuchMethodError': Method sun.misc.Unsafe.prefetchRead(Ljava/lang/Object;J)V name or signature does not match> (0x00000000eab0d8f8) thrown at [C:\workspace\8-2-build-windows-amd64-cygwin\jdk8u65\4987\hotspot\src\share\vm\prims\jni.6o5#&'	@
Event: 3.144 Thread 0x0000000016559000 Implicit null exception at 0x00000000025ee12a to 0x00000000025ef829
Event: 4.686 Thread 0x00000000021f0800 Implicit null exception at 0x000000000261a462 to 0x000000000261a552
Event: 6.710 Thread 0x000000001655a800 Exception <a 'java/lang/ArrayIndexOutOfBoundsException': 18> (0x00000000ee9d55b0) thrown at [C:\workspace\8-2-build-windows-amd64-cygwin\jdk8u65\4987\hotspot\src\share\vm\interpreter\interpreterRuntime.cpp, line 366]
Event: 6.710 Thread 0x000000001655a800 Exception <a 'java/lang/ArrayIndexOutOfBoundsException': 145> (0x00000000ee9d7130) thrown at [C:\workspace\8-2-build-windows-amd64-cygwin\jdk8u65\4987\hotspot\src\share\vm\interpreter\interpreterRuntime.cpp, line 366]
Event: 6.712 Thread 0x000000001655a800 Exception <a 'java/lang/ArrayIndexOutOfBoundsException'> (0x00000000ee9d8418) thrown at [C:\workspace\8-2-build-windows-amd64-cygwin\jdk8u65\4987\hotspot\src\share\vm\runtime\sharedRuntime.cpp, line 605]

Events (10 events):
Event: 9.102 Thread 0x0000000016552800 DEOPT UNPACKING pc=0x000000000233582a sp=0x00000000186be9d0 mode 2
Event: 9.102 Thread 0x0000000016552800 Uncommon trap: trap_request=0xffffffde fr.pc=0x00000000026d0ee8
Event: 9.102 Thread 0x0000000016552800 DEOPT PACKING pc=0x00000000026d0ee8 sp=0x00000000186be750
Event: 9.102 Thread 0x0000000016552800 DEOPT UNPACKING pc=0x000000000233582a sp=0x00000000186be6d8 mode 2
Event: 9.102 loading class com/android/dx/rop/cst/Zeroes
Event: 9.102 loading class com/android/dx/rop/cst/Zeroes done
Event: 9.166 loading class com/android/dx/dex/file/CatchStructs
Event: 9.166 loading class com/android/dx/dex/file/CatchStructs done
Event: 9.186 Thread 0x0000000016552800 DEOPT PACKING pc=0x0000000002b39594 sp=0x00000000186bebe0
Event: 9.186 Thread 0x0000000016552800 DEOPT UNPACKING pc=0x000000000233787f sp=0x00000000186be970 mode 0


Dynamic libraries:
0x00007ff788ce0000 - 0x00007ff788d17000 	C:\Program Files\Java\jdk1.8.0_65\bin\java.exe
0x00007ffc1d5e0000 - 0x00007ffc1d7a1000 	C:\Windows\SYSTEM32\ntdll.dll
0x00007ffc1b370000 - 0x00007ffc1b41d000 	C:\Windows\system32\KERNEL32.DLL
0x00007ffc19d20000 - 0x00007ffc19f08000 	C:\Windows\system32\KERNELBASE.dll
0x00007ffc18190000 - 0x00007ffc18209000 	C:\Windows\system32\apphelp.dll
0x00007ffc1ac00000 - 0x00007ffc1aca7000 	C:\Windows\system32\ADVAPI32.dll
0x00007ffc1cff0000 - 0x00007ffc1d08d000 	C:\Windows\system32\msvcrt.dll
0x00007ffc1b240000 - 0x00007ffc1b29b000 	C:\Windows\system32\sechost.dll
0x00007ffc1b6a0000 - 0x00007ffc1b7bc000 	C:\Windows\system32\RPCRT4.dll
0x00007ffc1acb0000 - 0x00007ffc1ae06000 	C:\Windows\system32\USER32.dll
0x00007ffc1aa00000 - 0x00007ffc1ab86000 	C:\Windows\system32\GDI32.dll
0x00007ffc0c950000 - 0x00007ffc0cbc4000 	C:\Windows\WinSxS\amd64_microsoft.windows.common-controls_6595b64144ccf1df_6.0.10586.0_none_8c15ae12515e1c22\COMCTL32.dll
0x00007ffc1b420000 - 0x00007ffc1b69d000 	C:\Windows\system32\combase.dll
0x00007ffc1a150000 - 0x00007ffc1a1ba000 	C:\Windows\system32\bcryptPrimitives.dll
0x00007ffc1d210000 - 0x00007ffc1d24b000 	C:\Windows\system32\IMM32.DLL
0x000000006cfd0000 - 0x000000006d0a2000 	C:\Program Files\Java\jdk1.8.0_65\jre\bin\msvcr100.dll
0x000000006d450000 - 0x000000006dcd9000 	C:\Program Files\Java\jdk1.8.0_65\jre\bin\server\jvm.dll
0x00007ffc1d3a0000 - 0x00007ffc1d3a8000 	C:\Windows\system32\PSAPI.DLL
0x00007ffc02230000 - 0x00007ffc02239000 	C:\Windows\SYSTEM32\WSOCK32.dll
0x00007ffc1d090000 - 0x00007ffc1d0fb000 	C:\Windows\system32\WS2_32.dll
0x00007ffc180a0000 - 0x00007ffc180c3000 	C:\Windows\SYSTEM32\WINMM.dll
0x00007ffc0e190000 - 0x00007ffc0e19a000 	C:\Windows\SYSTEM32\VERSION.dll
0x00007ffc18070000 - 0x00007ffc1809c000 	C:\Windows\SYSTEM32\WINMMBASE.dll
0x00007ffc1a100000 - 0x00007ffc1a143000 	C:\Windows\system32\cfgmgr32.dll
0x000000006d440000 - 0x000000006d44f000 	C:\Program Files\Java\jdk1.8.0_65\jre\bin\verify.dll
0x000000006d410000 - 0x000000006d439000 	C:\Program Files\Java\jdk1.8.0_65\jre\bin\java.dll
0x000000006d3f0000 - 0x000000006d406000 	C:\Program Files\Java\jdk1.8.0_65\jre\bin\zip.dll
0x00007ffc1b980000 - 0x00007ffc1cedf000 	C:\Windows\system32\SHELL32.dll
0x00007ffc1a2d0000 - 0x00007ffc1a914000 	C:\Windows\system32\windows.storage.dll
0x00007ffc1d3c0000 - 0x00007ffc1d412000 	C:\Windows\system32\shlwapi.dll
0x00007ffc19c80000 - 0x00007ffc19c8f000 	C:\Windows\system32\kernel.appcore.dll
0x00007ffc1a920000 - 0x00007ffc1a9d5000 	C:\Windows\system32\shcore.dll
0x00007ffc19c30000 - 0x00007ffc19c7b000 	C:\Windows\system32\powrprof.dll
0x00007ffc19c10000 - 0x00007ffc19c24000 	C:\Windows\system32\profapi.dll

VM Arguments:
jvm_args: -Djava.awt.headless=true -Xmx1024M -Dfile.encoding=windows-1252 -Duser.country=US -Duser.language=en -Duser.variant 
java_command: com.android.dx.command.Main --dex --force-jumbo --num-threads=4 --multi-dex --output F:\Android Tools\My AndroWork\MapMyDay\app\build\intermediates\transforms\dex\debug\folders\1000\10\com.android.support-support-v4-23.1.1_b3a364f2fa358bad3d4bcdd2cad6060edfd22087 F:\Android Tools\My AndroWork\MapMyDay\app\build\intermediates\exploded-aar\com.android.support\support-v4\23.1.1\jars\classes.jar
java_class_path (initial): F:\sdk\build-tools\23.0.1\lib\dx.jar
Launcher Type: SUN_STANDARD

Environment Variables:
PATH=C:\ProgramData\Oracle\Java\javapath;C:\Windows\system32;C:\Windows;C:\Windows\System32\Wbem;C:\Windows\System32\WindowsPowerShell\v1.0\;C:\Program Files (x86)\Intel\OpenCL SDK\2.0\bin\x86;C:\Program Files (x86)\Intel\OpenCL SDK\2.0\bin\x64;C:\Program Files\Microsoft\Web Platform Installer\;C:\Program Files (x86)\Microsoft ASP.NET\ASP.NET Web Pages\v1.0\;C:\Program Files (x86)\Windows Kits\8.0\Windows Performance Toolkit\;C:\Program Files\Microsoft SQL Server\110\Tools\Binn\;C:\VisualStudio & OpenCv\opencv\build\x64\vc11\bin\;C:\Program Files (x86)\Common Files\lenovo\easyplussdk\bin;C:\Modeltech_pe_edu_10.4a\win32pe_edu
USERNAME=Fahim Al Mahmud
OS=Windows_NT
PROCESSOR_IDENTIFIER=Intel64 Family 6 Model 58 Stepping 9, GenuineIntel



---------------  S Y S T E M  ---------------

OS: Windows 10.0 , 64 bit Build 10586 (10.0.10586.0)

CPU:total 4 (2 cores per cpu, 2 threads per core) family 6 model 58 stepping 9, cmov, cx8, fxsr, mmx, sse, sse2, sse3, ssse3, sse4.1, sse4.2, popcnt, avx, aes, clmul, erms, ht, tsc, tscinvbit, tscinv

Memory: 4k page, physical 4087096k(462060k free), swap 5215736k(5208k free)

vm_info: Java HotSpot(TM) 64-Bit Server VM (25.65-b01) for windows-amd64 JRE (1.8.0_65-b17), built on Oct  6 2015 16:39:20 by "java_re" with MS VC++ 10.0 (VS2010)

time: Mon Jun 13 11:44:13 2016
elapsed time: 9 seconds (0d 0h 0m 9s)

