#
# There is insufficient memory for the Java Runtime Environment to continue.
# Native memory allocation (malloc) failed to allocate 874816 bytes for Chunk::new
# Possible reasons:
#   The system is out of physical RAM or swap space
#   In 32 bit mode, the process size limit was hit
# Possible solutions:
#   Reduce memory load on the system
#   Increase physical memory or swap space
#   Check if swap backing store is full
#   Use 64 bit Java on a 64 bit OS
#   Decrease Java heap size (-Xmx/-Xms)
#   Decrease number of Java threads
#   Decrease Java thread stack sizes (-Xss)
#   Set larger code cache with -XX:ReservedCodeCacheSize=
# This output file may be truncated or incomplete.
#
#  Out of Memory Error (allocation.cpp:390), pid=3396, tid=3768
#
# JRE version: Java(TM) SE Runtime Environment (8.0_65-b17) (build 1.8.0_65-b17)
# Java VM: Java HotSpot(TM) 64-Bit Server VM (25.65-b01 mixed mode windows-amd64 compressed oops)
# Failed to write core dump. Minidumps are not enabled by default on client versions of Windows
#

---------------  T H R E A D  ---------------

Current thread (0x000000001492f800):  JavaThread "C2 CompilerThread1" daemon [_thread_in_native, id=3768, stack(0x0000000016060000,0x0000000016160000)]

Stack: [0x0000000016060000,0x0000000016160000]
[error occurred during error reporting (printing stack bounds), id 0xc0000005]

Native frames: (J=compiled Java code, j=interpreted, Vv=VM code, C=native code)


Current CompileTask:
C2:  10098 2044       4       com.android.dx.dex.code.OutputFinisher::addConstants (93 bytes)


---------------  P R O C E S S  ---------------

Java Threads: ( => current thread )
  0x00000000164d0000 JavaThread "pool-1-thread-1" [_thread_in_Java, id=8772, stack(0x0000000018530000,0x0000000018630000)]
  0x000000001627d800 JavaThread "Service Thread" daemon [_thread_blocked, id=10048, stack(0x0000000016660000,0x0000000016760000)]
  0x000000001493f000 JavaThread "C1 CompilerThread2" daemon [_thread_blocked, id=9896, stack(0x0000000016160000,0x0000000016260000)]
=>0x000000001492f800 JavaThread "C2 CompilerThread1" daemon [_thread_in_native, id=3768, stack(0x0000000016060000,0x0000000016160000)]
  0x000000001492d800 JavaThread "C2 CompilerThread0" daemon [_thread_in_native, id=9584, stack(0x0000000015f60000,0x0000000016060000)]
  0x000000001492a800 JavaThread "Attach Listener" daemon [_thread_blocked, id=9252, stack(0x0000000015e60000,0x0000000015f60000)]
  0x0000000014929000 JavaThread "Signal Dispatcher" daemon [_thread_blocked, id=9904, stack(0x0000000015d60000,0x0000000015e60000)]
  0x0000000002250800 JavaThread "Finalizer" daemon [_thread_blocked, id=10032, stack(0x0000000015b80000,0x0000000015c80000)]
  0x000000000224d000 JavaThread "Reference Handler" daemon [_thread_blocked, id=1824, stack(0x0000000015a80000,0x0000000015b80000)]
  0x0000000002160800 JavaThread "main" [_thread_blocked, id=6968, stack(0x0000000001f60000,0x0000000002060000)]

Other Threads:
  0x00000000148f8000 VMThread [stack: 0x0000000015980000,0x0000000015a80000] [id=9756]
  0x0000000016281000 WatcherThread [stack: 0x0000000016760000,0x0000000016860000] [id=1016]

VM state:not at safepoint (normal execution)

VM Mutex/Monitor currently owned by a thread: None

Heap:
 PSYoungGen      total 139264K, used 82860K [0x00000000eab00000, 0x00000000f4b00000, 0x0000000100000000)
  eden space 125440K, 55% used [0x00000000eab00000,0x00000000eee71450,0x00000000f2580000)
  from space 13824K, 99% used [0x00000000f3680000,0x00000000f43f9e38,0x00000000f4400000)
  to   space 17408K, 0% used [0x00000000f2580000,0x00000000f2580000,0x00000000f3680000)
 ParOldGen       total 44032K, used 26806K [0x00000000c0000000, 0x00000000c2b00000, 0x00000000eab00000)
  object space 44032K, 60% used [0x00000000c0000000,0x00000000c1a2dad0,0x00000000c2b00000)
 Metaspace       used 6657K, capacity 7448K, committed 7680K, reserved 1056768K
  class space    used 634K, capacity 656K, committed 768K, reserved 1048576K

Card table byte_map: [0x0000000011620000,0x0000000011830000] byte_map_base: 0x0000000011020000

Marking Bits: (ParMarkBitMap*) 0x000000005d94a5b0
 Begin Bits: [0x0000000011d90000, 0x0000000012d90000)
 End Bits:   [0x0000000012d90000, 0x0000000013d90000)

Polling page: 0x0000000000440000

CodeCache: size=245760Kb used=9193Kb max_used=9211Kb free=236567Kb
 bounds [0x0000000002260000, 0x0000000002b70000, 0x0000000011260000]
 total_blobs=2474 nmethods=2204 adapters=182
 compilation: enabled

Compilation events (10 events):
Event: 9.986 Thread 0x000000001493f000 2309       2       com.android.dx.dex.code.form.Form31c::isCompatible (133 bytes)
Event: 9.987 Thread 0x000000001493f000 nmethod 2309 0x0000000002b52e10 code [0x0000000002b52fc0, 0x0000000002b53448]
Event: 9.987 Thread 0x000000001493f000 2310       2       com.android.dx.util.ByteArrayAnnotatedOutput::writeByte (51 bytes)
Event: 9.988 Thread 0x000000001493f000 nmethod 2310 0x0000000002b53790 code [0x0000000002b53900, 0x0000000002b53b98]
Event: 10.002 Thread 0x000000001492f800 nmethod 1967 0x0000000002b59b50 code [0x0000000002b59fc0, 0x0000000002b5d080]
Event: 10.002 Thread 0x000000001492f800 1966       4       com.android.dx.util.IntList::binarysearch (124 bytes)
Event: 10.005 Thread 0x000000001492f800 nmethod 1966 0x0000000002b56910 code [0x0000000002b56a60, 0x0000000002b56c18]
Event: 10.005 Thread 0x000000001492f800 2288       4       com.android.dx.dex.code.LocalList$MakeState::snapshot (110 bytes)
Event: 10.065 Thread 0x000000001492f800 nmethod 2288 0x0000000002b65450 code [0x0000000002b65720, 0x0000000002b672f8]
Event: 10.065 Thread 0x000000001492f800 2044       4       com.android.dx.dex.code.OutputFinisher::addConstants (93 bytes)

GC Heap History (10 events):
Event: 5.955 GC heap before
{Heap before GC invocations=4 (full 0):
 PSYoungGen      total 18944K, used 18934K [0x00000000eab00000, 0x00000000ed000000, 0x0000000100000000)
  eden space 16384K, 100% used [0x00000000eab00000,0x00000000ebb00000,0x00000000ebb00000)
  from space 2560K, 99% used [0x00000000ebb00000,0x00000000ebd7d840,0x00000000ebd80000)
  to   space 2560K, 0% used [0x00000000ecd80000,0x00000000ecd80000,0x00000000ed000000)
 ParOldGen       total 44032K, used 7195K [0x00000000c0000000, 0x00000000c2b00000, 0x00000000eab00000)
  object space 44032K, 16% used [0x00000000c0000000,0x00000000c0706d70,0x00000000c2b00000)
 Metaspace       used 6041K, capacity 7024K, committed 7296K, reserved 1056768K
  class space    used 594K, capacity 616K, committed 640K, reserved 1048576K
Event: 5.980 GC heap after
Heap after GC invocations=4 (full 0):
 PSYoungGen      total 35328K, used 2533K [0x00000000eab00000, 0x00000000ed000000, 0x0000000100000000)
  eden space 32768K, 0% used [0x00000000eab00000,0x00000000eab00000,0x00000000ecb00000)
  from space 2560K, 98% used [0x00000000ecd80000,0x00000000ecff97c0,0x00000000ed000000)
  to   space 2560K, 0% used [0x00000000ecb00000,0x00000000ecb00000,0x00000000ecd80000)
 ParOldGen       total 44032K, used 9439K [0x00000000c0000000, 0x00000000c2b00000, 0x00000000eab00000)
  object space 44032K, 21% used [0x00000000c0000000,0x00000000c0937ee8,0x00000000c2b00000)
 Metaspace       used 6041K, capacity 7024K, committed 7296K, reserved 1056768K
  class space    used 594K, capacity 616K, committed 640K, reserved 1048576K
}
Event: 6.515 GC heap before
{Heap before GC invocations=5 (full 0):
 PSYoungGen      total 35328K, used 35301K [0x00000000eab00000, 0x00000000ed000000, 0x0000000100000000)
  eden space 32768K, 100% used [0x00000000eab00000,0x00000000ecb00000,0x00000000ecb00000)
  from space 2560K, 98% used [0x00000000ecd80000,0x00000000ecff97c0,0x00000000ed000000)
  to   space 2560K, 0% used [0x00000000ecb00000,0x00000000ecb00000,0x00000000ecd80000)
 ParOldGen       total 44032K, used 9439K [0x00000000c0000000, 0x00000000c2b00000, 0x00000000eab00000)
  object space 44032K, 21% used [0x00000000c0000000,0x00000000c0937ee8,0x00000000c2b00000)
 Metaspace       used 6122K, capacity 7088K, committed 7296K, reserved 1056768K
  class space    used 594K, capacity 616K, committed 640K, reserved 1048576K
Event: 6.547 GC heap after
Heap after GC invocations=5 (full 0):
 PSYoungGen      total 35328K, used 2532K [0x00000000eab00000, 0x00000000efa00000, 0x0000000100000000)
  eden space 32768K, 0% used [0x00000000eab00000,0x00000000eab00000,0x00000000ecb00000)
  from space 2560K, 98% used [0x00000000ecb00000,0x00000000ecd79158,0x00000000ecd80000)
  to   space 7680K, 0% used [0x00000000ef280000,0x00000000ef280000,0x00000000efa00000)
 ParOldGen       total 44032K, used 14590K [0x00000000c0000000, 0x00000000c2b00000, 0x00000000eab00000)
  object space 44032K, 33% used [0x00000000c0000000,0x00000000c0e3fa30,0x00000000c2b00000)
 Metaspace       used 6122K, capacity 7088K, committed 7296K, reserved 1056768K
  class space    used 594K, capacity 616K, committed 640K, reserved 1048576K
}
Event: 7.095 GC heap before
{Heap before GC invocations=6 (full 0):
 PSYoungGen      total 35328K, used 35300K [0x00000000eab00000, 0x00000000efa00000, 0x0000000100000000)
  eden space 32768K, 100% used [0x00000000eab00000,0x00000000ecb00000,0x00000000ecb00000)
  from space 2560K, 98% used [0x00000000ecb00000,0x00000000ecd79158,0x00000000ecd80000)
  to   space 7680K, 0% used [0x00000000ef280000,0x00000000ef280000,0x00000000efa00000)
 ParOldGen       total 44032K, used 14590K [0x00000000c0000000, 0x00000000c2b00000, 0x00000000eab00000)
  object space 44032K, 33% used [0x00000000c0000000,0x00000000c0e3fa30,0x00000000c2b00000)
 Metaspace       used 6159K, capacity 7088K, committed 7296K, reserved 1056768K
  class space    used 595K, capacity 616K, committed 640K, reserved 1048576K
Event: 7.131 GC heap after
Heap after GC invocations=6 (full 0):
 PSYoungGen      total 72192K, used 7651K [0x00000000eab00000, 0x00000000efc00000, 0x0000000100000000)
  eden space 64512K, 0% used [0x00000000eab00000,0x00000000eab00000,0x00000000eea00000)
  from space 7680K, 99% used [0x00000000ef280000,0x00000000ef9f8e40,0x00000000efa00000)
  to   space 8704K, 0% used [0x00000000eea00000,0x00000000eea00000,0x00000000ef280000)
 ParOldGen       total 44032K, used 14814K [0x00000000c0000000, 0x00000000c2b00000, 0x00000000eab00000)
  object space 44032K, 33% used [0x00000000c0000000,0x00000000c0e77978,0x00000000c2b00000)
 Metaspace       used 6159K, capacity 7088K, committed 7296K, reserved 1056768K
  class space    used 595K, capacity 616K, committed 640K, reserved 1048576K
}
Event: 8.194 GC heap before
{Heap before GC invocations=7 (full 0):
 PSYoungGen      total 72192K, used 72163K [0x00000000eab00000, 0x00000000efc00000, 0x0000000100000000)
  eden space 64512K, 100% used [0x00000000eab00000,0x00000000eea00000,0x00000000eea00000)
  from space 7680K, 99% used [0x00000000ef280000,0x00000000ef9f8e40,0x00000000efa00000)
  to   space 8704K, 0% used [0x00000000eea00000,0x00000000eea00000,0x00000000ef280000)
 ParOldGen       total 44032K, used 14814K [0x00000000c0000000, 0x00000000c2b00000, 0x00000000eab00000)
  object space 44032K, 33% used [0x00000000c0000000,0x00000000c0e77978,0x00000000c2b00000)
 Metaspace       used 6268K, capacity 7192K, committed 7424K, reserved 1056768K
  class space    used 615K, capacity 656K, committed 768K, reserved 1048576K
Event: 8.227 GC heap after
Heap after GC invocations=7 (full 0):
 PSYoungGen      total 73216K, used 8698K [0x00000000eab00000, 0x00000000f4400000, 0x0000000100000000)
  eden space 64512K, 0% used [0x00000000eab00000,0x00000000eab00000,0x00000000eea00000)
  from space 8704K, 99% used [0x00000000eea00000,0x00000000ef27ea00,0x00000000ef280000)
  to   space 13824K, 0% used [0x00000000f3680000,0x00000000f3680000,0x00000000f4400000)
 ParOldGen       total 44032K, used 23315K [0x00000000c0000000, 0x00000000c2b00000, 0x00000000eab00000)
  object space 44032K, 52% used [0x00000000c0000000,0x00000000c16c4cf8,0x00000000c2b00000)
 Metaspace       used 6268K, capacity 7192K, committed 7424K, reserved 1056768K
  class space    used 615K, capacity 656K, committed 768K, reserved 1048576K
}
Event: 8.686 GC heap before
{Heap before GC invocations=8 (full 0):
 PSYoungGen      total 73216K, used 73210K [0x00000000eab00000, 0x00000000f4400000, 0x0000000100000000)
  eden space 64512K, 100% used [0x00000000eab00000,0x00000000eea00000,0x00000000eea00000)
  from space 8704K, 99% used [0x00000000eea00000,0x00000000ef27ea00,0x00000000ef280000)
  to   space 13824K, 0% used [0x00000000f3680000,0x00000000f3680000,0x00000000f4400000)
 ParOldGen       total 44032K, used 23315K [0x00000000c0000000, 0x00000000c2b00000, 0x00000000eab00000)
  object space 44032K, 52% used [0x00000000c0000000,0x00000000c16c4cf8,0x00000000c2b00000)
 Metaspace       used 6318K, capacity 7192K, committed 7424K, reserved 1056768K
  class space    used 615K, capacity 656K, committed 768K, reserved 1048576K
Event: 8.741 GC heap after
Heap after GC invocations=8 (full 0):
 PSYoungGen      total 139264K, used 13799K [0x00000000eab00000, 0x00000000f4b00000, 0x0000000100000000)
  eden space 125440K, 0% used [0x00000000eab00000,0x00000000eab00000,0x00000000f2580000)
  from space 13824K, 99% used [0x00000000f3680000,0x00000000f43f9e38,0x00000000f4400000)
  to   space 17408K, 0% used [0x00000000f2580000,0x00000000f2580000,0x00000000f3680000)
 ParOldGen       total 44032K, used 26806K [0x00000000c0000000, 0x00000000c2b00000, 0x00000000eab00000)
  object space 44032K, 60% used [0x00000000c0000000,0x00000000c1a2dad0,0x00000000c2b00000)
 Metaspace       used 6318K, capacity 7192K, committed 7424K, reserved 1056768K
  class space    used 615K, capacity 656K, committed 768K, reserved 1048576K
}

Deoptimization events (10 events):
Event: 9.036 Thread 0x00000000164d0000 Uncommon trap: reason=class_check action=maybe_recompile pc=0x00000000026e8488 method=java.util.Arrays.hashCode([Ljava/lang/Object;)I @ 43
Event: 9.036 Thread 0x00000000164d0000 Uncommon trap: reason=class_check action=maybe_recompile pc=0x00000000026e8488 method=java.util.Arrays.hashCode([Ljava/lang/Object;)I @ 43
Event: 9.037 Thread 0x00000000164d0000 Uncommon trap: reason=class_check action=maybe_recompile pc=0x00000000026e8488 method=java.util.Arrays.hashCode([Ljava/lang/Object;)I @ 43
Event: 9.037 Thread 0x00000000164d0000 Uncommon trap: reason=class_check action=maybe_recompile pc=0x00000000026e8488 method=java.util.Arrays.hashCode([Ljava/lang/Object;)I @ 43
Event: 9.037 Thread 0x00000000164d0000 Uncommon trap: reason=class_check action=maybe_recompile pc=0x00000000026e59f4 method=java.util.Arrays.hashCode([Ljava/lang/Object;)I @ 43
Event: 9.393 Thread 0x00000000164d0000 Uncommon trap: reason=speculate_class_check action=maybe_recompile pc=0x0000000002601a68 method=com.android.dx.util.FixedSizeList.equals(Ljava/lang/Object;)Z @ 25
Event: 9.453 Thread 0x00000000164d0000 Uncommon trap: reason=speculate_class_check action=maybe_recompile pc=0x0000000002601a68 method=com.android.dx.util.FixedSizeList.equals(Ljava/lang/Object;)Z @ 25
Event: 9.453 Thread 0x00000000164d0000 Uncommon trap: reason=speculate_class_check action=maybe_recompile pc=0x0000000002601a68 method=com.android.dx.util.FixedSizeList.equals(Ljava/lang/Object;)Z @ 25
Event: 9.453 Thread 0x00000000164d0000 Uncommon trap: reason=speculate_class_check action=maybe_recompile pc=0x0000000002601a68 method=com.android.dx.util.FixedSizeList.equals(Ljava/lang/Object;)Z @ 25
Event: 9.509 Thread 0x00000000164d0000 Uncommon trap: reason=unstable_if action=reinterpret pc=0x000000000298a7fc method=java.util.TreeMap.put(Ljava/lang/Object;Ljava/lang/Object;)Ljava/lang/Object; @ 163

Internal exceptions (6 events):
Event: 0.076 Thread 0x0000000002160800 Exception <a 'java/lang/NoSuchMethodError': Method sun.misc.Unsafe.defineClass(Ljava/lang/String;[BII)Ljava/lang/Class; name or signature does not match> (0x00000000eab0d618) thrown at [C:\workspace\8-2-build-windows-amd64-cygwin\jdk8u65\4987\hotspot\src\szìýÑ<a³?
Event: 0.076 Thread 0x0000000002160800 Exception <a 'java/lang/NoSuchMethodError': Method sun.misc.Unsafe.prefetchRead(Ljava/lang/Object;J)V name or signature does not match> (0x00000000eab0d900) thrown at [C:\workspace\8-2-build-windows-amd64-cygwin\jdk8u65\4987\hotspot\src\share\vm\prims\jni.„Km÷@ç@
Event: 4.976 Thread 0x00000000164d0000 Implicit null exception at 0x00000000026df0a2 to 0x00000000026df192
Event: 7.778 Thread 0x00000000164d0000 Exception <a 'java/lang/ArrayIndexOutOfBoundsException': 18> (0x00000000ecbd9c50) thrown at [C:\workspace\8-2-build-windows-amd64-cygwin\jdk8u65\4987\hotspot\src\share\vm\interpreter\interpreterRuntime.cpp, line 366]
Event: 7.990 Thread 0x00000000164d0000 Exception <a 'java/lang/ArrayIndexOutOfBoundsException'> (0x00000000ecbdb7d0) thrown at [C:\workspace\8-2-build-windows-amd64-cygwin\jdk8u65\4987\hotspot\src\share\vm\runtime\sharedRuntime.cpp, line 605]
Event: 7.991 Thread 0x00000000164d0000 Exception <a 'java/lang/ArrayIndexOutOfBoundsException'> (0x00000000ecbdcab8) thrown at [C:\workspace\8-2-build-windows-amd64-cygwin\jdk8u65\4987\hotspot\src\share\vm\runtime\sharedRuntime.cpp, line 605]

Events (10 events):
Event: 9.509 Thread 0x00000000164d0000 DEOPT PACKING pc=0x000000000298a7fc sp=0x000000001862ec60
Event: 9.509 Thread 0x00000000164d0000 DEOPT UNPACKING pc=0x00000000022a582a sp=0x000000001862ec00 mode 2
Event: 9.509 Thread 0x00000000164d0000 DEOPT PACKING pc=0x0000000002ac70d1 sp=0x000000001862eb90
Event: 9.509 Thread 0x00000000164d0000 DEOPT UNPACKING pc=0x00000000022a787f sp=0x000000001862e918 mode 0
Event: 9.514 Thread 0x00000000164d0000 DEOPT PACKING pc=0x0000000002aba222 sp=0x000000001862e9e0
Event: 9.514 Thread 0x00000000164d0000 DEOPT UNPACKING pc=0x00000000022a787f sp=0x000000001862e760 mode 0
Event: 9.518 Thread 0x00000000164d0000 DEOPT PACKING pc=0x0000000002acab78 sp=0x000000001862eb60
Event: 9.518 Thread 0x00000000164d0000 DEOPT UNPACKING pc=0x00000000022a787f sp=0x000000001862e8c0 mode 0
Event: 9.550 Thread 0x00000000164d0000 DEOPT PACKING pc=0x0000000002ad1100 sp=0x000000001862ea80
Event: 9.550 Thread 0x00000000164d0000 DEOPT UNPACKING pc=0x00000000022a787f sp=0x000000001862e7a8 mode 0


Dynamic libraries:
0x00007ff606210000 - 0x00007ff606247000 	C:\Program Files\Java\jdk1.8.0_65\bin\java.exe
0x00007ff810bb0000 - 0x00007ff810d71000 	C:\Windows\SYSTEM32\ntdll.dll
0x00007ff80e9c0000 - 0x00007ff80ea6d000 	C:\Windows\system32\KERNEL32.DLL
0x00007ff80d280000 - 0x00007ff80d468000 	C:\Windows\system32\KERNELBASE.dll
0x00007ff80b710000 - 0x00007ff80b789000 	C:\Windows\system32\apphelp.dll
0x00007ff8108c0000 - 0x00007ff810967000 	C:\Windows\system32\ADVAPI32.dll
0x00007ff80e0e0000 - 0x00007ff80e17d000 	C:\Windows\system32\msvcrt.dll
0x00007ff8101a0000 - 0x00007ff8101fb000 	C:\Windows\system32\sechost.dll
0x00007ff810480000 - 0x00007ff81059c000 	C:\Windows\system32\RPCRT4.dll
0x00007ff80e7f0000 - 0x00007ff80e946000 	C:\Windows\system32\USER32.dll
0x00007ff810010000 - 0x00007ff810196000 	C:\Windows\system32\GDI32.dll
0x00007fffffb60000 - 0x00007fffffdd4000 	C:\Windows\WinSxS\amd64_microsoft.windows.common-controls_6595b64144ccf1df_6.0.10586.0_none_8c15ae12515e1c22\COMCTL32.dll
0x00007ff810200000 - 0x00007ff81047d000 	C:\Windows\system32\combase.dll
0x00007ff80d8f0000 - 0x00007ff80d95a000 	C:\Windows\system32\bcryptPrimitives.dll
0x00007ff80ffd0000 - 0x00007ff81000b000 	C:\Windows\system32\IMM32.DLL
0x000000005ccc0000 - 0x000000005cd92000 	C:\Program Files\Java\jdk1.8.0_65\jre\bin\msvcr100.dll
0x000000005d140000 - 0x000000005d9c9000 	C:\Program Files\Java\jdk1.8.0_65\jre\bin\server\jvm.dll
0x00007ff810750000 - 0x00007ff810758000 	C:\Windows\system32\PSAPI.DLL
0x00007ff802680000 - 0x00007ff802689000 	C:\Windows\SYSTEM32\WSOCK32.dll
0x00007ff80e180000 - 0x00007ff80e1eb000 	C:\Windows\system32\WS2_32.dll
0x00007ff80b5a0000 - 0x00007ff80b5c3000 	C:\Windows\SYSTEM32\WINMM.dll
0x00007ff8006f0000 - 0x00007ff8006fa000 	C:\Windows\SYSTEM32\VERSION.dll
0x00007ff80b240000 - 0x00007ff80b26c000 	C:\Windows\SYSTEM32\WINMMBASE.dll
0x00007ff80d6d0000 - 0x00007ff80d713000 	C:\Windows\system32\cfgmgr32.dll
0x000000005d130000 - 0x000000005d13f000 	C:\Program Files\Java\jdk1.8.0_65\jre\bin\verify.dll
0x000000005d100000 - 0x000000005d129000 	C:\Program Files\Java\jdk1.8.0_65\jre\bin\java.dll
0x000000005d0e0000 - 0x000000005d0f6000 	C:\Program Files\Java\jdk1.8.0_65\jre\bin\zip.dll
0x00007ff80ea70000 - 0x00007ff80ffcf000 	C:\Windows\system32\SHELL32.dll
0x00007ff80d960000 - 0x00007ff80dfa4000 	C:\Windows\system32\windows.storage.dll
0x00007ff80e250000 - 0x00007ff80e2a2000 	C:\Windows\system32\shlwapi.dll
0x00007ff80d230000 - 0x00007ff80d23f000 	C:\Windows\system32\kernel.appcore.dll
0x00007ff80d560000 - 0x00007ff80d615000 	C:\Windows\system32\shcore.dll
0x00007ff80d1d0000 - 0x00007ff80d21b000 	C:\Windows\system32\powrprof.dll
0x00007ff80d240000 - 0x00007ff80d254000 	C:\Windows\system32\profapi.dll

VM Arguments:
jvm_args: -Djava.awt.headless=true -Xmx1024M -Dfile.encoding=windows-1252 -Duser.country=US -Duser.language=en -Duser.variant 
java_command: com.android.dx.command.Main --dex --force-jumbo --num-threads=4 --multi-dex --output F:\Android Tools\My AndroWork\MapMyDay\app\build\intermediates\transforms\dex\debug\folders\1000\10\com.android.support-appcompat-v7-23.1.1_3f9005a64566593614e56bf91d8b67ed5b3db12d F:\Android Tools\My AndroWork\MapMyDay\app\build\intermediates\exploded-aar\com.android.support\appcompat-v7\23.1.1\jars\classes.jar
java_class_path (initial): F:\sdk\build-tools\23.0.1\lib\dx.jar
Launcher Type: SUN_STANDARD

Environment Variables:
PATH=C:\ProgramData\Oracle\Java\javapath;C:\Windows\system32;C:\Windows;C:\Windows\System32\Wbem;C:\Windows\System32\WindowsPowerShell\v1.0\;C:\Program Files (x86)\Intel\OpenCL SDK\2.0\bin\x86;C:\Program Files (x86)\Intel\OpenCL SDK\2.0\bin\x64;C:\Program Files\Microsoft\Web Platform Installer\;C:\Program Files (x86)\Microsoft ASP.NET\ASP.NET Web Pages\v1.0\;C:\Program Files (x86)\Windows Kits\8.0\Windows Performance Toolkit\;C:\Program Files\Microsoft SQL Server\110\Tools\Binn\;C:\VisualStudio & OpenCv\opencv\build\x64\vc11\bin\;C:\Program Files (x86)\Common Files\lenovo\easyplussdk\bin;C:\Modeltech_pe_edu_10.4a\win32pe_edu
USERNAME=Fahim Al Mahmud
OS=Windows_NT
PROCESSOR_IDENTIFIER=Intel64 Family 6 Model 58 Stepping 9, GenuineIntel



---------------  S Y S T E M  ---------------

OS: Windows 10.0 , 64 bit Build 10586 (10.0.10586.0)

CPU:total 4 (2 cores per cpu, 2 threads per core) family 6 model 58 stepping 9, cmov, cx8, fxsr, mmx, sse, sse2, sse3, ssse3, sse4.1, sse4.2, popcnt, avx, aes, clmul, erms, ht, tsc, tscinvbit, tscinv

Memory: 4k page, physical 4087096k(518736k free), swap 6005436k(3260k free)

vm_info: Java HotSpot(TM) 64-Bit Server VM (25.65-b01) for windows-amd64 JRE (1.8.0_65-b17), built on Oct  6 2015 16:39:20 by "java_re" with MS VC++ 10.0 (VS2010)

time: Sun Jun 12 03:15:52 2016
elapsed time: 10 seconds (0d 0h 0m 10s)

