#
# There is insufficient memory for the Java Runtime Environment to continue.
# Native memory allocation (malloc) failed to allocate 1839456 bytes for Chunk::new
# Possible reasons:
#   The system is out of physical RAM or swap space
#   In 32 bit mode, the process size limit was hit
# Possible solutions:
#   Reduce memory load on the system
#   Increase physical memory or swap space
#   Check if swap backing store is full
#   Use 64 bit Java on a 64 bit OS
#   Decrease Java heap size (-Xmx/-Xms)
#   Decrease number of Java threads
#   Decrease Java thread stack sizes (-Xss)
#   Set larger code cache with -XX:ReservedCodeCacheSize=
# This output file may be truncated or incomplete.
#
#  Out of Memory Error (allocation.cpp:390), pid=6620, tid=7132
#
# JRE version: Java(TM) SE Runtime Environment (8.0_65-b17) (build 1.8.0_65-b17)
# Java VM: Java HotSpot(TM) 64-Bit Server VM (25.65-b01 mixed mode windows-amd64 compressed oops)
# Failed to write core dump. Minidumps are not enabled by default on client versions of Windows
#

---------------  T H R E A D  ---------------

Current thread (0x000000001495f800):  JavaThread "C2 CompilerThread1" daemon [_thread_in_native, id=7132, stack(0x00000000160c0000,0x00000000161c0000)]

Stack: [0x00000000160c0000,0x00000000161c0000]
[error occurred during error reporting (printing stack bounds), id 0xc0000005]

Native frames: (J=compiled Java code, j=interpreted, Vv=VM code, C=native code)


Current CompileTask:
C2:   2719 1263   !   4       com.android.dx.cf.code.BytecodeArray::parseInstruction (2764 bytes)


---------------  P R O C E S S  ---------------

Java Threads: ( => current thread )
  0x00000000164a9800 JavaThread "pool-2-thread-4" [_thread_in_Java, id=7244, stack(0x0000000016cc0000,0x0000000016dc0000)]
  0x0000000016469000 JavaThread "pool-2-thread-3" [_thread_in_Java, id=8856, stack(0x0000000016bc0000,0x0000000016cc0000)]
  0x0000000016466800 JavaThread "pool-2-thread-2" [_thread_in_Java, id=9212, stack(0x0000000016ac0000,0x0000000016bc0000)]
  0x0000000016463800 JavaThread "pool-3-thread-1" [_thread_blocked, id=9800, stack(0x00000000169c0000,0x0000000016ac0000)]
  0x0000000016462800 JavaThread "pool-2-thread-1" [_thread_in_Java, id=8500, stack(0x00000000168c0000,0x00000000169c0000)]
  0x00000000162d6000 JavaThread "Service Thread" daemon [_thread_blocked, id=5296, stack(0x00000000166c0000,0x00000000167c0000)]
  0x0000000014963000 JavaThread "C1 CompilerThread2" daemon [_thread_in_native, id=3364, stack(0x00000000161c0000,0x00000000162c0000)]
=>0x000000001495f800 JavaThread "C2 CompilerThread1" daemon [_thread_in_native, id=7132, stack(0x00000000160c0000,0x00000000161c0000)]
  0x000000001495d800 JavaThread "C2 CompilerThread0" daemon [_thread_in_native, id=9220, stack(0x0000000015fc0000,0x00000000160c0000)]
  0x000000001495a800 JavaThread "Attach Listener" daemon [_thread_blocked, id=564, stack(0x0000000015ec0000,0x0000000015fc0000)]
  0x0000000014959000 JavaThread "Signal Dispatcher" daemon [_thread_blocked, id=6552, stack(0x0000000015dc0000,0x0000000015ec0000)]
  0x0000000002250800 JavaThread "Finalizer" daemon [_thread_blocked, id=9928, stack(0x0000000015bb0000,0x0000000015cb0000)]
  0x000000000224d000 JavaThread "Reference Handler" daemon [_thread_blocked, id=5980, stack(0x0000000015ab0000,0x0000000015bb0000)]
  0x0000000002160800 JavaThread "main" [_thread_in_Java, id=6888, stack(0x0000000002030000,0x0000000002130000)]

Other Threads:
  0x0000000014928000 VMThread [stack: 0x00000000159b0000,0x0000000015ab0000] [id=9040]
  0x00000000162da000 WatcherThread [stack: 0x00000000167c0000,0x00000000168c0000] [id=8748]

VM state:not at safepoint (normal execution)

VM Mutex/Monitor currently owned by a thread: None

Heap:
 PSYoungGen      total 35328K, used 15645K [0x00000000eab00000, 0x00000000ed000000, 0x0000000100000000)
  eden space 32768K, 40% used [0x00000000eab00000,0x00000000eb7cf670,0x00000000ecb00000)
  from space 2560K, 98% used [0x00000000ecd80000,0x00000000ecff8028,0x00000000ed000000)
  to   space 2560K, 0% used [0x00000000ecb00000,0x00000000ecb00000,0x00000000ecd80000)
 ParOldGen       total 44032K, used 4243K [0x00000000c0000000, 0x00000000c2b00000, 0x00000000eab00000)
  object space 44032K, 9% used [0x00000000c0000000,0x00000000c0424fe0,0x00000000c2b00000)
 Metaspace       used 5971K, capacity 7024K, committed 7296K, reserved 1056768K
  class space    used 589K, capacity 616K, committed 640K, reserved 1048576K

Card table byte_map: [0x0000000011630000,0x0000000011840000] byte_map_base: 0x0000000011030000

Marking Bits: (ParMarkBitMap*) 0x000000005d94a5b0
 Begin Bits: [0x0000000011da0000, 0x0000000012da0000)
 End Bits:   [0x0000000012da0000, 0x0000000013da0000)

Polling page: 0x00000000005c0000

CodeCache: size=245760Kb used=5583Kb max_used=5583Kb free=240176Kb
 bounds [0x0000000002270000, 0x00000000027f0000, 0x0000000011270000]
 total_blobs=1622 nmethods=1353 adapters=182
 compilation: enabled

Compilation events (10 events):
Event: 2.689 Thread 0x0000000014963000 1368       2       com.android.dx.rop.type.Type::getInitializedType (42 bytes)
Event: 2.690 Thread 0x0000000014963000 nmethod 1368 0x00000000027df110 code [0x00000000027df2a0, 0x00000000027df678]
Event: 2.691 Thread 0x0000000014963000 1370       2       java.util.concurrent.ThreadPoolExecutor::workerCountOf (5 bytes)
Event: 2.691 Thread 0x0000000014963000 nmethod 1370 0x0000000002776410 code [0x0000000002776560, 0x0000000002776690]
Event: 2.694 Thread 0x0000000014963000 1371       2       com.android.dx.cf.iface.StdMethod::<init> (40 bytes)
Event: 2.694 Thread 0x0000000014963000 nmethod 1371 0x00000000027df890 code [0x00000000027dfa40, 0x00000000027dfd68]
Event: 2.695 Thread 0x0000000014963000 1372       2       com.android.dx.cf.iface.StdAttributeList::byteLength (35 bytes)
Event: 2.696 Thread 0x0000000014963000 nmethod 1372 0x00000000027e0110 code [0x00000000027e0280, 0x00000000027e0518]
Event: 2.696 Thread 0x0000000014963000 1373       2       com.android.dx.cf.direct.StdAttributeFactory::code (613 bytes)
Event: 2.703 Thread 0x0000000014963000 nmethod 1373 0x00000000027e06d0 code [0x00000000027e0cc0, 0x00000000027e32b8]

GC Heap History (4 events):
Event: 1.189 GC heap before
{Heap before GC invocations=1 (full 0):
 PSYoungGen      total 18944K, used 16384K [0x00000000eab00000, 0x00000000ec000000, 0x0000000100000000)
  eden space 16384K, 100% used [0x00000000eab00000,0x00000000ebb00000,0x00000000ebb00000)
  from space 2560K, 0% used [0x00000000ebd80000,0x00000000ebd80000,0x00000000ec000000)
  to   space 2560K, 0% used [0x00000000ebb00000,0x00000000ebb00000,0x00000000ebd80000)
 ParOldGen       total 44032K, used 0K [0x00000000c0000000, 0x00000000c2b00000, 0x00000000eab00000)
  object space 44032K, 0% used [0x00000000c0000000,0x00000000c0000000,0x00000000c2b00000)
 Metaspace       used 5675K, capacity 6768K, committed 7040K, reserved 1056768K
  class space    used 587K, capacity 616K, committed 640K, reserved 1048576K
Event: 1.306 GC heap after
Heap after GC invocations=1 (full 0):
 PSYoungGen      total 18944K, used 2554K [0x00000000eab00000, 0x00000000ed000000, 0x0000000100000000)
  eden space 16384K, 0% used [0x00000000eab00000,0x00000000eab00000,0x00000000ebb00000)
  from space 2560K, 99% used [0x00000000ebb00000,0x00000000ebd7eab8,0x00000000ebd80000)
  to   space 2560K, 0% used [0x00000000ecd80000,0x00000000ecd80000,0x00000000ed000000)
 ParOldGen       total 44032K, used 1646K [0x00000000c0000000, 0x00000000c2b00000, 0x00000000eab00000)
  object space 44032K, 3% used [0x00000000c0000000,0x00000000c019b9f8,0x00000000c2b00000)
 Metaspace       used 5675K, capacity 6768K, committed 7040K, reserved 1056768K
  class space    used 587K, capacity 616K, committed 640K, reserved 1048576K
}
Event: 2.006 GC heap before
{Heap before GC invocations=2 (full 0):
 PSYoungGen      total 18944K, used 18938K [0x00000000eab00000, 0x00000000ed000000, 0x0000000100000000)
  eden space 16384K, 100% used [0x00000000eab00000,0x00000000ebb00000,0x00000000ebb00000)
  from space 2560K, 99% used [0x00000000ebb00000,0x00000000ebd7eab8,0x00000000ebd80000)
  to   space 2560K, 0% used [0x00000000ecd80000,0x00000000ecd80000,0x00000000ed000000)
 ParOldGen       total 44032K, used 1646K [0x00000000c0000000, 0x00000000c2b00000, 0x00000000eab00000)
  object space 44032K, 3% used [0x00000000c0000000,0x00000000c019b9f8,0x00000000c2b00000)
 Metaspace       used 5854K, capacity 6896K, committed 7040K, reserved 1056768K
  class space    used 589K, capacity 616K, committed 640K, reserved 1048576K
Event: 2.127 GC heap after
Heap after GC invocations=2 (full 0):
 PSYoungGen      total 35328K, used 2528K [0x00000000eab00000, 0x00000000ed000000, 0x0000000100000000)
  eden space 32768K, 0% used [0x00000000eab00000,0x00000000eab00000,0x00000000ecb00000)
  from space 2560K, 98% used [0x00000000ecd80000,0x00000000ecff8028,0x00000000ed000000)
  to   space 2560K, 0% used [0x00000000ecb00000,0x00000000ecb00000,0x00000000ecd80000)
 ParOldGen       total 44032K, used 4243K [0x00000000c0000000, 0x00000000c2b00000, 0x00000000eab00000)
  object space 44032K, 9% used [0x00000000c0000000,0x00000000c0424fe0,0x00000000c2b00000)
 Metaspace       used 5854K, capacity 6896K, committed 7040K, reserved 1056768K
  class space    used 589K, capacity 616K, committed 640K, reserved 1048576K
}

Deoptimization events (10 events):
Event: 0.787 Thread 0x00000000164a9800 Uncommon trap: reason=class_check action=maybe_recompile pc=0x0000000002492cb0 method=com.android.dx.ssa.NormalSsaInsn.accept(Lcom/android/dx/ssa/SsaInsn$Visitor;)V @ 9
Event: 0.787 Thread 0x00000000164a9800 Uncommon trap: reason=class_check action=maybe_recompile pc=0x0000000002492cb0 method=com.android.dx.ssa.NormalSsaInsn.accept(Lcom/android/dx/ssa/SsaInsn$Visitor;)V @ 9
Event: 0.787 Thread 0x00000000164a9800 Uncommon trap: reason=class_check action=maybe_recompile pc=0x0000000002492cb0 method=com.android.dx.ssa.NormalSsaInsn.accept(Lcom/android/dx/ssa/SsaInsn$Visitor;)V @ 9
Event: 0.787 Thread 0x00000000164a9800 Uncommon trap: reason=class_check action=maybe_recompile pc=0x0000000002492cb0 method=com.android.dx.ssa.NormalSsaInsn.accept(Lcom/android/dx/ssa/SsaInsn$Visitor;)V @ 9
Event: 1.024 Thread 0x00000000164a9800 Uncommon trap: reason=null_check action=make_not_entrant pc=0x0000000002513624 method=com.android.dx.ssa.SsaRenamer.getLocalForNewReg(I)Lcom/android/dx/rop/code/LocalItem; @ 19
Event: 1.024 Thread 0x00000000164a9800 Uncommon trap: reason=null_check action=make_not_entrant pc=0x000000000251f770 method=com.android.dx.ssa.SsaRenamer.getLocalForNewReg(I)Lcom/android/dx/rop/code/LocalItem; @ 19
Event: 1.025 Thread 0x00000000164a9800 Uncommon trap: reason=unstable_if action=reinterpret pc=0x0000000002498d74 method=java.util.BitSet.ensureCapacity(I)V @ 6
Event: 1.996 Thread 0x00000000164a9800 Uncommon trap: reason=unstable_if action=reinterpret pc=0x00000000025b9030 method=com.android.dx.rop.code.RegisterSpecSet.put(Lcom/android/dx/rop/code/RegisterSpec;)V @ 62
Event: 2.000 Thread 0x0000000002160800 Uncommon trap: reason=unstable_if action=reinterpret pc=0x000000000268997c method=com.android.dx.util.IntList.binarysearch(I)I @ 105
Event: 2.169 Thread 0x00000000164a9800 Uncommon trap: reason=unstable_if action=reinterpret pc=0x00000000026cd5c0 method=com.android.dx.rop.code.RegisterSpecSet.localItemToSpec(Lcom/android/dx/rop/code/LocalItem;)Lcom/android/dx/rop/code/RegisterSpec; @ 35

Internal exceptions (4 events):
Event: 0.076 Thread 0x0000000002160800 Exception <a 'java/lang/NoSuchMethodError': Method sun.misc.Unsafe.defineClass(Ljava/lang/String;[BII)Ljava/lang/Class; name or signature does not match> (0x00000000eab0d638) thrown at [C:\workspace\8-2-build-windows-amd64-cygwin\jdk8u65\4987\hotspot\src\s©Í ÎçÄ≥?
Event: 0.076 Thread 0x0000000002160800 Exception <a 'java/lang/NoSuchMethodError': Method sun.misc.Unsafe.prefetchRead(Ljava/lang/Object;J)V name or signature does not match> (0x00000000eab0d920) thrown at [C:\workspace\8-2-build-windows-amd64-cygwin\jdk8u65\4987\hotspot\src\share\vm\prims\jni.>Î≤‰Ñb?
Event: 1.024 Thread 0x00000000164a9800 Implicit null exception at 0x0000000002511587 to 0x00000000025135e1
Event: 1.024 Thread 0x00000000164a9800 Implicit null exception at 0x000000000251da68 to 0x000000000251f751

Events (10 events):
Event: 2.127 Executing VM operation: ParallelGCFailedAllocation done
Event: 2.169 Thread 0x00000000164a9800 Uncommon trap: trap_request=0xffffff65 fr.pc=0x00000000026cd5c0
Event: 2.169 Thread 0x00000000164a9800 DEOPT PACKING pc=0x00000000026cd5c0 sp=0x0000000016dbe910
Event: 2.169 Thread 0x00000000164a9800 DEOPT UNPACKING pc=0x00000000022b582a sp=0x0000000016dbe8b0 mode 2
Event: 2.638 Thread 0x0000000016462800 DEOPT PACKING pc=0x000000000257304f sp=0x00000000169be7c0
Event: 2.638 Thread 0x0000000016462800 DEOPT UNPACKING pc=0x00000000022b787f sp=0x00000000169be5a0 mode 0
Event: 2.644 loading class com/android/dx/cf/attrib/AttExceptions
Event: 2.644 loading class com/android/dx/cf/attrib/AttExceptions done
Event: 2.674 Thread 0x0000000016462800 DEOPT PACKING pc=0x0000000002572e65 sp=0x00000000169be7c0
Event: 2.674 Thread 0x0000000016462800 DEOPT UNPACKING pc=0x00000000022b787f sp=0x00000000169be5a0 mode 0


Dynamic libraries:
0x00007ff606210000 - 0x00007ff606247000 	C:\Program Files\Java\jdk1.8.0_65\bin\java.exe
0x00007ff810bb0000 - 0x00007ff810d71000 	C:\Windows\SYSTEM32\ntdll.dll
0x00007ff80e9c0000 - 0x00007ff80ea6d000 	C:\Windows\system32\KERNEL32.DLL
0x00007ff80d280000 - 0x00007ff80d468000 	C:\Windows\system32\KERNELBASE.dll
0x00007ff80b710000 - 0x00007ff80b789000 	C:\Windows\system32\apphelp.dll
0x00007ff8108c0000 - 0x00007ff810967000 	C:\Windows\system32\ADVAPI32.dll
0x00007ff80e0e0000 - 0x00007ff80e17d000 	C:\Windows\system32\msvcrt.dll
0x00007ff8101a0000 - 0x00007ff8101fb000 	C:\Windows\system32\sechost.dll
0x00007ff810480000 - 0x00007ff81059c000 	C:\Windows\system32\RPCRT4.dll
0x00007ff80e7f0000 - 0x00007ff80e946000 	C:\Windows\system32\USER32.dll
0x00007ff810010000 - 0x00007ff810196000 	C:\Windows\system32\GDI32.dll
0x00007fffffb60000 - 0x00007fffffdd4000 	C:\Windows\WinSxS\amd64_microsoft.windows.common-controls_6595b64144ccf1df_6.0.10586.0_none_8c15ae12515e1c22\COMCTL32.dll
0x00007ff810200000 - 0x00007ff81047d000 	C:\Windows\system32\combase.dll
0x00007ff80d8f0000 - 0x00007ff80d95a000 	C:\Windows\system32\bcryptPrimitives.dll
0x00007ff80ffd0000 - 0x00007ff81000b000 	C:\Windows\system32\IMM32.DLL
0x000000005ccc0000 - 0x000000005cd92000 	C:\Program Files\Java\jdk1.8.0_65\jre\bin\msvcr100.dll
0x000000005d140000 - 0x000000005d9c9000 	C:\Program Files\Java\jdk1.8.0_65\jre\bin\server\jvm.dll
0x00007ff810750000 - 0x00007ff810758000 	C:\Windows\system32\PSAPI.DLL
0x00007ff802680000 - 0x00007ff802689000 	C:\Windows\SYSTEM32\WSOCK32.dll
0x00007ff80e180000 - 0x00007ff80e1eb000 	C:\Windows\system32\WS2_32.dll
0x00007ff80b5a0000 - 0x00007ff80b5c3000 	C:\Windows\SYSTEM32\WINMM.dll
0x00007ff8006f0000 - 0x00007ff8006fa000 	C:\Windows\SYSTEM32\VERSION.dll
0x00007ff80b240000 - 0x00007ff80b26c000 	C:\Windows\SYSTEM32\WINMMBASE.dll
0x00007ff80d6d0000 - 0x00007ff80d713000 	C:\Windows\system32\cfgmgr32.dll
0x000000005d130000 - 0x000000005d13f000 	C:\Program Files\Java\jdk1.8.0_65\jre\bin\verify.dll
0x000000005d100000 - 0x000000005d129000 	C:\Program Files\Java\jdk1.8.0_65\jre\bin\java.dll
0x000000005d0e0000 - 0x000000005d0f6000 	C:\Program Files\Java\jdk1.8.0_65\jre\bin\zip.dll
0x00007ff80ea70000 - 0x00007ff80ffcf000 	C:\Windows\system32\SHELL32.dll
0x00007ff80d960000 - 0x00007ff80dfa4000 	C:\Windows\system32\windows.storage.dll
0x00007ff80e250000 - 0x00007ff80e2a2000 	C:\Windows\system32\shlwapi.dll
0x00007ff80d230000 - 0x00007ff80d23f000 	C:\Windows\system32\kernel.appcore.dll
0x00007ff80d560000 - 0x00007ff80d615000 	C:\Windows\system32\shcore.dll
0x00007ff80d1d0000 - 0x00007ff80d21b000 	C:\Windows\system32\powrprof.dll
0x00007ff80d240000 - 0x00007ff80d254000 	C:\Windows\system32\profapi.dll

VM Arguments:
jvm_args: -Djava.awt.headless=true -Xmx1024M -Dfile.encoding=windows-1252 -Duser.country=US -Duser.language=en -Duser.variant 
java_command: com.android.dx.command.Main --dex --force-jumbo --num-threads=4 --multi-dex --output F:\Android Tools\My AndroWork\MapMyDay\app\build\intermediates\transforms\dex\debug\folders\1000\10\com.google.maps.android-android-maps-utils-0.4.3_978bda5d4825badd9d2dc8f9602ccd661ef405cd F:\Android Tools\My AndroWork\MapMyDay\app\build\intermediates\exploded-aar\com.google.maps.android\android-maps-utils\0.4.3\jars\classes.jar
java_class_path (initial): F:\sdk\build-tools\23.0.1\lib\dx.jar
Launcher Type: SUN_STANDARD

Environment Variables:
PATH=C:\ProgramData\Oracle\Java\javapath;C:\Windows\system32;C:\Windows;C:\Windows\System32\Wbem;C:\Windows\System32\WindowsPowerShell\v1.0\;C:\Program Files (x86)\Intel\OpenCL SDK\2.0\bin\x86;C:\Program Files (x86)\Intel\OpenCL SDK\2.0\bin\x64;C:\Program Files\Microsoft\Web Platform Installer\;C:\Program Files (x86)\Microsoft ASP.NET\ASP.NET Web Pages\v1.0\;C:\Program Files (x86)\Windows Kits\8.0\Windows Performance Toolkit\;C:\Program Files\Microsoft SQL Server\110\Tools\Binn\;C:\VisualStudio & OpenCv\opencv\build\x64\vc11\bin\;C:\Program Files (x86)\Common Files\lenovo\easyplussdk\bin;C:\Modeltech_pe_edu_10.4a\win32pe_edu
USERNAME=Fahim Al Mahmud
OS=Windows_NT
PROCESSOR_IDENTIFIER=Intel64 Family 6 Model 58 Stepping 9, GenuineIntel



---------------  S Y S T E M  ---------------

OS: Windows 10.0 , 64 bit Build 10586 (10.0.10586.0)

CPU:total 4 (2 cores per cpu, 2 threads per core) family 6 model 58 stepping 9, cmov, cx8, fxsr, mmx, sse, sse2, sse3, ssse3, sse4.1, sse4.2, popcnt, avx, aes, clmul, erms, ht, tsc, tscinvbit, tscinv

Memory: 4k page, physical 4087096k(510120k free), swap 6005436k(5212k free)

vm_info: Java HotSpot(TM) 64-Bit Server VM (25.65-b01) for windows-amd64 JRE (1.8.0_65-b17), built on Oct  6 2015 16:39:20 by "java_re" with MS VC++ 10.0 (VS2010)

time: Sun Jun 12 01:27:57 2016
elapsed time: 2 seconds (0d 0h 0m 2s)

