#
# There is insufficient memory for the Java Runtime Environment to continue.
# Native memory allocation (malloc) failed to allocate 1063936 bytes for Chunk::new
# Possible reasons:
#   The system is out of physical RAM or swap space
#   In 32 bit mode, the process size limit was hit
# Possible solutions:
#   Reduce memory load on the system
#   Increase physical memory or swap space
#   Check if swap backing store is full
#   Use 64 bit Java on a 64 bit OS
#   Decrease Java heap size (-Xmx/-Xms)
#   Decrease number of Java threads
#   Decrease Java thread stack sizes (-Xss)
#   Set larger code cache with -XX:ReservedCodeCacheSize=
# This output file may be truncated or incomplete.
#
#  Out of Memory Error (allocation.cpp:390), pid=6100, tid=7664
#
# JRE version: Java(TM) SE Runtime Environment (8.0_65-b17) (build 1.8.0_65-b17)
# Java VM: Java HotSpot(TM) 64-Bit Server VM (25.65-b01 mixed mode windows-amd64 compressed oops)
# Failed to write core dump. Minidumps are not enabled by default on client versions of Windows
#

---------------  T H R E A D  ---------------

Current thread (0x000000001498d800):  JavaThread "C2 CompilerThread0" daemon [_thread_in_native, id=7664, stack(0x0000000015fd0000,0x00000000160d0000)]

Stack: [0x0000000015fd0000,0x00000000160d0000]
[error occurred during error reporting (printing stack bounds), id 0xc0000005]

Native frames: (J=compiled Java code, j=interpreted, Vv=VM code, C=native code)


Current CompileTask:
C2:  10384 1715       4       com.android.dx.ssa.SCCP::simulatePhi (169 bytes)


---------------  P R O C E S S  ---------------

Java Threads: ( => current thread )
  0x0000000016512800 JavaThread "pool-2-thread-4" [_thread_blocked, id=548, stack(0x0000000016cd0000,0x0000000016dd0000)]
  0x0000000016512000 JavaThread "pool-2-thread-3" [_thread_blocked, id=6188, stack(0x0000000016bd0000,0x0000000016cd0000)]
  0x0000000016511000 JavaThread "pool-2-thread-2" [_thread_blocked, id=1568, stack(0x0000000016ad0000,0x0000000016bd0000)]
  0x000000001640b000 JavaThread "pool-3-thread-1" [_thread_blocked, id=4948, stack(0x00000000169d0000,0x0000000016ad0000)]
  0x000000001640a800 JavaThread "pool-2-thread-1" [_thread_blocked, id=5160, stack(0x00000000168d0000,0x00000000169d0000)]
  0x00000000162d7000 JavaThread "Service Thread" daemon [_thread_blocked, id=948, stack(0x00000000166d0000,0x00000000167d0000)]
  0x00000000149e8800 JavaThread "C1 CompilerThread2" daemon [_thread_blocked, id=456, stack(0x00000000161d0000,0x00000000162d0000)]
  0x000000001498f800 JavaThread "C2 CompilerThread1" daemon [_thread_in_native, id=6880, stack(0x00000000160d0000,0x00000000161d0000)]
=>0x000000001498d800 JavaThread "C2 CompilerThread0" daemon [_thread_in_native, id=7664, stack(0x0000000015fd0000,0x00000000160d0000)]
  0x000000001498a800 JavaThread "Attach Listener" daemon [_thread_blocked, id=3440, stack(0x0000000015ed0000,0x0000000015fd0000)]
  0x0000000014989000 JavaThread "Signal Dispatcher" daemon [_thread_blocked, id=4844, stack(0x0000000015dd0000,0x0000000015ed0000)]
  0x00000000022b6000 JavaThread "Finalizer" daemon [_thread_blocked, id=7340, stack(0x0000000015bf0000,0x0000000015cf0000)]
  0x00000000022ad000 JavaThread "Reference Handler" daemon [_thread_blocked, id=1692, stack(0x0000000015af0000,0x0000000015bf0000)]
  0x00000000021c0800 JavaThread "main" [_thread_blocked, id=8148, stack(0x00000000020c0000,0x00000000021c0000)]

Other Threads:
  0x0000000014958000 VMThread [stack: 0x00000000159f0000,0x0000000015af0000] [id=1044]
  0x00000000162da800 WatcherThread [stack: 0x00000000167d0000,0x00000000168d0000] [id=6864]

VM state:at safepoint (normal execution)

VM Mutex/Monitor currently owned by a thread:  ([mutex/lock_event])
[0x000000000207c080] Threads_lock - owner thread: 0x0000000014958000
[0x000000000207c400] Heap_lock - owner thread: 0x0000000016512800

Heap:
 PSYoungGen      total 92672K, used 92587K [0x00000000eab00000, 0x00000000f2980000, 0x0000000100000000)
  eden space 74240K, 100% used [0x00000000eab00000,0x00000000ef380000,0x00000000ef380000)
  from space 18432K, 99% used [0x00000000f1780000,0x00000000f296ae18,0x00000000f2980000)
  to   space 27136K, 12% used [0x00000000ef480000,0x00000000ef7b70e0,0x00000000f0f00000)
 ParOldGen       total 95744K, used 37784K [0x00000000c0000000, 0x00000000c5d80000, 0x00000000eab00000)
  object space 95744K, 39% used [0x00000000c0000000,0x00000000c24e60e0,0x00000000c5d80000)
 Metaspace       used 5856K, capacity 7024K, committed 7296K, reserved 1056768K
  class space    used 577K, capacity 616K, committed 640K, reserved 1048576K

Card table byte_map: [0x0000000011680000,0x0000000011890000] byte_map_base: 0x0000000011080000

Marking Bits: (ParMarkBitMap*) 0x000000006dc5a5b0
 Begin Bits: [0x0000000011df0000, 0x0000000012df0000)
 End Bits:   [0x0000000012df0000, 0x0000000013df0000)

Polling page: 0x00000000001f0000

CodeCache: size=245760Kb used=7987Kb max_used=8063Kb free=237772Kb
 bounds [0x00000000022c0000, 0x0000000002ab0000, 0x00000000112c0000]
 total_blobs=1879 nmethods=1617 adapters=175
 compilation: enabled

Compilation events (10 events):
Event: 10.202 Thread 0x00000000149e8800 1728       2       java.lang.ref.ReferenceQueue::reallyPoll (66 bytes)
Event: 10.203 Thread 0x00000000149e8800 nmethod 1728 0x0000000002a905d0 code [0x0000000002a90740, 0x0000000002a909d0]
Event: 10.246 Thread 0x00000000149e8800 1733       2       java.util.TreeMap::compare (32 bytes)
Event: 10.246 Thread 0x00000000149e8800 nmethod 1733 0x00000000023d8210 code [0x00000000023d8380, 0x00000000023d8598]
Event: 10.250 Thread 0x00000000149e8800 1734       2       com.android.dx.cf.code.LineNumberList::concat (92 bytes)
Event: 10.252 Thread 0x00000000149e8800 nmethod 1734 0x0000000002a9d810 code [0x0000000002a9da80, 0x0000000002a9e688]
Event: 10.315 Thread 0x00000000149e8800 1736       3       com.android.dx.ssa.DomFront::run (264 bytes)
Event: 10.320 Thread 0x00000000149e8800 nmethod 1736 0x0000000002aa6210 code [0x0000000002aa67c0, 0x0000000002aaa0b8]
Event: 10.357 Thread 0x00000000149e8800 1737 %     3       com.android.dx.ssa.ConstCollector::updateConstUses @ 183 (248 bytes)
Event: 10.360 Thread 0x00000000149e8800 nmethod 1737% 0x0000000002aac0d0 code [0x0000000002aac440, 0x0000000002aae6b8]

GC Heap History (10 events):
Event: 8.236 GC heap after
Heap after GC invocations=6 (full 1):
 PSYoungGen      total 35328K, used 0K [0x00000000eab00000, 0x00000000f0f00000, 0x0000000100000000)
  eden space 32768K, 0% used [0x00000000eab00000,0x00000000eab00000,0x00000000ecb00000)
  from space 2560K, 0% used [0x00000000ecb00000,0x00000000ecb00000,0x00000000ecd80000)
  to   space 18432K, 0% used [0x00000000efd00000,0x00000000efd00000,0x00000000f0f00000)
 ParOldGen       total 44032K, used 26952K [0x00000000c0000000, 0x00000000c2b00000, 0x00000000eab00000)
  object space 44032K, 61% used [0x00000000c0000000,0x00000000c1a52238,0x00000000c2b00000)
 Metaspace       used 5731K, capacity 6960K, committed 7040K, reserved 1056768K
  class space    used 577K, capacity 616K, committed 640K, reserved 1048576K
}
Event: 8.492 GC heap before
{Heap before GC invocations=7 (full 1):
 PSYoungGen      total 35328K, used 32768K [0x00000000eab00000, 0x00000000f0f00000, 0x0000000100000000)
  eden space 32768K, 100% used [0x00000000eab00000,0x00000000ecb00000,0x00000000ecb00000)
  from space 2560K, 0% used [0x00000000ecb00000,0x00000000ecb00000,0x00000000ecd80000)
  to   space 18432K, 0% used [0x00000000efd00000,0x00000000efd00000,0x00000000f0f00000)
 ParOldGen       total 44032K, used 26952K [0x00000000c0000000, 0x00000000c2b00000, 0x00000000eab00000)
  object space 44032K, 61% used [0x00000000c0000000,0x00000000c1a52238,0x00000000c2b00000)
 Metaspace       used 5755K, capacity 6960K, committed 7040K, reserved 1056768K
  class space    used 577K, capacity 616K, committed 640K, reserved 1048576K
Event: 8.536 GC heap after
Heap after GC invocations=7 (full 1):
 PSYoungGen      total 64000K, used 10876K [0x00000000eab00000, 0x00000000f0800000, 0x0000000100000000)
  eden space 52736K, 0% used [0x00000000eab00000,0x00000000eab00000,0x00000000ede80000)
  from space 11264K, 96% used [0x00000000efd00000,0x00000000f079f348,0x00000000f0800000)
  to   space 17920K, 0% used [0x00000000ee500000,0x00000000ee500000,0x00000000ef680000)
 ParOldGen       total 44032K, used 26960K [0x00000000c0000000, 0x00000000c2b00000, 0x00000000eab00000)
  object space 44032K, 61% used [0x00000000c0000000,0x00000000c1a54238,0x00000000c2b00000)
 Metaspace       used 5755K, capacity 6960K, committed 7040K, reserved 1056768K
  class space    used 577K, capacity 616K, committed 640K, reserved 1048576K
}
Event: 9.021 GC heap before
{Heap before GC invocations=8 (full 1):
 PSYoungGen      total 64000K, used 63612K [0x00000000eab00000, 0x00000000f0800000, 0x0000000100000000)
  eden space 52736K, 100% used [0x00000000eab00000,0x00000000ede80000,0x00000000ede80000)
  from space 11264K, 96% used [0x00000000efd00000,0x00000000f079f348,0x00000000f0800000)
  to   space 17920K, 0% used [0x00000000ee500000,0x00000000ee500000,0x00000000ef680000)
 ParOldGen       total 44032K, used 26960K [0x00000000c0000000, 0x00000000c2b00000, 0x00000000eab00000)
  object space 44032K, 61% used [0x00000000c0000000,0x00000000c1a54238,0x00000000c2b00000)
 Metaspace       used 5777K, capacity 6960K, committed 7040K, reserved 1056768K
  class space    used 577K, capacity 616K, committed 640K, reserved 1048576K
Event: 9.053 GC heap after
Heap after GC invocations=8 (full 1):
 PSYoungGen      total 77312K, used 17903K [0x00000000eab00000, 0x00000000f3100000, 0x0000000100000000)
  eden space 59392K, 0% used [0x00000000eab00000,0x00000000eab00000,0x00000000ee500000)
  from space 17920K, 99% used [0x00000000ee500000,0x00000000ef67beb8,0x00000000ef680000)
  to   space 26112K, 0% used [0x00000000f1780000,0x00000000f1780000,0x00000000f3100000)
 ParOldGen       total 44032K, used 37006K [0x00000000c0000000, 0x00000000c2b00000, 0x00000000eab00000)
  object space 44032K, 84% used [0x00000000c0000000,0x00000000c2423b80,0x00000000c2b00000)
 Metaspace       used 5777K, capacity 6960K, committed 7040K, reserved 1056768K
  class space    used 577K, capacity 616K, committed 640K, reserved 1048576K
}
Event: 9.053 GC heap before
{Heap before GC invocations=9 (full 2):
 PSYoungGen      total 77312K, used 17903K [0x00000000eab00000, 0x00000000f3100000, 0x0000000100000000)
  eden space 59392K, 0% used [0x00000000eab00000,0x00000000eab00000,0x00000000ee500000)
  from space 17920K, 99% used [0x00000000ee500000,0x00000000ef67beb8,0x00000000ef680000)
  to   space 26112K, 0% used [0x00000000f1780000,0x00000000f1780000,0x00000000f3100000)
 ParOldGen       total 44032K, used 37006K [0x00000000c0000000, 0x00000000c2b00000, 0x00000000eab00000)
  object space 44032K, 84% used [0x00000000c0000000,0x00000000c2423b80,0x00000000c2b00000)
 Metaspace       used 5777K, capacity 6960K, committed 7040K, reserved 1056768K
  class space    used 577K, capacity 616K, committed 640K, reserved 1048576K
Event: 9.381 GC heap after
Heap after GC invocations=9 (full 2):
 PSYoungGen      total 77312K, used 0K [0x00000000eab00000, 0x00000000f3100000, 0x0000000100000000)
  eden space 59392K, 0% used [0x00000000eab00000,0x00000000eab00000,0x00000000ee500000)
  from space 17920K, 0% used [0x00000000ee500000,0x00000000ee500000,0x00000000ef680000)
  to   space 26112K, 0% used [0x00000000f1780000,0x00000000f1780000,0x00000000f3100000)
 ParOldGen       total 95744K, used 37776K [0x00000000c0000000, 0x00000000c5d80000, 0x00000000eab00000)
  object space 95744K, 39% used [0x00000000c0000000,0x00000000c24e40e0,0x00000000c5d80000)
 Metaspace       used 5777K, capacity 6960K, committed 7040K, reserved 1056768K
  class space    used 577K, capacity 616K, committed 640K, reserved 1048576K
}
Event: 9.963 GC heap before
{Heap before GC invocations=10 (full 2):
 PSYoungGen      total 77312K, used 59392K [0x00000000eab00000, 0x00000000f3100000, 0x0000000100000000)
  eden space 59392K, 100% used [0x00000000eab00000,0x00000000ee500000,0x00000000ee500000)
  from space 17920K, 0% used [0x00000000ee500000,0x00000000ee500000,0x00000000ef680000)
  to   space 26112K, 0% used [0x00000000f1780000,0x00000000f1780000,0x00000000f3100000)
 ParOldGen       total 95744K, used 37776K [0x00000000c0000000, 0x00000000c5d80000, 0x00000000eab00000)
  object space 95744K, 39% used [0x00000000c0000000,0x00000000c24e40e0,0x00000000c5d80000)
 Metaspace       used 5848K, capacity 7024K, committed 7296K, reserved 1056768K
  class space    used 577K, capacity 616K, committed 640K, reserved 1048576K
Event: 9.997 GC heap after
Heap after GC invocations=10 (full 2):
 PSYoungGen      total 92672K, used 18347K [0x00000000eab00000, 0x00000000f2980000, 0x0000000100000000)
  eden space 74240K, 0% used [0x00000000eab00000,0x00000000eab00000,0x00000000ef380000)
  from space 18432K, 99% used [0x00000000f1780000,0x00000000f296ae18,0x00000000f2980000)
  to   space 27136K, 0% used [0x00000000ef480000,0x00000000ef480000,0x00000000f0f00000)
 ParOldGen       total 95744K, used 37784K [0x00000000c0000000, 0x00000000c5d80000, 0x00000000eab00000)
  object space 95744K, 39% used [0x00000000c0000000,0x00000000c24e60e0,0x00000000c5d80000)
 Metaspace       used 5848K, capacity 7024K, committed 7296K, reserved 1056768K
  class space    used 577K, capacity 616K, committed 640K, reserved 1048576K
}
Event: 10.375 GC heap before
{Heap before GC invocations=11 (full 2):
 PSYoungGen      total 92672K, used 92587K [0x00000000eab00000, 0x00000000f2980000, 0x0000000100000000)
  eden space 74240K, 100% used [0x00000000eab00000,0x00000000ef380000,0x00000000ef380000)
  from space 18432K, 99% used [0x00000000f1780000,0x00000000f296ae18,0x00000000f2980000)
  to   space 27136K, 0% used [0x00000000ef480000,0x00000000ef480000,0x00000000f0f00000)
 ParOldGen       total 95744K, used 37784K [0x00000000c0000000, 0x00000000c5d80000, 0x00000000eab00000)
  object space 95744K, 39% used [0x00000000c0000000,0x00000000c24e60e0,0x00000000c5d80000)
 Metaspace       used 5856K, capacity 7024K, committed 7296K, reserved 1056768K
  class space    used 577K, capacity 616K, committed 640K, reserved 1048576K

Deoptimization events (10 events):
Event: 9.594 Thread 0x000000001640a800 Uncommon trap: reason=class_check action=maybe_recompile pc=0x0000000002995334 method=com.android.dx.cf.code.BytecodeArray.parseInstruction(ILcom/android/dx/cf/code/BytecodeArray$Visitor;)I @ 2267
Event: 9.595 Thread 0x000000001640a800 Uncommon trap: reason=unstable_if action=reinterpret pc=0x0000000002834704 method=com.android.dx.util.MutabilityControl.isImmutable()Z @ 4
Event: 9.794 Thread 0x0000000016512000 Uncommon trap: reason=unstable_if action=reinterpret pc=0x000000000284cd1c method=com.android.dx.rop.code.RegisterSpecSet.put(Lcom/android/dx/rop/code/RegisterSpec;)V @ 77
Event: 9.794 Thread 0x0000000016512000 Uncommon trap: reason=unstable_if action=reinterpret pc=0x0000000002616828 method=com.android.dx.rop.code.RegisterSpecSet.put(Lcom/android/dx/rop/code/RegisterSpec;)V @ 77
Event: 9.795 Thread 0x0000000016512000 Uncommon trap: reason=unstable_if action=reinterpret pc=0x00000000028194ac method=com.android.dx.rop.code.RegisterSpecSet.put(Lcom/android/dx/rop/code/RegisterSpec;)V @ 77
Event: 9.796 Thread 0x0000000016512000 Uncommon trap: reason=unstable_if action=reinterpret pc=0x00000000027d77f0 method=com.android.dx.rop.code.RegisterSpecSet.put(Lcom/android/dx/rop/code/RegisterSpec;)V @ 77
Event: 9.849 Thread 0x0000000016512000 Uncommon trap: reason=bimorphic action=maybe_recompile pc=0x0000000002790784 method=com.android.dx.ssa.SCCP.setLatticeValueTo(IILcom/android/dx/rop/cst/Constant;)Z @ 43
Event: 9.853 Thread 0x0000000016512000 Uncommon trap: reason=unstable_if action=reinterpret pc=0x000000000283b310 method=com.android.dx.util.MutabilityControl.isImmutable()Z @ 4
Event: 9.878 Thread 0x000000001640a800 Uncommon trap: reason=unstable_if action=reinterpret pc=0x0000000002727b5c method=com.android.dx.cf.code.Merger.isPossiblyAssignableFrom(Lcom/android/dx/rop/type/TypeBearer;Lcom/android/dx/rop/type/TypeBearer;)Z @ 131
Event: 9.925 Thread 0x0000000016512000 Uncommon trap: reason=bimorphic action=maybe_recompile pc=0x000000000279072c method=com.android.dx.ssa.SCCP.simulatePhi(Lcom/android/dx/ssa/PhiInsn;)V @ 124

Internal exceptions (4 events):
Event: 0.061 Thread 0x00000000021c0800 Exception <a 'java/lang/NoSuchMethodError': Method sun.misc.Unsafe.defineClass(Ljava/lang/String;[BII)Ljava/lang/Class; name or signature does not match> (0x00000000eab0d428) thrown at [C:\workspace\8-2-build-windows-amd64-cygwin\jdk8u65\4987\hotspot\src\sdÐQ–†6¯?
Event: 0.061 Thread 0x00000000021c0800 Exception <a 'java/lang/NoSuchMethodError': Method sun.misc.Unsafe.prefetchRead(Ljava/lang/Object;J)V name or signature does not match> (0x00000000eab0d710) thrown at [C:\workspace\8-2-build-windows-amd64-cygwin\jdk8u65\4987\hotspot\src\share\vm\prims\jni.¶0`°XÄ@
Event: 2.346 Thread 0x0000000016511000 Implicit null exception at 0x000000000257a491 to 0x000000000257bee1
Event: 2.346 Thread 0x0000000016511000 Implicit null exception at 0x000000000256ce8c to 0x000000000256e7d5

Events (10 events):
Event: 10.360 Thread 0x00000000149e8800 flushing nmethod 0x00000000024bb250
Event: 10.360 Thread 0x00000000149e8800 flushing nmethod 0x00000000024be010
Event: 10.360 Thread 0x00000000149e8800 flushing nmethod 0x00000000024be410
Event: 10.360 Thread 0x00000000149e8800 flushing nmethod 0x00000000024be850
Event: 10.360 Thread 0x00000000149e8800 flushing nmethod 0x00000000024bef10
Event: 10.360 Thread 0x00000000149e8800 flushing nmethod 0x00000000024c00d0
Event: 10.360 Thread 0x00000000149e8800 flushing nmethod 0x00000000024d2390
Event: 10.360 Thread 0x00000000149e8800 flushing nmethod 0x00000000024db110
Event: 10.360 Thread 0x00000000149e8800 flushing nmethod 0x00000000024e5b90
Event: 10.374 Executing VM operation: ParallelGCFailedAllocation


Dynamic libraries:
0x00007ff788ce0000 - 0x00007ff788d17000 	C:\Program Files\Java\jdk1.8.0_65\bin\java.exe
0x00007ffc1d5e0000 - 0x00007ffc1d7a1000 	C:\Windows\SYSTEM32\ntdll.dll
0x00007ffc1b370000 - 0x00007ffc1b41d000 	C:\Windows\system32\KERNEL32.DLL
0x00007ffc19d20000 - 0x00007ffc19f08000 	C:\Windows\system32\KERNELBASE.dll
0x00007ffc18190000 - 0x00007ffc18209000 	C:\Windows\system32\apphelp.dll
0x00007ffc1ac00000 - 0x00007ffc1aca7000 	C:\Windows\system32\ADVAPI32.dll
0x00007ffc1cff0000 - 0x00007ffc1d08d000 	C:\Windows\system32\msvcrt.dll
0x00007ffc1b240000 - 0x00007ffc1b29b000 	C:\Windows\system32\sechost.dll
0x00007ffc1b6a0000 - 0x00007ffc1b7bc000 	C:\Windows\system32\RPCRT4.dll
0x00007ffc1acb0000 - 0x00007ffc1ae06000 	C:\Windows\system32\USER32.dll
0x00007ffc1aa00000 - 0x00007ffc1ab86000 	C:\Windows\system32\GDI32.dll
0x00007ffc0c950000 - 0x00007ffc0cbc4000 	C:\Windows\WinSxS\amd64_microsoft.windows.common-controls_6595b64144ccf1df_6.0.10586.0_none_8c15ae12515e1c22\COMCTL32.dll
0x00007ffc1b420000 - 0x00007ffc1b69d000 	C:\Windows\system32\combase.dll
0x00007ffc1a150000 - 0x00007ffc1a1ba000 	C:\Windows\system32\bcryptPrimitives.dll
0x00007ffc1d210000 - 0x00007ffc1d24b000 	C:\Windows\system32\IMM32.DLL
0x000000006cfd0000 - 0x000000006d0a2000 	C:\Program Files\Java\jdk1.8.0_65\jre\bin\msvcr100.dll
0x000000006d450000 - 0x000000006dcd9000 	C:\Program Files\Java\jdk1.8.0_65\jre\bin\server\jvm.dll
0x00007ffc1d3a0000 - 0x00007ffc1d3a8000 	C:\Windows\system32\PSAPI.DLL
0x00007ffc02230000 - 0x00007ffc02239000 	C:\Windows\SYSTEM32\WSOCK32.dll
0x00007ffc1d090000 - 0x00007ffc1d0fb000 	C:\Windows\system32\WS2_32.dll
0x00007ffc180a0000 - 0x00007ffc180c3000 	C:\Windows\SYSTEM32\WINMM.dll
0x00007ffc0e190000 - 0x00007ffc0e19a000 	C:\Windows\SYSTEM32\VERSION.dll
0x00007ffc18070000 - 0x00007ffc1809c000 	C:\Windows\SYSTEM32\WINMMBASE.dll
0x00007ffc1a100000 - 0x00007ffc1a143000 	C:\Windows\system32\cfgmgr32.dll
0x000000006d440000 - 0x000000006d44f000 	C:\Program Files\Java\jdk1.8.0_65\jre\bin\verify.dll
0x000000006d410000 - 0x000000006d439000 	C:\Program Files\Java\jdk1.8.0_65\jre\bin\java.dll
0x000000006d3f0000 - 0x000000006d406000 	C:\Program Files\Java\jdk1.8.0_65\jre\bin\zip.dll
0x00007ffc1b980000 - 0x00007ffc1cedf000 	C:\Windows\system32\SHELL32.dll
0x00007ffc1a2d0000 - 0x00007ffc1a914000 	C:\Windows\system32\windows.storage.dll
0x00007ffc1d3c0000 - 0x00007ffc1d412000 	C:\Windows\system32\shlwapi.dll
0x00007ffc19c80000 - 0x00007ffc19c8f000 	C:\Windows\system32\kernel.appcore.dll
0x00007ffc1a920000 - 0x00007ffc1a9d5000 	C:\Windows\system32\shcore.dll
0x00007ffc19c30000 - 0x00007ffc19c7b000 	C:\Windows\system32\powrprof.dll
0x00007ffc19c10000 - 0x00007ffc19c24000 	C:\Windows\system32\profapi.dll

VM Arguments:
jvm_args: -Djava.awt.headless=true -Xmx1024M -Dfile.encoding=windows-1252 -Duser.country=US -Duser.language=en -Duser.variant 
java_command: com.android.dx.command.Main --dex --force-jumbo --num-threads=4 --multi-dex --output F:\Android Tools\My AndroWork\MapMyDay\app\build\intermediates\transforms\dex\debug\folders\1000\5\slice_7 F:\Android Tools\My AndroWork\MapMyDay\app\build\intermediates\transforms\instantRunSlicer\debug\folders\1\5\slice_7
java_class_path (initial): F:\sdk\build-tools\23.0.1\lib\dx.jar
Launcher Type: SUN_STANDARD

Environment Variables:
PATH=C:\ProgramData\Oracle\Java\javapath;C:\Windows\system32;C:\Windows;C:\Windows\System32\Wbem;C:\Windows\System32\WindowsPowerShell\v1.0\;C:\Program Files (x86)\Intel\OpenCL SDK\2.0\bin\x86;C:\Program Files (x86)\Intel\OpenCL SDK\2.0\bin\x64;C:\Program Files\Microsoft\Web Platform Installer\;C:\Program Files (x86)\Microsoft ASP.NET\ASP.NET Web Pages\v1.0\;C:\Program Files (x86)\Windows Kits\8.0\Windows Performance Toolkit\;C:\Program Files\Microsoft SQL Server\110\Tools\Binn\;C:\VisualStudio & OpenCv\opencv\build\x64\vc11\bin\;C:\Program Files (x86)\Common Files\lenovo\easyplussdk\bin;C:\Modeltech_pe_edu_10.4a\win32pe_edu
USERNAME=Fahim Al Mahmud
OS=Windows_NT
PROCESSOR_IDENTIFIER=Intel64 Family 6 Model 58 Stepping 9, GenuineIntel



---------------  S Y S T E M  ---------------

OS: Windows 10.0 , 64 bit Build 10586 (10.0.10586.0)

CPU:total 4 (2 cores per cpu, 2 threads per core) family 6 model 58 stepping 9, cmov, cx8, fxsr, mmx, sse, sse2, sse3, ssse3, sse4.1, sse4.2, popcnt, avx, aes, clmul, erms, ht, tsc, tscinvbit, tscinv

Memory: 4k page, physical 4087096k(424300k free), swap 5215736k(5576k free)

vm_info: Java HotSpot(TM) 64-Bit Server VM (25.65-b01) for windows-amd64 JRE (1.8.0_65-b17), built on Oct  6 2015 16:39:20 by "java_re" with MS VC++ 10.0 (VS2010)

time: Mon Jun 13 11:39:27 2016
elapsed time: 10 seconds (0d 0h 0m 10s)

