#
# There is insufficient memory for the Java Runtime Environment to continue.
# Native memory allocation (malloc) failed to allocate 491856 bytes for Chunk::new
# Possible reasons:
#   The system is out of physical RAM or swap space
#   In 32 bit mode, the process size limit was hit
# Possible solutions:
#   Reduce memory load on the system
#   Increase physical memory or swap space
#   Check if swap backing store is full
#   Use 64 bit Java on a 64 bit OS
#   Decrease Java heap size (-Xmx/-Xms)
#   Decrease number of Java threads
#   Decrease Java thread stack sizes (-Xss)
#   Set larger code cache with -XX:ReservedCodeCacheSize=
# This output file may be truncated or incomplete.
#
#  Out of Memory Error (allocation.cpp:390), pid=308, tid=7960
#
# JRE version: Java(TM) SE Runtime Environment (8.0_65-b17) (build 1.8.0_65-b17)
# Java VM: Java HotSpot(TM) 64-Bit Server VM (25.65-b01 mixed mode windows-amd64 compressed oops)
# Failed to write core dump. Minidumps are not enabled by default on client versions of Windows
#

---------------  T H R E A D  ---------------

Current thread (0x000000001485d800):  JavaThread "C2 CompilerThread0" daemon [_thread_in_native, id=7960, stack(0x0000000015ec0000,0x0000000015fc0000)]

Stack: [0x0000000015ec0000,0x0000000015fc0000]
[error occurred during error reporting (printing stack bounds), id 0xc0000005]

Native frames: (J=compiled Java code, j=interpreted, Vv=VM code, C=native code)


Current CompileTask:
C2:   8230 2293   !   4       com.android.dx.rop.code.RegisterSpec::intern (70 bytes)


---------------  P R O C E S S  ---------------

Java Threads: ( => current thread )
  0x00000000148be800 JavaThread "Service Thread" daemon [_thread_blocked, id=8164, stack(0x00000000165c0000,0x00000000166c0000)]
  0x00000000148b8800 JavaThread "C1 CompilerThread2" daemon [_thread_blocked, id=4324, stack(0x00000000160c0000,0x00000000161c0000)]
  0x00000000148b5800 JavaThread "C2 CompilerThread1" daemon [_thread_in_native, id=6416, stack(0x0000000015fc0000,0x00000000160c0000)]
=>0x000000001485d800 JavaThread "C2 CompilerThread0" daemon [_thread_in_native, id=7960, stack(0x0000000015ec0000,0x0000000015fc0000)]
  0x000000001485a800 JavaThread "Attach Listener" daemon [_thread_blocked, id=7216, stack(0x0000000015dc0000,0x0000000015ec0000)]
  0x0000000014859800 JavaThread "Signal Dispatcher" daemon [_thread_blocked, id=6328, stack(0x0000000015cc0000,0x0000000015dc0000)]
  0x0000000002150800 JavaThread "Finalizer" daemon [_thread_blocked, id=2888, stack(0x0000000015ab0000,0x0000000015bb0000)]
  0x000000000214d000 JavaThread "Reference Handler" daemon [_thread_blocked, id=2848, stack(0x00000000159b0000,0x0000000015ab0000)]
  0x0000000002060800 JavaThread "main" [_thread_in_vm, id=8180, stack(0x0000000001f50000,0x0000000002050000)]

Other Threads:
  0x0000000014828000 VMThread [stack: 0x00000000158b0000,0x00000000159b0000] [id=5772]
  0x00000000161c9000 WatcherThread [stack: 0x00000000166c0000,0x00000000167c0000] [id=4804]

VM state:not at safepoint (normal execution)

VM Mutex/Monitor currently owned by a thread: None

Heap:
 PSYoungGen      total 73216K, used 17214K [0x00000000eab00000, 0x00000000f4500000, 0x0000000100000000)
  eden space 64512K, 13% used [0x00000000eab00000,0x00000000eb355b20,0x00000000eea00000)
  from space 8704K, 99% used [0x00000000eea00000,0x00000000ef279de8,0x00000000ef280000)
  to   space 14336K, 0% used [0x00000000f3700000,0x00000000f3700000,0x00000000f4500000)
 ParOldGen       total 44032K, used 24554K [0x00000000c0000000, 0x00000000c2b00000, 0x00000000eab00000)
  object space 44032K, 55% used [0x00000000c0000000,0x00000000c17fabd8,0x00000000c2b00000)
 Metaspace       used 6655K, capacity 7448K, committed 7680K, reserved 1056768K
  class space    used 631K, capacity 656K, committed 768K, reserved 1048576K

Card table byte_map: [0x0000000011530000,0x0000000011740000] byte_map_base: 0x0000000010f30000

Marking Bits: (ParMarkBitMap*) 0x000000006dc5a5b0
 Begin Bits: [0x0000000011ca0000, 0x0000000012ca0000)
 End Bits:   [0x0000000012ca0000, 0x0000000013ca0000)

Polling page: 0x0000000000420000

CodeCache: size=245760Kb used=8874Kb max_used=8883Kb free=236885Kb
 bounds [0x0000000002170000, 0x0000000002a30000, 0x0000000011170000]
 total_blobs=2536 nmethods=2266 adapters=182
 compilation: enabled

Compilation events (10 events):
Event: 8.215 Thread 0x00000000148b5800 2283 % !   4       com.android.dx.dex.code.OutputFinisher::fixBranches @ 12 (234 bytes)
Event: 8.216 Thread 0x00000000148b8800 2298       3       com.android.dx.dex.code.form.Form31c::isCompatible (133 bytes)
Event: 8.217 Thread 0x00000000148b8800 nmethod 2298 0x0000000002a1f690 code [0x0000000002a1f8c0, 0x0000000002a20d08]
Event: 8.221 Thread 0x00000000148b8800 2299       3       com.android.dx.dex.file.StringIdsSection::get (49 bytes)
Event: 8.221 Thread 0x00000000148b8800 nmethod 2299 0x0000000002a17450 code [0x0000000002a17640, 0x0000000002a17e98]
Event: 8.222 Thread 0x00000000148b8800 2301       3       com.android.dx.dex.code.CatchHandlerList::get (9 bytes)
Event: 8.222 Thread 0x00000000148b8800 nmethod 2301 0x0000000002a0fe90 code [0x0000000002a10000, 0x0000000002a102e8]
Event: 8.225 Thread 0x00000000148b5800 nmethod 2283% 0x0000000002a24450 code [0x0000000002a24640, 0x0000000002a24d00]
Event: 8.225 Thread 0x00000000148b5800 2284 %     4       com.android.dx.dex.code.OutputFinisher::align64bits @ 44 (247 bytes)
Event: 8.226 Thread 0x00000000148b8800 2303       3       com.android.dx.dex.code.form.Form10t::branchFits (22 bytes)

GC Heap History (10 events):
Event: 4.921 GC heap before
{Heap before GC invocations=3 (full 0):
 PSYoungGen      total 18944K, used 18923K [0x00000000eab00000, 0x00000000ed000000, 0x0000000100000000)
  eden space 16384K, 100% used [0x00000000eab00000,0x00000000ebb00000,0x00000000ebb00000)
  from space 2560K, 99% used [0x00000000ebd80000,0x00000000ebffaed0,0x00000000ec000000)
  to   space 2560K, 0% used [0x00000000ebb00000,0x00000000ebb00000,0x00000000ebd80000)
 ParOldGen       total 44032K, used 4341K [0x00000000c0000000, 0x00000000c2b00000, 0x00000000eab00000)
  object space 44032K, 9% used [0x00000000c0000000,0x00000000c043d550,0x00000000c2b00000)
 Metaspace       used 6020K, capacity 7024K, committed 7296K, reserved 1056768K
  class space    used 592K, capacity 616K, committed 640K, reserved 1048576K
Event: 4.961 GC heap after
Heap after GC invocations=3 (full 0):
 PSYoungGen      total 18944K, used 2555K [0x00000000eab00000, 0x00000000ed000000, 0x0000000100000000)
  eden space 16384K, 0% used [0x00000000eab00000,0x00000000eab00000,0x00000000ebb00000)
  from space 2560K, 99% used [0x00000000ebb00000,0x00000000ebd7eea0,0x00000000ebd80000)
  to   space 2560K, 0% used [0x00000000ecd80000,0x00000000ecd80000,0x00000000ed000000)
 ParOldGen       total 44032K, used 6558K [0x00000000c0000000, 0x00000000c2b00000, 0x00000000eab00000)
  object space 44032K, 14% used [0x00000000c0000000,0x00000000c0667b90,0x00000000c2b00000)
 Metaspace       used 6020K, capacity 7024K, committed 7296K, reserved 1056768K
  class space    used 592K, capacity 616K, committed 640K, reserved 1048576K
}
Event: 5.172 GC heap before
{Heap before GC invocations=4 (full 0):
 PSYoungGen      total 18944K, used 18939K [0x00000000eab00000, 0x00000000ed000000, 0x0000000100000000)
  eden space 16384K, 100% used [0x00000000eab00000,0x00000000ebb00000,0x00000000ebb00000)
  from space 2560K, 99% used [0x00000000ebb00000,0x00000000ebd7eea0,0x00000000ebd80000)
  to   space 2560K, 0% used [0x00000000ecd80000,0x00000000ecd80000,0x00000000ed000000)
 ParOldGen       total 44032K, used 6558K [0x00000000c0000000, 0x00000000c2b00000, 0x00000000eab00000)
  object space 44032K, 14% used [0x00000000c0000000,0x00000000c0667b90,0x00000000c2b00000)
 Metaspace       used 6065K, capacity 7088K, committed 7296K, reserved 1056768K
  class space    used 592K, capacity 616K, committed 640K, reserved 1048576K
Event: 5.212 GC heap after
Heap after GC invocations=4 (full 0):
 PSYoungGen      total 35328K, used 2547K [0x00000000eab00000, 0x00000000ed000000, 0x0000000100000000)
  eden space 32768K, 0% used [0x00000000eab00000,0x00000000eab00000,0x00000000ecb00000)
  from space 2560K, 99% used [0x00000000ecd80000,0x00000000ecffccf0,0x00000000ed000000)
  to   space 2560K, 0% used [0x00000000ecb00000,0x00000000ecb00000,0x00000000ecd80000)
 ParOldGen       total 44032K, used 9531K [0x00000000c0000000, 0x00000000c2b00000, 0x00000000eab00000)
  object space 44032K, 21% used [0x00000000c0000000,0x00000000c094ef88,0x00000000c2b00000)
 Metaspace       used 6065K, capacity 7088K, committed 7296K, reserved 1056768K
  class space    used 592K, capacity 616K, committed 640K, reserved 1048576K
}
Event: 5.590 GC heap before
{Heap before GC invocations=5 (full 0):
 PSYoungGen      total 35328K, used 35315K [0x00000000eab00000, 0x00000000ed000000, 0x0000000100000000)
  eden space 32768K, 100% used [0x00000000eab00000,0x00000000ecb00000,0x00000000ecb00000)
  from space 2560K, 99% used [0x00000000ecd80000,0x00000000ecffccf0,0x00000000ed000000)
  to   space 2560K, 0% used [0x00000000ecb00000,0x00000000ecb00000,0x00000000ecd80000)
 ParOldGen       total 44032K, used 9531K [0x00000000c0000000, 0x00000000c2b00000, 0x00000000eab00000)
  object space 44032K, 21% used [0x00000000c0000000,0x00000000c094ef88,0x00000000c2b00000)
 Metaspace       used 6227K, capacity 7128K, committed 7424K, reserved 1056768K
  class space    used 612K, capacity 656K, committed 768K, reserved 1048576K
Event: 5.628 GC heap after
Heap after GC invocations=5 (full 0):
 PSYoungGen      total 35328K, used 2558K [0x00000000eab00000, 0x00000000efa00000, 0x0000000100000000)
  eden space 32768K, 0% used [0x00000000eab00000,0x00000000eab00000,0x00000000ecb00000)
  from space 2560K, 99% used [0x00000000ecb00000,0x00000000ecd7fb58,0x00000000ecd80000)
  to   space 7680K, 0% used [0x00000000ef280000,0x00000000ef280000,0x00000000efa00000)
 ParOldGen       total 44032K, used 14866K [0x00000000c0000000, 0x00000000c2b00000, 0x00000000eab00000)
  object space 44032K, 33% used [0x00000000c0000000,0x00000000c0e84820,0x00000000c2b00000)
 Metaspace       used 6227K, capacity 7128K, committed 7424K, reserved 1056768K
  class space    used 612K, capacity 656K, committed 768K, reserved 1048576K
}
Event: 5.971 GC heap before
{Heap before GC invocations=6 (full 0):
 PSYoungGen      total 35328K, used 35326K [0x00000000eab00000, 0x00000000efa00000, 0x0000000100000000)
  eden space 32768K, 100% used [0x00000000eab00000,0x00000000ecb00000,0x00000000ecb00000)
  from space 2560K, 99% used [0x00000000ecb00000,0x00000000ecd7fb58,0x00000000ecd80000)
  to   space 7680K, 0% used [0x00000000ef280000,0x00000000ef280000,0x00000000efa00000)
 ParOldGen       total 44032K, used 14866K [0x00000000c0000000, 0x00000000c2b00000, 0x00000000eab00000)
  object space 44032K, 33% used [0x00000000c0000000,0x00000000c0e84820,0x00000000c2b00000)
 Metaspace       used 6266K, capacity 7128K, committed 7424K, reserved 1056768K
  class space    used 612K, capacity 656K, committed 768K, reserved 1048576K
Event: 6.004 GC heap after
Heap after GC invocations=6 (full 0):
 PSYoungGen      total 72192K, used 7656K [0x00000000eab00000, 0x00000000efc00000, 0x0000000100000000)
  eden space 64512K, 0% used [0x00000000eab00000,0x00000000eab00000,0x00000000eea00000)
  from space 7680K, 99% used [0x00000000ef280000,0x00000000ef9fa218,0x00000000efa00000)
  to   space 8704K, 0% used [0x00000000eea00000,0x00000000eea00000,0x00000000ef280000)
 ParOldGen       total 44032K, used 15196K [0x00000000c0000000, 0x00000000c2b00000, 0x00000000eab00000)
  object space 44032K, 34% used [0x00000000c0000000,0x00000000c0ed72f0,0x00000000c2b00000)
 Metaspace       used 6266K, capacity 7128K, committed 7424K, reserved 1056768K
  class space    used 612K, capacity 656K, committed 768K, reserved 1048576K
}
Event: 6.685 GC heap before
{Heap before GC invocations=7 (full 0):
 PSYoungGen      total 72192K, used 72168K [0x00000000eab00000, 0x00000000efc00000, 0x0000000100000000)
  eden space 64512K, 100% used [0x00000000eab00000,0x00000000eea00000,0x00000000eea00000)
  from space 7680K, 99% used [0x00000000ef280000,0x00000000ef9fa218,0x00000000efa00000)
  to   space 8704K, 0% used [0x00000000eea00000,0x00000000eea00000,0x00000000ef280000)
 ParOldGen       total 44032K, used 15196K [0x00000000c0000000, 0x00000000c2b00000, 0x00000000eab00000)
  object space 44032K, 34% used [0x00000000c0000000,0x00000000c0ed72f0,0x00000000c2b00000)
 Metaspace       used 6348K, capacity 7192K, committed 7424K, reserved 1056768K
  class space    used 614K, capacity 656K, committed 768K, reserved 1048576K
Event: 6.774 GC heap after
Heap after GC invocations=7 (full 0):
 PSYoungGen      total 73216K, used 8679K [0x00000000eab00000, 0x00000000f4500000, 0x0000000100000000)
  eden space 64512K, 0% used [0x00000000eab00000,0x00000000eab00000,0x00000000eea00000)
  from space 8704K, 99% used [0x00000000eea00000,0x00000000ef279de8,0x00000000ef280000)
  to   space 14336K, 0% used [0x00000000f3700000,0x00000000f3700000,0x00000000f4500000)
 ParOldGen       total 44032K, used 24554K [0x00000000c0000000, 0x00000000c2b00000, 0x00000000eab00000)
  object space 44032K, 55% used [0x00000000c0000000,0x00000000c17fabd8,0x00000000c2b00000)
 Metaspace       used 6348K, capacity 7192K, committed 7424K, reserved 1056768K
  class space    used 614K, capacity 656K, committed 768K, reserved 1048576K
}

Deoptimization events (10 events):
Event: 6.801 Thread 0x0000000002060800 Uncommon trap: reason=class_check action=maybe_recompile pc=0x000000000270b188 method=java.util.Arrays.hashCode([Ljava/lang/Object;)I @ 43
Event: 6.801 Thread 0x0000000002060800 Uncommon trap: reason=class_check action=maybe_recompile pc=0x000000000270b188 method=java.util.Arrays.hashCode([Ljava/lang/Object;)I @ 43
Event: 6.801 Thread 0x0000000002060800 Uncommon trap: reason=class_check action=maybe_recompile pc=0x000000000270b188 method=java.util.Arrays.hashCode([Ljava/lang/Object;)I @ 43
Event: 6.801 Thread 0x0000000002060800 Uncommon trap: reason=class_check action=maybe_recompile pc=0x000000000270a0b4 method=java.util.Arrays.hashCode([Ljava/lang/Object;)I @ 43
Event: 7.538 Thread 0x0000000002060800 Uncommon trap: reason=class_check action=maybe_recompile pc=0x0000000002531b54 method=java.util.Arrays.equals([Ljava/lang/Object;[Ljava/lang/Object;)Z @ 62
Event: 7.538 Thread 0x0000000002060800 Uncommon trap: reason=class_check action=maybe_recompile pc=0x0000000002531b54 method=java.util.Arrays.equals([Ljava/lang/Object;[Ljava/lang/Object;)Z @ 62
Event: 7.538 Thread 0x0000000002060800 Uncommon trap: reason=class_check action=maybe_recompile pc=0x0000000002531b54 method=java.util.Arrays.equals([Ljava/lang/Object;[Ljava/lang/Object;)Z @ 62
Event: 7.538 Thread 0x0000000002060800 Uncommon trap: reason=class_check action=maybe_recompile pc=0x0000000002531b54 method=java.util.Arrays.equals([Ljava/lang/Object;[Ljava/lang/Object;)Z @ 62
Event: 7.843 Thread 0x0000000002060800 Uncommon trap: reason=unstable_if action=reinterpret pc=0x0000000002902b6c method=java.util.TreeMap.put(Ljava/lang/Object;Ljava/lang/Object;)Ljava/lang/Object; @ 163
Event: 8.131 Thread 0x0000000002060800 Uncommon trap: reason=unstable_if action=reinterpret pc=0x00000000029d64e0 method=com.android.dx.rop.code.RegisterSpec.matchesVariable(Lcom/android/dx/rop/code/RegisterSpec;)Z @ 59

Internal exceptions (6 events):
Event: 0.710 Thread 0x0000000002060800 Exception <a 'java/lang/NoSuchMethodError': Method sun.misc.Unsafe.defineClass(Ljava/lang/String;[BII)Ljava/lang/Class; name or signature does not match> (0x00000000eab0d5d0) thrown at [C:\workspace\8-2-build-windows-amd64-cygwin\jdk8u65\4987\hotspot\src\sTyQ÷Kµæ?
Event: 0.710 Thread 0x0000000002060800 Exception <a 'java/lang/NoSuchMethodError': Method sun.misc.Unsafe.prefetchRead(Ljava/lang/Object;J)V name or signature does not match> (0x00000000eab0d8b8) thrown at [C:\workspace\8-2-build-windows-amd64-cygwin\jdk8u65\4987\hotspot\src\share\vm\prims\jni.xÝJ˜Y1@
Event: 4.048 Thread 0x0000000016414800 Implicit null exception at 0x000000000248a7aa to 0x000000000248c5c5
Event: 5.416 Thread 0x0000000016446800 Exception <a 'java/lang/ArrayIndexOutOfBoundsException': 18> (0x00000000ebff31c8) thrown at [C:\workspace\8-2-build-windows-amd64-cygwin\jdk8u65\4987\hotspot\src\share\vm\interpreter\interpreterRuntime.cpp, line 366]
Event: 5.417 Thread 0x0000000016446800 Exception <a 'java/lang/ArrayIndexOutOfBoundsException': 145> (0x00000000ebff4d48) thrown at [C:\workspace\8-2-build-windows-amd64-cygwin\jdk8u65\4987\hotspot\src\share\vm\interpreter\interpreterRuntime.cpp, line 366]
Event: 5.418 Thread 0x0000000016446800 Exception <a 'java/lang/ArrayIndexOutOfBoundsException'> (0x00000000ebff6030) thrown at [C:\workspace\8-2-build-windows-amd64-cygwin\jdk8u65\4987\hotspot\src\share\vm\runtime\sharedRuntime.cpp, line 605]

Events (10 events):
Event: 8.215 Thread 0x0000000002060800 DEOPT PACKING pc=0x00000000029bde9c sp=0x000000000204eb10
Event: 8.215 Thread 0x0000000002060800 DEOPT UNPACKING pc=0x00000000021b787f sp=0x000000000204e860 mode 0
Event: 8.215 Thread 0x0000000002060800 DEOPT PACKING pc=0x00000000029bb266 sp=0x000000000204eb10
Event: 8.215 Thread 0x0000000002060800 DEOPT UNPACKING pc=0x00000000021b787f sp=0x000000000204e8d8 mode 0
Event: 8.221 Thread 0x0000000002060800 DEOPT PACKING pc=0x00000000029abbb1 sp=0x000000000204eb30
Event: 8.221 Thread 0x0000000002060800 DEOPT UNPACKING pc=0x00000000021b787f sp=0x000000000204e8a8 mode 0
Event: 8.222 Thread 0x0000000002060800 DEOPT PACKING pc=0x00000000029ace1e sp=0x000000000204e8d0
Event: 8.222 Thread 0x0000000002060800 DEOPT UNPACKING pc=0x00000000021b787f sp=0x000000000204e628 mode 0
Event: 8.223 Thread 0x0000000002060800 DEOPT PACKING pc=0x00000000029bb266 sp=0x000000000204e990
Event: 8.223 Thread 0x0000000002060800 DEOPT UNPACKING pc=0x00000000021b787f sp=0x000000000204e758 mode 0


Dynamic libraries:
0x00007ff788ce0000 - 0x00007ff788d17000 	C:\Program Files\Java\jdk1.8.0_65\bin\java.exe
0x00007ffc1d5e0000 - 0x00007ffc1d7a1000 	C:\Windows\SYSTEM32\ntdll.dll
0x00007ffc1b370000 - 0x00007ffc1b41d000 	C:\Windows\system32\KERNEL32.DLL
0x00007ffc19d20000 - 0x00007ffc19f08000 	C:\Windows\system32\KERNELBASE.dll
0x00007ffc18190000 - 0x00007ffc18209000 	C:\Windows\system32\apphelp.dll
0x00007ffc1ac00000 - 0x00007ffc1aca7000 	C:\Windows\system32\ADVAPI32.dll
0x00007ffc1cff0000 - 0x00007ffc1d08d000 	C:\Windows\system32\msvcrt.dll
0x00007ffc1b240000 - 0x00007ffc1b29b000 	C:\Windows\system32\sechost.dll
0x00007ffc1b6a0000 - 0x00007ffc1b7bc000 	C:\Windows\system32\RPCRT4.dll
0x00007ffc1acb0000 - 0x00007ffc1ae06000 	C:\Windows\system32\USER32.dll
0x00007ffc1aa00000 - 0x00007ffc1ab86000 	C:\Windows\system32\GDI32.dll
0x00007ffc0c950000 - 0x00007ffc0cbc4000 	C:\Windows\WinSxS\amd64_microsoft.windows.common-controls_6595b64144ccf1df_6.0.10586.0_none_8c15ae12515e1c22\COMCTL32.dll
0x00007ffc1b420000 - 0x00007ffc1b69d000 	C:\Windows\system32\combase.dll
0x00007ffc1a150000 - 0x00007ffc1a1ba000 	C:\Windows\system32\bcryptPrimitives.dll
0x00007ffc1d210000 - 0x00007ffc1d24b000 	C:\Windows\system32\IMM32.DLL
0x000000006cfd0000 - 0x000000006d0a2000 	C:\Program Files\Java\jdk1.8.0_65\jre\bin\msvcr100.dll
0x000000006d450000 - 0x000000006dcd9000 	C:\Program Files\Java\jdk1.8.0_65\jre\bin\server\jvm.dll
0x00007ffc1d3a0000 - 0x00007ffc1d3a8000 	C:\Windows\system32\PSAPI.DLL
0x00007ffc02230000 - 0x00007ffc02239000 	C:\Windows\SYSTEM32\WSOCK32.dll
0x00007ffc1d090000 - 0x00007ffc1d0fb000 	C:\Windows\system32\WS2_32.dll
0x00007ffc180a0000 - 0x00007ffc180c3000 	C:\Windows\SYSTEM32\WINMM.dll
0x00007ffc0e190000 - 0x00007ffc0e19a000 	C:\Windows\SYSTEM32\VERSION.dll
0x00007ffc18070000 - 0x00007ffc1809c000 	C:\Windows\SYSTEM32\WINMMBASE.dll
0x00007ffc1a100000 - 0x00007ffc1a143000 	C:\Windows\system32\cfgmgr32.dll
0x000000006d440000 - 0x000000006d44f000 	C:\Program Files\Java\jdk1.8.0_65\jre\bin\verify.dll
0x000000006d410000 - 0x000000006d439000 	C:\Program Files\Java\jdk1.8.0_65\jre\bin\java.dll
0x000000006d3f0000 - 0x000000006d406000 	C:\Program Files\Java\jdk1.8.0_65\jre\bin\zip.dll
0x00007ffc1b980000 - 0x00007ffc1cedf000 	C:\Windows\system32\SHELL32.dll
0x00007ffc1a2d0000 - 0x00007ffc1a914000 	C:\Windows\system32\windows.storage.dll
0x00007ffc1d3c0000 - 0x00007ffc1d412000 	C:\Windows\system32\shlwapi.dll
0x00007ffc19c80000 - 0x00007ffc19c8f000 	C:\Windows\system32\kernel.appcore.dll
0x00007ffc1a920000 - 0x00007ffc1a9d5000 	C:\Windows\system32\shcore.dll
0x00007ffc19c30000 - 0x00007ffc19c7b000 	C:\Windows\system32\powrprof.dll
0x00007ffc19c10000 - 0x00007ffc19c24000 	C:\Windows\system32\profapi.dll

VM Arguments:
jvm_args: -Djava.awt.headless=true -Xmx1024M -Dfile.encoding=windows-1252 -Duser.country=US -Duser.language=en -Duser.variant 
java_command: com.android.dx.command.Main --dex --force-jumbo --num-threads=4 --output F:\Android Tools\My AndroWork\MapMyDay\app\build\intermediates\pre-dexed\debug\glide-3.7.0_abeea4c31300fe30579db1176bb1de07dc72ee4f.jar C:\Users\Fahim Al Mahmud\.gradle\caches\modules-2\files-2.1\com.github.bumptech.glide\glide\3.7.0\9e9eeaf9948ee4d6c3ab354e8dc14368f16994a4\glide-3.7.0.jar
java_class_path (initial): F:\sdk\build-tools\23.0.1\lib\dx.jar
Launcher Type: SUN_STANDARD

Environment Variables:
PATH=C:\ProgramData\Oracle\Java\javapath;C:\Windows\system32;C:\Windows;C:\Windows\System32\Wbem;C:\Windows\System32\WindowsPowerShell\v1.0\;C:\Program Files (x86)\Intel\OpenCL SDK\2.0\bin\x86;C:\Program Files (x86)\Intel\OpenCL SDK\2.0\bin\x64;C:\Program Files\Microsoft\Web Platform Installer\;C:\Program Files (x86)\Microsoft ASP.NET\ASP.NET Web Pages\v1.0\;C:\Program Files (x86)\Windows Kits\8.0\Windows Performance Toolkit\;C:\Program Files\Microsoft SQL Server\110\Tools\Binn\;C:\VisualStudio & OpenCv\opencv\build\x64\vc11\bin\;C:\Program Files (x86)\Common Files\lenovo\easyplussdk\bin;C:\Modeltech_pe_edu_10.4a\win32pe_edu
USERNAME=Fahim Al Mahmud
OS=Windows_NT
PROCESSOR_IDENTIFIER=Intel64 Family 6 Model 58 Stepping 9, GenuineIntel



---------------  S Y S T E M  ---------------

OS: Windows 10.0 , 64 bit Build 10586 (10.0.10586.0)

CPU:total 4 (2 cores per cpu, 2 threads per core) family 6 model 58 stepping 9, cmov, cx8, fxsr, mmx, sse, sse2, sse3, ssse3, sse4.1, sse4.2, popcnt, avx, aes, clmul, erms, ht, tsc, tscinvbit, tscinv

Memory: 4k page, physical 4087096k(402204k free), swap 5250600k(5080k free)

vm_info: Java HotSpot(TM) 64-Bit Server VM (25.65-b01) for windows-amd64 JRE (1.8.0_65-b17), built on Oct  6 2015 16:39:20 by "java_re" with MS VC++ 10.0 (VS2010)

time: Mon Jun 13 11:34:20 2016
elapsed time: 8 seconds (0d 0h 0m 8s)

