#
# There is insufficient memory for the Java Runtime Environment to continue.
# Native memory allocation (malloc) failed to allocate 278800 bytes for Chunk::new
# Possible reasons:
#   The system is out of physical RAM or swap space
#   In 32 bit mode, the process size limit was hit
# Possible solutions:
#   Reduce memory load on the system
#   Increase physical memory or swap space
#   Check if swap backing store is full
#   Use 64 bit Java on a 64 bit OS
#   Decrease Java heap size (-Xmx/-Xms)
#   Decrease number of Java threads
#   Decrease Java thread stack sizes (-Xss)
#   Set larger code cache with -XX:ReservedCodeCacheSize=
# This output file may be truncated or incomplete.
#
#  Out of Memory Error (allocation.cpp:390), pid=9512, tid=4700
#
# JRE version: Java(TM) SE Runtime Environment (8.0_65-b17) (build 1.8.0_65-b17)
# Java VM: Java HotSpot(TM) 64-Bit Server VM (25.65-b01 mixed mode windows-amd64 compressed oops)
# Failed to write core dump. Minidumps are not enabled by default on client versions of Windows
#

---------------  T H R E A D  ---------------

Current thread (0x00000000148ef800):  JavaThread "C2 CompilerThread1" daemon [_thread_in_native, id=4700, stack(0x0000000016040000,0x0000000016140000)]

Stack: [0x0000000016040000,0x0000000016140000]
[error occurred during error reporting (printing stack bounds), id 0xc0000005]

Native frames: (J=compiled Java code, j=interpreted, Vv=VM code, C=native code)


Current CompileTask:
C2:   3484  961   !   4       com.android.dx.ssa.BasicRegisterMapper::map (44 bytes)


---------------  P R O C E S S  ---------------

Java Threads: ( => current thread )
  0x00000000164a4800 JavaThread "pool-2-thread-4" [_thread_in_vm, id=4164, stack(0x0000000016c40000,0x0000000016d40000)]
  0x00000000164a2000 JavaThread "pool-2-thread-3" [_thread_in_Java, id=9508, stack(0x0000000016b40000,0x0000000016c40000)]
  0x00000000163d4000 JavaThread "pool-2-thread-2" [_thread_in_Java, id=5220, stack(0x0000000016a40000,0x0000000016b40000)]
  0x00000000163c5000 JavaThread "pool-3-thread-1" [_thread_blocked, id=6128, stack(0x0000000016940000,0x0000000016a40000)]
  0x00000000163c4000 JavaThread "pool-2-thread-1" [_thread_blocked, id=828, stack(0x0000000016840000,0x0000000016940000)]
  0x000000001625d800 JavaThread "Service Thread" daemon [_thread_blocked, id=7228, stack(0x0000000016640000,0x0000000016740000)]
  0x000000001494b800 JavaThread "C1 CompilerThread2" daemon [_thread_blocked, id=6768, stack(0x0000000016140000,0x0000000016240000)]
=>0x00000000148ef800 JavaThread "C2 CompilerThread1" daemon [_thread_in_native, id=4700, stack(0x0000000016040000,0x0000000016140000)]
  0x00000000148ed800 JavaThread "C2 CompilerThread0" daemon [_thread_in_native, id=8328, stack(0x0000000015f40000,0x0000000016040000)]
  0x00000000148ea800 JavaThread "Attach Listener" daemon [_thread_blocked, id=4564, stack(0x0000000015e40000,0x0000000015f40000)]
  0x00000000148e9000 JavaThread "Signal Dispatcher" daemon [_thread_blocked, id=9240, stack(0x0000000015d40000,0x0000000015e40000)]
  0x0000000002216000 JavaThread "Finalizer" daemon [_thread_blocked, id=9260, stack(0x0000000015b60000,0x0000000015c60000)]
  0x000000000220d000 JavaThread "Reference Handler" daemon [_thread_blocked, id=9208, stack(0x0000000015a60000,0x0000000015b60000)]
  0x0000000002120800 JavaThread "main" [_thread_in_native, id=8748, stack(0x0000000001f40000,0x0000000002040000)]

Other Threads:
  0x00000000148b8800 VMThread [stack: 0x0000000015960000,0x0000000015a60000] [id=8756]
  0x0000000016262800 WatcherThread [stack: 0x0000000016740000,0x0000000016840000] [id=9564]

VM state:not at safepoint (normal execution)

VM Mutex/Monitor currently owned by a thread: None

Heap:
 PSYoungGen      total 18944K, used 15207K [0x00000000eab00000, 0x00000000ec000000, 0x0000000100000000)
  eden space 16384K, 77% used [0x00000000eab00000,0x00000000eb761fc0,0x00000000ebb00000)
  from space 2560K, 98% used [0x00000000ebb00000,0x00000000ebd78038,0x00000000ebd80000)
  to   space 2560K, 0% used [0x00000000ebd80000,0x00000000ebd80000,0x00000000ec000000)
 ParOldGen       total 44032K, used 1556K [0x00000000c0000000, 0x00000000c2b00000, 0x00000000eab00000)
  object space 44032K, 3% used [0x00000000c0000000,0x00000000c01852d0,0x00000000c2b00000)
 Metaspace       used 5617K, capacity 6832K, committed 7040K, reserved 1056768K
  class space    used 574K, capacity 616K, committed 640K, reserved 1048576K

Card table byte_map: [0x00000000115e0000,0x00000000117f0000] byte_map_base: 0x0000000010fe0000

Marking Bits: (ParMarkBitMap*) 0x000000005d94a5b0
 Begin Bits: [0x0000000011d50000, 0x0000000012d50000)
 End Bits:   [0x0000000012d50000, 0x0000000013d50000)

Polling page: 0x00000000001f0000

CodeCache: size=245760Kb used=4288Kb max_used=4291Kb free=241471Kb
 bounds [0x0000000002220000, 0x0000000002660000, 0x0000000011220000]
 total_blobs=1330 nmethods=1068 adapters=175
 compilation: enabled

Compilation events (10 events):
Event: 3.421 Thread 0x000000001494b800 nmethod 994 0x00000000025ef810 code [0x00000000025ef9e0, 0x00000000025effd8]
Event: 3.421 Thread 0x000000001494b800  995       3       com.android.dx.rop.code.Insn::canThrow (8 bytes)
Event: 3.421 Thread 0x000000001494b800 nmethod 995 0x00000000025f0310 code [0x00000000025f0480, 0x00000000025f07e8]
Event: 3.421 Thread 0x000000001494b800  996       3       com.android.dx.util.IntList::shrink (42 bytes)
Event: 3.421 Thread 0x000000001494b800 nmethod 996 0x00000000025f0910 code [0x00000000025f0ac0, 0x00000000025f0fe8]
Event: 3.422 Thread 0x000000001494b800  999       3       com.android.dx.ssa.NormalSsaInsn::canThrow (8 bytes)
Event: 3.422 Thread 0x000000001494b800 nmethod 999 0x00000000025f11d0 code [0x00000000025f1360, 0x00000000025f17a8]
Event: 3.422 Thread 0x000000001494b800 1000       3       com.android.dx.rop.type.Prototype::getParameterFrameTypes (96 bytes)
Event: 3.423 Thread 0x000000001494b800 nmethod 1000 0x00000000025f1950 code [0x00000000025f1ba0, 0x00000000025f2bb8]
Event: 3.423 Thread 0x000000001494b800 1001       3       com.android.dx.ssa.SsaMethod::forEachBlockDepthFirst (194 bytes)

GC Heap History (2 events):
Event: 3.104 GC heap before
{Heap before GC invocations=1 (full 0):
 PSYoungGen      total 18944K, used 16384K [0x00000000eab00000, 0x00000000ec000000, 0x0000000100000000)
  eden space 16384K, 100% used [0x00000000eab00000,0x00000000ebb00000,0x00000000ebb00000)
  from space 2560K, 0% used [0x00000000ebd80000,0x00000000ebd80000,0x00000000ec000000)
  to   space 2560K, 0% used [0x00000000ebb00000,0x00000000ebb00000,0x00000000ebd80000)
 ParOldGen       total 44032K, used 0K [0x00000000c0000000, 0x00000000c2b00000, 0x00000000eab00000)
  object space 44032K, 0% used [0x00000000c0000000,0x00000000c0000000,0x00000000c2b00000)
 Metaspace       used 5501K, capacity 6768K, committed 7040K, reserved 1056768K
  class space    used 572K, capacity 616K, committed 640K, reserved 1048576K
Event: 3.232 GC heap after
Heap after GC invocations=1 (full 0):
 PSYoungGen      total 18944K, used 2528K [0x00000000eab00000, 0x00000000ec000000, 0x0000000100000000)
  eden space 16384K, 0% used [0x00000000eab00000,0x00000000eab00000,0x00000000ebb00000)
  from space 2560K, 98% used [0x00000000ebb00000,0x00000000ebd78038,0x00000000ebd80000)
  to   space 2560K, 0% used [0x00000000ebd80000,0x00000000ebd80000,0x00000000ec000000)
 ParOldGen       total 44032K, used 1556K [0x00000000c0000000, 0x00000000c2b00000, 0x00000000eab00000)
  object space 44032K, 3% used [0x00000000c0000000,0x00000000c01852d0,0x00000000c2b00000)
 Metaspace       used 5501K, capacity 6768K, committed 7040K, reserved 1056768K
  class space    used 572K, capacity 616K, committed 640K, reserved 1048576K
}

Deoptimization events (10 events):
Event: 2.614 Thread 0x0000000002120800 Uncommon trap: reason=unstable_if action=reinterpret pc=0x0000000002400ee8 method=java.util.HashMap.getNode(ILjava/lang/Object;)Ljava/util/HashMap$Node; @ 129
Event: 2.778 Thread 0x00000000164a2000 Uncommon trap: reason=null_check action=make_not_entrant pc=0x00000000024da5bc method=com.android.dx.ssa.SsaRenamer.getLocalForNewReg(I)Lcom/android/dx/rop/code/LocalItem; @ 19
Event: 2.786 Thread 0x00000000164a2000 Uncommon trap: reason=unstable_if action=reinterpret pc=0x0000000002517d68 method=com.android.dx.ssa.SsaRenamer$BlockRenamer.addMapping(ILcom/android/dx/rop/code/RegisterSpec;)V @ 120
Event: 3.078 Thread 0x00000000164a4800 Uncommon trap: reason=unstable_if action=reinterpret pc=0x00000000025371c8 method=com.android.dx.rop.code.RegisterSpec.equals(ILcom/android/dx/rop/type/TypeBearer;Lcom/android/dx/rop/code/LocalItem;)Z @ 16
Event: 3.078 Thread 0x00000000164a4800 Uncommon trap: reason=class_check action=maybe_recompile pc=0x00000000025078b0 method=com.android.dx.rop.type.Type.equals(Ljava/lang/Object;)Z @ 8
Event: 3.078 Thread 0x00000000164a4800 Uncommon trap: reason=unstable_if action=reinterpret pc=0x0000000002519780 method=com.android.dx.rop.code.RegisterSpec.equals(ILcom/android/dx/rop/type/TypeBearer;Lcom/android/dx/rop/code/LocalItem;)Z @ 16
Event: 3.078 Thread 0x00000000164a4800 Uncommon trap: reason=unstable_if action=reinterpret pc=0x00000000024ad9c0 method=com.android.dx.rop.code.RegisterSpec.equals(ILcom/android/dx/rop/type/TypeBearer;Lcom/android/dx/rop/code/LocalItem;)Z @ 16
Event: 3.079 Thread 0x00000000164a4800 Uncommon trap: reason=unstable_if action=reinterpret pc=0x000000000250ae4c method=com.android.dx.rop.code.RegisterSpec.equals(ILcom/android/dx/rop/type/TypeBearer;Lcom/android/dx/rop/code/LocalItem;)Z @ 16
Event: 3.081 Thread 0x00000000164a4800 Uncommon trap: reason=class_check action=maybe_recompile pc=0x00000000025078b0 method=com.android.dx.rop.type.Type.equals(Ljava/lang/Object;)Z @ 8
Event: 3.323 Thread 0x00000000163c4000 Uncommon trap: reason=class_check action=maybe_recompile pc=0x00000000025692d0 method=com.android.dx.ssa.NormalSsaInsn.accept(Lcom/android/dx/ssa/SsaInsn$Visitor;)V @ 9

Internal exceptions (3 events):
Event: 0.070 Thread 0x0000000002120800 Exception <a 'java/lang/NoSuchMethodError': Method sun.misc.Unsafe.defineClass(Ljava/lang/String;[BII)Ljava/lang/Class; name or signature does not match> (0x00000000eab0d560) thrown at [C:\workspace\8-2-build-windows-amd64-cygwin\jdk8u65\4987\hotspot\src\s ô¾,šâ±?
Event: 0.070 Thread 0x0000000002120800 Exception <a 'java/lang/NoSuchMethodError': Method sun.misc.Unsafe.prefetchRead(Ljava/lang/Object;J)V name or signature does not match> (0x00000000eab0d848) thrown at [C:\workspace\8-2-build-windows-amd64-cygwin\jdk8u65\4987\hotspot\src\share\vm\prims\jni.°Ió$:@
Event: 2.778 Thread 0x00000000164a2000 Implicit null exception at 0x00000000024d8b6c to 0x00000000024da59d

Events (10 events):
Event: 3.081 Thread 0x00000000164a4800 DEOPT UNPACKING pc=0x000000000226582a sp=0x0000000016d3e848 mode 2
Event: 3.088 loading class java/util/TreeMap$EntrySet
Event: 3.103 Executing VM operation: ParallelGCFailedAllocation
Event: 3.232 Executing VM operation: ParallelGCFailedAllocation done
Event: 3.234 loading class java/util/TreeMap$EntrySet done
Event: 3.234 loading class java/util/TreeMap$EntryIterator
Event: 3.259 loading class java/util/TreeMap$EntryIterator done
Event: 3.323 Thread 0x00000000163c4000 Uncommon trap: trap_request=0xffffffde fr.pc=0x00000000025692d0
Event: 3.323 Thread 0x00000000163c4000 DEOPT PACKING pc=0x00000000025692d0 sp=0x000000001693e470
Event: 3.323 Thread 0x00000000163c4000 DEOPT UNPACKING pc=0x000000000226582a sp=0x000000001693e440 mode 2


Dynamic libraries:
0x00007ff606210000 - 0x00007ff606247000 	C:\Program Files\Java\jdk1.8.0_65\bin\java.exe
0x00007ff810bb0000 - 0x00007ff810d71000 	C:\Windows\SYSTEM32\ntdll.dll
0x00007ff80e9c0000 - 0x00007ff80ea6d000 	C:\Windows\system32\KERNEL32.DLL
0x00007ff80d280000 - 0x00007ff80d468000 	C:\Windows\system32\KERNELBASE.dll
0x00007ff80b710000 - 0x00007ff80b789000 	C:\Windows\system32\apphelp.dll
0x00007ff8108c0000 - 0x00007ff810967000 	C:\Windows\system32\ADVAPI32.dll
0x00007ff80e0e0000 - 0x00007ff80e17d000 	C:\Windows\system32\msvcrt.dll
0x00007ff8101a0000 - 0x00007ff8101fb000 	C:\Windows\system32\sechost.dll
0x00007ff810480000 - 0x00007ff81059c000 	C:\Windows\system32\RPCRT4.dll
0x00007ff80e7f0000 - 0x00007ff80e946000 	C:\Windows\system32\USER32.dll
0x00007ff810010000 - 0x00007ff810196000 	C:\Windows\system32\GDI32.dll
0x00007fffffb60000 - 0x00007fffffdd4000 	C:\Windows\WinSxS\amd64_microsoft.windows.common-controls_6595b64144ccf1df_6.0.10586.0_none_8c15ae12515e1c22\COMCTL32.dll
0x00007ff810200000 - 0x00007ff81047d000 	C:\Windows\system32\combase.dll
0x00007ff80d8f0000 - 0x00007ff80d95a000 	C:\Windows\system32\bcryptPrimitives.dll
0x00007ff80ffd0000 - 0x00007ff81000b000 	C:\Windows\system32\IMM32.DLL
0x000000005ccc0000 - 0x000000005cd92000 	C:\Program Files\Java\jdk1.8.0_65\jre\bin\msvcr100.dll
0x000000005d140000 - 0x000000005d9c9000 	C:\Program Files\Java\jdk1.8.0_65\jre\bin\server\jvm.dll
0x00007ff810750000 - 0x00007ff810758000 	C:\Windows\system32\PSAPI.DLL
0x00007ff802680000 - 0x00007ff802689000 	C:\Windows\SYSTEM32\WSOCK32.dll
0x00007ff80e180000 - 0x00007ff80e1eb000 	C:\Windows\system32\WS2_32.dll
0x00007ff80b5a0000 - 0x00007ff80b5c3000 	C:\Windows\SYSTEM32\WINMM.dll
0x00007ff8006f0000 - 0x00007ff8006fa000 	C:\Windows\SYSTEM32\VERSION.dll
0x00007ff80b240000 - 0x00007ff80b26c000 	C:\Windows\SYSTEM32\WINMMBASE.dll
0x00007ff80d6d0000 - 0x00007ff80d713000 	C:\Windows\system32\cfgmgr32.dll
0x000000005d130000 - 0x000000005d13f000 	C:\Program Files\Java\jdk1.8.0_65\jre\bin\verify.dll
0x000000005d100000 - 0x000000005d129000 	C:\Program Files\Java\jdk1.8.0_65\jre\bin\java.dll
0x000000005d0e0000 - 0x000000005d0f6000 	C:\Program Files\Java\jdk1.8.0_65\jre\bin\zip.dll
0x00007ff80ea70000 - 0x00007ff80ffcf000 	C:\Windows\system32\SHELL32.dll
0x00007ff80d960000 - 0x00007ff80dfa4000 	C:\Windows\system32\windows.storage.dll
0x00007ff80e250000 - 0x00007ff80e2a2000 	C:\Windows\system32\shlwapi.dll
0x00007ff80d230000 - 0x00007ff80d23f000 	C:\Windows\system32\kernel.appcore.dll
0x00007ff80d560000 - 0x00007ff80d615000 	C:\Windows\system32\shcore.dll
0x00007ff80d1d0000 - 0x00007ff80d21b000 	C:\Windows\system32\powrprof.dll
0x00007ff80d240000 - 0x00007ff80d254000 	C:\Windows\system32\profapi.dll

VM Arguments:
jvm_args: -Djava.awt.headless=true -Xmx1024M -Dfile.encoding=windows-1252 -Duser.country=US -Duser.language=en -Duser.variant 
java_command: com.android.dx.command.Main --dex --force-jumbo --num-threads=4 --multi-dex --output F:\Android Tools\My AndroWork\MapMyDay\app\build\intermediates\transforms\dex\debug\folders\1000\5\slice_5 F:\Android Tools\My AndroWork\MapMyDay\app\build\intermediates\transforms\instantRunSlicer\debug\folders\1\5\slice_5
java_class_path (initial): F:\sdk\build-tools\23.0.1\lib\dx.jar
Launcher Type: SUN_STANDARD

Environment Variables:
PATH=C:\ProgramData\Oracle\Java\javapath;C:\Windows\system32;C:\Windows;C:\Windows\System32\Wbem;C:\Windows\System32\WindowsPowerShell\v1.0\;C:\Program Files (x86)\Intel\OpenCL SDK\2.0\bin\x86;C:\Program Files (x86)\Intel\OpenCL SDK\2.0\bin\x64;C:\Program Files\Microsoft\Web Platform Installer\;C:\Program Files (x86)\Microsoft ASP.NET\ASP.NET Web Pages\v1.0\;C:\Program Files (x86)\Windows Kits\8.0\Windows Performance Toolkit\;C:\Program Files\Microsoft SQL Server\110\Tools\Binn\;C:\VisualStudio & OpenCv\opencv\build\x64\vc11\bin\;C:\Program Files (x86)\Common Files\lenovo\easyplussdk\bin;C:\Modeltech_pe_edu_10.4a\win32pe_edu
USERNAME=Fahim Al Mahmud
OS=Windows_NT
PROCESSOR_IDENTIFIER=Intel64 Family 6 Model 58 Stepping 9, GenuineIntel



---------------  S Y S T E M  ---------------

OS: Windows 10.0 , 64 bit Build 10586 (10.0.10586.0)

CPU:total 4 (2 cores per cpu, 2 threads per core) family 6 model 58 stepping 9, cmov, cx8, fxsr, mmx, sse, sse2, sse3, ssse3, sse4.1, sse4.2, popcnt, avx, aes, clmul, erms, ht, tsc, tscinvbit, tscinv

Memory: 4k page, physical 4087096k(262860k free), swap 6005436k(3500k free)

vm_info: Java HotSpot(TM) 64-Bit Server VM (25.65-b01) for windows-amd64 JRE (1.8.0_65-b17), built on Oct  6 2015 16:39:20 by "java_re" with MS VC++ 10.0 (VS2010)

time: Sun Jun 12 01:21:42 2016
elapsed time: 3 seconds (0d 0h 0m 3s)

