#
# There is insufficient memory for the Java Runtime Environment to continue.
# Native memory allocation (malloc) failed to allocate 1025616 bytes for Chunk::new
# Possible reasons:
#   The system is out of physical RAM or swap space
#   In 32 bit mode, the process size limit was hit
# Possible solutions:
#   Reduce memory load on the system
#   Increase physical memory or swap space
#   Check if swap backing store is full
#   Use 64 bit Java on a 64 bit OS
#   Decrease Java heap size (-Xmx/-Xms)
#   Decrease number of Java threads
#   Decrease Java thread stack sizes (-Xss)
#   Set larger code cache with -XX:ReservedCodeCacheSize=
# This output file may be truncated or incomplete.
#
#  Out of Memory Error (allocation.cpp:390), pid=8068, tid=6932
#
# JRE version: Java(TM) SE Runtime Environment (8.0_65-b17) (build 1.8.0_65-b17)
# Java VM: Java HotSpot(TM) 64-Bit Server VM (25.65-b01 mixed mode windows-amd64 compressed oops)
# Failed to write core dump. Minidumps are not enabled by default on client versions of Windows
#

---------------  T H R E A D  ---------------

Current thread (0x000000001485d800):  JavaThread "C2 CompilerThread0" daemon [_thread_in_native, id=6932, stack(0x0000000015ed0000,0x0000000015fd0000)]

Stack: [0x0000000015ed0000,0x0000000015fd0000]
[error occurred during error reporting (printing stack bounds), id 0xc0000005]

Native frames: (J=compiled Java code, j=interpreted, Vv=VM code, C=native code)


Current CompileTask:
C2:   2082 1281       4       com.android.dx.ssa.SCCP::simulateBranch (666 bytes)


---------------  P R O C E S S  ---------------

Java Threads: ( => current thread )
  0x0000000016344000 JavaThread "pool-2-thread-4" [_thread_in_Java, id=1932, stack(0x0000000016bd0000,0x0000000016cd0000)]
  0x0000000016343800 JavaThread "pool-2-thread-3" [_thread_in_Java, id=3948, stack(0x0000000016ad0000,0x0000000016bd0000)]
  0x0000000016342800 JavaThread "pool-2-thread-2" [_thread_in_vm, id=5376, stack(0x00000000169d0000,0x0000000016ad0000)]
  0x000000001633e800 JavaThread "pool-3-thread-1" [_thread_blocked, id=7156, stack(0x00000000168d0000,0x00000000169d0000)]
  0x0000000016338000 JavaThread "pool-2-thread-1" [_thread_in_Java, id=10100, stack(0x00000000167d0000,0x00000000168d0000)]
  0x00000000160dd000 JavaThread "Service Thread" daemon [_thread_blocked, id=6476, stack(0x00000000165d0000,0x00000000166d0000)]
  0x00000000160d8800 JavaThread "C1 CompilerThread2" daemon [_thread_blocked, id=9700, stack(0x00000000164d0000,0x00000000165d0000)]
  0x000000001485f800 JavaThread "C2 CompilerThread1" daemon [_thread_in_native, id=4164, stack(0x0000000015fd0000,0x00000000160d0000)]
=>0x000000001485d800 JavaThread "C2 CompilerThread0" daemon [_thread_in_native, id=6932, stack(0x0000000015ed0000,0x0000000015fd0000)]
  0x000000001485a800 JavaThread "Attach Listener" daemon [_thread_blocked, id=4828, stack(0x0000000015dd0000,0x0000000015ed0000)]
  0x0000000014859800 JavaThread "Signal Dispatcher" daemon [_thread_blocked, id=9520, stack(0x0000000015cd0000,0x0000000015dd0000)]
  0x0000000002150800 JavaThread "Finalizer" daemon [_thread_blocked, id=6940, stack(0x0000000015ac0000,0x0000000015bc0000)]
  0x000000000214d000 JavaThread "Reference Handler" daemon [_thread_blocked, id=9312, stack(0x00000000159c0000,0x0000000015ac0000)]
  0x0000000002060800 JavaThread "main" [_thread_in_vm, id=10232, stack(0x0000000000710000,0x0000000000810000)]

Other Threads:
  0x0000000014828000 VMThread [stack: 0x00000000158c0000,0x00000000159c0000] [id=8644]
  0x00000000160f1000 WatcherThread [stack: 0x00000000166d0000,0x00000000167d0000] [id=5680]

VM state:not at safepoint (normal execution)

VM Mutex/Monitor currently owned by a thread: None

Heap:
 PSYoungGen      total 18944K, used 11769K [0x00000000eab00000, 0x00000000ec000000, 0x0000000100000000)
  eden space 16384K, 56% used [0x00000000eab00000,0x00000000eb403998,0x00000000ebb00000)
  from space 2560K, 99% used [0x00000000ebd80000,0x00000000ebffaac0,0x00000000ec000000)
  to   space 2560K, 0% used [0x00000000ebb00000,0x00000000ebb00000,0x00000000ebd80000)
 ParOldGen       total 44032K, used 3982K [0x00000000c0000000, 0x00000000c2b00000, 0x00000000eab00000)
  object space 44032K, 9% used [0x00000000c0000000,0x00000000c03e39e0,0x00000000c2b00000)
 Metaspace       used 6004K, capacity 7024K, committed 7296K, reserved 1056768K
  class space    used 593K, capacity 616K, committed 640K, reserved 1048576K

Card table byte_map: [0x0000000011530000,0x0000000011740000] byte_map_base: 0x0000000010f30000

Marking Bits: (ParMarkBitMap*) 0x000000005d94a5b0
 Begin Bits: [0x0000000011ca0000, 0x0000000012ca0000)
 End Bits:   [0x0000000012ca0000, 0x0000000013ca0000)

Polling page: 0x00000000001f0000

CodeCache: size=245760Kb used=5340Kb max_used=5340Kb free=240419Kb
 bounds [0x0000000002170000, 0x00000000026b0000, 0x0000000011170000]
 total_blobs=1608 nmethods=1338 adapters=182
 compilation: enabled

Compilation events (10 events):
Event: 2.074 Thread 0x00000000160d8800 nmethod 1334 0x00000000026a57d0 code [0x00000000026a5920, 0x00000000026a5af0]
Event: 2.074 Thread 0x00000000160d8800 1335       3       com.android.dx.ssa.MoveParamCombiner::run (45 bytes)
Event: 2.075 Thread 0x00000000160d8800 nmethod 1335 0x00000000026a5b90 code [0x00000000026a5d60, 0x00000000026a6618]
Event: 2.075 Thread 0x00000000160d8800 1341       3       com.android.dx.cf.code.Frame::adjustLocalsForSubroutines (28 bytes)
Event: 2.075 Thread 0x00000000160d8800 nmethod 1341 0x00000000026a6a50 code [0x00000000026a6be0, 0x00000000026a70e8]
Event: 2.076 Thread 0x00000000160d8800 1344       3       com.android.dx.rop.cst.StdConstantPool::get0Ok (12 bytes)
Event: 2.077 Thread 0x00000000160d8800 nmethod 1344 0x00000000026a7210 code [0x00000000026a74c0, 0x00000000026a8658]
Event: 2.078 Thread 0x00000000160d8800 1345       3       com.android.dx.cf.iface.StdMethod::<init> (40 bytes)
Event: 2.079 Thread 0x00000000160d8800 nmethod 1345 0x00000000026a9410 code [0x00000000026a95e0, 0x00000000026aa048]
Event: 2.080 Thread 0x00000000160d8800 1346       3       com.android.dx.cf.attrib.RawAttribute::byteLength (11 bytes)

GC Heap History (4 events):
Event: 1.459 GC heap before
{Heap before GC invocations=1 (full 0):
 PSYoungGen      total 18944K, used 16384K [0x00000000eab00000, 0x00000000ec000000, 0x0000000100000000)
  eden space 16384K, 100% used [0x00000000eab00000,0x00000000ebb00000,0x00000000ebb00000)
  from space 2560K, 0% used [0x00000000ebd80000,0x00000000ebd80000,0x00000000ec000000)
  to   space 2560K, 0% used [0x00000000ebb00000,0x00000000ebb00000,0x00000000ebd80000)
 ParOldGen       total 44032K, used 0K [0x00000000c0000000, 0x00000000c2b00000, 0x00000000eab00000)
  object space 44032K, 0% used [0x00000000c0000000,0x00000000c0000000,0x00000000c2b00000)
 Metaspace       used 5686K, capacity 6768K, committed 7040K, reserved 1056768K
  class space    used 589K, capacity 616K, committed 640K, reserved 1048576K
Event: 1.466 GC heap after
Heap after GC invocations=1 (full 0):
 PSYoungGen      total 18944K, used 2551K [0x00000000eab00000, 0x00000000ec000000, 0x0000000100000000)
  eden space 16384K, 0% used [0x00000000eab00000,0x00000000eab00000,0x00000000ebb00000)
  from space 2560K, 99% used [0x00000000ebb00000,0x00000000ebd7dc60,0x00000000ebd80000)
  to   space 2560K, 0% used [0x00000000ebd80000,0x00000000ebd80000,0x00000000ec000000)
 ParOldGen       total 44032K, used 1689K [0x00000000c0000000, 0x00000000c2b00000, 0x00000000eab00000)
  object space 44032K, 3% used [0x00000000c0000000,0x00000000c01a6680,0x00000000c2b00000)
 Metaspace       used 5686K, capacity 6768K, committed 7040K, reserved 1056768K
  class space    used 589K, capacity 616K, committed 640K, reserved 1048576K
}
Event: 1.907 GC heap before
{Heap before GC invocations=2 (full 0):
 PSYoungGen      total 18944K, used 18935K [0x00000000eab00000, 0x00000000ec000000, 0x0000000100000000)
  eden space 16384K, 100% used [0x00000000eab00000,0x00000000ebb00000,0x00000000ebb00000)
  from space 2560K, 99% used [0x00000000ebb00000,0x00000000ebd7dc60,0x00000000ebd80000)
  to   space 2560K, 0% used [0x00000000ebd80000,0x00000000ebd80000,0x00000000ec000000)
 ParOldGen       total 44032K, used 1689K [0x00000000c0000000, 0x00000000c2b00000, 0x00000000eab00000)
  object space 44032K, 3% used [0x00000000c0000000,0x00000000c01a6680,0x00000000c2b00000)
 Metaspace       used 5957K, capacity 6960K, committed 7040K, reserved 1056768K
  class space    used 593K, capacity 616K, committed 640K, reserved 1048576K
Event: 1.915 GC heap after
Heap after GC invocations=2 (full 0):
 PSYoungGen      total 18944K, used 2538K [0x00000000eab00000, 0x00000000ec000000, 0x0000000100000000)
  eden space 16384K, 0% used [0x00000000eab00000,0x00000000eab00000,0x00000000ebb00000)
  from space 2560K, 99% used [0x00000000ebd80000,0x00000000ebffaac0,0x00000000ec000000)
  to   space 2560K, 0% used [0x00000000ebb00000,0x00000000ebb00000,0x00000000ebd80000)
 ParOldGen       total 44032K, used 3982K [0x00000000c0000000, 0x00000000c2b00000, 0x00000000eab00000)
  object space 44032K, 9% used [0x00000000c0000000,0x00000000c03e39e0,0x00000000c2b00000)
 Metaspace       used 5957K, capacity 6960K, committed 7040K, reserved 1056768K
  class space    used 593K, capacity 616K, committed 640K, reserved 1048576K
}

Deoptimization events (10 events):
Event: 1.559 Thread 0x0000000016343800 Uncommon trap: reason=bimorphic action=maybe_recompile pc=0x00000000023c45ac method=java.util.HashMap.getNode(ILjava/lang/Object;)Ljava/util/HashMap$Node; @ 126
Event: 1.781 Thread 0x0000000016338000 Uncommon trap: reason=bimorphic action=maybe_recompile pc=0x00000000023c45ac method=java.util.HashMap.getNode(ILjava/lang/Object;)Ljava/util/HashMap$Node; @ 126
Event: 1.919 Thread 0x0000000016338000 Uncommon trap: reason=unloaded action=reinterpret pc=0x0000000002539a74 method=com.android.dx.ssa.SsaRenamer$BlockRenamer.visitMoveInsn(Lcom/android/dx/ssa/NormalSsaInsn;)V @ 208
Event: 1.919 Thread 0x0000000016338000 Uncommon trap: reason=unstable_if action=reinterpret pc=0x000000000247a0d0 method=com.android.dx.ssa.NormalSsaInsn.getLocalAssignment()Lcom/android/dx/rop/code/RegisterSpec; @ 12
Event: 1.919 Thread 0x0000000016338000 Uncommon trap: reason=unstable_if action=reinterpret pc=0x0000000002471528 method=com.android.dx.ssa.NormalSsaInsn.getLocalAssignment()Lcom/android/dx/rop/code/RegisterSpec; @ 12
Event: 1.954 Thread 0x0000000016338000 Uncommon trap: reason=unstable_if action=reinterpret pc=0x000000000244a8b0 method=com.android.dx.ssa.NormalSsaInsn.getLocalAssignment()Lcom/android/dx/rop/code/RegisterSpec; @ 12
Event: 1.963 Thread 0x0000000016343800 Uncommon trap: reason=bimorphic action=maybe_recompile pc=0x00000000023ad3e0 method=java.util.HashMap.getNode(ILjava/lang/Object;)Ljava/util/HashMap$Node; @ 126
Event: 1.963 Thread 0x0000000016343800 Uncommon trap: reason=bimorphic action=maybe_recompile pc=0x00000000023ad3e0 method=java.util.HashMap.getNode(ILjava/lang/Object;)Ljava/util/HashMap$Node; @ 126
Event: 1.963 Thread 0x0000000016343800 Uncommon trap: reason=bimorphic action=maybe_recompile pc=0x00000000023c45ac method=java.util.HashMap.getNode(ILjava/lang/Object;)Ljava/util/HashMap$Node; @ 126
Event: 1.981 Thread 0x0000000016343800 Uncommon trap: reason=null_check action=make_not_entrant pc=0x0000000002416820 method=com.android.dx.rop.type.Type.equals(Ljava/lang/Object;)Z @ 8

Internal exceptions (3 events):
Event: 0.417 Thread 0x0000000002060800 Exception <a 'java/lang/NoSuchMethodError': Method sun.misc.Unsafe.defineClass(Ljava/lang/String;[BII)Ljava/lang/Class; name or signature does not match> (0x00000000eab0d7c8) thrown at [C:\workspace\8-2-build-windows-amd64-cygwin\jdk8u65\4987\hotspot\src\sýKÈ{­Ú?
Event: 0.417 Thread 0x0000000002060800 Exception <a 'java/lang/NoSuchMethodError': Method sun.misc.Unsafe.prefetchRead(Ljava/lang/Object;J)V name or signature does not match> (0x00000000eab0dab0) thrown at [C:\workspace\8-2-build-windows-amd64-cygwin\jdk8u65\4987\hotspot\src\share\vm\prims\jni.»è»§³ÿ?
Event: 1.981 Thread 0x0000000016343800 Implicit null exception at 0x0000000002416722 to 0x0000000002416812

Events (10 events):
Event: 1.963 Thread 0x0000000016343800 DEOPT UNPACKING pc=0x00000000021b582a sp=0x0000000016bce790 mode 2
Event: 1.963 Thread 0x0000000016343800 Uncommon trap: trap_request=0xffffffc6 fr.pc=0x00000000023ad3e0
Event: 1.963 Thread 0x0000000016343800 DEOPT PACKING pc=0x00000000023ad3e0 sp=0x0000000016bce810
Event: 1.963 Thread 0x0000000016343800 DEOPT UNPACKING pc=0x00000000021b582a sp=0x0000000016bce790 mode 2
Event: 1.963 Thread 0x0000000016343800 Uncommon trap: trap_request=0xffffffc6 fr.pc=0x00000000023c45ac
Event: 1.963 Thread 0x0000000016343800 DEOPT PACKING pc=0x00000000023c45ac sp=0x0000000016bce840
Event: 1.963 Thread 0x0000000016343800 DEOPT UNPACKING pc=0x00000000021b582a sp=0x0000000016bce758 mode 2
Event: 1.981 Thread 0x0000000016343800 Uncommon trap: trap_request=0xfffffff4 fr.pc=0x0000000002416820
Event: 1.981 Thread 0x0000000016343800 DEOPT PACKING pc=0x0000000002416820 sp=0x0000000016bce540
Event: 1.981 Thread 0x0000000016343800 DEOPT UNPACKING pc=0x00000000021b582a sp=0x0000000016bce4c8 mode 2


Dynamic libraries:
0x00007ff606210000 - 0x00007ff606247000 	C:\Program Files\Java\jdk1.8.0_65\bin\java.exe
0x00007ff810bb0000 - 0x00007ff810d71000 	C:\Windows\SYSTEM32\ntdll.dll
0x00007ff80e9c0000 - 0x00007ff80ea6d000 	C:\Windows\system32\KERNEL32.DLL
0x00007ff80d280000 - 0x00007ff80d468000 	C:\Windows\system32\KERNELBASE.dll
0x00007ff80b710000 - 0x00007ff80b789000 	C:\Windows\system32\apphelp.dll
0x00007ff8108c0000 - 0x00007ff810967000 	C:\Windows\system32\ADVAPI32.dll
0x00007ff80e0e0000 - 0x00007ff80e17d000 	C:\Windows\system32\msvcrt.dll
0x00007ff8101a0000 - 0x00007ff8101fb000 	C:\Windows\system32\sechost.dll
0x00007ff810480000 - 0x00007ff81059c000 	C:\Windows\system32\RPCRT4.dll
0x00007ff80e7f0000 - 0x00007ff80e946000 	C:\Windows\system32\USER32.dll
0x00007ff810010000 - 0x00007ff810196000 	C:\Windows\system32\GDI32.dll
0x00007fffffb60000 - 0x00007fffffdd4000 	C:\Windows\WinSxS\amd64_microsoft.windows.common-controls_6595b64144ccf1df_6.0.10586.0_none_8c15ae12515e1c22\COMCTL32.dll
0x00007ff810200000 - 0x00007ff81047d000 	C:\Windows\system32\combase.dll
0x00007ff80d8f0000 - 0x00007ff80d95a000 	C:\Windows\system32\bcryptPrimitives.dll
0x00007ff80ffd0000 - 0x00007ff81000b000 	C:\Windows\system32\IMM32.DLL
0x000000005ccc0000 - 0x000000005cd92000 	C:\Program Files\Java\jdk1.8.0_65\jre\bin\msvcr100.dll
0x000000005d140000 - 0x000000005d9c9000 	C:\Program Files\Java\jdk1.8.0_65\jre\bin\server\jvm.dll
0x00007ff810750000 - 0x00007ff810758000 	C:\Windows\system32\PSAPI.DLL
0x00007ff802680000 - 0x00007ff802689000 	C:\Windows\SYSTEM32\WSOCK32.dll
0x00007ff80e180000 - 0x00007ff80e1eb000 	C:\Windows\system32\WS2_32.dll
0x00007ff80b5a0000 - 0x00007ff80b5c3000 	C:\Windows\SYSTEM32\WINMM.dll
0x00007ff8006f0000 - 0x00007ff8006fa000 	C:\Windows\SYSTEM32\VERSION.dll
0x00007ff80b240000 - 0x00007ff80b26c000 	C:\Windows\SYSTEM32\WINMMBASE.dll
0x00007ff80d6d0000 - 0x00007ff80d713000 	C:\Windows\system32\cfgmgr32.dll
0x000000005d130000 - 0x000000005d13f000 	C:\Program Files\Java\jdk1.8.0_65\jre\bin\verify.dll
0x000000005d100000 - 0x000000005d129000 	C:\Program Files\Java\jdk1.8.0_65\jre\bin\java.dll
0x000000005d0e0000 - 0x000000005d0f6000 	C:\Program Files\Java\jdk1.8.0_65\jre\bin\zip.dll
0x00007ff80ea70000 - 0x00007ff80ffcf000 	C:\Windows\system32\SHELL32.dll
0x00007ff80d960000 - 0x00007ff80dfa4000 	C:\Windows\system32\windows.storage.dll
0x00007ff80e250000 - 0x00007ff80e2a2000 	C:\Windows\system32\shlwapi.dll
0x00007ff80d230000 - 0x00007ff80d23f000 	C:\Windows\system32\kernel.appcore.dll
0x00007ff80d560000 - 0x00007ff80d615000 	C:\Windows\system32\shcore.dll
0x00007ff80d1d0000 - 0x00007ff80d21b000 	C:\Windows\system32\powrprof.dll
0x00007ff80d240000 - 0x00007ff80d254000 	C:\Windows\system32\profapi.dll

VM Arguments:
jvm_args: -Djava.awt.headless=true -Xmx1024M -Dfile.encoding=windows-1252 -Duser.country=US -Duser.language=en -Duser.variant 
java_command: com.android.dx.command.Main --dex --force-jumbo --num-threads=4 --multi-dex --output F:\Android Tools\My AndroWork\MapMyDay\app\build\intermediates\transforms\dex\debug\folders\1000\10\com.google.android.gms-play-services-location-8.4.0_f4b9df2e760383d982e1b6b5a7772fb0e829b74a F:\Android Tools\My AndroWork\MapMyDay\app\build\intermediates\exploded-aar\com.google.android.gms\play-services-location\8.4.0\jars\classes.jar
java_class_path (initial): F:\sdk\build-tools\23.0.1\lib\dx.jar
Launcher Type: SUN_STANDARD

Environment Variables:
PATH=C:\ProgramData\Oracle\Java\javapath;C:\Windows\system32;C:\Windows;C:\Windows\System32\Wbem;C:\Windows\System32\WindowsPowerShell\v1.0\;C:\Program Files (x86)\Intel\OpenCL SDK\2.0\bin\x86;C:\Program Files (x86)\Intel\OpenCL SDK\2.0\bin\x64;C:\Program Files\Microsoft\Web Platform Installer\;C:\Program Files (x86)\Microsoft ASP.NET\ASP.NET Web Pages\v1.0\;C:\Program Files (x86)\Windows Kits\8.0\Windows Performance Toolkit\;C:\Program Files\Microsoft SQL Server\110\Tools\Binn\;C:\VisualStudio & OpenCv\opencv\build\x64\vc11\bin\;C:\Program Files (x86)\Common Files\lenovo\easyplussdk\bin;C:\Modeltech_pe_edu_10.4a\win32pe_edu
USERNAME=Fahim Al Mahmud
OS=Windows_NT
PROCESSOR_IDENTIFIER=Intel64 Family 6 Model 58 Stepping 9, GenuineIntel



---------------  S Y S T E M  ---------------

OS: Windows 10.0 , 64 bit Build 10586 (10.0.10586.0)

CPU:total 4 (2 cores per cpu, 2 threads per core) family 6 model 58 stepping 9, cmov, cx8, fxsr, mmx, sse, sse2, sse3, ssse3, sse4.1, sse4.2, popcnt, avx, aes, clmul, erms, ht, tsc, tscinvbit, tscinv

Memory: 4k page, physical 4087096k(802688k free), swap 6005436k(5404k free)

vm_info: Java HotSpot(TM) 64-Bit Server VM (25.65-b01) for windows-amd64 JRE (1.8.0_65-b17), built on Oct  6 2015 16:39:20 by "java_re" with MS VC++ 10.0 (VS2010)

time: Sun Jun 12 01:39:14 2016
elapsed time: 2 seconds (0d 0h 0m 2s)

