#
# There is insufficient memory for the Java Runtime Environment to continue.
# Native memory allocation (malloc) failed to allocate 214416 bytes for Chunk::new
# Possible reasons:
#   The system is out of physical RAM or swap space
#   In 32 bit mode, the process size limit was hit
# Possible solutions:
#   Reduce memory load on the system
#   Increase physical memory or swap space
#   Check if swap backing store is full
#   Use 64 bit Java on a 64 bit OS
#   Decrease Java heap size (-Xmx/-Xms)
#   Decrease number of Java threads
#   Decrease Java thread stack sizes (-Xss)
#   Set larger code cache with -XX:ReservedCodeCacheSize=
# This output file may be truncated or incomplete.
#
#  Out of Memory Error (allocation.cpp:390), pid=8256, tid=6724
#
# JRE version: Java(TM) SE Runtime Environment (8.0_65-b17) (build 1.8.0_65-b17)
# Java VM: Java HotSpot(TM) 64-Bit Server VM (25.65-b01 mixed mode windows-amd64 compressed oops)
# Failed to write core dump. Minidumps are not enabled by default on client versions of Windows
#

---------------  T H R E A D  ---------------

Current thread (0x0000000014a8d800):  JavaThread "C2 CompilerThread1" daemon [_thread_in_native, id=6724, stack(0x0000000016190000,0x0000000016290000)]

Stack: [0x0000000016190000,0x0000000016290000]
[error occurred during error reporting (printing stack bounds), id 0xc0000005]

Native frames: (J=compiled Java code, j=interpreted, Vv=VM code, C=native code)


Current CompileTask:
C2:   1992 1115       4       com.android.dx.ssa.SCCP::simulateBranch (666 bytes)


---------------  P R O C E S S  ---------------

Java Threads: ( => current thread )
  0x000000001664e000 JavaThread "pool-2-thread-4" [_thread_blocked, id=4256, stack(0x0000000016d90000,0x0000000016e90000)]
  0x00000000164db800 JavaThread "pool-2-thread-3" [_thread_blocked, id=4752, stack(0x0000000016c90000,0x0000000016d90000)]
  0x00000000164db000 JavaThread "pool-2-thread-2" [_thread_blocked, id=6668, stack(0x0000000016b90000,0x0000000016c90000)]
  0x00000000164d5800 JavaThread "pool-3-thread-1" [_thread_blocked, id=6888, stack(0x0000000016a90000,0x0000000016b90000)]
  0x00000000164af000 JavaThread "pool-2-thread-1" [_thread_blocked, id=6516, stack(0x0000000016990000,0x0000000016a90000)]
  0x00000000163bd800 JavaThread "Service Thread" daemon [_thread_blocked, id=3712, stack(0x0000000016790000,0x0000000016890000)]
  0x0000000014a9c000 JavaThread "C1 CompilerThread2" daemon [_thread_blocked, id=8992, stack(0x0000000016290000,0x0000000016390000)]
=>0x0000000014a8d800 JavaThread "C2 CompilerThread1" daemon [_thread_in_native, id=6724, stack(0x0000000016190000,0x0000000016290000)]
  0x0000000014a3d800 JavaThread "C2 CompilerThread0" daemon [_thread_in_native, id=8176, stack(0x0000000016090000,0x0000000016190000)]
  0x0000000014a3a800 JavaThread "Attach Listener" daemon [_thread_blocked, id=6136, stack(0x0000000015f90000,0x0000000016090000)]
  0x0000000014a39000 JavaThread "Signal Dispatcher" daemon [_thread_blocked, id=5616, stack(0x0000000015e90000,0x0000000015f90000)]
  0x0000000002360800 JavaThread "Finalizer" daemon [_thread_blocked, id=3148, stack(0x0000000015cb0000,0x0000000015db0000)]
  0x000000000235d000 JavaThread "Reference Handler" daemon [_thread_blocked, id=8436, stack(0x0000000015bb0000,0x0000000015cb0000)]
  0x0000000002270800 JavaThread "main" [_thread_in_native, id=8308, stack(0x0000000002170000,0x0000000002270000)]

Other Threads:
  0x0000000014a08000 VMThread [stack: 0x0000000015ab0000,0x0000000015bb0000] [id=3668]
  0x00000000163c2800 WatcherThread [stack: 0x0000000016890000,0x0000000016990000] [id=1120]

VM state:not at safepoint (normal execution)

VM Mutex/Monitor currently owned by a thread: None

Heap:
 PSYoungGen      total 18944K, used 16786K [0x00000000eab00000, 0x00000000ed000000, 0x0000000100000000)
  eden space 16384K, 87% used [0x00000000eab00000,0x00000000eb8ecb88,0x00000000ebb00000)
  from space 2560K, 98% used [0x00000000ebb00000,0x00000000ebd78038,0x00000000ebd80000)
  to   space 2560K, 0% used [0x00000000ecd80000,0x00000000ecd80000,0x00000000ed000000)
 ParOldGen       total 44032K, used 1582K [0x00000000c0000000, 0x00000000c2b00000, 0x00000000eab00000)
  object space 44032K, 3% used [0x00000000c0000000,0x00000000c018bbf8,0x00000000c2b00000)
 Metaspace       used 5591K, capacity 6832K, committed 7040K, reserved 1056768K
  class space    used 573K, capacity 616K, committed 640K, reserved 1048576K

Card table byte_map: [0x0000000011730000,0x0000000011940000] byte_map_base: 0x0000000011130000

Marking Bits: (ParMarkBitMap*) 0x000000005d94a5b0
 Begin Bits: [0x0000000011ea0000, 0x0000000012ea0000)
 End Bits:   [0x0000000012ea0000, 0x0000000013ea0000)

Polling page: 0x00000000001f0000

CodeCache: size=245760Kb used=4523Kb max_used=4525Kb free=241236Kb
 bounds [0x0000000002370000, 0x00000000027f0000, 0x0000000011370000]
 total_blobs=1378 nmethods=1116 adapters=175
 compilation: enabled

Compilation events (10 events):
Event: 1.944 Thread 0x0000000014a9c000 1114       1       java.util.concurrent.atomic.AtomicInteger::get (5 bytes)
Event: 1.944 Thread 0x0000000014a9c000 nmethod 1114 0x00000000027cc790 code [0x00000000027cc8e0, 0x00000000027cc9f0]
Event: 1.946 Thread 0x0000000014a8d800 1115       4       com.android.dx.ssa.SCCP::simulateBranch (666 bytes)
Event: 1.946 Thread 0x0000000014a3d800 1116       4       com.android.dx.ssa.back.FirstFitLocalCombiningAllocator$1::visitNonMoveInsn (6 bytes)
Event: 1.952 Thread 0x0000000014a9c000 1118       3       com.android.dx.rop.type.Type::isCategory1 (36 bytes)
Event: 1.952 Thread 0x0000000014a9c000 nmethod 1118 0x00000000027db410 code [0x00000000027db560, 0x00000000027db6d0]
Event: 1.952 Thread 0x0000000014a9c000 1119       3       com.android.dx.cf.code.Simulator::requiredArrayTypeFor (61 bytes)
Event: 1.953 Thread 0x0000000014a9c000 nmethod 1119 0x00000000027da590 code [0x00000000027da780, 0x00000000027db0d8]
Event: 1.957 Thread 0x0000000014a9c000 1122       3       com.android.dx.rop.type.Type::compareTo (12 bytes)
Event: 1.958 Thread 0x0000000014a9c000 nmethod 1122 0x00000000027da110 code [0x00000000027da280, 0x00000000027da4a8]

GC Heap History (2 events):
Event: 1.245 GC heap before
{Heap before GC invocations=1 (full 0):
 PSYoungGen      total 18944K, used 16384K [0x00000000eab00000, 0x00000000ec000000, 0x0000000100000000)
  eden space 16384K, 100% used [0x00000000eab00000,0x00000000ebb00000,0x00000000ebb00000)
  from space 2560K, 0% used [0x00000000ebd80000,0x00000000ebd80000,0x00000000ec000000)
  to   space 2560K, 0% used [0x00000000ebb00000,0x00000000ebb00000,0x00000000ebd80000)
 ParOldGen       total 44032K, used 0K [0x00000000c0000000, 0x00000000c2b00000, 0x00000000eab00000)
  object space 44032K, 0% used [0x00000000c0000000,0x00000000c0000000,0x00000000c2b00000)
 Metaspace       used 5473K, capacity 6704K, committed 6784K, reserved 1056768K
  class space    used 573K, capacity 616K, committed 640K, reserved 1048576K
Event: 1.318 GC heap after
Heap after GC invocations=1 (full 0):
 PSYoungGen      total 18944K, used 2528K [0x00000000eab00000, 0x00000000ed000000, 0x0000000100000000)
  eden space 16384K, 0% used [0x00000000eab00000,0x00000000eab00000,0x00000000ebb00000)
  from space 2560K, 98% used [0x00000000ebb00000,0x00000000ebd78038,0x00000000ebd80000)
  to   space 2560K, 0% used [0x00000000ecd80000,0x00000000ecd80000,0x00000000ed000000)
 ParOldGen       total 44032K, used 1582K [0x00000000c0000000, 0x00000000c2b00000, 0x00000000eab00000)
  object space 44032K, 3% used [0x00000000c0000000,0x00000000c018bbf8,0x00000000c2b00000)
 Metaspace       used 5473K, capacity 6704K, committed 6784K, reserved 1056768K
  class space    used 573K, capacity 616K, committed 640K, reserved 1048576K
}

Deoptimization events (9 events):
Event: 0.612 Thread 0x00000000164db800 Uncommon trap: reason=unstable_if action=reinterpret pc=0x000000000254bee0 method=java.util.HashMap.getNode(ILjava/lang/Object;)Ljava/util/HashMap$Node; @ 129
Event: 0.918 Thread 0x00000000164db800 Uncommon trap: reason=null_check action=make_not_entrant pc=0x0000000002612234 method=com.android.dx.ssa.SsaRenamer.getLocalForNewReg(I)Lcom/android/dx/rop/code/LocalItem; @ 19
Event: 0.969 Thread 0x000000001664e000 Uncommon trap: reason=unstable_if action=reinterpret pc=0x000000000261ef10 method=com.android.dx.rop.code.RegisterSpec.equals(ILcom/android/dx/rop/type/TypeBearer;Lcom/android/dx/rop/code/LocalItem;)Z @ 16
Event: 0.969 Thread 0x000000001664e000 Uncommon trap: reason=class_check action=maybe_recompile pc=0x000000000260ec70 method=com.android.dx.rop.type.Type.equals(Ljava/lang/Object;)Z @ 8
Event: 0.969 Thread 0x000000001664e000 Uncommon trap: reason=unstable_if action=reinterpret pc=0x0000000002596408 method=com.android.dx.rop.code.RegisterSpec.equals(ILcom/android/dx/rop/type/TypeBearer;Lcom/android/dx/rop/code/LocalItem;)Z @ 16
Event: 0.970 Thread 0x000000001664e000 Uncommon trap: reason=unstable_if action=reinterpret pc=0x00000000025f9794 method=com.android.dx.rop.code.RegisterSpec.equals(ILcom/android/dx/rop/type/TypeBearer;Lcom/android/dx/rop/code/LocalItem;)Z @ 16
Event: 0.972 Thread 0x000000001664e000 Uncommon trap: reason=unstable_if action=reinterpret pc=0x000000000260dd60 method=com.android.dx.rop.code.RegisterSpec.equals(ILcom/android/dx/rop/type/TypeBearer;Lcom/android/dx/rop/code/LocalItem;)Z @ 16
Event: 0.972 Thread 0x000000001664e000 Uncommon trap: reason=class_check action=maybe_recompile pc=0x000000000260ec70 method=com.android.dx.rop.type.Type.equals(Ljava/lang/Object;)Z @ 8
Event: 1.512 Thread 0x00000000164db000 Uncommon trap: reason=class_check action=maybe_recompile pc=0x0000000002631d8c method=com.android.dx.ssa.NormalSsaInsn.accept(Lcom/android/dx/ssa/SsaInsn$Visitor;)V @ 9

Internal exceptions (3 events):
Event: 0.054 Thread 0x0000000002270800 Exception <a 'java/lang/NoSuchMethodError': Method sun.misc.Unsafe.defineClass(Ljava/lang/String;[BII)Ljava/lang/Class; name or signature does not match> (0x00000000eab0d560) thrown at [C:\workspace\8-2-build-windows-amd64-cygwin\jdk8u65\4987\hotspot\src\sYJ˜éU»«?
Event: 0.054 Thread 0x0000000002270800 Exception <a 'java/lang/NoSuchMethodError': Method sun.misc.Unsafe.prefetchRead(Ljava/lang/Object;J)V name or signature does not match> (0x00000000eab0d848) thrown at [C:\workspace\8-2-build-windows-amd64-cygwin\jdk8u65\4987\hotspot\src\share\vm\prims\jni.b‚®“aí?
Event: 0.918 Thread 0x00000000164db800 Implicit null exception at 0x0000000002610afc to 0x0000000002612219

Events (10 events):
Event: 0.972 Thread 0x000000001664e000 DEOPT UNPACKING pc=0x00000000023b582a sp=0x0000000016e8e2b8 mode 2
Event: 0.988 loading class java/util/TreeMap$EntrySet
Event: 0.988 loading class java/util/TreeMap$EntrySet done
Event: 0.988 loading class java/util/TreeMap$EntryIterator
Event: 0.988 loading class java/util/TreeMap$EntryIterator done
Event: 1.244 Executing VM operation: ParallelGCFailedAllocation
Event: 1.318 Executing VM operation: ParallelGCFailedAllocation done
Event: 1.512 Thread 0x00000000164db000 Uncommon trap: trap_request=0xffffffde fr.pc=0x0000000002631d8c
Event: 1.512 Thread 0x00000000164db000 DEOPT PACKING pc=0x0000000002631d8c sp=0x0000000016c8ee80
Event: 1.512 Thread 0x00000000164db000 DEOPT UNPACKING pc=0x00000000023b582a sp=0x0000000016c8edf0 mode 2


Dynamic libraries:
0x00007ff76f100000 - 0x00007ff76f137000 	C:\Program Files\Java\jdk1.8.0_65\bin\java.exe
0x00007ff810bb0000 - 0x00007ff810d71000 	C:\Windows\SYSTEM32\ntdll.dll
0x00007ff80e9c0000 - 0x00007ff80ea6d000 	C:\Windows\system32\KERNEL32.DLL
0x00007ff80d280000 - 0x00007ff80d468000 	C:\Windows\system32\KERNELBASE.dll
0x00007ff80b710000 - 0x00007ff80b789000 	C:\Windows\system32\apphelp.dll
0x00007ff8108c0000 - 0x00007ff810967000 	C:\Windows\system32\ADVAPI32.dll
0x00007ff80e0e0000 - 0x00007ff80e17d000 	C:\Windows\system32\msvcrt.dll
0x00007ff8101a0000 - 0x00007ff8101fb000 	C:\Windows\system32\sechost.dll
0x00007ff810480000 - 0x00007ff81059c000 	C:\Windows\system32\RPCRT4.dll
0x00007ff80e7f0000 - 0x00007ff80e946000 	C:\Windows\system32\USER32.dll
0x00007ff810010000 - 0x00007ff810196000 	C:\Windows\system32\GDI32.dll
0x00007fffffb60000 - 0x00007fffffdd4000 	C:\Windows\WinSxS\amd64_microsoft.windows.common-controls_6595b64144ccf1df_6.0.10586.0_none_8c15ae12515e1c22\COMCTL32.dll
0x00007ff810200000 - 0x00007ff81047d000 	C:\Windows\system32\combase.dll
0x00007ff80d8f0000 - 0x00007ff80d95a000 	C:\Windows\system32\bcryptPrimitives.dll
0x00007ff80ffd0000 - 0x00007ff81000b000 	C:\Windows\system32\IMM32.DLL
0x000000005ccc0000 - 0x000000005cd92000 	C:\Program Files\Java\jdk1.8.0_65\jre\bin\msvcr100.dll
0x000000005d140000 - 0x000000005d9c9000 	C:\Program Files\Java\jdk1.8.0_65\jre\bin\server\jvm.dll
0x00007ff810750000 - 0x00007ff810758000 	C:\Windows\system32\PSAPI.DLL
0x00007ff802680000 - 0x00007ff802689000 	C:\Windows\SYSTEM32\WSOCK32.dll
0x00007ff80e180000 - 0x00007ff80e1eb000 	C:\Windows\system32\WS2_32.dll
0x00007ff80b5a0000 - 0x00007ff80b5c3000 	C:\Windows\SYSTEM32\WINMM.dll
0x00007ff8006f0000 - 0x00007ff8006fa000 	C:\Windows\SYSTEM32\VERSION.dll
0x00007ff80b240000 - 0x00007ff80b26c000 	C:\Windows\SYSTEM32\WINMMBASE.dll
0x00007ff80d6d0000 - 0x00007ff80d713000 	C:\Windows\system32\cfgmgr32.dll
0x000000005d130000 - 0x000000005d13f000 	C:\Program Files\Java\jdk1.8.0_65\jre\bin\verify.dll
0x000000005d100000 - 0x000000005d129000 	C:\Program Files\Java\jdk1.8.0_65\jre\bin\java.dll
0x000000005d0e0000 - 0x000000005d0f6000 	C:\Program Files\Java\jdk1.8.0_65\jre\bin\zip.dll
0x00007ff80ea70000 - 0x00007ff80ffcf000 	C:\Windows\system32\SHELL32.dll
0x00007ff80d960000 - 0x00007ff80dfa4000 	C:\Windows\system32\windows.storage.dll
0x00007ff80e250000 - 0x00007ff80e2a2000 	C:\Windows\system32\shlwapi.dll
0x00007ff80d230000 - 0x00007ff80d23f000 	C:\Windows\system32\kernel.appcore.dll
0x00007ff80d560000 - 0x00007ff80d615000 	C:\Windows\system32\shcore.dll
0x00007ff80d1d0000 - 0x00007ff80d21b000 	C:\Windows\system32\powrprof.dll
0x00007ff80d240000 - 0x00007ff80d254000 	C:\Windows\system32\profapi.dll

VM Arguments:
jvm_args: -Djava.awt.headless=true -Xmx1024M -Dfile.encoding=windows-1252 -Duser.country=US -Duser.language=en -Duser.variant 
java_command: com.android.dx.command.Main --dex --force-jumbo --num-threads=4 --multi-dex --output F:\Android Tools\My AndroWork\MapMyDay\app\build\intermediates\transforms\dex\debug\folders\1000\5\slice_5 F:\Android Tools\My AndroWork\MapMyDay\app\build\intermediates\transforms\instantRunSlicer\debug\folders\1\5\slice_5
java_class_path (initial): F:\sdk\build-tools\23.0.1\lib\dx.jar
Launcher Type: SUN_STANDARD

Environment Variables:
PATH=C:\ProgramData\Oracle\Java\javapath;C:\Windows\system32;C:\Windows;C:\Windows\System32\Wbem;C:\Windows\System32\WindowsPowerShell\v1.0\;C:\Program Files (x86)\Intel\OpenCL SDK\2.0\bin\x86;C:\Program Files (x86)\Intel\OpenCL SDK\2.0\bin\x64;C:\Program Files\Microsoft\Web Platform Installer\;C:\Program Files (x86)\Microsoft ASP.NET\ASP.NET Web Pages\v1.0\;C:\Program Files (x86)\Windows Kits\8.0\Windows Performance Toolkit\;C:\Program Files\Microsoft SQL Server\110\Tools\Binn\;C:\VisualStudio & OpenCv\opencv\build\x64\vc11\bin\;C:\Program Files (x86)\Common Files\lenovo\easyplussdk\bin;C:\Modeltech_pe_edu_10.4a\win32pe_edu
USERNAME=Fahim Al Mahmud
OS=Windows_NT
PROCESSOR_IDENTIFIER=Intel64 Family 6 Model 58 Stepping 9, GenuineIntel



---------------  S Y S T E M  ---------------

OS: Windows 10.0 , 64 bit Build 10586 (10.0.10586.0)

CPU:total 4 (2 cores per cpu, 2 threads per core) family 6 model 58 stepping 9, cmov, cx8, fxsr, mmx, sse, sse2, sse3, ssse3, sse4.1, sse4.2, popcnt, avx, aes, clmul, erms, ht, tsc, tscinvbit, tscinv

Memory: 4k page, physical 4087096k(727668k free), swap 6005436k(3532k free)

vm_info: Java HotSpot(TM) 64-Bit Server VM (25.65-b01) for windows-amd64 JRE (1.8.0_65-b17), built on Oct  6 2015 16:39:20 by "java_re" with MS VC++ 10.0 (VS2010)

time: Fri Jun 10 23:54:01 2016
elapsed time: 1 seconds (0d 0h 0m 1s)

