#
# There is insufficient memory for the Java Runtime Environment to continue.
# Native memory allocation (malloc) failed to allocate 597856 bytes for Chunk::new
# Possible reasons:
#   The system is out of physical RAM or swap space
#   In 32 bit mode, the process size limit was hit
# Possible solutions:
#   Reduce memory load on the system
#   Increase physical memory or swap space
#   Check if swap backing store is full
#   Use 64 bit Java on a 64 bit OS
#   Decrease Java heap size (-Xmx/-Xms)
#   Decrease number of Java threads
#   Decrease Java thread stack sizes (-Xss)
#   Set larger code cache with -XX:ReservedCodeCacheSize=
# This output file may be truncated or incomplete.
#
#  Out of Memory Error (allocation.cpp:390), pid=5496, tid=3528
#
# JRE version: Java(TM) SE Runtime Environment (8.0_65-b17) (build 1.8.0_65-b17)
# Java VM: Java HotSpot(TM) 64-Bit Server VM (25.65-b01 mixed mode windows-amd64 compressed oops)
# Failed to write core dump. Minidumps are not enabled by default on client versions of Windows
#

---------------  T H R E A D  ---------------

Current thread (0x0000000014a3e000):  JavaThread "C2 CompilerThread1" daemon [_thread_in_native, id=3528, stack(0x0000000016120000,0x0000000016220000)]

Stack: [0x0000000016120000,0x0000000016220000]
[error occurred during error reporting (printing stack bounds), id 0xc0000005]

Native frames: (J=compiled Java code, j=interpreted, Vv=VM code, C=native code)


Current CompileTask:
C2:   2452 1391       4       com.android.dx.ssa.SCCP::simulateBranch (666 bytes)


---------------  P R O C E S S  ---------------

Java Threads: ( => current thread )
  0x00000000165bc000 JavaThread "pool-2-thread-4" [_thread_in_Java, id=3984, stack(0x0000000016d20000,0x0000000016e20000)]
  0x000000001652f000 JavaThread "pool-2-thread-3" [_thread_blocked, id=7364, stack(0x0000000016c20000,0x0000000016d20000)]
  0x0000000016460800 JavaThread "pool-2-thread-2" [_thread_in_Java, id=4252, stack(0x0000000016b20000,0x0000000016c20000)]
  0x000000001645d000 JavaThread "pool-3-thread-1" [_thread_blocked, id=3580, stack(0x0000000016a20000,0x0000000016b20000)]
  0x000000001645c800 JavaThread "pool-2-thread-1" [_thread_blocked, id=7068, stack(0x0000000016920000,0x0000000016a20000)]
  0x000000001633b800 JavaThread "Service Thread" daemon [_thread_blocked, id=2532, stack(0x0000000016720000,0x0000000016820000)]
  0x0000000014a44000 JavaThread "C1 CompilerThread2" daemon [_thread_in_native, id=84, stack(0x0000000016220000,0x0000000016320000)]
=>0x0000000014a3e000 JavaThread "C2 CompilerThread1" daemon [_thread_in_native, id=3528, stack(0x0000000016120000,0x0000000016220000)]
  0x00000000149ed800 JavaThread "C2 CompilerThread0" daemon [_thread_in_native, id=3536, stack(0x0000000016020000,0x0000000016120000)]
  0x00000000149ea800 JavaThread "Attach Listener" daemon [_thread_blocked, id=4684, stack(0x0000000015f20000,0x0000000016020000)]
  0x00000000149e9800 JavaThread "Signal Dispatcher" daemon [_thread_blocked, id=7636, stack(0x0000000015e20000,0x0000000015f20000)]
  0x0000000002310800 JavaThread "Finalizer" daemon [_thread_blocked, id=5940, stack(0x0000000015c40000,0x0000000015d40000)]
  0x000000000230d000 JavaThread "Reference Handler" daemon [_thread_blocked, id=7316, stack(0x0000000015b40000,0x0000000015c40000)]
  0x0000000002220800 JavaThread "main" [_thread_blocked, id=3796, stack(0x00000000020c0000,0x00000000021c0000)]

Other Threads:
  0x00000000149b8000 VMThread [stack: 0x0000000015a40000,0x0000000015b40000] [id=184]
  0x0000000016343000 WatcherThread [stack: 0x0000000016820000,0x0000000016920000] [id=5600]

VM state:not at safepoint (normal execution)

VM Mutex/Monitor currently owned by a thread: None

Heap:
 PSYoungGen      total 18944K, used 12651K [0x00000000eab00000, 0x00000000ec000000, 0x0000000100000000)
  eden space 16384K, 61% used [0x00000000eab00000,0x00000000eb4e2e88,0x00000000ebb00000)
  from space 2560K, 98% used [0x00000000ebd80000,0x00000000ebff8010,0x00000000ec000000)
  to   space 2560K, 0% used [0x00000000ebb00000,0x00000000ebb00000,0x00000000ebd80000)
 ParOldGen       total 44032K, used 4038K [0x00000000c0000000, 0x00000000c2b00000, 0x00000000eab00000)
  object space 44032K, 9% used [0x00000000c0000000,0x00000000c03f1b98,0x00000000c2b00000)
 Metaspace       used 5991K, capacity 7024K, committed 7296K, reserved 1056768K
  class space    used 589K, capacity 616K, committed 640K, reserved 1048576K

Card table byte_map: [0x00000000116e0000,0x00000000118f0000] byte_map_base: 0x00000000110e0000

Marking Bits: (ParMarkBitMap*) 0x000000006dc5a5b0
 Begin Bits: [0x0000000011e50000, 0x0000000012e50000)
 End Bits:   [0x0000000012e50000, 0x0000000013e50000)

Polling page: 0x00000000005e0000

CodeCache: size=245760Kb used=5837Kb max_used=5837Kb free=239922Kb
 bounds [0x0000000002320000, 0x00000000028e0000, 0x0000000011320000]
 total_blobs=1663 nmethods=1394 adapters=182
 compilation: enabled

Compilation events (10 events):
Event: 2.444 Thread 0x0000000014a44000 1404       3       com.android.dx.dex.code.OutputFinisher::hasLocalInfo (20 bytes)
Event: 2.445 Thread 0x0000000014a44000 nmethod 1404 0x00000000028d2f10 code [0x00000000028d3080, 0x00000000028d3310]
Event: 2.445 Thread 0x0000000014a44000 1405       1       com.android.dx.ssa.MoveParamCombiner$1::visitPhiInsn (1 bytes)
Event: 2.445 Thread 0x0000000014a44000 nmethod 1405 0x00000000028d2c10 code [0x00000000028d2d60, 0x00000000028d2e70]
Event: 2.445 Thread 0x0000000014a44000 1406       3       com.android.dx.cf.attrib.AttLineNumberTable::byteLength (13 bytes)
Event: 2.445 Thread 0x0000000014a44000 nmethod 1406 0x00000000028d6c90 code [0x00000000028d6e00, 0x00000000028d7050]
Event: 2.447 Thread 0x0000000014a44000 1410       3       com.android.dx.util.Bits::isEmpty (26 bytes)
Event: 2.447 Thread 0x0000000014a44000 nmethod 1410 0x00000000028d67d0 code [0x00000000028d6940, 0x00000000028d6b90]
Event: 2.447 Thread 0x0000000014a44000 1411       3       com.android.dx.ssa.SsaBasicBlock::insertNewPredecessor (134 bytes)
Event: 2.448 Thread 0x0000000014a44000 nmethod 1411 0x00000000028d7150 code [0x00000000028d73a0, 0x00000000028d7ef8]

GC Heap History (4 events):
Event: 1.087 GC heap before
{Heap before GC invocations=1 (full 0):
 PSYoungGen      total 18944K, used 16384K [0x00000000eab00000, 0x00000000ec000000, 0x0000000100000000)
  eden space 16384K, 100% used [0x00000000eab00000,0x00000000ebb00000,0x00000000ebb00000)
  from space 2560K, 0% used [0x00000000ebd80000,0x00000000ebd80000,0x00000000ec000000)
  to   space 2560K, 0% used [0x00000000ebb00000,0x00000000ebb00000,0x00000000ebd80000)
 ParOldGen       total 44032K, used 0K [0x00000000c0000000, 0x00000000c2b00000, 0x00000000eab00000)
  object space 44032K, 0% used [0x00000000c0000000,0x00000000c0000000,0x00000000c2b00000)
 Metaspace       used 5689K, capacity 6768K, committed 7040K, reserved 1056768K
  class space    used 587K, capacity 616K, committed 640K, reserved 1048576K
Event: 1.274 GC heap after
Heap after GC invocations=1 (full 0):
 PSYoungGen      total 18944K, used 2538K [0x00000000eab00000, 0x00000000ec000000, 0x0000000100000000)
  eden space 16384K, 0% used [0x00000000eab00000,0x00000000eab00000,0x00000000ebb00000)
  from space 2560K, 99% used [0x00000000ebb00000,0x00000000ebd7aab0,0x00000000ebd80000)
  to   space 2560K, 0% used [0x00000000ebd80000,0x00000000ebd80000,0x00000000ec000000)
 ParOldGen       total 44032K, used 1785K [0x00000000c0000000, 0x00000000c2b00000, 0x00000000eab00000)
  object space 44032K, 4% used [0x00000000c0000000,0x00000000c01be5c0,0x00000000c2b00000)
 Metaspace       used 5689K, capacity 6768K, committed 7040K, reserved 1056768K
  class space    used 587K, capacity 616K, committed 640K, reserved 1048576K
}
Event: 1.734 GC heap before
{Heap before GC invocations=2 (full 0):
 PSYoungGen      total 18944K, used 18922K [0x00000000eab00000, 0x00000000ec000000, 0x0000000100000000)
  eden space 16384K, 100% used [0x00000000eab00000,0x00000000ebb00000,0x00000000ebb00000)
  from space 2560K, 99% used [0x00000000ebb00000,0x00000000ebd7aab0,0x00000000ebd80000)
  to   space 2560K, 0% used [0x00000000ebd80000,0x00000000ebd80000,0x00000000ec000000)
 ParOldGen       total 44032K, used 1785K [0x00000000c0000000, 0x00000000c2b00000, 0x00000000eab00000)
  object space 44032K, 4% used [0x00000000c0000000,0x00000000c01be5c0,0x00000000c2b00000)
 Metaspace       used 5909K, capacity 6960K, committed 7040K, reserved 1056768K
  class space    used 589K, capacity 616K, committed 640K, reserved 1048576K
Event: 1.788 GC heap after
Heap after GC invocations=2 (full 0):
 PSYoungGen      total 18944K, used 2528K [0x00000000eab00000, 0x00000000ec000000, 0x0000000100000000)
  eden space 16384K, 0% used [0x00000000eab00000,0x00000000eab00000,0x00000000ebb00000)
  from space 2560K, 98% used [0x00000000ebd80000,0x00000000ebff8010,0x00000000ec000000)
  to   space 2560K, 0% used [0x00000000ebb00000,0x00000000ebb00000,0x00000000ebd80000)
 ParOldGen       total 44032K, used 4038K [0x00000000c0000000, 0x00000000c2b00000, 0x00000000eab00000)
  object space 44032K, 9% used [0x00000000c0000000,0x00000000c03f1b98,0x00000000c2b00000)
 Metaspace       used 5909K, capacity 6960K, committed 7040K, reserved 1056768K
  class space    used 589K, capacity 616K, committed 640K, reserved 1048576K
}

Deoptimization events (10 events):
Event: 0.906 Thread 0x00000000165bc000 Uncommon trap: reason=null_check action=make_not_entrant pc=0x00000000025fcca0 method=com.android.dx.ssa.SsaRenamer.getLocalForNewReg(I)Lcom/android/dx/rop/code/LocalItem; @ 19
Event: 0.906 Thread 0x00000000165bc000 Uncommon trap: reason=unstable_if action=reinterpret pc=0x0000000002555ff4 method=java.util.BitSet.ensureCapacity(I)V @ 6
Event: 0.926 Thread 0x000000001652f000 Uncommon trap: reason=unstable_if action=reinterpret pc=0x00000000026321a4 method=com.android.dx.ssa.SsaRenamer$BlockRenamer.addMapping(ILcom/android/dx/rop/code/RegisterSpec;)V @ 120
Event: 1.618 Thread 0x00000000165bc000 Uncommon trap: reason=unstable_if action=reinterpret pc=0x0000000002671a30 method=com.android.dx.rop.code.RegisterSpecSet.put(Lcom/android/dx/rop/code/RegisterSpec;)V @ 62
Event: 1.639 Thread 0x000000001645c800 Uncommon trap: reason=null_check action=make_not_entrant pc=0x00000000026025e0 method=com.android.dx.rop.type.Type.equals(Ljava/lang/Object;)Z @ 8
Event: 1.808 Thread 0x0000000016460800 Uncommon trap: reason=unstable_if action=reinterpret pc=0x000000000279b728 method=com.android.dx.ssa.InterferenceRegisterMapper.interferes(III)Z @ 69
Event: 1.876 Thread 0x00000000165bc000 Uncommon trap: reason=unstable_if action=reinterpret pc=0x00000000027796c0 method=com.android.dx.rop.code.RegisterSpecSet.localItemToSpec(Lcom/android/dx/rop/code/LocalItem;)Lcom/android/dx/rop/code/RegisterSpec; @ 35
Event: 1.926 Thread 0x000000001652f000 Uncommon trap: reason=unstable_if action=reinterpret pc=0x0000000002715d7c method=com.android.dx.util.IntList.binarysearch(I)I @ 105
Event: 2.213 Thread 0x00000000165bc000 Uncommon trap: reason=bimorphic action=maybe_recompile pc=0x000000000283e81c method=com.android.dx.cf.code.BytecodeArray.parseInstruction(ILcom/android/dx/cf/code/BytecodeArray$Visitor;)I @ 907
Event: 2.213 Thread 0x00000000165bc000 Uncommon trap: reason=bimorphic action=maybe_recompile pc=0x000000000283e81c method=com.android.dx.cf.code.BytecodeArray.parseInstruction(ILcom/android/dx/cf/code/BytecodeArray$Visitor;)I @ 907

Internal exceptions (5 events):
Event: 0.046 Thread 0x0000000002220800 Exception <a 'java/lang/NoSuchMethodError': Method sun.misc.Unsafe.defineClass(Ljava/lang/String;[BII)Ljava/lang/Class; name or signature does not match> (0x00000000eab0d430) thrown at [C:\workspace\8-2-build-windows-amd64-cygwin\jdk8u65\4987\hotspot\src\s ­Z(Ö]§?
Event: 0.046 Thread 0x0000000002220800 Exception <a 'java/lang/NoSuchMethodError': Method sun.misc.Unsafe.prefetchRead(Ljava/lang/Object;J)V name or signature does not match> (0x00000000eab0d718) thrown at [C:\workspace\8-2-build-windows-amd64-cygwin\jdk8u65\4987\hotspot\src\share\vm\prims\jni.à¶Âøì?
Event: 0.905 Thread 0x00000000165bc000 Implicit null exception at 0x00000000025f33b0 to 0x00000000025f4fcd
Event: 0.906 Thread 0x00000000165bc000 Implicit null exception at 0x00000000025faf0a to 0x00000000025fcc7d
Event: 1.639 Thread 0x000000001645c800 Implicit null exception at 0x00000000026024e2 to 0x00000000026025d2

Events (10 events):
Event: 1.876 Thread 0x00000000165bc000 DEOPT UNPACKING pc=0x000000000236582a sp=0x0000000016e1eed0 mode 2
Event: 1.926 Thread 0x000000001652f000 Uncommon trap: trap_request=0xffffff65 fr.pc=0x0000000002715d7c
Event: 1.926 Thread 0x000000001652f000 DEOPT PACKING pc=0x0000000002715d7c sp=0x0000000016d1e940
Event: 1.926 Thread 0x000000001652f000 DEOPT UNPACKING pc=0x000000000236582a sp=0x0000000016d1e8b8 mode 2
Event: 2.213 Thread 0x00000000165bc000 Uncommon trap: trap_request=0xffffffc6 fr.pc=0x000000000283e81c
Event: 2.213 Thread 0x00000000165bc000 DEOPT PACKING pc=0x000000000283e81c sp=0x0000000016e1ed50
Event: 2.213 Thread 0x00000000165bc000 DEOPT UNPACKING pc=0x000000000236582a sp=0x0000000016e1ecd8 mode 2
Event: 2.213 Thread 0x00000000165bc000 Uncommon trap: trap_request=0xffffffc6 fr.pc=0x000000000283e81c
Event: 2.213 Thread 0x00000000165bc000 DEOPT PACKING pc=0x000000000283e81c sp=0x0000000016e1eb10
Event: 2.213 Thread 0x00000000165bc000 DEOPT UNPACKING pc=0x000000000236582a sp=0x0000000016e1ea98 mode 2


Dynamic libraries:
0x00007ff65ece0000 - 0x00007ff65ed17000 	C:\Program Files\Java\jdk1.8.0_65\bin\java.exe
0x00007ffc1d5e0000 - 0x00007ffc1d7a1000 	C:\Windows\SYSTEM32\ntdll.dll
0x00007ffc1b370000 - 0x00007ffc1b41d000 	C:\Windows\system32\KERNEL32.DLL
0x00007ffc19d20000 - 0x00007ffc19f08000 	C:\Windows\system32\KERNELBASE.dll
0x00007ffc18190000 - 0x00007ffc18209000 	C:\Windows\system32\apphelp.dll
0x00007ffc1ac00000 - 0x00007ffc1aca7000 	C:\Windows\system32\ADVAPI32.dll
0x00007ffc1cff0000 - 0x00007ffc1d08d000 	C:\Windows\system32\msvcrt.dll
0x00007ffc1b240000 - 0x00007ffc1b29b000 	C:\Windows\system32\sechost.dll
0x00007ffc1b6a0000 - 0x00007ffc1b7bc000 	C:\Windows\system32\RPCRT4.dll
0x00007ffc1acb0000 - 0x00007ffc1ae06000 	C:\Windows\system32\USER32.dll
0x00007ffc1aa00000 - 0x00007ffc1ab86000 	C:\Windows\system32\GDI32.dll
0x00007ffc0c950000 - 0x00007ffc0cbc4000 	C:\Windows\WinSxS\amd64_microsoft.windows.common-controls_6595b64144ccf1df_6.0.10586.0_none_8c15ae12515e1c22\COMCTL32.dll
0x00007ffc1b420000 - 0x00007ffc1b69d000 	C:\Windows\system32\combase.dll
0x00007ffc1a150000 - 0x00007ffc1a1ba000 	C:\Windows\system32\bcryptPrimitives.dll
0x00007ffc1d210000 - 0x00007ffc1d24b000 	C:\Windows\system32\IMM32.DLL
0x000000006cfd0000 - 0x000000006d0a2000 	C:\Program Files\Java\jdk1.8.0_65\jre\bin\msvcr100.dll
0x000000006d450000 - 0x000000006dcd9000 	C:\Program Files\Java\jdk1.8.0_65\jre\bin\server\jvm.dll
0x00007ffc1d3a0000 - 0x00007ffc1d3a8000 	C:\Windows\system32\PSAPI.DLL
0x00007ffc0ef90000 - 0x00007ffc0ef99000 	C:\Windows\SYSTEM32\WSOCK32.dll
0x00007ffc180a0000 - 0x00007ffc180c3000 	C:\Windows\SYSTEM32\WINMM.dll
0x00007ffc1d090000 - 0x00007ffc1d0fb000 	C:\Windows\system32\WS2_32.dll
0x00007ffc0e190000 - 0x00007ffc0e19a000 	C:\Windows\SYSTEM32\VERSION.dll
0x00007ffc18070000 - 0x00007ffc1809c000 	C:\Windows\SYSTEM32\WINMMBASE.dll
0x00007ffc1a100000 - 0x00007ffc1a143000 	C:\Windows\system32\cfgmgr32.dll
0x000000006d440000 - 0x000000006d44f000 	C:\Program Files\Java\jdk1.8.0_65\jre\bin\verify.dll
0x000000006d410000 - 0x000000006d439000 	C:\Program Files\Java\jdk1.8.0_65\jre\bin\java.dll
0x000000006d3f0000 - 0x000000006d406000 	C:\Program Files\Java\jdk1.8.0_65\jre\bin\zip.dll
0x00007ffc1b980000 - 0x00007ffc1cedf000 	C:\Windows\system32\SHELL32.dll
0x00007ffc1a2d0000 - 0x00007ffc1a914000 	C:\Windows\system32\windows.storage.dll
0x00007ffc1d3c0000 - 0x00007ffc1d412000 	C:\Windows\system32\shlwapi.dll
0x00007ffc19c80000 - 0x00007ffc19c8f000 	C:\Windows\system32\kernel.appcore.dll
0x00007ffc1a920000 - 0x00007ffc1a9d5000 	C:\Windows\system32\shcore.dll
0x00007ffc19c30000 - 0x00007ffc19c7b000 	C:\Windows\system32\powrprof.dll
0x00007ffc19c10000 - 0x00007ffc19c24000 	C:\Windows\system32\profapi.dll

VM Arguments:
jvm_args: -Djava.awt.headless=true -Xmx1024M -Dfile.encoding=windows-1252 -Duser.country=US -Duser.language=en -Duser.variant 
java_command: com.android.dx.command.Main --dex --force-jumbo --num-threads=4 --multi-dex --output F:\Android Tools\My AndroWork\MapMyDay\app\build\intermediates\transforms\dex\debug\folders\1000\10\com.google.maps.android-android-maps-utils-0.4.3_978bda5d4825badd9d2dc8f9602ccd661ef405cd F:\Android Tools\My AndroWork\MapMyDay\app\build\intermediates\exploded-aar\com.google.maps.android\android-maps-utils\0.4.3\jars\classes.jar
java_class_path (initial): F:\sdk\build-tools\23.0.1\lib\dx.jar
Launcher Type: SUN_STANDARD

Environment Variables:
PATH=C:\ProgramData\Oracle\Java\javapath;C:\Windows\system32;C:\Windows;C:\Windows\System32\Wbem;C:\Windows\System32\WindowsPowerShell\v1.0\;C:\Program Files (x86)\Intel\OpenCL SDK\2.0\bin\x86;C:\Program Files (x86)\Intel\OpenCL SDK\2.0\bin\x64;C:\Program Files\Microsoft\Web Platform Installer\;C:\Program Files (x86)\Microsoft ASP.NET\ASP.NET Web Pages\v1.0\;C:\Program Files (x86)\Windows Kits\8.0\Windows Performance Toolkit\;C:\Program Files\Microsoft SQL Server\110\Tools\Binn\;C:\VisualStudio & OpenCv\opencv\build\x64\vc11\bin\;C:\Program Files (x86)\Common Files\lenovo\easyplussdk\bin;C:\Modeltech_pe_edu_10.4a\win32pe_edu
USERNAME=Fahim Al Mahmud
OS=Windows_NT
PROCESSOR_IDENTIFIER=Intel64 Family 6 Model 58 Stepping 9, GenuineIntel



---------------  S Y S T E M  ---------------

OS: Windows 10.0 , 64 bit Build 10586 (10.0.10586.0)

CPU:total 4 (2 cores per cpu, 2 threads per core) family 6 model 58 stepping 9, cmov, cx8, fxsr, mmx, sse, sse2, sse3, ssse3, sse4.1, sse4.2, popcnt, avx, aes, clmul, erms, ht, tsc, tscinvbit, tscinv

Memory: 4k page, physical 4087096k(524340k free), swap 5260408k(5388k free)

vm_info: Java HotSpot(TM) 64-Bit Server VM (25.65-b01) for windows-amd64 JRE (1.8.0_65-b17), built on Oct  6 2015 16:39:20 by "java_re" with MS VC++ 10.0 (VS2010)

time: Tue Jun 14 02:48:29 2016
elapsed time: 2 seconds (0d 0h 0m 2s)

