#
# There is insufficient memory for the Java Runtime Environment to continue.
# Native memory allocation (malloc) failed to allocate 283536 bytes for Chunk::new
# Possible reasons:
#   The system is out of physical RAM or swap space
#   In 32 bit mode, the process size limit was hit
# Possible solutions:
#   Reduce memory load on the system
#   Increase physical memory or swap space
#   Check if swap backing store is full
#   Use 64 bit Java on a 64 bit OS
#   Decrease Java heap size (-Xmx/-Xms)
#   Decrease number of Java threads
#   Decrease Java thread stack sizes (-Xss)
#   Set larger code cache with -XX:ReservedCodeCacheSize=
# This output file may be truncated or incomplete.
#
#  Out of Memory Error (allocation.cpp:390), pid=7384, tid=4516
#
# JRE version: Java(TM) SE Runtime Environment (8.0_65-b17) (build 1.8.0_65-b17)
# Java VM: Java HotSpot(TM) 64-Bit Server VM (25.65-b01 mixed mode windows-amd64 compressed oops)
# Failed to write core dump. Minidumps are not enabled by default on client versions of Windows
#

---------------  T H R E A D  ---------------

Current thread (0x000000001498f800):  JavaThread "C2 CompilerThread1" daemon [_thread_in_native, id=4516, stack(0x0000000016110000,0x0000000016210000)]

Stack: [0x0000000016110000,0x0000000016210000]
[error occurred during error reporting (printing stack bounds), id 0xc0000005]

Native frames: (J=compiled Java code, j=interpreted, Vv=VM code, C=native code)


Current CompileTask:
C2:   3322 1138   !   4       com.android.dx.cf.code.BytecodeArray::parseInstruction (2764 bytes)


---------------  P R O C E S S  ---------------

Java Threads: ( => current thread )
  0x00000000164db800 JavaThread "pool-2-thread-4" [_thread_blocked, id=6332, stack(0x0000000016d10000,0x0000000016e10000)]
  0x00000000164db000 JavaThread "pool-2-thread-3" [_thread_blocked, id=5812, stack(0x0000000016c10000,0x0000000016d10000)]
  0x0000000016468800 JavaThread "pool-2-thread-2" [_thread_blocked, id=6460, stack(0x0000000016b10000,0x0000000016c10000)]
  0x0000000016450800 JavaThread "pool-3-thread-1" [_thread_blocked, id=8312, stack(0x0000000016a10000,0x0000000016b10000)]
  0x000000001644d800 JavaThread "pool-2-thread-1" [_thread_blocked, id=9908, stack(0x0000000016910000,0x0000000016a10000)]
  0x00000000149ed800 JavaThread "Service Thread" daemon [_thread_blocked, id=736, stack(0x0000000016710000,0x0000000016810000)]
  0x00000000149e7800 JavaThread "C1 CompilerThread2" daemon [_thread_blocked, id=6884, stack(0x0000000016210000,0x0000000016310000)]
=>0x000000001498f800 JavaThread "C2 CompilerThread1" daemon [_thread_in_native, id=4516, stack(0x0000000016110000,0x0000000016210000)]
  0x000000001498d800 JavaThread "C2 CompilerThread0" daemon [_thread_blocked, id=8676, stack(0x0000000016010000,0x0000000016110000)]
  0x000000001498a800 JavaThread "Attach Listener" daemon [_thread_blocked, id=6504, stack(0x0000000015f10000,0x0000000016010000)]
  0x0000000014989000 JavaThread "Signal Dispatcher" daemon [_thread_blocked, id=1004, stack(0x0000000015e10000,0x0000000015f10000)]
  0x00000000022b1800 JavaThread "Finalizer" daemon [_thread_blocked, id=7880, stack(0x0000000015c00000,0x0000000015d00000)]
  0x00000000022ae800 JavaThread "Reference Handler" daemon [_thread_blocked, id=616, stack(0x0000000015b00000,0x0000000015c00000)]
  0x00000000021c0800 JavaThread "main" [_thread_blocked, id=4644, stack(0x00000000020c0000,0x00000000021c0000)]

Other Threads:
  0x0000000014957000 VMThread [stack: 0x0000000015a00000,0x0000000015b00000] [id=6024]
  0x0000000016317800 WatcherThread [stack: 0x0000000016810000,0x0000000016910000] [id=10228]

VM state:at safepoint (normal execution)

VM Mutex/Monitor currently owned by a thread:  ([mutex/lock_event])
[0x00000000001dbeb0] Threads_lock - owner thread: 0x0000000014957000
[0x00000000001dc430] Heap_lock - owner thread: 0x00000000164db800

Heap:
 PSYoungGen      total 18944K, used 18922K [0x00000000eab00000, 0x00000000ec000000, 0x0000000100000000)
  eden space 16384K, 100% used [0x00000000eab00000,0x00000000ebb00000,0x00000000ebb00000)
  from space 2560K, 99% used [0x00000000ebb00000,0x00000000ebd7aa90,0x00000000ebd80000)
  to   space 2560K, 99% used [0x00000000ebd80000,0x00000000ebffaaa0,0x00000000ec000000)
 ParOldGen       total 44032K, used 3767K [0x00000000c0000000, 0x00000000c2b00000, 0x00000000eab00000)
  object space 44032K, 8% used [0x00000000c0000000,0x00000000c03adf98,0x00000000c2b00000)
 Metaspace       used 5895K, capacity 6896K, committed 7040K, reserved 1056768K
  class space    used 588K, capacity 616K, committed 640K, reserved 1048576K

Card table byte_map: [0x0000000011680000,0x0000000011890000] byte_map_base: 0x0000000011080000

Marking Bits: (ParMarkBitMap*) 0x000000005d94a5b0
 Begin Bits: [0x0000000011df0000, 0x0000000012df0000)
 End Bits:   [0x0000000012df0000, 0x0000000013df0000)

Polling page: 0x0000000000420000

CodeCache: size=245760Kb used=4988Kb max_used=4988Kb free=240772Kb
 bounds [0x00000000022c0000, 0x00000000027b0000, 0x00000000112c0000]
 total_blobs=1497 nmethods=1225 adapters=185
 compilation: enabled

Compilation events (10 events):
Event: 3.281 Thread 0x00000000149e7800 nmethod 1228 0x00000000027a0ed0 code [0x00000000027a1020, 0x00000000027a1190]
Event: 3.281 Thread 0x00000000149e7800 1229       3       com.android.dx.dex.file.StringIdsSection::intern (13 bytes)
Event: 3.282 Thread 0x00000000149e7800 nmethod 1229 0x00000000027a1210 code [0x00000000027a13c0, 0x00000000027a18d8]
Event: 3.282 Thread 0x00000000149e7800 1230       3       com.android.dx.dex.file.StringIdItem::<init> (29 bytes)
Event: 3.282 Thread 0x00000000149e7800 nmethod 1230 0x00000000027a1b50 code [0x00000000027a1ce0, 0x00000000027a2088]
Event: 3.283 Thread 0x00000000149e7800 1231       3       com.android.dx.rop.code.RegisterSpec::make (21 bytes)
Event: 3.283 Thread 0x00000000149e7800 nmethod 1231 0x00000000027a2210 code [0x00000000027a2380, 0x00000000027a25d8]
Event: 3.283 Thread 0x00000000149e7800 1232       3       com.android.dx.rop.code.RegisterSpecList::make (17 bytes)
Event: 3.284 Thread 0x00000000149e7800 nmethod 1232 0x00000000027a26d0 code [0x00000000027a28a0, 0x00000000027a3168]
Event: 3.284 Thread 0x00000000149e7800 1233       3       com.android.dx.ssa.ConstCollector::updateConstUses (248 bytes)

GC Heap History (3 events):
Event: 2.351 GC heap before
{Heap before GC invocations=1 (full 0):
 PSYoungGen      total 18944K, used 16384K [0x00000000eab00000, 0x00000000ec000000, 0x0000000100000000)
  eden space 16384K, 100% used [0x00000000eab00000,0x00000000ebb00000,0x00000000ebb00000)
  from space 2560K, 0% used [0x00000000ebd80000,0x00000000ebd80000,0x00000000ec000000)
  to   space 2560K, 0% used [0x00000000ebb00000,0x00000000ebb00000,0x00000000ebd80000)
 ParOldGen       total 44032K, used 0K [0x00000000c0000000, 0x00000000c2b00000, 0x00000000eab00000)
  object space 44032K, 0% used [0x00000000c0000000,0x00000000c0000000,0x00000000c2b00000)
 Metaspace       used 5701K, capacity 6768K, committed 7040K, reserved 1056768K
  class space    used 588K, capacity 616K, committed 640K, reserved 1048576K
Event: 2.534 GC heap after
Heap after GC invocations=1 (full 0):
 PSYoungGen      total 18944K, used 2538K [0x00000000eab00000, 0x00000000ec000000, 0x0000000100000000)
  eden space 16384K, 0% used [0x00000000eab00000,0x00000000eab00000,0x00000000ebb00000)
  from space 2560K, 99% used [0x00000000ebb00000,0x00000000ebd7aa90,0x00000000ebd80000)
  to   space 2560K, 0% used [0x00000000ebd80000,0x00000000ebd80000,0x00000000ec000000)
 ParOldGen       total 44032K, used 2127K [0x00000000c0000000, 0x00000000c2b00000, 0x00000000eab00000)
  object space 44032K, 4% used [0x00000000c0000000,0x00000000c0213f98,0x00000000c2b00000)
 Metaspace       used 5701K, capacity 6768K, committed 7040K, reserved 1056768K
  class space    used 588K, capacity 616K, committed 640K, reserved 1048576K
}
Event: 3.287 GC heap before
{Heap before GC invocations=2 (full 0):
 PSYoungGen      total 18944K, used 18922K [0x00000000eab00000, 0x00000000ec000000, 0x0000000100000000)
  eden space 16384K, 100% used [0x00000000eab00000,0x00000000ebb00000,0x00000000ebb00000)
  from space 2560K, 99% used [0x00000000ebb00000,0x00000000ebd7aa90,0x00000000ebd80000)
  to   space 2560K, 0% used [0x00000000ebd80000,0x00000000ebd80000,0x00000000ec000000)
 ParOldGen       total 44032K, used 2127K [0x00000000c0000000, 0x00000000c2b00000, 0x00000000eab00000)
  object space 44032K, 4% used [0x00000000c0000000,0x00000000c0213f98,0x00000000c2b00000)
 Metaspace       used 5895K, capacity 6896K, committed 7040K, reserved 1056768K
  class space    used 588K, capacity 616K, committed 640K, reserved 1048576K

Deoptimization events (7 events):
Event: 1.615 Thread 0x0000000016468800 Uncommon trap: reason=unstable_if action=reinterpret pc=0x00000000024b7754 method=java.util.HashMap.getNode(ILjava/lang/Object;)Ljava/util/HashMap$Node; @ 129
Event: 1.968 Thread 0x00000000021c0800 Uncommon trap: reason=class_check action=maybe_recompile pc=0x00000000024fa730 method=com.android.dx.ssa.NormalSsaInsn.accept(Lcom/android/dx/ssa/SsaInsn$Visitor;)V @ 9
Event: 1.969 Thread 0x00000000021c0800 Uncommon trap: reason=class_check action=maybe_recompile pc=0x00000000024fa730 method=com.android.dx.ssa.NormalSsaInsn.accept(Lcom/android/dx/ssa/SsaInsn$Visitor;)V @ 9
Event: 1.969 Thread 0x00000000021c0800 Uncommon trap: reason=class_check action=maybe_recompile pc=0x00000000024fa730 method=com.android.dx.ssa.NormalSsaInsn.accept(Lcom/android/dx/ssa/SsaInsn$Visitor;)V @ 9
Event: 1.972 Thread 0x00000000021c0800 Uncommon trap: reason=class_check action=maybe_recompile pc=0x00000000024fa730 method=com.android.dx.ssa.NormalSsaInsn.accept(Lcom/android/dx/ssa/SsaInsn$Visitor;)V @ 9
Event: 2.032 Thread 0x0000000016468800 Uncommon trap: reason=bimorphic action=maybe_recompile pc=0x00000000024cac9c method=java.util.HashMap.getNode(ILjava/lang/Object;)Ljava/util/HashMap$Node; @ 126
Event: 2.559 Thread 0x00000000164db000 Uncommon trap: reason=null_check action=make_not_entrant pc=0x00000000025a6320 method=com.android.dx.rop.type.Type.equals(Ljava/lang/Object;)Z @ 8

Internal exceptions (3 events):
Event: 0.063 Thread 0x00000000021c0800 Exception <a 'java/lang/NoSuchMethodError': Method sun.misc.Unsafe.defineClass(Ljava/lang/String;[BII)Ljava/lang/Class; name or signature does not match> (0x00000000eab0d608) thrown at [C:\workspace\8-2-build-windows-amd64-cygwin\jdk8u65\4987\hotspot\src\s.VM<°?
Event: 0.063 Thread 0x00000000021c0800 Exception <a 'java/lang/NoSuchMethodError': Method sun.misc.Unsafe.prefetchRead(Ljava/lang/Object;J)V name or signature does not match> (0x00000000eab0d8f0) thrown at [C:\workspace\8-2-build-windows-amd64-cygwin\jdk8u65\4987\hotspot\src\share\vm\prims\jni.Ni›é7x@
Event: 2.559 Thread 0x00000000164db000 Implicit null exception at 0x00000000025a6222 to 0x00000000025a6312

Events (10 events):
Event: 2.351 Executing VM operation: ParallelGCFailedAllocation
Event: 2.534 Executing VM operation: ParallelGCFailedAllocation done
Event: 2.559 Thread 0x00000000164db000 Uncommon trap: trap_request=0xfffffff4 fr.pc=0x00000000025a6320
Event: 2.559 Thread 0x00000000164db000 DEOPT PACKING pc=0x00000000025a6320 sp=0x0000000016d0edb0
Event: 2.559 Thread 0x00000000164db000 DEOPT UNPACKING pc=0x000000000230582a sp=0x0000000016d0ed48 mode 2
Event: 3.155 Thread 0x00000000164db000 DEOPT PACKING pc=0x0000000002617c25 sp=0x0000000016d0eed0
Event: 3.155 Thread 0x00000000164db000 DEOPT UNPACKING pc=0x000000000230787f sp=0x0000000016d0ecb0 mode 0
Event: 3.158 Executing VM operation: ForceSafepoint
Event: 3.159 Executing VM operation: ForceSafepoint done
Event: 3.285 Executing VM operation: ParallelGCFailedAllocation


Dynamic libraries:
0x00007ff76f100000 - 0x00007ff76f137000 	C:\Program Files\Java\jdk1.8.0_65\bin\java.exe
0x00007ff810bb0000 - 0x00007ff810d71000 	C:\Windows\SYSTEM32\ntdll.dll
0x00007ff80e9c0000 - 0x00007ff80ea6d000 	C:\Windows\system32\KERNEL32.DLL
0x00007ff80d280000 - 0x00007ff80d468000 	C:\Windows\system32\KERNELBASE.dll
0x00007ff80b710000 - 0x00007ff80b789000 	C:\Windows\system32\apphelp.dll
0x00007ff8108c0000 - 0x00007ff810967000 	C:\Windows\system32\ADVAPI32.dll
0x00007ff80e0e0000 - 0x00007ff80e17d000 	C:\Windows\system32\msvcrt.dll
0x00007ff8101a0000 - 0x00007ff8101fb000 	C:\Windows\system32\sechost.dll
0x00007ff810480000 - 0x00007ff81059c000 	C:\Windows\system32\RPCRT4.dll
0x00007ff80e7f0000 - 0x00007ff80e946000 	C:\Windows\system32\USER32.dll
0x00007ff810010000 - 0x00007ff810196000 	C:\Windows\system32\GDI32.dll
0x00007fffffb60000 - 0x00007fffffdd4000 	C:\Windows\WinSxS\amd64_microsoft.windows.common-controls_6595b64144ccf1df_6.0.10586.0_none_8c15ae12515e1c22\COMCTL32.dll
0x00007ff810200000 - 0x00007ff81047d000 	C:\Windows\system32\combase.dll
0x00007ff80d8f0000 - 0x00007ff80d95a000 	C:\Windows\system32\bcryptPrimitives.dll
0x00007ff80ffd0000 - 0x00007ff81000b000 	C:\Windows\system32\IMM32.DLL
0x000000005ccc0000 - 0x000000005cd92000 	C:\Program Files\Java\jdk1.8.0_65\jre\bin\msvcr100.dll
0x000000005d140000 - 0x000000005d9c9000 	C:\Program Files\Java\jdk1.8.0_65\jre\bin\server\jvm.dll
0x00007ff810750000 - 0x00007ff810758000 	C:\Windows\system32\PSAPI.DLL
0x00007ff802680000 - 0x00007ff802689000 	C:\Windows\SYSTEM32\WSOCK32.dll
0x00007ff80b5a0000 - 0x00007ff80b5c3000 	C:\Windows\SYSTEM32\WINMM.dll
0x00007ff8006f0000 - 0x00007ff8006fa000 	C:\Windows\SYSTEM32\VERSION.dll
0x0000000002090000 - 0x00000000020bc000 	C:\Windows\SYSTEM32\WINMMBASE.dll
0x00007ff80d6d0000 - 0x00007ff80d713000 	C:\Windows\system32\cfgmgr32.dll
0x00007ff80e180000 - 0x00007ff80e1eb000 	C:\Windows\system32\WS2_32.dll
0x000000005d130000 - 0x000000005d13f000 	C:\Program Files\Java\jdk1.8.0_65\jre\bin\verify.dll
0x000000005d100000 - 0x000000005d129000 	C:\Program Files\Java\jdk1.8.0_65\jre\bin\java.dll
0x000000005d0e0000 - 0x000000005d0f6000 	C:\Program Files\Java\jdk1.8.0_65\jre\bin\zip.dll
0x00007ff80ea70000 - 0x00007ff80ffcf000 	C:\Windows\system32\SHELL32.dll
0x00007ff80d960000 - 0x00007ff80dfa4000 	C:\Windows\system32\windows.storage.dll
0x00007ff80e250000 - 0x00007ff80e2a2000 	C:\Windows\system32\shlwapi.dll
0x00007ff80d230000 - 0x00007ff80d23f000 	C:\Windows\system32\kernel.appcore.dll
0x00007ff80d560000 - 0x00007ff80d615000 	C:\Windows\system32\shcore.dll
0x00007ff80d1d0000 - 0x00007ff80d21b000 	C:\Windows\system32\powrprof.dll
0x00007ff80d240000 - 0x00007ff80d254000 	C:\Windows\system32\profapi.dll

VM Arguments:
jvm_args: -Djava.awt.headless=true -Xmx1024M -Dfile.encoding=windows-1252 -Duser.country=US -Duser.language=en -Duser.variant 
java_command: com.android.dx.command.Main --dex --force-jumbo --num-threads=4 --multi-dex --output F:\Android Tools\My AndroWork\MapMyDay\app\build\intermediates\transforms\dex\debug\folders\1000\10\library-2.4.0_8898a84e6db4697ac925cf5fb03c074d5a271ea2 C:\Users\Fahim Al Mahmud\.gradle\caches\modules-2\files-2.1\com.nineoldandroids\library\2.4.0\e9b63380f3a242dbdbf103a2355ad7e43bad17cb\library-2.4.0.jar
java_class_path (initial): F:\sdk\build-tools\23.0.1\lib\dx.jar
Launcher Type: SUN_STANDARD

Environment Variables:
PATH=C:\ProgramData\Oracle\Java\javapath;C:\Windows\system32;C:\Windows;C:\Windows\System32\Wbem;C:\Windows\System32\WindowsPowerShell\v1.0\;C:\Program Files (x86)\Intel\OpenCL SDK\2.0\bin\x86;C:\Program Files (x86)\Intel\OpenCL SDK\2.0\bin\x64;C:\Program Files\Microsoft\Web Platform Installer\;C:\Program Files (x86)\Microsoft ASP.NET\ASP.NET Web Pages\v1.0\;C:\Program Files (x86)\Windows Kits\8.0\Windows Performance Toolkit\;C:\Program Files\Microsoft SQL Server\110\Tools\Binn\;C:\VisualStudio & OpenCv\opencv\build\x64\vc11\bin\;C:\Program Files (x86)\Common Files\lenovo\easyplussdk\bin;C:\Modeltech_pe_edu_10.4a\win32pe_edu
USERNAME=Fahim Al Mahmud
OS=Windows_NT
PROCESSOR_IDENTIFIER=Intel64 Family 6 Model 58 Stepping 9, GenuineIntel



---------------  S Y S T E M  ---------------

OS: Windows 10.0 , 64 bit Build 10586 (10.0.10586.0)

CPU:total 4 (2 cores per cpu, 2 threads per core) family 6 model 58 stepping 9, cmov, cx8, fxsr, mmx, sse, sse2, sse3, ssse3, sse4.1, sse4.2, popcnt, avx, aes, clmul, erms, ht, tsc, tscinvbit, tscinv

Memory: 4k page, physical 4087096k(662004k free), swap 6005436k(5300k free)

vm_info: Java HotSpot(TM) 64-Bit Server VM (25.65-b01) for windows-amd64 JRE (1.8.0_65-b17), built on Oct  6 2015 16:39:20 by "java_re" with MS VC++ 10.0 (VS2010)

time: Fri Jun 10 23:53:58 2016
elapsed time: 3 seconds (0d 0h 0m 3s)

