#
# There is insufficient memory for the Java Runtime Environment to continue.
# Native memory allocation (malloc) failed to allocate 667056 bytes for Chunk::new
# Possible reasons:
#   The system is out of physical RAM or swap space
#   In 32 bit mode, the process size limit was hit
# Possible solutions:
#   Reduce memory load on the system
#   Increase physical memory or swap space
#   Check if swap backing store is full
#   Use 64 bit Java on a 64 bit OS
#   Decrease Java heap size (-Xmx/-Xms)
#   Decrease number of Java threads
#   Decrease Java thread stack sizes (-Xss)
#   Set larger code cache with -XX:ReservedCodeCacheSize=
# This output file may be truncated or incomplete.
#
#  Out of Memory Error (allocation.cpp:390), pid=8708, tid=4248
#
# JRE version: Java(TM) SE Runtime Environment (8.0_65-b17) (build 1.8.0_65-b17)
# Java VM: Java HotSpot(TM) 64-Bit Server VM (25.65-b01 mixed mode windows-amd64 compressed oops)
# Failed to write core dump. Minidumps are not enabled by default on client versions of Windows
#

---------------  T H R E A D  ---------------

Current thread (0x000000001495e800):  JavaThread "C2 CompilerThread0" daemon [_thread_in_native, id=4248, stack(0x0000000015fa0000,0x00000000160a0000)]

Stack: [0x0000000015fa0000,0x00000000160a0000]
[error occurred during error reporting (printing stack bounds), id 0xc0000005]

Native frames: (J=compiled Java code, j=interpreted, Vv=VM code, C=native code)


Current CompileTask:
C2:   3762 1679       4       com.android.dx.rop.code.LocalVariableExtractor::processBlock (327 bytes)


---------------  P R O C E S S  ---------------

Java Threads: ( => current thread )
  0x0000000016422800 JavaThread "pool-2-thread-4" [_thread_blocked, id=8896, stack(0x0000000016ca0000,0x0000000016da0000)]
  0x000000001641d000 JavaThread "pool-2-thread-3" [_thread_blocked, id=5884, stack(0x0000000016ba0000,0x0000000016ca0000)]
  0x0000000016416000 JavaThread "pool-2-thread-2" [_thread_blocked, id=9240, stack(0x0000000016aa0000,0x0000000016ba0000)]
  0x0000000016412000 JavaThread "pool-3-thread-1" [_thread_blocked, id=6768, stack(0x00000000169a0000,0x0000000016aa0000)]
  0x00000000163f5800 JavaThread "pool-2-thread-1" [_thread_blocked, id=9508, stack(0x00000000168a0000,0x00000000169a0000)]
  0x00000000161ae000 JavaThread "Service Thread" daemon [_thread_blocked, id=5816, stack(0x00000000166a0000,0x00000000167a0000)]
  0x00000000161a8800 JavaThread "C1 CompilerThread2" daemon [_thread_blocked, id=4108, stack(0x00000000165a0000,0x00000000166a0000)]
  0x0000000014960800 JavaThread "C2 CompilerThread1" daemon [_thread_in_native, id=996, stack(0x00000000160a0000,0x00000000161a0000)]
=>0x000000001495e800 JavaThread "C2 CompilerThread0" daemon [_thread_in_native, id=4248, stack(0x0000000015fa0000,0x00000000160a0000)]
  0x000000001495b800 JavaThread "Attach Listener" daemon [_thread_blocked, id=9608, stack(0x0000000015ea0000,0x0000000015fa0000)]
  0x000000001495a800 JavaThread "Signal Dispatcher" daemon [_thread_blocked, id=6820, stack(0x0000000015da0000,0x0000000015ea0000)]
  0x0000000002280800 JavaThread "Finalizer" daemon [_thread_blocked, id=4456, stack(0x0000000015bc0000,0x0000000015cc0000)]
  0x000000000227d000 JavaThread "Reference Handler" daemon [_thread_blocked, id=4908, stack(0x0000000015ac0000,0x0000000015bc0000)]
  0x0000000002190800 JavaThread "main" [_thread_blocked, id=5888, stack(0x0000000001f60000,0x0000000002060000)]

Other Threads:
  0x0000000014928000 VMThread [stack: 0x00000000159c0000,0x0000000015ac0000] [id=9796]
  0x00000000161b9800 WatcherThread [stack: 0x00000000167a0000,0x00000000168a0000] [id=9048]

VM state:not at safepoint (normal execution)

VM Mutex/Monitor currently owned by a thread: None

Heap:
 PSYoungGen      total 68096K, used 8863K [0x00000000eab00000, 0x00000000ef000000, 0x0000000100000000)
  eden space 65536K, 9% used [0x00000000eab00000,0x00000000eb12eff0,0x00000000eeb00000)
  from space 2560K, 98% used [0x00000000eed80000,0x00000000eeff8f78,0x00000000ef000000)
  to   space 2560K, 0% used [0x00000000eeb00000,0x00000000eeb00000,0x00000000eed80000)
 ParOldGen       total 44032K, used 14448K [0x00000000c0000000, 0x00000000c2b00000, 0x00000000eab00000)
  object space 44032K, 32% used [0x00000000c0000000,0x00000000c0e1c018,0x00000000c2b00000)
 Metaspace       used 6211K, capacity 7152K, committed 7296K, reserved 1056768K
  class space    used 597K, capacity 616K, committed 640K, reserved 1048576K

Card table byte_map: [0x0000000011650000,0x0000000011860000] byte_map_base: 0x0000000011050000

Marking Bits: (ParMarkBitMap*) 0x000000005d94a5b0
 Begin Bits: [0x0000000011dc0000, 0x0000000012dc0000)
 End Bits:   [0x0000000012dc0000, 0x0000000013dc0000)

Polling page: 0x0000000000440000

CodeCache: size=245760Kb used=7110Kb max_used=7122Kb free=238649Kb
 bounds [0x0000000002290000, 0x0000000002990000, 0x0000000011290000]
 total_blobs=1968 nmethods=1696 adapters=185
 compilation: enabled

Compilation events (10 events):
Event: 3.590 Thread 0x0000000014960800 nmethod 1688 0x0000000002983c50 code [0x0000000002983f00, 0x0000000002986228]
Event: 3.591 Thread 0x0000000014960800 1686       4       com.android.dx.ssa.SsaMethod::mapRegisters (87 bytes)
Event: 3.596 Thread 0x00000000161a8800 1712       2       com.android.dx.ssa.InterferenceRegisterMapper::interferes (78 bytes)
Event: 3.597 Thread 0x00000000161a8800 nmethod 1712 0x0000000002966490 code [0x0000000002966640, 0x0000000002966b08]
Event: 3.598 Thread 0x00000000161a8800 1713       2       com.android.dx.ssa.back.FirstFitLocalCombiningAllocator::access$100 (5 bytes)
Event: 3.598 Thread 0x00000000161a8800 nmethod 1713 0x0000000002966150 code [0x00000000029662a0, 0x00000000029663f0]
Event: 3.619 Thread 0x0000000014960800 nmethod 1686 0x0000000002988910 code [0x0000000002988b00, 0x0000000002989560]
Event: 3.625 Thread 0x0000000014960800 1715       4       com.android.dx.ssa.LocalVariableExtractor::processBlock (383 bytes)
Event: 3.719 Thread 0x00000000161a8800 1719       2       com.android.dx.cf.code.SwitchList::add (35 bytes)
Event: 3.719 Thread 0x00000000161a8800 nmethod 1719 0x0000000002965a50 code [0x0000000002965be0, 0x0000000002965f18]

GC Heap History (8 events):
Event: 0.983 GC heap before
{Heap before GC invocations=1 (full 0):
 PSYoungGen      total 18944K, used 16384K [0x00000000eab00000, 0x00000000ec000000, 0x0000000100000000)
  eden space 16384K, 100% used [0x00000000eab00000,0x00000000ebb00000,0x00000000ebb00000)
  from space 2560K, 0% used [0x00000000ebd80000,0x00000000ebd80000,0x00000000ec000000)
  to   space 2560K, 0% used [0x00000000ebb00000,0x00000000ebb00000,0x00000000ebd80000)
 ParOldGen       total 44032K, used 0K [0x00000000c0000000, 0x00000000c2b00000, 0x00000000eab00000)
  object space 44032K, 0% used [0x00000000c0000000,0x00000000c0000000,0x00000000c2b00000)
 Metaspace       used 5688K, capacity 6704K, committed 6784K, reserved 1056768K
  class space    used 589K, capacity 616K, committed 640K, reserved 1048576K
Event: 0.994 GC heap after
Heap after GC invocations=1 (full 0):
 PSYoungGen      total 18944K, used 2538K [0x00000000eab00000, 0x00000000ed000000, 0x0000000100000000)
  eden space 16384K, 0% used [0x00000000eab00000,0x00000000eab00000,0x00000000ebb00000)
  from space 2560K, 99% used [0x00000000ebb00000,0x00000000ebd7aa90,0x00000000ebd80000)
  to   space 2560K, 0% used [0x00000000ecd80000,0x00000000ecd80000,0x00000000ed000000)
 ParOldGen       total 44032K, used 1930K [0x00000000c0000000, 0x00000000c2b00000, 0x00000000eab00000)
  object space 44032K, 4% used [0x00000000c0000000,0x00000000c01e2940,0x00000000c2b00000)
 Metaspace       used 5688K, capacity 6704K, committed 6784K, reserved 1056768K
  class space    used 589K, capacity 616K, committed 640K, reserved 1048576K
}
Event: 1.513 GC heap before
{Heap before GC invocations=2 (full 0):
 PSYoungGen      total 18944K, used 18922K [0x00000000eab00000, 0x00000000ed000000, 0x0000000100000000)
  eden space 16384K, 100% used [0x00000000eab00000,0x00000000ebb00000,0x00000000ebb00000)
  from space 2560K, 99% used [0x00000000ebb00000,0x00000000ebd7aa90,0x00000000ebd80000)
  to   space 2560K, 0% used [0x00000000ecd80000,0x00000000ecd80000,0x00000000ed000000)
 ParOldGen       total 44032K, used 1930K [0x00000000c0000000, 0x00000000c2b00000, 0x00000000eab00000)
  object space 44032K, 4% used [0x00000000c0000000,0x00000000c01e2940,0x00000000c2b00000)
 Metaspace       used 5965K, capacity 6960K, committed 7040K, reserved 1056768K
  class space    used 593K, capacity 616K, committed 640K, reserved 1048576K
Event: 1.549 GC heap after
Heap after GC invocations=2 (full 0):
 PSYoungGen      total 35328K, used 2544K [0x00000000eab00000, 0x00000000ed000000, 0x0000000100000000)
  eden space 32768K, 0% used [0x00000000eab00000,0x00000000eab00000,0x00000000ecb00000)
  from space 2560K, 99% used [0x00000000ecd80000,0x00000000ecffc020,0x00000000ed000000)
  to   space 2560K, 0% used [0x00000000ecb00000,0x00000000ecb00000,0x00000000ecd80000)
 ParOldGen       total 44032K, used 3974K [0x00000000c0000000, 0x00000000c2b00000, 0x00000000eab00000)
  object space 44032K, 9% used [0x00000000c0000000,0x00000000c03e1bc8,0x00000000c2b00000)
 Metaspace       used 5965K, capacity 6960K, committed 7040K, reserved 1056768K
  class space    used 593K, capacity 616K, committed 640K, reserved 1048576K
}
Event: 2.446 GC heap before
{Heap before GC invocations=3 (full 0):
 PSYoungGen      total 35328K, used 35312K [0x00000000eab00000, 0x00000000ed000000, 0x0000000100000000)
  eden space 32768K, 100% used [0x00000000eab00000,0x00000000ecb00000,0x00000000ecb00000)
  from space 2560K, 99% used [0x00000000ecd80000,0x00000000ecffc020,0x00000000ed000000)
  to   space 2560K, 0% used [0x00000000ecb00000,0x00000000ecb00000,0x00000000ecd80000)
 ParOldGen       total 44032K, used 3974K [0x00000000c0000000, 0x00000000c2b00000, 0x00000000eab00000)
  object space 44032K, 9% used [0x00000000c0000000,0x00000000c03e1bc8,0x00000000c2b00000)
 Metaspace       used 6173K, capacity 7152K, committed 7296K, reserved 1056768K
  class space    used 597K, capacity 616K, committed 640K, reserved 1048576K
Event: 2.558 GC heap after
Heap after GC invocations=3 (full 0):
 PSYoungGen      total 35328K, used 2544K [0x00000000eab00000, 0x00000000ef000000, 0x0000000100000000)
  eden space 32768K, 0% used [0x00000000eab00000,0x00000000eab00000,0x00000000ecb00000)
  from space 2560K, 99% used [0x00000000ecb00000,0x00000000ecd7c040,0x00000000ecd80000)
  to   space 2560K, 0% used [0x00000000eed80000,0x00000000eed80000,0x00000000ef000000)
 ParOldGen       total 44032K, used 9116K [0x00000000c0000000, 0x00000000c2b00000, 0x00000000eab00000)
  object space 44032K, 20% used [0x00000000c0000000,0x00000000c08e7168,0x00000000c2b00000)
 Metaspace       used 6173K, capacity 7152K, committed 7296K, reserved 1056768K
  class space    used 597K, capacity 616K, committed 640K, reserved 1048576K
}
Event: 3.473 GC heap before
{Heap before GC invocations=4 (full 0):
 PSYoungGen      total 35328K, used 35312K [0x00000000eab00000, 0x00000000ef000000, 0x0000000100000000)
  eden space 32768K, 100% used [0x00000000eab00000,0x00000000ecb00000,0x00000000ecb00000)
  from space 2560K, 99% used [0x00000000ecb00000,0x00000000ecd7c040,0x00000000ecd80000)
  to   space 2560K, 0% used [0x00000000eed80000,0x00000000eed80000,0x00000000ef000000)
 ParOldGen       total 44032K, used 9116K [0x00000000c0000000, 0x00000000c2b00000, 0x00000000eab00000)
  object space 44032K, 20% used [0x00000000c0000000,0x00000000c08e7168,0x00000000c2b00000)
 Metaspace       used 6210K, capacity 7152K, committed 7296K, reserved 1056768K
  class space    used 597K, capacity 616K, committed 640K, reserved 1048576K
Event: 3.586 GC heap after
Heap after GC invocations=4 (full 0):
 PSYoungGen      total 68096K, used 2531K [0x00000000eab00000, 0x00000000ef000000, 0x0000000100000000)
  eden space 65536K, 0% used [0x00000000eab00000,0x00000000eab00000,0x00000000eeb00000)
  from space 2560K, 98% used [0x00000000eed80000,0x00000000eeff8f78,0x00000000ef000000)
  to   space 2560K, 0% used [0x00000000eeb00000,0x00000000eeb00000,0x00000000eed80000)
 ParOldGen       total 44032K, used 14448K [0x00000000c0000000, 0x00000000c2b00000, 0x00000000eab00000)
  object space 44032K, 32% used [0x00000000c0000000,0x00000000c0e1c018,0x00000000c2b00000)
 Metaspace       used 6210K, capacity 7152K, committed 7296K, reserved 1056768K
  class space    used 597K, capacity 616K, committed 640K, reserved 1048576K
}

Deoptimization events (10 events):
Event: 1.638 Thread 0x0000000016416000 Uncommon trap: reason=unstable_if action=reinterpret pc=0x0000000002778b3c method=com.android.dx.util.IntList.binarysearch(I)I @ 105
Event: 1.789 Thread 0x000000001641d000 Uncommon trap: reason=unstable_if action=reinterpret pc=0x00000000027a8418 method=com.android.dx.ssa.SCCP.simulateStmt(Lcom/android/dx/ssa/SsaInsn;)V @ 435
Event: 1.828 Thread 0x000000001641d000 Uncommon trap: reason=bimorphic action=maybe_recompile pc=0x0000000002618d38 method=java.util.HashMap.getNode(ILjava/lang/Object;)Ljava/util/HashMap$Node; @ 126
Event: 1.828 Thread 0x000000001641d000 Uncommon trap: reason=class_check action=maybe_recompile pc=0x0000000002797810 method=java.util.HashMap.putVal(ILjava/lang/Object;Ljava/lang/Object;ZZ)Ljava/lang/Object; @ 203
Event: 3.313 Thread 0x000000001641d000 Uncommon trap: reason=unstable_if action=reinterpret pc=0x0000000002936058 method=com.android.dx.rop.code.LocalItem.compareHandlesNulls(Lcom/android/dx/rop/cst/CstString;Lcom/android/dx/rop/cst/CstString;)I @ 14
Event: 3.593 Thread 0x000000001641d000 Uncommon trap: reason=bimorphic action=maybe_recompile pc=0x0000000002946e20 method=com.android.dx.rop.code.RegisterSpec.withSimpleType()Lcom/android/dx/rop/code/RegisterSpec; @ 21
Event: 3.593 Thread 0x000000001641d000 Uncommon trap: reason=bimorphic action=maybe_recompile pc=0x0000000002946e20 method=com.android.dx.rop.code.RegisterSpec.withSimpleType()Lcom/android/dx/rop/code/RegisterSpec; @ 21
Event: 3.594 Thread 0x000000001641d000 Uncommon trap: reason=unstable_if action=reinterpret pc=0x0000000002960aac method=com.android.dx.util.BitIntSet.has(I)Z @ 8
Event: 3.595 Thread 0x000000001641d000 Uncommon trap: reason=bimorphic action=maybe_recompile pc=0x0000000002946e20 method=com.android.dx.rop.code.RegisterSpec.withSimpleType()Lcom/android/dx/rop/code/RegisterSpec; @ 21
Event: 3.595 Thread 0x000000001641d000 Uncommon trap: reason=bimorphic action=maybe_recompile pc=0x0000000002946e20 method=com.android.dx.rop.code.RegisterSpec.withSimpleType()Lcom/android/dx/rop/code/RegisterSpec; @ 21

Internal exceptions (4 events):
Event: 0.266 Thread 0x0000000002190800 Exception <a 'java/lang/NoSuchMethodError': Method sun.misc.Unsafe.defineClass(Ljava/lang/String;[BII)Ljava/lang/Class; name or signature does not match> (0x00000000eab0d610) thrown at [C:\workspace\8-2-build-windows-amd64-cygwin\jdk8u65\4987\hotspot\src\sTq·Ñ?
Event: 0.266 Thread 0x0000000002190800 Exception <a 'java/lang/NoSuchMethodError': Method sun.misc.Unsafe.prefetchRead(Ljava/lang/Object;J)V name or signature does not match> (0x00000000eab0d8f8) thrown at [C:\workspace\8-2-build-windows-amd64-cygwin\jdk8u65\4987\hotspot\src\share\vm\prims\jni.÷³å1Æ+ï?
Event: 0.974 Thread 0x00000000163f5800 Implicit null exception at 0x000000000255ba4a to 0x000000000255d2e1
Event: 3.313 Thread 0x000000001641d000 Implicit null exception at 0x0000000002934a50 to 0x0000000002936029

Events (10 events):
Event: 3.593 Thread 0x000000001641d000 DEOPT UNPACKING pc=0x00000000022d582a sp=0x0000000016c9ea78 mode 2
Event: 3.594 Thread 0x000000001641d000 Uncommon trap: trap_request=0xffffff65 fr.pc=0x0000000002960aac
Event: 3.594 Thread 0x000000001641d000 DEOPT PACKING pc=0x0000000002960aac sp=0x0000000016c9e9b0
Event: 3.594 Thread 0x000000001641d000 DEOPT UNPACKING pc=0x00000000022d582a sp=0x0000000016c9e8e8 mode 2
Event: 3.595 Thread 0x000000001641d000 Uncommon trap: trap_request=0xffffffc6 fr.pc=0x0000000002946e20
Event: 3.595 Thread 0x000000001641d000 DEOPT PACKING pc=0x0000000002946e20 sp=0x0000000016c9ea70
Event: 3.595 Thread 0x000000001641d000 DEOPT UNPACKING pc=0x00000000022d582a sp=0x0000000016c9e9c8 mode 2
Event: 3.595 Thread 0x000000001641d000 Uncommon trap: trap_request=0xffffffc6 fr.pc=0x0000000002946e20
Event: 3.595 Thread 0x000000001641d000 DEOPT PACKING pc=0x0000000002946e20 sp=0x0000000016c9ea70
Event: 3.595 Thread 0x000000001641d000 DEOPT UNPACKING pc=0x00000000022d582a sp=0x0000000016c9e9c8 mode 2


Dynamic libraries:
0x00007ff606210000 - 0x00007ff606247000 	C:\Program Files\Java\jdk1.8.0_65\bin\java.exe
0x00007ff810bb0000 - 0x00007ff810d71000 	C:\Windows\SYSTEM32\ntdll.dll
0x00007ff80e9c0000 - 0x00007ff80ea6d000 	C:\Windows\system32\KERNEL32.DLL
0x00007ff80d280000 - 0x00007ff80d468000 	C:\Windows\system32\KERNELBASE.dll
0x00007ff80b710000 - 0x00007ff80b789000 	C:\Windows\system32\apphelp.dll
0x00007ff8108c0000 - 0x00007ff810967000 	C:\Windows\system32\ADVAPI32.dll
0x00007ff80e0e0000 - 0x00007ff80e17d000 	C:\Windows\system32\msvcrt.dll
0x00007ff8101a0000 - 0x00007ff8101fb000 	C:\Windows\system32\sechost.dll
0x00007ff810480000 - 0x00007ff81059c000 	C:\Windows\system32\RPCRT4.dll
0x00007ff80e7f0000 - 0x00007ff80e946000 	C:\Windows\system32\USER32.dll
0x00007ff810010000 - 0x00007ff810196000 	C:\Windows\system32\GDI32.dll
0x00007fffffb60000 - 0x00007fffffdd4000 	C:\Windows\WinSxS\amd64_microsoft.windows.common-controls_6595b64144ccf1df_6.0.10586.0_none_8c15ae12515e1c22\COMCTL32.dll
0x00007ff810200000 - 0x00007ff81047d000 	C:\Windows\system32\combase.dll
0x00007ff80d8f0000 - 0x00007ff80d95a000 	C:\Windows\system32\bcryptPrimitives.dll
0x00007ff80ffd0000 - 0x00007ff81000b000 	C:\Windows\system32\IMM32.DLL
0x000000005ccc0000 - 0x000000005cd92000 	C:\Program Files\Java\jdk1.8.0_65\jre\bin\msvcr100.dll
0x000000005d140000 - 0x000000005d9c9000 	C:\Program Files\Java\jdk1.8.0_65\jre\bin\server\jvm.dll
0x00007ff810750000 - 0x00007ff810758000 	C:\Windows\system32\PSAPI.DLL
0x00007ff802680000 - 0x00007ff802689000 	C:\Windows\SYSTEM32\WSOCK32.dll
0x00007ff80e180000 - 0x00007ff80e1eb000 	C:\Windows\system32\WS2_32.dll
0x00007ff80b5a0000 - 0x00007ff80b5c3000 	C:\Windows\SYSTEM32\WINMM.dll
0x00007ff8006f0000 - 0x00007ff8006fa000 	C:\Windows\SYSTEM32\VERSION.dll
0x00007ff80b240000 - 0x00007ff80b26c000 	C:\Windows\SYSTEM32\WINMMBASE.dll
0x00007ff80d6d0000 - 0x00007ff80d713000 	C:\Windows\system32\cfgmgr32.dll
0x000000005d130000 - 0x000000005d13f000 	C:\Program Files\Java\jdk1.8.0_65\jre\bin\verify.dll
0x000000005d100000 - 0x000000005d129000 	C:\Program Files\Java\jdk1.8.0_65\jre\bin\java.dll
0x000000005d0e0000 - 0x000000005d0f6000 	C:\Program Files\Java\jdk1.8.0_65\jre\bin\zip.dll
0x00007ff80ea70000 - 0x00007ff80ffcf000 	C:\Windows\system32\SHELL32.dll
0x00007ff80d960000 - 0x00007ff80dfa4000 	C:\Windows\system32\windows.storage.dll
0x00007ff80e250000 - 0x00007ff80e2a2000 	C:\Windows\system32\shlwapi.dll
0x00007ff80d230000 - 0x00007ff80d23f000 	C:\Windows\system32\kernel.appcore.dll
0x00007ff80d560000 - 0x00007ff80d615000 	C:\Windows\system32\shcore.dll
0x00007ff80d1d0000 - 0x00007ff80d21b000 	C:\Windows\system32\powrprof.dll
0x00007ff80d240000 - 0x00007ff80d254000 	C:\Windows\system32\profapi.dll

VM Arguments:
jvm_args: -Djava.awt.headless=true -Xmx1024M -Dfile.encoding=windows-1252 -Duser.country=US -Duser.language=en -Duser.variant 
java_command: com.android.dx.command.Main --dex --force-jumbo --num-threads=4 --multi-dex --output F:\Android Tools\My AndroWork\MapMyDay\app\build\intermediates\transforms\dex\debug\folders\1000\10\com.android.support-support-v4-23.1.1_b3a364f2fa358bad3d4bcdd2cad6060edfd22087 F:\Android Tools\My AndroWork\MapMyDay\app\build\intermediates\exploded-aar\com.android.support\support-v4\23.1.1\jars\classes.jar
java_class_path (initial): F:\sdk\build-tools\23.0.1\lib\dx.jar
Launcher Type: SUN_STANDARD

Environment Variables:
PATH=C:\ProgramData\Oracle\Java\javapath;C:\Windows\system32;C:\Windows;C:\Windows\System32\Wbem;C:\Windows\System32\WindowsPowerShell\v1.0\;C:\Program Files (x86)\Intel\OpenCL SDK\2.0\bin\x86;C:\Program Files (x86)\Intel\OpenCL SDK\2.0\bin\x64;C:\Program Files\Microsoft\Web Platform Installer\;C:\Program Files (x86)\Microsoft ASP.NET\ASP.NET Web Pages\v1.0\;C:\Program Files (x86)\Windows Kits\8.0\Windows Performance Toolkit\;C:\Program Files\Microsoft SQL Server\110\Tools\Binn\;C:\VisualStudio & OpenCv\opencv\build\x64\vc11\bin\;C:\Program Files (x86)\Common Files\lenovo\easyplussdk\bin;C:\Modeltech_pe_edu_10.4a\win32pe_edu
USERNAME=Fahim Al Mahmud
OS=Windows_NT
PROCESSOR_IDENTIFIER=Intel64 Family 6 Model 58 Stepping 9, GenuineIntel



---------------  S Y S T E M  ---------------

OS: Windows 10.0 , 64 bit Build 10586 (10.0.10586.0)

CPU:total 4 (2 cores per cpu, 2 threads per core) family 6 model 58 stepping 9, cmov, cx8, fxsr, mmx, sse, sse2, sse3, ssse3, sse4.1, sse4.2, popcnt, avx, aes, clmul, erms, ht, tsc, tscinvbit, tscinv

Memory: 4k page, physical 4087096k(436300k free), swap 6005436k(5556k free)

vm_info: Java HotSpot(TM) 64-Bit Server VM (25.65-b01) for windows-amd64 JRE (1.8.0_65-b17), built on Oct  6 2015 16:39:20 by "java_re" with MS VC++ 10.0 (VS2010)

time: Sun Jun 12 01:26:08 2016
elapsed time: 3 seconds (0d 0h 0m 3s)

