#
# There is insufficient memory for the Java Runtime Environment to continue.
# Native memory allocation (malloc) failed to allocate 316416 bytes for Chunk::new
# Possible reasons:
#   The system is out of physical RAM or swap space
#   In 32 bit mode, the process size limit was hit
# Possible solutions:
#   Reduce memory load on the system
#   Increase physical memory or swap space
#   Check if swap backing store is full
#   Use 64 bit Java on a 64 bit OS
#   Decrease Java heap size (-Xmx/-Xms)
#   Decrease number of Java threads
#   Decrease Java thread stack sizes (-Xss)
#   Set larger code cache with -XX:ReservedCodeCacheSize=
# This output file may be truncated or incomplete.
#
#  Out of Memory Error (allocation.cpp:390), pid=5760, tid=2028
#
# JRE version: Java(TM) SE Runtime Environment (8.0_65-b17) (build 1.8.0_65-b17)
# Java VM: Java HotSpot(TM) 64-Bit Server VM (25.65-b01 mixed mode windows-amd64 compressed oops)
# Failed to write core dump. Minidumps are not enabled by default on client versions of Windows
#

---------------  T H R E A D  ---------------

Current thread (0x000000001497f800):  JavaThread "C2 CompilerThread1" daemon [_thread_in_native, id=2028, stack(0x00000000160b0000,0x00000000161b0000)]

Stack: [0x00000000160b0000,0x00000000161b0000]
[error occurred during error reporting (printing stack bounds), id 0xc0000005]

Native frames: (J=compiled Java code, j=interpreted, Vv=VM code, C=native code)


Current CompileTask:
C2:   1732  941       4       com.android.dx.ssa.SsaBasicBlock::forEachInsn (37 bytes)


---------------  P R O C E S S  ---------------

Java Threads: ( => current thread )
  0x0000000016567800 JavaThread "pool-2-thread-4" [_thread_in_Java, id=7352, stack(0x0000000016cb0000,0x0000000016db0000)]
  0x0000000016564000 JavaThread "pool-2-thread-3" [_thread_blocked, id=9284, stack(0x0000000016bb0000,0x0000000016cb0000)]
  0x000000001655c800 JavaThread "pool-2-thread-2" [_thread_blocked, id=2736, stack(0x0000000016ab0000,0x0000000016bb0000)]
  0x000000001655a000 JavaThread "pool-3-thread-1" [_thread_blocked, id=860, stack(0x00000000169b0000,0x0000000016ab0000)]
  0x0000000016558800 JavaThread "pool-2-thread-1" [_thread_in_Java, id=4892, stack(0x00000000168b0000,0x00000000169b0000)]
  0x00000000162b5800 JavaThread "Service Thread" daemon [_thread_blocked, id=8684, stack(0x00000000166b0000,0x00000000167b0000)]
  0x00000000149d8800 JavaThread "C1 CompilerThread2" daemon [_thread_blocked, id=7624, stack(0x00000000161b0000,0x00000000162b0000)]
=>0x000000001497f800 JavaThread "C2 CompilerThread1" daemon [_thread_in_native, id=2028, stack(0x00000000160b0000,0x00000000161b0000)]
  0x000000001497d800 JavaThread "C2 CompilerThread0" daemon [_thread_in_native, id=8960, stack(0x0000000015fb0000,0x00000000160b0000)]
  0x000000001497a800 JavaThread "Attach Listener" daemon [_thread_blocked, id=6660, stack(0x0000000015eb0000,0x0000000015fb0000)]
  0x0000000014979000 JavaThread "Signal Dispatcher" daemon [_thread_blocked, id=92, stack(0x0000000015db0000,0x0000000015eb0000)]
  0x00000000022a0800 JavaThread "Finalizer" daemon [_thread_blocked, id=6476, stack(0x0000000015bd0000,0x0000000015cd0000)]
  0x000000000229d000 JavaThread "Reference Handler" daemon [_thread_blocked, id=7104, stack(0x0000000015ad0000,0x0000000015bd0000)]
  0x00000000021b0800 JavaThread "main" [_thread_in_Java, id=4300, stack(0x00000000020b0000,0x00000000021b0000)]

Other Threads:
  0x0000000014948000 VMThread [stack: 0x00000000159d0000,0x0000000015ad0000] [id=8820]
  0x00000000162d1000 WatcherThread [stack: 0x00000000167b0000,0x00000000168b0000] [id=8108]

VM state:not at safepoint (normal execution)

VM Mutex/Monitor currently owned by a thread: None

Heap:
 PSYoungGen      total 18944K, used 7282K [0x00000000eab00000, 0x00000000ec000000, 0x0000000100000000)
  eden space 16384K, 28% used [0x00000000eab00000,0x00000000eaf9eef0,0x00000000ebb00000)
  from space 2560K, 99% used [0x00000000ebb00000,0x00000000ebd7dc60,0x00000000ebd80000)
  to   space 2560K, 0% used [0x00000000ebd80000,0x00000000ebd80000,0x00000000ec000000)
 ParOldGen       total 44032K, used 1893K [0x00000000c0000000, 0x00000000c2b00000, 0x00000000eab00000)
  object space 44032K, 4% used [0x00000000c0000000,0x00000000c01d9618,0x00000000c2b00000)
 Metaspace       used 5769K, capacity 6832K, committed 7040K, reserved 1056768K
  class space    used 591K, capacity 616K, committed 640K, reserved 1048576K

Card table byte_map: [0x0000000011670000,0x0000000011880000] byte_map_base: 0x0000000011070000

Marking Bits: (ParMarkBitMap*) 0x000000005d94a5b0
 Begin Bits: [0x0000000011de0000, 0x0000000012de0000)
 End Bits:   [0x0000000012de0000, 0x0000000013de0000)

Polling page: 0x00000000001f0000

CodeCache: size=245760Kb used=3926Kb max_used=3926Kb free=241833Kb
 bounds [0x00000000022b0000, 0x0000000002690000, 0x00000000112b0000]
 total_blobs=1229 nmethods=960 adapters=182
 compilation: enabled

Compilation events (10 events):
Event: 1.726 Thread 0x00000000149d8800  965       3       com.android.dx.rop.code.RegisterSpecList::getType (12 bytes)
Event: 1.726 Thread 0x00000000149d8800 nmethod 965 0x0000000002684750 code [0x00000000026848e0, 0x0000000002684f38]
Event: 1.726 Thread 0x00000000149d8800  970       3       com.android.dx.rop.type.Prototype::withFirstParameter (68 bytes)
Event: 1.727 Thread 0x00000000149d8800 nmethod 970 0x0000000002685110 code [0x0000000002685340, 0x0000000002685f58]
Event: 1.727 Thread 0x00000000149d8800  968       3       com.android.dx.rop.cst.CstFieldRef::getType (8 bytes)
Event: 1.727 Thread 0x00000000149d8800 nmethod 968 0x0000000002686490 code [0x0000000002686600, 0x00000000026869a8]
Event: 1.727 Thread 0x00000000149d8800  969       3       com.android.dx.rop.cst.CstNat::getFieldType (11 bytes)
Event: 1.727 Thread 0x00000000149d8800 nmethod 969 0x00000000026504d0 code [0x0000000002650640, 0x0000000002650868]
Event: 1.727 Thread 0x00000000149d8800  967       3       com.android.dx.rop.type.StdTypeList::set (7 bytes)
Event: 1.728 Thread 0x00000000149d8800 nmethod 967 0x0000000002686ad0 code [0x0000000002686ca0, 0x0000000002687488]

GC Heap History (2 events):
Event: 1.610 GC heap before
{Heap before GC invocations=1 (full 0):
 PSYoungGen      total 18944K, used 16373K [0x00000000eab00000, 0x00000000ec000000, 0x0000000100000000)
  eden space 16384K, 99% used [0x00000000eab00000,0x00000000ebafd5d0,0x00000000ebb00000)
  from space 2560K, 0% used [0x00000000ebd80000,0x00000000ebd80000,0x00000000ec000000)
  to   space 2560K, 0% used [0x00000000ebb00000,0x00000000ebb00000,0x00000000ebd80000)
 ParOldGen       total 44032K, used 0K [0x00000000c0000000, 0x00000000c2b00000, 0x00000000eab00000)
  object space 44032K, 0% used [0x00000000c0000000,0x00000000c0000000,0x00000000c2b00000)
 Metaspace       used 5710K, capacity 6768K, committed 7040K, reserved 1056768K
  class space    used 588K, capacity 616K, committed 640K, reserved 1048576K
Event: 1.635 GC heap after
Heap after GC invocations=1 (full 0):
 PSYoungGen      total 18944K, used 2551K [0x00000000eab00000, 0x00000000ec000000, 0x0000000100000000)
  eden space 16384K, 0% used [0x00000000eab00000,0x00000000eab00000,0x00000000ebb00000)
  from space 2560K, 99% used [0x00000000ebb00000,0x00000000ebd7dc60,0x00000000ebd80000)
  to   space 2560K, 0% used [0x00000000ebd80000,0x00000000ebd80000,0x00000000ec000000)
 ParOldGen       total 44032K, used 1893K [0x00000000c0000000, 0x00000000c2b00000, 0x00000000eab00000)
  object space 44032K, 4% used [0x00000000c0000000,0x00000000c01d9618,0x00000000c2b00000)
 Metaspace       used 5710K, capacity 6768K, committed 7040K, reserved 1056768K
  class space    used 588K, capacity 616K, committed 640K, reserved 1048576K
}

Deoptimization events (10 events):
Event: 1.302 Thread 0x0000000016558800 Uncommon trap: reason=class_check action=maybe_recompile pc=0x000000000252f2f0 method=com.android.dx.ssa.NormalSsaInsn.accept(Lcom/android/dx/ssa/SsaInsn$Visitor;)V @ 9
Event: 1.565 Thread 0x0000000016564000 Uncommon trap: reason=unstable_if action=reinterpret pc=0x00000000024c7720 method=java.util.HashMap.getNode(ILjava/lang/Object;)Ljava/util/HashMap$Node; @ 129
Event: 1.653 Thread 0x0000000016564000 Uncommon trap: reason=unstable_if action=reinterpret pc=0x00000000024e9e28 method=java.util.HashMap.getNode(ILjava/lang/Object;)Ljava/util/HashMap$Node; @ 129
Event: 1.654 Thread 0x0000000016567800 Uncommon trap: reason=class_check action=maybe_recompile pc=0x0000000002623210 method=com.android.dx.rop.type.Type.equals(Ljava/lang/Object;)Z @ 8
Event: 1.654 Thread 0x0000000016567800 Uncommon trap: reason=unstable_if action=reinterpret pc=0x00000000025f9b0c method=com.android.dx.rop.code.RegisterSpec.equals(ILcom/android/dx/rop/type/TypeBearer;Lcom/android/dx/rop/code/LocalItem;)Z @ 16
Event: 1.654 Thread 0x0000000016567800 Uncommon trap: reason=class_check action=maybe_recompile pc=0x0000000002623210 method=com.android.dx.rop.type.Type.equals(Ljava/lang/Object;)Z @ 8
Event: 1.654 Thread 0x0000000016567800 Uncommon trap: reason=class_check action=maybe_recompile pc=0x0000000002623210 method=com.android.dx.rop.type.Type.equals(Ljava/lang/Object;)Z @ 8
Event: 1.654 Thread 0x0000000016567800 Uncommon trap: reason=class_check action=maybe_recompile pc=0x0000000002623210 method=com.android.dx.rop.type.Type.equals(Ljava/lang/Object;)Z @ 8
Event: 1.662 Thread 0x0000000016567800 Uncommon trap: reason=null_check action=make_not_entrant pc=0x00000000025ef298 method=com.android.dx.ssa.SsaRenamer.getLocalForNewReg(I)Lcom/android/dx/rop/code/LocalItem; @ 19
Event: 1.662 Thread 0x0000000016567800 Uncommon trap: reason=null_check action=make_not_entrant pc=0x00000000025eaa10 method=com.android.dx.ssa.SsaRenamer.getLocalForNewReg(I)Lcom/android/dx/rop/code/LocalItem; @ 19

Internal exceptions (4 events):
Event: 0.055 Thread 0x00000000021b0800 Exception <a 'java/lang/NoSuchMethodError': Method sun.misc.Unsafe.defineClass(Ljava/lang/String;[BII)Ljava/lang/Class; name or signature does not match> (0x00000000eab0d620) thrown at [C:\workspace\8-2-build-windows-amd64-cygwin\jdk8u65\4987\hotspot\src\s'çƒZ-1¬?
Event: 0.055 Thread 0x00000000021b0800 Exception <a 'java/lang/NoSuchMethodError': Method sun.misc.Unsafe.prefetchRead(Ljava/lang/Object;J)V name or signature does not match> (0x00000000eab0d908) thrown at [C:\workspace\8-2-build-windows-amd64-cygwin\jdk8u65\4987\hotspot\src\share\vm\prims\jni.‰+äà•ú?
Event: 1.662 Thread 0x0000000016567800 Implicit null exception at 0x00000000025edd52 to 0x00000000025ef251
Event: 1.662 Thread 0x0000000016567800 Implicit null exception at 0x00000000025e97d3 to 0x00000000025ea9dd

Events (10 events):
Event: 1.662 Thread 0x0000000016567800 Uncommon trap: trap_request=0xfffffff4 fr.pc=0x00000000025ef298
Event: 1.662 Thread 0x0000000016567800 DEOPT PACKING pc=0x00000000025ef298 sp=0x0000000016daeb00
Event: 1.662 Thread 0x0000000016567800 DEOPT UNPACKING pc=0x00000000022f582a sp=0x0000000016dae958 mode 2
Event: 1.662 Thread 0x0000000016567800 Uncommon trap: trap_request=0xfffffff4 fr.pc=0x00000000025eaa10
Event: 1.662 Thread 0x0000000016567800 DEOPT PACKING pc=0x00000000025eaa10 sp=0x0000000016daea90
Event: 1.662 Thread 0x0000000016567800 DEOPT UNPACKING pc=0x00000000022f582a sp=0x0000000016dae948 mode 2
Event: 1.674 loading class com/android/dx/cf/attrib/AttRuntimeInvisibleParameterAnnotations
Event: 1.674 loading class com/android/dx/cf/attrib/AttRuntimeInvisibleParameterAnnotations done
Event: 1.674 loading class com/android/dx/cf/attrib/BaseParameterAnnotations
Event: 1.674 loading class com/android/dx/cf/attrib/BaseParameterAnnotations done


Dynamic libraries:
0x00007ff606210000 - 0x00007ff606247000 	C:\Program Files\Java\jdk1.8.0_65\bin\java.exe
0x00007ff810bb0000 - 0x00007ff810d71000 	C:\Windows\SYSTEM32\ntdll.dll
0x00007ff80e9c0000 - 0x00007ff80ea6d000 	C:\Windows\system32\KERNEL32.DLL
0x00007ff80d280000 - 0x00007ff80d468000 	C:\Windows\system32\KERNELBASE.dll
0x00007ff80b710000 - 0x00007ff80b789000 	C:\Windows\system32\apphelp.dll
0x00007ff8108c0000 - 0x00007ff810967000 	C:\Windows\system32\ADVAPI32.dll
0x00007ff80e0e0000 - 0x00007ff80e17d000 	C:\Windows\system32\msvcrt.dll
0x00007ff8101a0000 - 0x00007ff8101fb000 	C:\Windows\system32\sechost.dll
0x00007ff810480000 - 0x00007ff81059c000 	C:\Windows\system32\RPCRT4.dll
0x00007ff80e7f0000 - 0x00007ff80e946000 	C:\Windows\system32\USER32.dll
0x00007ff810010000 - 0x00007ff810196000 	C:\Windows\system32\GDI32.dll
0x00007fffffb60000 - 0x00007fffffdd4000 	C:\Windows\WinSxS\amd64_microsoft.windows.common-controls_6595b64144ccf1df_6.0.10586.0_none_8c15ae12515e1c22\COMCTL32.dll
0x00007ff810200000 - 0x00007ff81047d000 	C:\Windows\system32\combase.dll
0x00007ff80d8f0000 - 0x00007ff80d95a000 	C:\Windows\system32\bcryptPrimitives.dll
0x00007ff80ffd0000 - 0x00007ff81000b000 	C:\Windows\system32\IMM32.DLL
0x000000005ccc0000 - 0x000000005cd92000 	C:\Program Files\Java\jdk1.8.0_65\jre\bin\msvcr100.dll
0x000000005d140000 - 0x000000005d9c9000 	C:\Program Files\Java\jdk1.8.0_65\jre\bin\server\jvm.dll
0x00007ff810750000 - 0x00007ff810758000 	C:\Windows\system32\PSAPI.DLL
0x00007ff802680000 - 0x00007ff802689000 	C:\Windows\SYSTEM32\WSOCK32.dll
0x00007ff80e180000 - 0x00007ff80e1eb000 	C:\Windows\system32\WS2_32.dll
0x00007ff80b5a0000 - 0x00007ff80b5c3000 	C:\Windows\SYSTEM32\WINMM.dll
0x00007ff8006f0000 - 0x00007ff8006fa000 	C:\Windows\SYSTEM32\VERSION.dll
0x00007ff80b240000 - 0x00007ff80b26c000 	C:\Windows\SYSTEM32\WINMMBASE.dll
0x00007ff80d6d0000 - 0x00007ff80d713000 	C:\Windows\system32\cfgmgr32.dll
0x000000005d130000 - 0x000000005d13f000 	C:\Program Files\Java\jdk1.8.0_65\jre\bin\verify.dll
0x000000005d100000 - 0x000000005d129000 	C:\Program Files\Java\jdk1.8.0_65\jre\bin\java.dll
0x000000005d0e0000 - 0x000000005d0f6000 	C:\Program Files\Java\jdk1.8.0_65\jre\bin\zip.dll
0x00007ff80ea70000 - 0x00007ff80ffcf000 	C:\Windows\system32\SHELL32.dll
0x00007ff80d960000 - 0x00007ff80dfa4000 	C:\Windows\system32\windows.storage.dll
0x00007ff80e250000 - 0x00007ff80e2a2000 	C:\Windows\system32\shlwapi.dll
0x00007ff80d230000 - 0x00007ff80d23f000 	C:\Windows\system32\kernel.appcore.dll
0x00007ff80d560000 - 0x00007ff80d615000 	C:\Windows\system32\shcore.dll
0x00007ff80d1d0000 - 0x00007ff80d21b000 	C:\Windows\system32\powrprof.dll
0x00007ff80d240000 - 0x00007ff80d254000 	C:\Windows\system32\profapi.dll

VM Arguments:
jvm_args: -Djava.awt.headless=true -Xmx1024M -Dfile.encoding=windows-1252 -Duser.country=US -Duser.language=en -Duser.variant 
java_command: com.android.dx.command.Main --dex --force-jumbo --num-threads=4 --multi-dex --output F:\Android Tools\My AndroWork\MapMyDay\app\build\intermediates\transforms\dex\debug\folders\1000\10\com.android.support-recyclerview-v7-23.1.1_3b68c178c13e6a0df3a3b1c4f3709ead7e46dfb0 F:\Android Tools\My AndroWork\MapMyDay\app\build\intermediates\exploded-aar\com.android.support\recyclerview-v7\23.1.1\jars\classes.jar
java_class_path (initial): F:\sdk\build-tools\23.0.1\lib\dx.jar
Launcher Type: SUN_STANDARD

Environment Variables:
PATH=C:\ProgramData\Oracle\Java\javapath;C:\Windows\system32;C:\Windows;C:\Windows\System32\Wbem;C:\Windows\System32\WindowsPowerShell\v1.0\;C:\Program Files (x86)\Intel\OpenCL SDK\2.0\bin\x86;C:\Program Files (x86)\Intel\OpenCL SDK\2.0\bin\x64;C:\Program Files\Microsoft\Web Platform Installer\;C:\Program Files (x86)\Microsoft ASP.NET\ASP.NET Web Pages\v1.0\;C:\Program Files (x86)\Windows Kits\8.0\Windows Performance Toolkit\;C:\Program Files\Microsoft SQL Server\110\Tools\Binn\;C:\VisualStudio & OpenCv\opencv\build\x64\vc11\bin\;C:\Program Files (x86)\Common Files\lenovo\easyplussdk\bin;C:\Modeltech_pe_edu_10.4a\win32pe_edu
USERNAME=Fahim Al Mahmud
OS=Windows_NT
PROCESSOR_IDENTIFIER=Intel64 Family 6 Model 58 Stepping 9, GenuineIntel



---------------  S Y S T E M  ---------------

OS: Windows 10.0 , 64 bit Build 10586 (10.0.10586.0)

CPU:total 4 (2 cores per cpu, 2 threads per core) family 6 model 58 stepping 9, cmov, cx8, fxsr, mmx, sse, sse2, sse3, ssse3, sse4.1, sse4.2, popcnt, avx, aes, clmul, erms, ht, tsc, tscinvbit, tscinv

Memory: 4k page, physical 4087096k(546800k free), swap 6005436k(5068k free)

vm_info: Java HotSpot(TM) 64-Bit Server VM (25.65-b01) for windows-amd64 JRE (1.8.0_65-b17), built on Oct  6 2015 16:39:20 by "java_re" with MS VC++ 10.0 (VS2010)

time: Sun Jun 12 01:27:38 2016
elapsed time: 1 seconds (0d 0h 0m 1s)

