#
# There is insufficient memory for the Java Runtime Environment to continue.
# Native memory allocation (malloc) failed to allocate 103056 bytes for Chunk::new
# Possible reasons:
#   The system is out of physical RAM or swap space
#   In 32 bit mode, the process size limit was hit
# Possible solutions:
#   Reduce memory load on the system
#   Increase physical memory or swap space
#   Check if swap backing store is full
#   Use 64 bit Java on a 64 bit OS
#   Decrease Java heap size (-Xmx/-Xms)
#   Decrease number of Java threads
#   Decrease Java thread stack sizes (-Xss)
#   Set larger code cache with -XX:ReservedCodeCacheSize=
# This output file may be truncated or incomplete.
#
#  Out of Memory Error (allocation.cpp:390), pid=9688, tid=6932
#
# JRE version: Java(TM) SE Runtime Environment (8.0_65-b17) (build 1.8.0_65-b17)
# Java VM: Java HotSpot(TM) 64-Bit Server VM (25.65-b01 mixed mode windows-amd64 compressed oops)
# Failed to write core dump. Minidumps are not enabled by default on client versions of Windows
#

---------------  T H R E A D  ---------------

Current thread (0x000000001495e800):  JavaThread "C2 CompilerThread0" daemon [_thread_in_native, id=6932, stack(0x0000000015fa0000,0x00000000160a0000)]

Stack: [0x0000000015fa0000,0x00000000160a0000]
[error occurred during error reporting (printing stack bounds), id 0xc0000005]

Native frames: (J=compiled Java code, j=interpreted, Vv=VM code, C=native code)


Current CompileTask:
C2:   1781  881       4       com.android.dx.ssa.SsaRenamer$BlockRenamer::addMapping (143 bytes)


---------------  P R O C E S S  ---------------

Java Threads: ( => current thread )
  0x000000001645b800 JavaThread "pool-2-thread-4" [_thread_in_Java, id=1104, stack(0x0000000016ca0000,0x0000000016da0000)]
  0x0000000016459800 JavaThread "pool-2-thread-3" [_thread_in_Java, id=7360, stack(0x0000000016ba0000,0x0000000016ca0000)]
  0x0000000016458000 JavaThread "pool-2-thread-2" [_thread_in_Java, id=8296, stack(0x0000000016aa0000,0x0000000016ba0000)]
  0x0000000016438800 JavaThread "pool-3-thread-1" [_thread_blocked, id=8560, stack(0x00000000169a0000,0x0000000016aa0000)]
  0x0000000016437800 JavaThread "pool-2-thread-1" [_thread_blocked, id=7776, stack(0x00000000168a0000,0x00000000169a0000)]
  0x00000000162b3800 JavaThread "Service Thread" daemon [_thread_blocked, id=9052, stack(0x00000000166a0000,0x00000000167a0000)]
  0x00000000149b4000 JavaThread "C1 CompilerThread2" daemon [_thread_blocked, id=8872, stack(0x00000000161a0000,0x00000000162a0000)]
  0x0000000014960800 JavaThread "C2 CompilerThread1" daemon [_thread_in_native, id=7140, stack(0x00000000160a0000,0x00000000161a0000)]
=>0x000000001495e800 JavaThread "C2 CompilerThread0" daemon [_thread_in_native, id=6932, stack(0x0000000015fa0000,0x00000000160a0000)]
  0x000000001495b800 JavaThread "Attach Listener" daemon [_thread_blocked, id=7172, stack(0x0000000015ea0000,0x0000000015fa0000)]
  0x000000001495a800 JavaThread "Signal Dispatcher" daemon [_thread_blocked, id=3604, stack(0x0000000015da0000,0x0000000015ea0000)]
  0x0000000002282000 JavaThread "Finalizer" daemon [_thread_blocked, id=7616, stack(0x0000000015bc0000,0x0000000015cc0000)]
  0x000000000227f000 JavaThread "Reference Handler" daemon [_thread_blocked, id=2396, stack(0x0000000015ac0000,0x0000000015bc0000)]
  0x0000000002190800 JavaThread "main" [_thread_blocked, id=7296, stack(0x0000000002020000,0x0000000002120000)]

Other Threads:
  0x0000000014928000 VMThread [stack: 0x00000000159c0000,0x0000000015ac0000] [id=5076]
  0x00000000162ad000 WatcherThread [stack: 0x00000000167a0000,0x00000000168a0000] [id=9868]

VM state:not at safepoint (normal execution)

VM Mutex/Monitor currently owned by a thread: None

Heap:
 PSYoungGen      total 18944K, used 5545K [0x00000000eab00000, 0x00000000ec000000, 0x0000000100000000)
  eden space 16384K, 18% used [0x00000000eab00000,0x00000000eadec9c8,0x00000000ebb00000)
  from space 2560K, 99% used [0x00000000ebb00000,0x00000000ebd7dc60,0x00000000ebd80000)
  to   space 2560K, 0% used [0x00000000ebd80000,0x00000000ebd80000,0x00000000ec000000)
 ParOldGen       total 44032K, used 1942K [0x00000000c0000000, 0x00000000c2b00000, 0x00000000eab00000)
  object space 44032K, 4% used [0x00000000c0000000,0x00000000c01e5a80,0x00000000c2b00000)
 Metaspace       used 5671K, capacity 6704K, committed 6784K, reserved 1056768K
  class space    used 586K, capacity 616K, committed 640K, reserved 1048576K

Card table byte_map: [0x0000000011650000,0x0000000011860000] byte_map_base: 0x0000000011050000

Marking Bits: (ParMarkBitMap*) 0x000000005d94a5b0
 Begin Bits: [0x0000000011dc0000, 0x0000000012dc0000)
 End Bits:   [0x0000000012dc0000, 0x0000000013dc0000)

Polling page: 0x00000000001f0000

CodeCache: size=245760Kb used=3491Kb max_used=3503Kb free=242268Kb
 bounds [0x0000000002290000, 0x0000000002600000, 0x0000000011290000]
 total_blobs=1135 nmethods=866 adapters=182
 compilation: enabled

Compilation events (10 events):
Event: 1.739 Thread 0x00000000149b4000  866       1       com.android.dx.rop.annotation.NameValuePair::getName (5 bytes)
Event: 1.739 Thread 0x00000000149b4000 nmethod 866 0x00000000025fafd0 code [0x00000000025fb120, 0x00000000025fb230]
Event: 1.739 Thread 0x00000000149b4000  852       1       com.android.dx.dex.file.StringIdItem::getValue (5 bytes)
Event: 1.739 Thread 0x00000000149b4000 nmethod 852 0x00000000025fb290 code [0x00000000025fb3e0, 0x00000000025fb4f0]
Event: 1.739 Thread 0x00000000149b4000  863       1       com.android.dx.rop.code.SourcePosition::getLine (5 bytes)
Event: 1.739 Thread 0x00000000149b4000 nmethod 863 0x00000000025fb550 code [0x00000000025fb6a0, 0x00000000025fb7b0]
Event: 1.774 Thread 0x0000000014960800  873       4       com.android.dx.util.Bits::findFirst (61 bytes)
Event: 1.774 Thread 0x000000001495e800  881       4       com.android.dx.ssa.SsaRenamer$BlockRenamer::addMapping (143 bytes)
Event: 1.776 Thread 0x0000000014960800 nmethod 873 0x00000000025fe510 code [0x00000000025fe640, 0x00000000025fe718]
Event: 1.776 Thread 0x0000000014960800  868       4       com.android.dx.ssa.RegisterMapper::map (63 bytes)

GC Heap History (2 events):
Event: 1.617 GC heap before
{Heap before GC invocations=1 (full 0):
 PSYoungGen      total 18944K, used 16384K [0x00000000eab00000, 0x00000000ec000000, 0x0000000100000000)
  eden space 16384K, 100% used [0x00000000eab00000,0x00000000ebb00000,0x00000000ebb00000)
  from space 2560K, 0% used [0x00000000ebd80000,0x00000000ebd80000,0x00000000ec000000)
  to   space 2560K, 0% used [0x00000000ebb00000,0x00000000ebb00000,0x00000000ebd80000)
 ParOldGen       total 44032K, used 0K [0x00000000c0000000, 0x00000000c2b00000, 0x00000000eab00000)
  object space 44032K, 0% used [0x00000000c0000000,0x00000000c0000000,0x00000000c2b00000)
 Metaspace       used 5652K, capacity 6704K, committed 6784K, reserved 1056768K
  class space    used 586K, capacity 616K, committed 640K, reserved 1048576K
Event: 1.640 GC heap after
Heap after GC invocations=1 (full 0):
 PSYoungGen      total 18944K, used 2551K [0x00000000eab00000, 0x00000000ec000000, 0x0000000100000000)
  eden space 16384K, 0% used [0x00000000eab00000,0x00000000eab00000,0x00000000ebb00000)
  from space 2560K, 99% used [0x00000000ebb00000,0x00000000ebd7dc60,0x00000000ebd80000)
  to   space 2560K, 0% used [0x00000000ebd80000,0x00000000ebd80000,0x00000000ec000000)
 ParOldGen       total 44032K, used 1942K [0x00000000c0000000, 0x00000000c2b00000, 0x00000000eab00000)
  object space 44032K, 4% used [0x00000000c0000000,0x00000000c01e5a80,0x00000000c2b00000)
 Metaspace       used 5652K, capacity 6704K, committed 6784K, reserved 1056768K
  class space    used 586K, capacity 616K, committed 640K, reserved 1048576K
}

Deoptimization events (8 events):
Event: 0.817 Thread 0x0000000016459800 Uncommon trap: reason=unstable_if action=reinterpret pc=0x0000000002467754 method=java.util.HashMap.getNode(ILjava/lang/Object;)Ljava/util/HashMap$Node; @ 129
Event: 1.382 Thread 0x0000000016459800 Uncommon trap: reason=class_check action=maybe_recompile pc=0x0000000002562fc4 method=com.android.dx.ssa.NormalSsaInsn.accept(Lcom/android/dx/ssa/SsaInsn$Visitor;)V @ 9
Event: 1.408 Thread 0x000000001645b800 Uncommon trap: reason=class_check action=maybe_recompile pc=0x0000000002562fc4 method=com.android.dx.ssa.NormalSsaInsn.accept(Lcom/android/dx/ssa/SsaInsn$Visitor;)V @ 9
Event: 1.408 Thread 0x000000001645b800 Uncommon trap: reason=class_check action=maybe_recompile pc=0x0000000002562fc4 method=com.android.dx.ssa.NormalSsaInsn.accept(Lcom/android/dx/ssa/SsaInsn$Visitor;)V @ 9
Event: 1.408 Thread 0x000000001645b800 Uncommon trap: reason=class_check action=maybe_recompile pc=0x0000000002562fc4 method=com.android.dx.ssa.NormalSsaInsn.accept(Lcom/android/dx/ssa/SsaInsn$Visitor;)V @ 9
Event: 1.408 Thread 0x000000001645b800 Uncommon trap: reason=class_check action=maybe_recompile pc=0x00000000024cedf0 method=com.android.dx.ssa.NormalSsaInsn.accept(Lcom/android/dx/ssa/SsaInsn$Visitor;)V @ 9
Event: 1.675 Thread 0x0000000016458000 Uncommon trap: reason=bimorphic action=maybe_recompile pc=0x0000000002481c9c method=java.util.HashMap.getNode(ILjava/lang/Object;)Ljava/util/HashMap$Node; @ 126
Event: 1.675 Thread 0x0000000016458000 Uncommon trap: reason=unstable_if action=reinterpret pc=0x00000000025a629c method=com.android.dx.rop.cst.Constant.compareTo(Lcom/android/dx/rop/cst/Constant;)I @ 12

Internal exceptions (2 events):
Event: 0.056 Thread 0x0000000002190800 Exception <a 'java/lang/NoSuchMethodError': Method sun.misc.Unsafe.defineClass(Ljava/lang/String;[BII)Ljava/lang/Class; name or signature does not match> (0x00000000eab0d608) thrown at [C:\workspace\8-2-build-windows-amd64-cygwin\jdk8u65\4987\hotspot\src\s=
vpÊð¬?
Event: 0.057 Thread 0x0000000002190800 Exception <a 'java/lang/NoSuchMethodError': Method sun.misc.Unsafe.prefetchRead(Ljava/lang/Object;J)V name or signature does not match> (0x00000000eab0d8f0) thrown at [C:\workspace\8-2-build-windows-amd64-cygwin\jdk8u65\4987\hotspot\src\share\vm\prims\jni.

Events (10 events):
Event: 1.408 Thread 0x000000001645b800 DEOPT PACKING pc=0x00000000024cedf0 sp=0x0000000016d9eb80
Event: 1.408 Thread 0x000000001645b800 DEOPT UNPACKING pc=0x00000000022d582a sp=0x0000000016d9eb20 mode 2
Event: 1.571 Executing VM operation: ParallelGCFailedAllocation
Event: 1.640 Executing VM operation: ParallelGCFailedAllocation done
Event: 1.675 Thread 0x0000000016458000 Uncommon trap: trap_request=0xffffffc6 fr.pc=0x0000000002481c9c
Event: 1.675 Thread 0x0000000016458000 DEOPT PACKING pc=0x0000000002481c9c sp=0x0000000016b9eaa0
Event: 1.675 Thread 0x0000000016458000 DEOPT UNPACKING pc=0x00000000022d582a sp=0x0000000016b9e9b8 mode 2
Event: 1.675 Thread 0x0000000016458000 Uncommon trap: trap_request=0xffffff65 fr.pc=0x00000000025a629c
Event: 1.675 Thread 0x0000000016458000 DEOPT PACKING pc=0x00000000025a629c sp=0x0000000016b9e770
Event: 1.675 Thread 0x0000000016458000 DEOPT UNPACKING pc=0x00000000022d582a sp=0x0000000016b9e710 mode 2


Dynamic libraries:
0x00007ff606210000 - 0x00007ff606247000 	C:\Program Files\Java\jdk1.8.0_65\bin\java.exe
0x00007ff810bb0000 - 0x00007ff810d71000 	C:\Windows\SYSTEM32\ntdll.dll
0x00007ff80e9c0000 - 0x00007ff80ea6d000 	C:\Windows\system32\KERNEL32.DLL
0x00007ff80d280000 - 0x00007ff80d468000 	C:\Windows\system32\KERNELBASE.dll
0x00007ff80b710000 - 0x00007ff80b789000 	C:\Windows\system32\apphelp.dll
0x00007ff8108c0000 - 0x00007ff810967000 	C:\Windows\system32\ADVAPI32.dll
0x00007ff80e0e0000 - 0x00007ff80e17d000 	C:\Windows\system32\msvcrt.dll
0x00007ff8101a0000 - 0x00007ff8101fb000 	C:\Windows\system32\sechost.dll
0x00007ff810480000 - 0x00007ff81059c000 	C:\Windows\system32\RPCRT4.dll
0x00007ff80e7f0000 - 0x00007ff80e946000 	C:\Windows\system32\USER32.dll
0x00007ff810010000 - 0x00007ff810196000 	C:\Windows\system32\GDI32.dll
0x00007fffffb60000 - 0x00007fffffdd4000 	C:\Windows\WinSxS\amd64_microsoft.windows.common-controls_6595b64144ccf1df_6.0.10586.0_none_8c15ae12515e1c22\COMCTL32.dll
0x00007ff810200000 - 0x00007ff81047d000 	C:\Windows\system32\combase.dll
0x00007ff80d8f0000 - 0x00007ff80d95a000 	C:\Windows\system32\bcryptPrimitives.dll
0x00007ff80ffd0000 - 0x00007ff81000b000 	C:\Windows\system32\IMM32.DLL
0x000000005ccc0000 - 0x000000005cd92000 	C:\Program Files\Java\jdk1.8.0_65\jre\bin\msvcr100.dll
0x000000005d140000 - 0x000000005d9c9000 	C:\Program Files\Java\jdk1.8.0_65\jre\bin\server\jvm.dll
0x00007ff810750000 - 0x00007ff810758000 	C:\Windows\system32\PSAPI.DLL
0x00007ff802680000 - 0x00007ff802689000 	C:\Windows\SYSTEM32\WSOCK32.dll
0x00007ff80e180000 - 0x00007ff80e1eb000 	C:\Windows\system32\WS2_32.dll
0x00007ff80b5a0000 - 0x00007ff80b5c3000 	C:\Windows\SYSTEM32\WINMM.dll
0x00007ff8006f0000 - 0x00007ff8006fa000 	C:\Windows\SYSTEM32\VERSION.dll
0x00007ff80b240000 - 0x00007ff80b26c000 	C:\Windows\SYSTEM32\WINMMBASE.dll
0x00007ff80d6d0000 - 0x00007ff80d713000 	C:\Windows\system32\cfgmgr32.dll
0x000000005d130000 - 0x000000005d13f000 	C:\Program Files\Java\jdk1.8.0_65\jre\bin\verify.dll
0x000000005d100000 - 0x000000005d129000 	C:\Program Files\Java\jdk1.8.0_65\jre\bin\java.dll
0x000000005d0e0000 - 0x000000005d0f6000 	C:\Program Files\Java\jdk1.8.0_65\jre\bin\zip.dll
0x00007ff80ea70000 - 0x00007ff80ffcf000 	C:\Windows\system32\SHELL32.dll
0x00007ff80d960000 - 0x00007ff80dfa4000 	C:\Windows\system32\windows.storage.dll
0x00007ff80e250000 - 0x00007ff80e2a2000 	C:\Windows\system32\shlwapi.dll
0x00007ff80d230000 - 0x00007ff80d23f000 	C:\Windows\system32\kernel.appcore.dll
0x00007ff80d560000 - 0x00007ff80d615000 	C:\Windows\system32\shcore.dll
0x00007ff80d1d0000 - 0x00007ff80d21b000 	C:\Windows\system32\powrprof.dll
0x00007ff80d240000 - 0x00007ff80d254000 	C:\Windows\system32\profapi.dll

VM Arguments:
jvm_args: -Djava.awt.headless=true -Xmx1024M -Dfile.encoding=windows-1252 -Duser.country=US -Duser.language=en -Duser.variant 
java_command: com.android.dx.command.Main --dex --force-jumbo --num-threads=4 --multi-dex --output F:\Android Tools\My AndroWork\MapMyDay\app\build\intermediates\transforms\dex\debug\folders\1000\10\library-2.4.0_8898a84e6db4697ac925cf5fb03c074d5a271ea2 C:\Users\Fahim Al Mahmud\.gradle\caches\modules-2\files-2.1\com.nineoldandroids\library\2.4.0\e9b63380f3a242dbdbf103a2355ad7e43bad17cb\library-2.4.0.jar
java_class_path (initial): F:\sdk\build-tools\23.0.1\lib\dx.jar
Launcher Type: SUN_STANDARD

Environment Variables:
PATH=C:\ProgramData\Oracle\Java\javapath;C:\Windows\system32;C:\Windows;C:\Windows\System32\Wbem;C:\Windows\System32\WindowsPowerShell\v1.0\;C:\Program Files (x86)\Intel\OpenCL SDK\2.0\bin\x86;C:\Program Files (x86)\Intel\OpenCL SDK\2.0\bin\x64;C:\Program Files\Microsoft\Web Platform Installer\;C:\Program Files (x86)\Microsoft ASP.NET\ASP.NET Web Pages\v1.0\;C:\Program Files (x86)\Windows Kits\8.0\Windows Performance Toolkit\;C:\Program Files\Microsoft SQL Server\110\Tools\Binn\;C:\VisualStudio & OpenCv\opencv\build\x64\vc11\bin\;C:\Program Files (x86)\Common Files\lenovo\easyplussdk\bin;C:\Modeltech_pe_edu_10.4a\win32pe_edu
USERNAME=Fahim Al Mahmud
OS=Windows_NT
PROCESSOR_IDENTIFIER=Intel64 Family 6 Model 58 Stepping 9, GenuineIntel



---------------  S Y S T E M  ---------------

OS: Windows 10.0 , 64 bit Build 10586 (10.0.10586.0)

CPU:total 4 (2 cores per cpu, 2 threads per core) family 6 model 58 stepping 9, cmov, cx8, fxsr, mmx, sse, sse2, sse3, ssse3, sse4.1, sse4.2, popcnt, avx, aes, clmul, erms, ht, tsc, tscinvbit, tscinv

Memory: 4k page, physical 4087096k(543548k free), swap 6005436k(3308k free)

vm_info: Java HotSpot(TM) 64-Bit Server VM (25.65-b01) for windows-amd64 JRE (1.8.0_65-b17), built on Oct  6 2015 16:39:20 by "java_re" with MS VC++ 10.0 (VS2010)

time: Sun Jun 12 01:27:38 2016
elapsed time: 1 seconds (0d 0h 0m 1s)

