#
# There is insufficient memory for the Java Runtime Environment to continue.
# Native memory allocation (malloc) failed to allocate 553136 bytes for Chunk::new
# Possible reasons:
#   The system is out of physical RAM or swap space
#   In 32 bit mode, the process size limit was hit
# Possible solutions:
#   Reduce memory load on the system
#   Increase physical memory or swap space
#   Check if swap backing store is full
#   Use 64 bit Java on a 64 bit OS
#   Decrease Java heap size (-Xmx/-Xms)
#   Decrease number of Java threads
#   Decrease Java thread stack sizes (-Xss)
#   Set larger code cache with -XX:ReservedCodeCacheSize=
# This output file may be truncated or incomplete.
#
#  Out of Memory Error (allocation.cpp:390), pid=6188, tid=7796
#
# JRE version: Java(TM) SE Runtime Environment (8.0_65-b17) (build 1.8.0_65-b17)
# Java VM: Java HotSpot(TM) 64-Bit Server VM (25.65-b01 mixed mode windows-amd64 compressed oops)
# Failed to write core dump. Minidumps are not enabled by default on client versions of Windows
#

---------------  T H R E A D  ---------------

Current thread (0x000000001494e800):  JavaThread "C2 CompilerThread0" daemon [_thread_in_native, id=7796, stack(0x0000000015fa0000,0x00000000160a0000)]

Stack: [0x0000000015fa0000,0x00000000160a0000]
[error occurred during error reporting (printing stack bounds), id 0xc0000005]

Native frames: (J=compiled Java code, j=interpreted, Vv=VM code, C=native code)


Current CompileTask:
C2:   4056 1038       4       com.android.dx.ssa.SCCP::simulateStmt (481 bytes)


---------------  P R O C E S S  ---------------

Java Threads: ( => current thread )
  0x000000001650b000 JavaThread "pool-2-thread-4" [_thread_in_Java, id=3596, stack(0x0000000016ca0000,0x0000000016da0000)]
  0x000000001650a800 JavaThread "pool-2-thread-3" [_thread_in_Java, id=6212, stack(0x0000000016ba0000,0x0000000016ca0000)]
  0x0000000016508800 JavaThread "pool-2-thread-2" [_thread_in_Java, id=7076, stack(0x0000000016aa0000,0x0000000016ba0000)]
  0x0000000016404000 JavaThread "pool-3-thread-1" [_thread_blocked, id=4380, stack(0x00000000169a0000,0x0000000016aa0000)]
  0x00000000163fc800 JavaThread "pool-2-thread-1" [_thread_in_Java, id=6544, stack(0x00000000168a0000,0x00000000169a0000)]
  0x00000000162a3800 JavaThread "Service Thread" daemon [_thread_blocked, id=6460, stack(0x00000000166a0000,0x00000000167a0000)]
  0x00000000149a9800 JavaThread "C1 CompilerThread2" daemon [_thread_blocked, id=2128, stack(0x00000000161a0000,0x00000000162a0000)]
  0x00000000149a6800 JavaThread "C2 CompilerThread1" daemon [_thread_in_native, id=2604, stack(0x00000000160a0000,0x00000000161a0000)]
=>0x000000001494e800 JavaThread "C2 CompilerThread0" daemon [_thread_in_native, id=7796, stack(0x0000000015fa0000,0x00000000160a0000)]
  0x000000001494b800 JavaThread "Attach Listener" daemon [_thread_blocked, id=4012, stack(0x0000000015ea0000,0x0000000015fa0000)]
  0x000000001494a800 JavaThread "Signal Dispatcher" daemon [_thread_blocked, id=6672, stack(0x0000000015da0000,0x0000000015ea0000)]
  0x0000000002270800 JavaThread "Finalizer" daemon [_thread_blocked, id=3132, stack(0x0000000015bc0000,0x0000000015cc0000)]
  0x000000000226d000 JavaThread "Reference Handler" daemon [_thread_blocked, id=7760, stack(0x0000000015ac0000,0x0000000015bc0000)]
  0x0000000002180800 JavaThread "main" [_thread_blocked, id=7772, stack(0x0000000001f60000,0x0000000002060000)]

Other Threads:
  0x0000000014918000 VMThread [stack: 0x00000000159c0000,0x0000000015ac0000] [id=8140]
  0x00000000162ab000 WatcherThread [stack: 0x00000000167a0000,0x00000000168a0000] [id=7104]

VM state:not at safepoint (normal execution)

VM Mutex/Monitor currently owned by a thread: None

Heap:
 PSYoungGen      total 18944K, used 8495K [0x00000000eab00000, 0x00000000ec000000, 0x0000000100000000)
  eden space 16384K, 36% used [0x00000000eab00000,0x00000000eb0ce250,0x00000000ebb00000)
  from space 2560K, 99% used [0x00000000ebb00000,0x00000000ebd7dc78,0x00000000ebd80000)
  to   space 2560K, 0% used [0x00000000ebd80000,0x00000000ebd80000,0x00000000ec000000)
 ParOldGen       total 44032K, used 1641K [0x00000000c0000000, 0x00000000c2b00000, 0x00000000eab00000)
  object space 44032K, 3% used [0x00000000c0000000,0x00000000c019a678,0x00000000c2b00000)
 Metaspace       used 5839K, capacity 6832K, committed 7040K, reserved 1056768K
  class space    used 595K, capacity 616K, committed 640K, reserved 1048576K

Card table byte_map: [0x0000000011640000,0x0000000011850000] byte_map_base: 0x0000000011040000

Marking Bits: (ParMarkBitMap*) 0x000000006dc5a5b0
 Begin Bits: [0x0000000011db0000, 0x0000000012db0000)
 End Bits:   [0x0000000012db0000, 0x0000000013db0000)

Polling page: 0x00000000001f0000

CodeCache: size=245760Kb used=4326Kb max_used=4326Kb free=241433Kb
 bounds [0x0000000002280000, 0x00000000026c0000, 0x0000000011280000]
 total_blobs=1333 nmethods=1064 adapters=182
 compilation: enabled

Compilation events (10 events):
Event: 4.048 Thread 0x00000000149a9800 nmethod 1066 0x00000000026b38d0 code [0x00000000026b3ca0, 0x00000000026b6288]
Event: 4.048 Thread 0x00000000149a9800 1067       3       com.android.dx.rop.cst.CstString::getType (4 bytes)
Event: 4.049 Thread 0x00000000149a9800 nmethod 1067 0x0000000002697bd0 code [0x0000000002697d20, 0x0000000002697e70]
Event: 4.049 Thread 0x00000000149a9800 1060       3       com.android.dx.ssa.SsaRenamer$BlockRenamer::visitMoveInsn (271 bytes)
Event: 4.050 Thread 0x00000000149a6800 nmethod 1057 0x0000000002697650 code [0x00000000026977a0, 0x0000000002697a38]
Event: 4.050 Thread 0x00000000149a6800 1059       4       com.android.dx.util.LabeledList::addLabelIndex (43 bytes)
Event: 4.052 Thread 0x00000000149a9800 nmethod 1060 0x00000000026b7990 code [0x00000000026b7e20, 0x00000000026baf28]
Event: 4.052 Thread 0x00000000149a9800 1061       3       com.android.dx.ssa.SsaRenamer::access$500 (6 bytes)
Event: 4.053 Thread 0x00000000149a9800 nmethod 1061 0x000000000269ef10 code [0x000000000269f0c0, 0x000000000269f658]
Event: 4.053 Thread 0x00000000149a9800 1062       3       com.android.dx.ssa.SsaRenamer::getLocalForNewReg (25 bytes)

GC Heap History (2 events):
Event: 3.818 GC heap before
{Heap before GC invocations=1 (full 0):
 PSYoungGen      total 18944K, used 16384K [0x00000000eab00000, 0x00000000ec000000, 0x0000000100000000)
  eden space 16384K, 100% used [0x00000000eab00000,0x00000000ebb00000,0x00000000ebb00000)
  from space 2560K, 0% used [0x00000000ebd80000,0x00000000ebd80000,0x00000000ec000000)
  to   space 2560K, 0% used [0x00000000ebb00000,0x00000000ebb00000,0x00000000ebd80000)
 ParOldGen       total 44032K, used 0K [0x00000000c0000000, 0x00000000c2b00000, 0x00000000eab00000)
  object space 44032K, 0% used [0x00000000c0000000,0x00000000c0000000,0x00000000c2b00000)
 Metaspace       used 5720K, capacity 6768K, committed 7040K, reserved 1056768K
  class space    used 593K, capacity 616K, committed 640K, reserved 1048576K
Event: 3.827 GC heap after
Heap after GC invocations=1 (full 0):
 PSYoungGen      total 18944K, used 2551K [0x00000000eab00000, 0x00000000ec000000, 0x0000000100000000)
  eden space 16384K, 0% used [0x00000000eab00000,0x00000000eab00000,0x00000000ebb00000)
  from space 2560K, 99% used [0x00000000ebb00000,0x00000000ebd7dc78,0x00000000ebd80000)
  to   space 2560K, 0% used [0x00000000ebd80000,0x00000000ebd80000,0x00000000ec000000)
 ParOldGen       total 44032K, used 1641K [0x00000000c0000000, 0x00000000c2b00000, 0x00000000eab00000)
  object space 44032K, 3% used [0x00000000c0000000,0x00000000c019a678,0x00000000c2b00000)
 Metaspace       used 5720K, capacity 6768K, committed 7040K, reserved 1056768K
  class space    used 593K, capacity 616K, committed 640K, reserved 1048576K
}

Deoptimization events (5 events):
Event: 3.594 Thread 0x000000001650b000 Uncommon trap: reason=unstable_if action=reinterpret pc=0x00000000024b1af0 method=java.util.HashMap.getNode(ILjava/lang/Object;)Ljava/util/HashMap$Node; @ 62
Event: 3.601 Thread 0x000000001650b000 Uncommon trap: reason=unstable_if action=reinterpret pc=0x00000000024b0fb0 method=java.util.BitSet.nextSetBit(I)I @ 87
Event: 3.711 Thread 0x000000001650b000 Uncommon trap: reason=bimorphic action=maybe_recompile pc=0x00000000024ff5d4 method=java.util.HashMap.getNode(ILjava/lang/Object;)Ljava/util/HashMap$Node; @ 126
Event: 3.903 Thread 0x000000001650a800 Uncommon trap: reason=bimorphic action=maybe_recompile pc=0x00000000024ff5d4 method=java.util.HashMap.getNode(ILjava/lang/Object;)Ljava/util/HashMap$Node; @ 126
Event: 3.904 Thread 0x000000001650a800 Uncommon trap: reason=bimorphic action=maybe_recompile pc=0x00000000024ff5d4 method=java.util.HashMap.getNode(ILjava/lang/Object;)Ljava/util/HashMap$Node; @ 126

Internal exceptions (2 events):
Event: 0.984 Thread 0x0000000002180800 Exception <a 'java/lang/NoSuchMethodError': Method sun.misc.Unsafe.defineClass(Ljava/lang/String;[BII)Ljava/lang/Class; name or signature does not match> (0x00000000eab0d610) thrown at [C:\workspace\8-2-build-windows-amd64-cygwin\jdk8u65\4987\hotspot\src\sìHT~ï?
Event: 0.984 Thread 0x0000000002180800 Exception <a 'java/lang/NoSuchMethodError': Method sun.misc.Unsafe.prefetchRead(Ljava/lang/Object;J)V name or signature does not match> (0x00000000eab0d8f8) thrown at [C:\workspace\8-2-build-windows-amd64-cygwin\jdk8u65\4987\hotspot\src\share\vm\prims\jni.

Events (10 events):
Event: 3.903 Thread 0x000000001650a800 Uncommon trap: trap_request=0xffffffc6 fr.pc=0x00000000024ff5d4
Event: 3.903 Thread 0x000000001650a800 DEOPT PACKING pc=0x00000000024ff5d4 sp=0x0000000016c9eca0
Event: 3.903 Thread 0x000000001650a800 DEOPT UNPACKING pc=0x00000000022c582a sp=0x0000000016c9ebc8 mode 2
Event: 3.904 Thread 0x000000001650a800 Uncommon trap: trap_request=0xffffffc6 fr.pc=0x00000000024ff5d4
Event: 3.904 Thread 0x000000001650a800 DEOPT PACKING pc=0x00000000024ff5d4 sp=0x0000000016c9ec90
Event: 3.904 Thread 0x000000001650a800 DEOPT UNPACKING pc=0x00000000022c582a sp=0x0000000016c9ebb8 mode 2
Event: 3.985 loading class java/util/HashMap$KeySet
Event: 3.985 loading class java/util/HashMap$KeySet done
Event: 3.985 loading class java/util/HashMap$KeyIterator
Event: 3.985 loading class java/util/HashMap$KeyIterator done


Dynamic libraries:
0x00007ff788ce0000 - 0x00007ff788d17000 	C:\Program Files\Java\jdk1.8.0_65\bin\java.exe
0x00007ffc1d5e0000 - 0x00007ffc1d7a1000 	C:\Windows\SYSTEM32\ntdll.dll
0x00007ffc1b370000 - 0x00007ffc1b41d000 	C:\Windows\system32\KERNEL32.DLL
0x00007ffc19d20000 - 0x00007ffc19f08000 	C:\Windows\system32\KERNELBASE.dll
0x00007ffc18190000 - 0x00007ffc18209000 	C:\Windows\system32\apphelp.dll
0x00007ffc1ac00000 - 0x00007ffc1aca7000 	C:\Windows\system32\ADVAPI32.dll
0x00007ffc1cff0000 - 0x00007ffc1d08d000 	C:\Windows\system32\msvcrt.dll
0x00007ffc1b240000 - 0x00007ffc1b29b000 	C:\Windows\system32\sechost.dll
0x00007ffc1b6a0000 - 0x00007ffc1b7bc000 	C:\Windows\system32\RPCRT4.dll
0x00007ffc1acb0000 - 0x00007ffc1ae06000 	C:\Windows\system32\USER32.dll
0x00007ffc1aa00000 - 0x00007ffc1ab86000 	C:\Windows\system32\GDI32.dll
0x00007ffc0c950000 - 0x00007ffc0cbc4000 	C:\Windows\WinSxS\amd64_microsoft.windows.common-controls_6595b64144ccf1df_6.0.10586.0_none_8c15ae12515e1c22\COMCTL32.dll
0x00007ffc1b420000 - 0x00007ffc1b69d000 	C:\Windows\system32\combase.dll
0x00007ffc1a150000 - 0x00007ffc1a1ba000 	C:\Windows\system32\bcryptPrimitives.dll
0x00007ffc1d210000 - 0x00007ffc1d24b000 	C:\Windows\system32\IMM32.DLL
0x000000006cfd0000 - 0x000000006d0a2000 	C:\Program Files\Java\jdk1.8.0_65\jre\bin\msvcr100.dll
0x000000006d450000 - 0x000000006dcd9000 	C:\Program Files\Java\jdk1.8.0_65\jre\bin\server\jvm.dll
0x00007ffc1d3a0000 - 0x00007ffc1d3a8000 	C:\Windows\system32\PSAPI.DLL
0x00007ffc02230000 - 0x00007ffc02239000 	C:\Windows\SYSTEM32\WSOCK32.dll
0x00007ffc1d090000 - 0x00007ffc1d0fb000 	C:\Windows\system32\WS2_32.dll
0x00007ffc180a0000 - 0x00007ffc180c3000 	C:\Windows\SYSTEM32\WINMM.dll
0x00007ffc0e190000 - 0x00007ffc0e19a000 	C:\Windows\SYSTEM32\VERSION.dll
0x00007ffc18070000 - 0x00007ffc1809c000 	C:\Windows\SYSTEM32\WINMMBASE.dll
0x00007ffc1a100000 - 0x00007ffc1a143000 	C:\Windows\system32\cfgmgr32.dll
0x000000006d440000 - 0x000000006d44f000 	C:\Program Files\Java\jdk1.8.0_65\jre\bin\verify.dll
0x000000006d410000 - 0x000000006d439000 	C:\Program Files\Java\jdk1.8.0_65\jre\bin\java.dll
0x000000006d3f0000 - 0x000000006d406000 	C:\Program Files\Java\jdk1.8.0_65\jre\bin\zip.dll
0x00007ffc1b980000 - 0x00007ffc1cedf000 	C:\Windows\system32\SHELL32.dll
0x00007ffc1a2d0000 - 0x00007ffc1a914000 	C:\Windows\system32\windows.storage.dll
0x00007ffc1d3c0000 - 0x00007ffc1d412000 	C:\Windows\system32\shlwapi.dll
0x00007ffc19c80000 - 0x00007ffc19c8f000 	C:\Windows\system32\kernel.appcore.dll
0x00007ffc1a920000 - 0x00007ffc1a9d5000 	C:\Windows\system32\shcore.dll
0x00007ffc19c30000 - 0x00007ffc19c7b000 	C:\Windows\system32\powrprof.dll
0x00007ffc19c10000 - 0x00007ffc19c24000 	C:\Windows\system32\profapi.dll

VM Arguments:
jvm_args: -Djava.awt.headless=true -Xmx1024M -Dfile.encoding=windows-1252 -Duser.country=US -Duser.language=en -Duser.variant 
java_command: com.android.dx.command.Main --dex --force-jumbo --num-threads=4 --multi-dex --output F:\Android Tools\My AndroWork\MapMyDay\app\build\intermediates\transforms\dex\debug\folders\1000\10\com.github.paolorotolo-appintro-3.4.0_d27c545e6cb381a647041664a8c4b9eb42645444 F:\Android Tools\My AndroWork\MapMyDay\app\build\intermediates\exploded-aar\com.github.paolorotolo\appintro\3.4.0\jars\classes.jar
java_class_path (initial): F:\sdk\build-tools\23.0.1\lib\dx.jar
Launcher Type: SUN_STANDARD

Environment Variables:
PATH=C:\ProgramData\Oracle\Java\javapath;C:\Windows\system32;C:\Windows;C:\Windows\System32\Wbem;C:\Windows\System32\WindowsPowerShell\v1.0\;C:\Program Files (x86)\Intel\OpenCL SDK\2.0\bin\x86;C:\Program Files (x86)\Intel\OpenCL SDK\2.0\bin\x64;C:\Program Files\Microsoft\Web Platform Installer\;C:\Program Files (x86)\Microsoft ASP.NET\ASP.NET Web Pages\v1.0\;C:\Program Files (x86)\Windows Kits\8.0\Windows Performance Toolkit\;C:\Program Files\Microsoft SQL Server\110\Tools\Binn\;C:\VisualStudio & OpenCv\opencv\build\x64\vc11\bin\;C:\Program Files (x86)\Common Files\lenovo\easyplussdk\bin;C:\Modeltech_pe_edu_10.4a\win32pe_edu
USERNAME=Fahim Al Mahmud
OS=Windows_NT
PROCESSOR_IDENTIFIER=Intel64 Family 6 Model 58 Stepping 9, GenuineIntel



---------------  S Y S T E M  ---------------

OS: Windows 10.0 , 64 bit Build 10586 (10.0.10586.0)

CPU:total 4 (2 cores per cpu, 2 threads per core) family 6 model 58 stepping 9, cmov, cx8, fxsr, mmx, sse, sse2, sse3, ssse3, sse4.1, sse4.2, popcnt, avx, aes, clmul, erms, ht, tsc, tscinvbit, tscinv

Memory: 4k page, physical 4087096k(424912k free), swap 5215736k(5408k free)

vm_info: Java HotSpot(TM) 64-Bit Server VM (25.65-b01) for windows-amd64 JRE (1.8.0_65-b17), built on Oct  6 2015 16:39:20 by "java_re" with MS VC++ 10.0 (VS2010)

time: Mon Jun 13 11:44:12 2016
elapsed time: 4 seconds (0d 0h 0m 4s)

