#
# There is insufficient memory for the Java Runtime Environment to continue.
# Native memory allocation (malloc) failed to allocate 560976 bytes for Chunk::new
# Possible reasons:
#   The system is out of physical RAM or swap space
#   In 32 bit mode, the process size limit was hit
# Possible solutions:
#   Reduce memory load on the system
#   Increase physical memory or swap space
#   Check if swap backing store is full
#   Use 64 bit Java on a 64 bit OS
#   Decrease Java heap size (-Xmx/-Xms)
#   Decrease number of Java threads
#   Decrease Java thread stack sizes (-Xss)
#   Set larger code cache with -XX:ReservedCodeCacheSize=
# This output file may be truncated or incomplete.
#
#  Out of Memory Error (allocation.cpp:390), pid=4708, tid=6236
#
# JRE version: Java(TM) SE Runtime Environment (8.0_65-b17) (build 1.8.0_65-b17)
# Java VM: Java HotSpot(TM) 64-Bit Server VM (25.65-b01 mixed mode windows-amd64 compressed oops)
# Failed to write core dump. Minidumps are not enabled by default on client versions of Windows
#

---------------  T H R E A D  ---------------

Current thread (0x0000000014a3e800):  JavaThread "C2 CompilerThread0" daemon [_thread_in_native, id=6236, stack(0x0000000016070000,0x0000000016170000)]

Stack: [0x0000000016070000,0x0000000016170000]
[error occurred during error reporting (printing stack bounds), id 0xc0000005]

Native frames: (J=compiled Java code, j=interpreted, Vv=VM code, C=native code)


Current CompileTask:
C2:   3811 1074       4       com.android.dx.dex.code.OutputFinisher::addConstants (93 bytes)


---------------  P R O C E S S  ---------------

Java Threads: ( => current thread )
  0x00000000164d3000 JavaThread "pool-1-thread-1" [_thread_in_native, id=4332, stack(0x0000000017670000,0x0000000017770000)]
  0x0000000016376000 JavaThread "Service Thread" daemon [_thread_blocked, id=5048, stack(0x0000000016770000,0x0000000016870000)]
  0x0000000014a99800 JavaThread "C1 CompilerThread2" daemon [_thread_blocked, id=9168, stack(0x0000000016270000,0x0000000016370000)]
  0x0000000014a40800 JavaThread "C2 CompilerThread1" daemon [_thread_blocked, id=7916, stack(0x0000000016170000,0x0000000016270000)]
=>0x0000000014a3e800 JavaThread "C2 CompilerThread0" daemon [_thread_in_native, id=6236, stack(0x0000000016070000,0x0000000016170000)]
  0x0000000014a3b800 JavaThread "Attach Listener" daemon [_thread_blocked, id=6388, stack(0x0000000015f70000,0x0000000016070000)]
  0x0000000014a3a800 JavaThread "Signal Dispatcher" daemon [_thread_blocked, id=9348, stack(0x0000000015e70000,0x0000000015f70000)]
  0x0000000002360800 JavaThread "Finalizer" daemon [_thread_blocked, id=8644, stack(0x0000000015c90000,0x0000000015d90000)]
  0x000000000235d000 JavaThread "Reference Handler" daemon [_thread_blocked, id=8128, stack(0x0000000015b90000,0x0000000015c90000)]
  0x0000000002270800 JavaThread "main" [_thread_blocked, id=9576, stack(0x00000000020b0000,0x00000000021b0000)]

Other Threads:
  0x0000000014a08000 VMThread [stack: 0x0000000015a90000,0x0000000015b90000] [id=7588]
  0x0000000016392000 WatcherThread [stack: 0x0000000016870000,0x0000000016970000] [id=6288]

VM state:not at safepoint (normal execution)

VM Mutex/Monitor currently owned by a thread: None

Heap:
 PSYoungGen      total 18944K, used 7341K [0x00000000eab00000, 0x00000000ed000000, 0x0000000100000000)
  eden space 16384K, 29% used [0x00000000eab00000,0x00000000eafaf5f8,0x00000000ebb00000)
  from space 2560K, 99% used [0x00000000ebb00000,0x00000000ebd7c028,0x00000000ebd80000)
  to   space 2560K, 0% used [0x00000000ecd80000,0x00000000ecd80000,0x00000000ed000000)
 ParOldGen       total 44032K, used 1644K [0x00000000c0000000, 0x00000000c2b00000, 0x00000000eab00000)
  object space 44032K, 3% used [0x00000000c0000000,0x00000000c019b098,0x00000000c2b00000)
 Metaspace       used 6116K, capacity 7058K, committed 7424K, reserved 1056768K
  class space    used 617K, capacity 650K, committed 768K, reserved 1048576K

Card table byte_map: [0x0000000011730000,0x0000000011940000] byte_map_base: 0x0000000011130000

Marking Bits: (ParMarkBitMap*) 0x000000005d94a5b0
 Begin Bits: [0x0000000011ea0000, 0x0000000012ea0000)
 End Bits:   [0x0000000012ea0000, 0x0000000013ea0000)

Polling page: 0x00000000001f0000

CodeCache: size=245760Kb used=4701Kb max_used=4701Kb free=241058Kb
 bounds [0x0000000002370000, 0x0000000002810000, 0x0000000011370000]
 total_blobs=1520 nmethods=1249 adapters=183
 compilation: enabled

Compilation events (10 events):
Event: 3.743 Thread 0x0000000014a99800 1241       1       com.android.dx.dex.code.Dop::getFamily (5 bytes)
Event: 3.743 Thread 0x0000000014a99800 nmethod 1241 0x0000000002807510 code [0x0000000002807660, 0x0000000002807770]
Event: 3.743 Thread 0x0000000014a99800 1246       3       com.android.dx.dex.code.DalvCode::getInsns (9 bytes)
Event: 3.743 Thread 0x0000000014a99800 nmethod 1246 0x00000000028077d0 code [0x0000000002807940, 0x0000000002807ae8]
Event: 3.743 Thread 0x0000000014a99800 1249   !   3       com.android.dx.dex.file.OffsettedItem::writeTo (72 bytes)
Event: 3.744 Thread 0x0000000014a99800 nmethod 1249 0x0000000002807b90 code [0x0000000002807e20, 0x0000000002808d88]
Event: 3.744 Thread 0x0000000014a99800 1250       3       com.android.dx.util.ByteArrayAnnotatedOutput::assertCursor (48 bytes)
Event: 3.745 Thread 0x0000000014a99800 nmethod 1250 0x0000000002809650 code [0x0000000002809860, 0x000000000280a2d8]
Event: 3.745 Thread 0x0000000014a99800 1235       1       com.android.dx.dex.code.DalvInsnList::getRegistersSize (5 bytes)
Event: 3.745 Thread 0x0000000014a99800 nmethod 1235 0x000000000280a790 code [0x000000000280a8e0, 0x000000000280a9f0]

GC Heap History (2 events):
Event: 3.280 GC heap before
{Heap before GC invocations=1 (full 0):
 PSYoungGen      total 18944K, used 16384K [0x00000000eab00000, 0x00000000ec000000, 0x0000000100000000)
  eden space 16384K, 100% used [0x00000000eab00000,0x00000000ebb00000,0x00000000ebb00000)
  from space 2560K, 0% used [0x00000000ebd80000,0x00000000ebd80000,0x00000000ec000000)
  to   space 2560K, 0% used [0x00000000ebb00000,0x00000000ebb00000,0x00000000ebd80000)
 ParOldGen       total 44032K, used 0K [0x00000000c0000000, 0x00000000c2b00000, 0x00000000eab00000)
  object space 44032K, 0% used [0x00000000c0000000,0x00000000c0000000,0x00000000c2b00000)
 Metaspace       used 5744K, capacity 6832K, committed 7040K, reserved 1056768K
  class space    used 594K, capacity 616K, committed 640K, reserved 1048576K
Event: 3.331 GC heap after
Heap after GC invocations=1 (full 0):
 PSYoungGen      total 18944K, used 2544K [0x00000000eab00000, 0x00000000ed000000, 0x0000000100000000)
  eden space 16384K, 0% used [0x00000000eab00000,0x00000000eab00000,0x00000000ebb00000)
  from space 2560K, 99% used [0x00000000ebb00000,0x00000000ebd7c028,0x00000000ebd80000)
  to   space 2560K, 0% used [0x00000000ecd80000,0x00000000ecd80000,0x00000000ed000000)
 ParOldGen       total 44032K, used 1644K [0x00000000c0000000, 0x00000000c2b00000, 0x00000000eab00000)
  object space 44032K, 3% used [0x00000000c0000000,0x00000000c019b098,0x00000000c2b00000)
 Metaspace       used 5744K, capacity 6832K, committed 7040K, reserved 1056768K
  class space    used 594K, capacity 616K, committed 640K, reserved 1048576K
}

Deoptimization events (10 events):
Event: 3.496 Thread 0x00000000164d3000 Uncommon trap: reason=unstable_if action=reinterpret pc=0x0000000002795884 method=java.util.HashMap.putVal(ILjava/lang/Object;Ljava/lang/Object;ZZ)Ljava/lang/Object; @ 94
Event: 3.515 Thread 0x00000000164d3000 Uncommon trap: reason=unstable_if action=reinterpret pc=0x0000000002798750 method=java.util.HashMap.putVal(ILjava/lang/Object;Ljava/lang/Object;ZZ)Ljava/lang/Object; @ 94
Event: 3.619 Thread 0x00000000164d3000 Uncommon trap: reason=speculate_class_check action=maybe_recompile pc=0x00000000026887d4 method=com.android.dx.util.FixedSizeList.equals(Ljava/lang/Object;)Z @ 25
Event: 3.619 Thread 0x00000000164d3000 Uncommon trap: reason=class_check action=maybe_recompile pc=0x0000000002685a20 method=java.util.Arrays.equals([Ljava/lang/Object;[Ljava/lang/Object;)Z @ 62
Event: 3.619 Thread 0x00000000164d3000 Uncommon trap: reason=speculate_class_check action=maybe_recompile pc=0x00000000026887d4 method=com.android.dx.util.FixedSizeList.equals(Ljava/lang/Object;)Z @ 25
Event: 3.619 Thread 0x00000000164d3000 Uncommon trap: reason=class_check action=maybe_recompile pc=0x0000000002685a20 method=java.util.Arrays.equals([Ljava/lang/Object;[Ljava/lang/Object;)Z @ 62
Event: 3.619 Thread 0x00000000164d3000 Uncommon trap: reason=speculate_class_check action=maybe_recompile pc=0x00000000026887d4 method=com.android.dx.util.FixedSizeList.equals(Ljava/lang/Object;)Z @ 25
Event: 3.619 Thread 0x00000000164d3000 Uncommon trap: reason=class_check action=maybe_recompile pc=0x0000000002685a20 method=java.util.Arrays.equals([Ljava/lang/Object;[Ljava/lang/Object;)Z @ 62
Event: 3.619 Thread 0x00000000164d3000 Uncommon trap: reason=speculate_class_check action=maybe_recompile pc=0x00000000026887d4 method=com.android.dx.util.FixedSizeList.equals(Ljava/lang/Object;)Z @ 25
Event: 3.619 Thread 0x00000000164d3000 Uncommon trap: reason=class_check action=maybe_recompile pc=0x0000000002685a20 method=java.util.Arrays.equals([Ljava/lang/Object;[Ljava/lang/Object;)Z @ 62

Internal exceptions (2 events):
Event: 0.051 Thread 0x0000000002270800 Exception <a 'java/lang/NoSuchMethodError': Method sun.misc.Unsafe.defineClass(Ljava/lang/String;[BII)Ljava/lang/Class; name or signature does not match> (0x00000000eab0d610) thrown at [C:\workspace\8-2-build-windows-amd64-cygwin\jdk8u65\4987\hotspot\src\seŒ3Ëê6™?
Event: 0.051 Thread 0x0000000002270800 Exception <a 'java/lang/NoSuchMethodError': Method sun.misc.Unsafe.prefetchRead(Ljava/lang/Object;J)V name or signature does not match> (0x00000000eab0d8f8) thrown at [C:\workspace\8-2-build-windows-amd64-cygwin\jdk8u65\4987\hotspot\src\share\vm\prims\jni.

Events (10 events):
Event: 3.743 loading class com/android/dx/dex/file/AnnotationItem$1 done
Event: 3.743 loading class java/security/MessageDigest
Event: 3.744 loading class java/security/MessageDigestSpi
Event: 3.744 loading class java/security/MessageDigestSpi done
Event: 3.744 loading class java/security/MessageDigest done
Event: 3.744 loading class java/security/Security
Event: 3.744 loading class java/security/Security done
Event: 3.744 loading class java/security/Security$1
Event: 3.744 loading class java/security/Security$1 done
Event: 3.766 loading class java/util/Properties$LineReader


Dynamic libraries:
0x00007ff606210000 - 0x00007ff606247000 	C:\Program Files\Java\jdk1.8.0_65\bin\java.exe
0x00007ff810bb0000 - 0x00007ff810d71000 	C:\Windows\SYSTEM32\ntdll.dll
0x00007ff80e9c0000 - 0x00007ff80ea6d000 	C:\Windows\system32\KERNEL32.DLL
0x00007ff80d280000 - 0x00007ff80d468000 	C:\Windows\system32\KERNELBASE.dll
0x00007ff80b710000 - 0x00007ff80b789000 	C:\Windows\system32\apphelp.dll
0x00007ff8108c0000 - 0x00007ff810967000 	C:\Windows\system32\ADVAPI32.dll
0x00007ff80e0e0000 - 0x00007ff80e17d000 	C:\Windows\system32\msvcrt.dll
0x00007ff8101a0000 - 0x00007ff8101fb000 	C:\Windows\system32\sechost.dll
0x00007ff810480000 - 0x00007ff81059c000 	C:\Windows\system32\RPCRT4.dll
0x00007ff80e7f0000 - 0x00007ff80e946000 	C:\Windows\system32\USER32.dll
0x00007ff810010000 - 0x00007ff810196000 	C:\Windows\system32\GDI32.dll
0x00007fffffb60000 - 0x00007fffffdd4000 	C:\Windows\WinSxS\amd64_microsoft.windows.common-controls_6595b64144ccf1df_6.0.10586.0_none_8c15ae12515e1c22\COMCTL32.dll
0x00007ff810200000 - 0x00007ff81047d000 	C:\Windows\system32\combase.dll
0x00007ff80d8f0000 - 0x00007ff80d95a000 	C:\Windows\system32\bcryptPrimitives.dll
0x00007ff80ffd0000 - 0x00007ff81000b000 	C:\Windows\system32\IMM32.DLL
0x000000005ccc0000 - 0x000000005cd92000 	C:\Program Files\Java\jdk1.8.0_65\jre\bin\msvcr100.dll
0x000000005d140000 - 0x000000005d9c9000 	C:\Program Files\Java\jdk1.8.0_65\jre\bin\server\jvm.dll
0x00007ff810750000 - 0x00007ff810758000 	C:\Windows\system32\PSAPI.DLL
0x00007ff8006f0000 - 0x00007ff8006fa000 	C:\Windows\SYSTEM32\VERSION.dll
0x00007ff80b5a0000 - 0x00007ff80b5c3000 	C:\Windows\SYSTEM32\WINMM.dll
0x00007ff802680000 - 0x00007ff802689000 	C:\Windows\SYSTEM32\WSOCK32.dll
0x00007ff80e180000 - 0x00007ff80e1eb000 	C:\Windows\system32\WS2_32.dll
0x00007ff80b240000 - 0x00007ff80b26c000 	C:\Windows\SYSTEM32\WINMMBASE.dll
0x00007ff80d6d0000 - 0x00007ff80d713000 	C:\Windows\system32\cfgmgr32.dll
0x000000005d130000 - 0x000000005d13f000 	C:\Program Files\Java\jdk1.8.0_65\jre\bin\verify.dll
0x000000005d100000 - 0x000000005d129000 	C:\Program Files\Java\jdk1.8.0_65\jre\bin\java.dll
0x000000005d0e0000 - 0x000000005d0f6000 	C:\Program Files\Java\jdk1.8.0_65\jre\bin\zip.dll
0x00007ff80ea70000 - 0x00007ff80ffcf000 	C:\Windows\system32\SHELL32.dll
0x00007ff80d960000 - 0x00007ff80dfa4000 	C:\Windows\system32\windows.storage.dll
0x00007ff80e250000 - 0x00007ff80e2a2000 	C:\Windows\system32\shlwapi.dll
0x00007ff80d230000 - 0x00007ff80d23f000 	C:\Windows\system32\kernel.appcore.dll
0x00007ff80d560000 - 0x00007ff80d615000 	C:\Windows\system32\shcore.dll
0x00007ff80d1d0000 - 0x00007ff80d21b000 	C:\Windows\system32\powrprof.dll
0x00007ff80d240000 - 0x00007ff80d254000 	C:\Windows\system32\profapi.dll

VM Arguments:
jvm_args: -Djava.awt.headless=true -Xmx1024M -Dfile.encoding=windows-1252 -Duser.country=US -Duser.language=en -Duser.variant 
java_command: com.android.dx.command.Main --dex --force-jumbo --num-threads=4 --multi-dex --output F:\Android Tools\My AndroWork\MapMyDay\app\build\intermediates\transforms\dex\debug\folders\1000\10\com.mxn.soul-flowingdrawer-core-1.2.2_4dda9417f71d9c5e1956fe7d06f8c586b0bf2ef7 F:\Android Tools\My AndroWork\MapMyDay\app\build\intermediates\exploded-aar\com.mxn.soul\flowingdrawer-core\1.2.2\jars\classes.jar
java_class_path (initial): F:\sdk\build-tools\23.0.1\lib\dx.jar
Launcher Type: SUN_STANDARD

Environment Variables:
PATH=C:\ProgramData\Oracle\Java\javapath;C:\Windows\system32;C:\Windows;C:\Windows\System32\Wbem;C:\Windows\System32\WindowsPowerShell\v1.0\;C:\Program Files (x86)\Intel\OpenCL SDK\2.0\bin\x86;C:\Program Files (x86)\Intel\OpenCL SDK\2.0\bin\x64;C:\Program Files\Microsoft\Web Platform Installer\;C:\Program Files (x86)\Microsoft ASP.NET\ASP.NET Web Pages\v1.0\;C:\Program Files (x86)\Windows Kits\8.0\Windows Performance Toolkit\;C:\Program Files\Microsoft SQL Server\110\Tools\Binn\;C:\VisualStudio & OpenCv\opencv\build\x64\vc11\bin\;C:\Program Files (x86)\Common Files\lenovo\easyplussdk\bin;C:\Modeltech_pe_edu_10.4a\win32pe_edu
USERNAME=Fahim Al Mahmud
OS=Windows_NT
PROCESSOR_IDENTIFIER=Intel64 Family 6 Model 58 Stepping 9, GenuineIntel



---------------  S Y S T E M  ---------------

OS: Windows 10.0 , 64 bit Build 10586 (10.0.10586.0)

CPU:total 4 (2 cores per cpu, 2 threads per core) family 6 model 58 stepping 9, cmov, cx8, fxsr, mmx, sse, sse2, sse3, ssse3, sse4.1, sse4.2, popcnt, avx, aes, clmul, erms, ht, tsc, tscinvbit, tscinv

Memory: 4k page, physical 4087096k(373460k free), swap 6005436k(6012k free)

vm_info: Java HotSpot(TM) 64-Bit Server VM (25.65-b01) for windows-amd64 JRE (1.8.0_65-b17), built on Oct  6 2015 16:39:20 by "java_re" with MS VC++ 10.0 (VS2010)

time: Sun Jun 12 01:21:48 2016
elapsed time: 3 seconds (0d 0h 0m 3s)

