#
# There is insufficient memory for the Java Runtime Environment to continue.
# Native memory allocation (malloc) failed to allocate 1014544 bytes for Chunk::new
# Possible reasons:
#   The system is out of physical RAM or swap space
#   In 32 bit mode, the process size limit was hit
# Possible solutions:
#   Reduce memory load on the system
#   Increase physical memory or swap space
#   Check if swap backing store is full
#   Use 64 bit Java on a 64 bit OS
#   Decrease Java heap size (-Xmx/-Xms)
#   Decrease number of Java threads
#   Decrease Java thread stack sizes (-Xss)
#   Set larger code cache with -XX:ReservedCodeCacheSize=
# This output file may be truncated or incomplete.
#
#  Out of Memory Error (allocation.cpp:390), pid=968, tid=1232
#
# JRE version: Java(TM) SE Runtime Environment (8.0_65-b17) (build 1.8.0_65-b17)
# Java VM: Java HotSpot(TM) 64-Bit Server VM (25.65-b01 mixed mode windows-amd64 compressed oops)
# Failed to write core dump. Minidumps are not enabled by default on client versions of Windows
#

---------------  T H R E A D  ---------------

Current thread (0x00000000148cd800):  JavaThread "C2 CompilerThread0" daemon [_thread_in_native, id=1232, stack(0x0000000015f00000,0x0000000016000000)]

Stack: [0x0000000015f00000,0x0000000016000000]
[error occurred during error reporting (printing stack bounds), id 0xc0000005]

Native frames: (J=compiled Java code, j=interpreted, Vv=VM code, C=native code)


Current CompileTask:
C2:   5018 1197   !   4       com.android.dx.cf.code.BytecodeArray::parseInstruction (2764 bytes)


---------------  P R O C E S S  ---------------

Java Threads: ( => current thread )
  0x0000000016474000 JavaThread "pool-1-thread-4" [_thread_in_Java, id=4796, stack(0x0000000016c00000,0x0000000016d00000)]
  0x0000000016469000 JavaThread "pool-1-thread-3" [_thread_blocked, id=7868, stack(0x0000000016b00000,0x0000000016c00000)]
  0x0000000016467000 JavaThread "pool-1-thread-2" [_thread_in_Java, id=1228, stack(0x0000000016a00000,0x0000000016b00000)]
  0x0000000016461800 JavaThread "pool-2-thread-1" [_thread_blocked, id=6304, stack(0x0000000016900000,0x0000000016a00000)]
  0x000000001645f000 JavaThread "pool-1-thread-1" [_thread_in_Java, id=7368, stack(0x0000000016800000,0x0000000016900000)]
  0x000000001492d000 JavaThread "Service Thread" daemon [_thread_blocked, id=5084, stack(0x0000000016600000,0x0000000016700000)]
  0x0000000014928800 JavaThread "C1 CompilerThread2" daemon [_thread_in_native, id=7004, stack(0x0000000016100000,0x0000000016200000)]
  0x0000000014925800 JavaThread "C2 CompilerThread1" daemon [_thread_in_native, id=2308, stack(0x0000000016000000,0x0000000016100000)]
=>0x00000000148cd800 JavaThread "C2 CompilerThread0" daemon [_thread_in_native, id=1232, stack(0x0000000015f00000,0x0000000016000000)]
  0x00000000148ca800 JavaThread "Attach Listener" daemon [_thread_blocked, id=5492, stack(0x0000000015e00000,0x0000000015f00000)]
  0x00000000148c9000 JavaThread "Signal Dispatcher" daemon [_thread_blocked, id=6556, stack(0x0000000015d00000,0x0000000015e00000)]
  0x00000000021f0000 JavaThread "Finalizer" daemon [_thread_blocked, id=6880, stack(0x0000000015b20000,0x0000000015c20000)]
  0x00000000021ed000 JavaThread "Reference Handler" daemon [_thread_blocked, id=6044, stack(0x0000000015a20000,0x0000000015b20000)]
  0x0000000002100800 JavaThread "main" [_thread_blocked, id=6684, stack(0x0000000001e60000,0x0000000001f60000)]

Other Threads:
  0x0000000014898000 VMThread [stack: 0x0000000015920000,0x0000000015a20000] [id=3536]
  0x0000000016208800 WatcherThread [stack: 0x0000000016700000,0x0000000016800000] [id=4792]

VM state:not at safepoint (normal execution)

VM Mutex/Monitor currently owned by a thread: None

Heap:
 PSYoungGen      total 18944K, used 17854K [0x00000000eab00000, 0x00000000ec000000, 0x0000000100000000)
  eden space 16384K, 93% used [0x00000000eab00000,0x00000000eb9f1e68,0x00000000ebb00000)
  from space 2560K, 99% used [0x00000000ebb00000,0x00000000ebd7dc78,0x00000000ebd80000)
  to   space 2560K, 0% used [0x00000000ebd80000,0x00000000ebd80000,0x00000000ec000000)
 ParOldGen       total 44032K, used 1842K [0x00000000c0000000, 0x00000000c2b00000, 0x00000000eab00000)
  object space 44032K, 4% used [0x00000000c0000000,0x00000000c01cca30,0x00000000c2b00000)
 Metaspace       used 5917K, capacity 6960K, committed 7040K, reserved 1056768K
  class space    used 588K, capacity 616K, committed 640K, reserved 1048576K

Card table byte_map: [0x00000000115c0000,0x00000000117d0000] byte_map_base: 0x0000000010fc0000

Marking Bits: (ParMarkBitMap*) 0x000000006dc5a5b0
 Begin Bits: [0x0000000011d30000, 0x0000000012d30000)
 End Bits:   [0x0000000012d30000, 0x0000000013d30000)

Polling page: 0x00000000001f0000

CodeCache: size=245760Kb used=5086Kb max_used=5086Kb free=240673Kb
 bounds [0x0000000002200000, 0x0000000002700000, 0x0000000011200000]
 total_blobs=1527 nmethods=1258 adapters=182
 compilation: enabled

Compilation events (10 events):
Event: 5.011 Thread 0x0000000014928800 nmethod 1257 0x00000000026f6b90 code [0x00000000026f6d00, 0x00000000026f6ee8]
Event: 5.012 Thread 0x0000000014928800 1258       3       java.util.concurrent.locks.ReentrantLock$Sync::tryRelease (45 bytes)
Event: 5.013 Thread 0x0000000014928800 nmethod 1258 0x00000000026f6fd0 code [0x00000000026f7160, 0x00000000026f7708]
Event: 5.013 Thread 0x0000000014928800 1261       3       com.android.dx.dex.file.MemberIdItem::<init> (14 bytes)
Event: 5.013 Thread 0x0000000014928800 nmethod 1261 0x00000000026f7850 code [0x00000000026f79e0, 0x00000000026f7e88]
Event: 5.013 Thread 0x0000000014928800 1262   !   3       com.android.dx.cf.code.Ropper::doit (126 bytes)
Event: 5.015 Thread 0x0000000014928800 nmethod 1262 0x00000000026f80d0 code [0x00000000026f83c0, 0x00000000026f9818]
Event: 5.015 Thread 0x0000000014928800 1265       3       com.android.dx.cf.code.ExecutionStack::clear (40 bytes)
Event: 5.015 Thread 0x0000000014928800 nmethod 1265 0x00000000026fa450 code [0x00000000026fa600, 0x00000000026fab68]
Event: 5.015 Thread 0x0000000014928800 1263       3       com.android.dx.ssa.DomFront::<init> (60 bytes)

GC Heap History (2 events):
Event: 4.568 GC heap before
{Heap before GC invocations=1 (full 0):
 PSYoungGen      total 18944K, used 16384K [0x00000000eab00000, 0x00000000ec000000, 0x0000000100000000)
  eden space 16384K, 100% used [0x00000000eab00000,0x00000000ebb00000,0x00000000ebb00000)
  from space 2560K, 0% used [0x00000000ebd80000,0x00000000ebd80000,0x00000000ec000000)
  to   space 2560K, 0% used [0x00000000ebb00000,0x00000000ebb00000,0x00000000ebd80000)
 ParOldGen       total 44032K, used 0K [0x00000000c0000000, 0x00000000c2b00000, 0x00000000eab00000)
  object space 44032K, 0% used [0x00000000c0000000,0x00000000c0000000,0x00000000c2b00000)
 Metaspace       used 5682K, capacity 6768K, committed 7040K, reserved 1056768K
  class space    used 586K, capacity 616K, committed 640K, reserved 1048576K
Event: 4.592 GC heap after
Heap after GC invocations=1 (full 0):
 PSYoungGen      total 18944K, used 2551K [0x00000000eab00000, 0x00000000ec000000, 0x0000000100000000)
  eden space 16384K, 0% used [0x00000000eab00000,0x00000000eab00000,0x00000000ebb00000)
  from space 2560K, 99% used [0x00000000ebb00000,0x00000000ebd7dc78,0x00000000ebd80000)
  to   space 2560K, 0% used [0x00000000ebd80000,0x00000000ebd80000,0x00000000ec000000)
 ParOldGen       total 44032K, used 1842K [0x00000000c0000000, 0x00000000c2b00000, 0x00000000eab00000)
  object space 44032K, 4% used [0x00000000c0000000,0x00000000c01cca30,0x00000000c2b00000)
 Metaspace       used 5682K, capacity 6768K, committed 7040K, reserved 1056768K
  class space    used 586K, capacity 616K, committed 640K, reserved 1048576K
}

Deoptimization events (3 events):
Event: 4.248 Thread 0x0000000016467000 Uncommon trap: reason=unstable_if action=reinterpret pc=0x000000000242c92c method=java.util.HashMap.getNode(ILjava/lang/Object;)Ljava/util/HashMap$Node; @ 129
Event: 4.343 Thread 0x0000000002100800 Uncommon trap: reason=unstable_if action=reinterpret pc=0x000000000240dd30 method=java.util.BitSet.nextSetBit(I)I @ 87
Event: 4.531 Thread 0x0000000016467000 Uncommon trap: reason=unstable_if action=reinterpret pc=0x000000000253ed70 method=com.android.dx.ssa.NormalSsaInsn.getLocalAssignment()Lcom/android/dx/rop/code/RegisterSpec; @ 12

Internal exceptions (2 events):
Event: 2.023 Thread 0x0000000002100800 Exception <a 'java/lang/NoSuchMethodError': Method sun.misc.Unsafe.defineClass(Ljava/lang/String;[BII)Ljava/lang/Class; name or signature does not match> (0x00000000eab0d780) thrown at [C:\workspace\8-2-build-windows-amd64-cygwin\jdk8u65\4987\hotspot\src\s¡˜ÀçÏ.
Event: 2.023 Thread 0x0000000002100800 Exception <a 'java/lang/NoSuchMethodError': Method sun.misc.Unsafe.prefetchRead(Ljava/lang/Object;J)V name or signature does not match> (0x00000000eab0da68) thrown at [C:\workspace\8-2-build-windows-amd64-cygwin\jdk8u65\4987\hotspot\src\share\vm\prims\jni.

Events (10 events):
Event: 4.565 Executing VM operation: ParallelGCFailedAllocation
Event: 4.592 Executing VM operation: ParallelGCFailedAllocation done
Event: 4.618 loading class com/android/dx/cf/attrib/AttRuntimeInvisibleAnnotations
Event: 4.618 loading class com/android/dx/cf/attrib/AttRuntimeInvisibleAnnotations done
Event: 4.648 loading class java/util/TreeMap$EntrySet
Event: 4.648 loading class java/util/TreeMap$EntrySet done
Event: 4.648 loading class java/util/TreeMap$EntryIterator
Event: 4.648 loading class java/util/TreeMap$EntryIterator done
Event: 4.648 Executing VM operation: Deoptimize
Event: 4.649 Executing VM operation: Deoptimize done


Dynamic libraries:
0x00007ff788ce0000 - 0x00007ff788d17000 	C:\Program Files\Java\jdk1.8.0_65\bin\java.exe
0x00007ffc1d5e0000 - 0x00007ffc1d7a1000 	C:\Windows\SYSTEM32\ntdll.dll
0x00007ffc1b370000 - 0x00007ffc1b41d000 	C:\Windows\system32\KERNEL32.DLL
0x00007ffc19d20000 - 0x00007ffc19f08000 	C:\Windows\system32\KERNELBASE.dll
0x00007ffc18190000 - 0x00007ffc18209000 	C:\Windows\system32\apphelp.dll
0x00007ffc1ac00000 - 0x00007ffc1aca7000 	C:\Windows\system32\ADVAPI32.dll
0x00007ffc1cff0000 - 0x00007ffc1d08d000 	C:\Windows\system32\msvcrt.dll
0x00007ffc1b240000 - 0x00007ffc1b29b000 	C:\Windows\system32\sechost.dll
0x00007ffc1b6a0000 - 0x00007ffc1b7bc000 	C:\Windows\system32\RPCRT4.dll
0x00007ffc1acb0000 - 0x00007ffc1ae06000 	C:\Windows\system32\USER32.dll
0x00007ffc1aa00000 - 0x00007ffc1ab86000 	C:\Windows\system32\GDI32.dll
0x00007ffc0c950000 - 0x00007ffc0cbc4000 	C:\Windows\WinSxS\amd64_microsoft.windows.common-controls_6595b64144ccf1df_6.0.10586.0_none_8c15ae12515e1c22\COMCTL32.dll
0x00007ffc1b420000 - 0x00007ffc1b69d000 	C:\Windows\system32\combase.dll
0x00007ffc1a150000 - 0x00007ffc1a1ba000 	C:\Windows\system32\bcryptPrimitives.dll
0x00007ffc1d210000 - 0x00007ffc1d24b000 	C:\Windows\system32\IMM32.DLL
0x000000006cfd0000 - 0x000000006d0a2000 	C:\Program Files\Java\jdk1.8.0_65\jre\bin\msvcr100.dll
0x000000006d450000 - 0x000000006dcd9000 	C:\Program Files\Java\jdk1.8.0_65\jre\bin\server\jvm.dll
0x00007ffc1d3a0000 - 0x00007ffc1d3a8000 	C:\Windows\system32\PSAPI.DLL
0x00007ffc02230000 - 0x00007ffc02239000 	C:\Windows\SYSTEM32\WSOCK32.dll
0x00007ffc1d090000 - 0x00007ffc1d0fb000 	C:\Windows\system32\WS2_32.dll
0x00007ffc180a0000 - 0x00007ffc180c3000 	C:\Windows\SYSTEM32\WINMM.dll
0x00007ffc0e190000 - 0x00007ffc0e19a000 	C:\Windows\SYSTEM32\VERSION.dll
0x00007ffc18070000 - 0x00007ffc1809c000 	C:\Windows\SYSTEM32\WINMMBASE.dll
0x00007ffc1a100000 - 0x00007ffc1a143000 	C:\Windows\system32\cfgmgr32.dll
0x000000006d440000 - 0x000000006d44f000 	C:\Program Files\Java\jdk1.8.0_65\jre\bin\verify.dll
0x000000006d410000 - 0x000000006d439000 	C:\Program Files\Java\jdk1.8.0_65\jre\bin\java.dll
0x000000006d3f0000 - 0x000000006d406000 	C:\Program Files\Java\jdk1.8.0_65\jre\bin\zip.dll
0x00007ffc1b980000 - 0x00007ffc1cedf000 	C:\Windows\system32\SHELL32.dll
0x00007ffc1a2d0000 - 0x00007ffc1a914000 	C:\Windows\system32\windows.storage.dll
0x00007ffc1d3c0000 - 0x00007ffc1d412000 	C:\Windows\system32\shlwapi.dll
0x00007ffc19c80000 - 0x00007ffc19c8f000 	C:\Windows\system32\kernel.appcore.dll
0x00007ffc1a920000 - 0x00007ffc1a9d5000 	C:\Windows\system32\shcore.dll
0x00007ffc19c30000 - 0x00007ffc19c7b000 	C:\Windows\system32\powrprof.dll
0x00007ffc19c10000 - 0x00007ffc19c24000 	C:\Windows\system32\profapi.dll

VM Arguments:
jvm_args: -Djava.awt.headless=true -Xmx1024M -Dfile.encoding=windows-1252 -Duser.country=US -Duser.language=en -Duser.variant 
java_command: com.android.dx.command.Main --dex --force-jumbo --num-threads=4 --output F:\Android Tools\My AndroWork\MapMyDay\app\build\intermediates\pre-dexed\debug\com.google.android.gms-play-services-maps-8.4.0_0881b5e8d06ea5ab105d9da07535a69626dd27b3.jar F:\Android Tools\My AndroWork\MapMyDay\app\build\intermediates\exploded-aar\com.google.android.gms\play-services-maps\8.4.0\jars\classes.jar
java_class_path (initial): F:\sdk\build-tools\23.0.1\lib\dx.jar
Launcher Type: SUN_STANDARD

Environment Variables:
PATH=C:\ProgramData\Oracle\Java\javapath;C:\Windows\system32;C:\Windows;C:\Windows\System32\Wbem;C:\Windows\System32\WindowsPowerShell\v1.0\;C:\Program Files (x86)\Intel\OpenCL SDK\2.0\bin\x86;C:\Program Files (x86)\Intel\OpenCL SDK\2.0\bin\x64;C:\Program Files\Microsoft\Web Platform Installer\;C:\Program Files (x86)\Microsoft ASP.NET\ASP.NET Web Pages\v1.0\;C:\Program Files (x86)\Windows Kits\8.0\Windows Performance Toolkit\;C:\Program Files\Microsoft SQL Server\110\Tools\Binn\;C:\VisualStudio & OpenCv\opencv\build\x64\vc11\bin\;C:\Program Files (x86)\Common Files\lenovo\easyplussdk\bin;C:\Modeltech_pe_edu_10.4a\win32pe_edu
USERNAME=Fahim Al Mahmud
OS=Windows_NT
PROCESSOR_IDENTIFIER=Intel64 Family 6 Model 58 Stepping 9, GenuineIntel



---------------  S Y S T E M  ---------------

OS: Windows 10.0 , 64 bit Build 10586 (10.0.10586.0)

CPU:total 4 (2 cores per cpu, 2 threads per core) family 6 model 58 stepping 9, cmov, cx8, fxsr, mmx, sse, sse2, sse3, ssse3, sse4.1, sse4.2, popcnt, avx, aes, clmul, erms, ht, tsc, tscinvbit, tscinv

Memory: 4k page, physical 4087096k(410916k free), swap 5250600k(5564k free)

vm_info: Java HotSpot(TM) 64-Bit Server VM (25.65-b01) for windows-amd64 JRE (1.8.0_65-b17), built on Oct  6 2015 16:39:20 by "java_re" with MS VC++ 10.0 (VS2010)

time: Mon Jun 13 11:34:20 2016
elapsed time: 5 seconds (0d 0h 0m 5s)

