#
# There is insufficient memory for the Java Runtime Environment to continue.
# Native memory allocation (malloc) failed to allocate 1087376 bytes for Chunk::new
# Possible reasons:
#   The system is out of physical RAM or swap space
#   In 32 bit mode, the process size limit was hit
# Possible solutions:
#   Reduce memory load on the system
#   Increase physical memory or swap space
#   Check if swap backing store is full
#   Use 64 bit Java on a 64 bit OS
#   Decrease Java heap size (-Xmx/-Xms)
#   Decrease number of Java threads
#   Decrease Java thread stack sizes (-Xss)
#   Set larger code cache with -XX:ReservedCodeCacheSize=
# This output file may be truncated or incomplete.
#
#  Out of Memory Error (allocation.cpp:390), pid=6676, tid=6888
#
# JRE version: Java(TM) SE Runtime Environment (8.0_65-b17) (build 1.8.0_65-b17)
# Java VM: Java HotSpot(TM) 64-Bit Server VM (25.65-b01 mixed mode windows-amd64 compressed oops)
# Failed to write core dump. Minidumps are not enabled by default on client versions of Windows
#

---------------  T H R E A D  ---------------

Current thread (0x000000001497d800):  JavaThread "C2 CompilerThread0" daemon [_thread_in_native, id=6888, stack(0x0000000015fc0000,0x00000000160c0000)]

Stack: [0x0000000015fc0000,0x00000000160c0000]
[error occurred during error reporting (printing stack bounds), id 0xc0000005]

Native frames: (J=compiled Java code, j=interpreted, Vv=VM code, C=native code)


Current CompileTask:
C2:   3361  982   !   4       com.android.dx.cf.code.BytecodeArray::parseInstruction (2764 bytes)


---------------  P R O C E S S  ---------------

Java Threads: ( => current thread )
  0x0000000016509000 JavaThread "pool-2-thread-4" [_thread_blocked, id=5212, stack(0x0000000016cc0000,0x0000000016dc0000)]
  0x0000000016508000 JavaThread "pool-2-thread-3" [_thread_blocked, id=6040, stack(0x0000000016bc0000,0x0000000016cc0000)]
  0x00000000164e9000 JavaThread "pool-2-thread-2" [_thread_in_Java, id=4824, stack(0x0000000016ac0000,0x0000000016bc0000)]
  0x00000000163e7800 JavaThread "pool-3-thread-1" [_thread_blocked, id=5884, stack(0x00000000169c0000,0x0000000016ac0000)]
  0x00000000163e7000 JavaThread "pool-2-thread-1" [_thread_blocked, id=7556, stack(0x00000000168c0000,0x00000000169c0000)]
  0x00000000162c5800 JavaThread "Service Thread" daemon [_thread_blocked, id=5464, stack(0x00000000166c0000,0x00000000167c0000)]
  0x00000000149dc000 JavaThread "C1 CompilerThread2" daemon [_thread_blocked, id=9212, stack(0x00000000161c0000,0x00000000162c0000)]
  0x00000000149d5800 JavaThread "C2 CompilerThread1" daemon [_thread_blocked, id=8208, stack(0x00000000160c0000,0x00000000161c0000)]
=>0x000000001497d800 JavaThread "C2 CompilerThread0" daemon [_thread_in_native, id=6888, stack(0x0000000015fc0000,0x00000000160c0000)]
  0x000000001497a800 JavaThread "Attach Listener" daemon [_thread_blocked, id=8664, stack(0x0000000015ec0000,0x0000000015fc0000)]
  0x0000000014979000 JavaThread "Signal Dispatcher" daemon [_thread_blocked, id=2944, stack(0x0000000015dc0000,0x0000000015ec0000)]
  0x00000000022a6000 JavaThread "Finalizer" daemon [_thread_blocked, id=5296, stack(0x0000000015be0000,0x0000000015ce0000)]
  0x000000000229d000 JavaThread "Reference Handler" daemon [_thread_blocked, id=4504, stack(0x0000000015ae0000,0x0000000015be0000)]
  0x00000000021b0800 JavaThread "main" [_thread_in_native, id=8272, stack(0x00000000020b0000,0x00000000021b0000)]

Other Threads:
  0x0000000014948000 VMThread [stack: 0x00000000159e0000,0x0000000015ae0000] [id=8544]
  0x00000000162da800 WatcherThread [stack: 0x00000000167c0000,0x00000000168c0000] [id=4404]

VM state:not at safepoint (normal execution)

VM Mutex/Monitor currently owned by a thread: None

Heap:
 PSYoungGen      total 18944K, used 6989K [0x00000000eab00000, 0x00000000ed000000, 0x0000000100000000)
  eden space 16384K, 27% used [0x00000000eab00000,0x00000000eaf54cf8,0x00000000ebb00000)
  from space 2560K, 99% used [0x00000000ebb00000,0x00000000ebd7e8c8,0x00000000ebd80000)
  to   space 2560K, 0% used [0x00000000ecd80000,0x00000000ecd80000,0x00000000ed000000)
 ParOldGen       total 44032K, used 1640K [0x00000000c0000000, 0x00000000c2b00000, 0x00000000eab00000)
  object space 44032K, 3% used [0x00000000c0000000,0x00000000c019a0f8,0x00000000c2b00000)
 Metaspace       used 5588K, capacity 6832K, committed 7040K, reserved 1056768K
  class space    used 567K, capacity 616K, committed 640K, reserved 1048576K

Card table byte_map: [0x0000000011670000,0x0000000011880000] byte_map_base: 0x0000000011070000

Marking Bits: (ParMarkBitMap*) 0x000000005d94a5b0
 Begin Bits: [0x0000000011de0000, 0x0000000012de0000)
 End Bits:   [0x0000000012de0000, 0x0000000013de0000)

Polling page: 0x00000000001f0000

CodeCache: size=245760Kb used=4031Kb max_used=4042Kb free=241728Kb
 bounds [0x00000000022b0000, 0x00000000026b0000, 0x00000000112b0000]
 total_blobs=1246 nmethods=985 adapters=174
 compilation: enabled

Compilation events (10 events):
Event: 3.232 Thread 0x00000000149dc000 nmethod 921 0x00000000026a09d0 code [0x00000000026a0b20, 0x00000000026a0c30]
Event: 3.232 Thread 0x00000000149dc000  977       1       java.util.HashMap$Node::getKey (5 bytes)
Event: 3.232 Thread 0x00000000149dc000 nmethod 977 0x00000000026a0c90 code [0x00000000026a0de0, 0x00000000026a0ef0]
Event: 3.232 Thread 0x00000000149dc000  997       1       com.android.dx.cf.iface.StdMethod::getEffectiveDescriptor (5 bytes)
Event: 3.232 Thread 0x00000000149dc000 nmethod 997 0x00000000026a0f50 code [0x00000000026a10a0, 0x00000000026a11b0]
Event: 3.236 Thread 0x00000000149d5800 nmethod 995 0x00000000026a4050 code [0x00000000026a41a0, 0x00000000026a43c8]
Event: 3.236 Thread 0x00000000149d5800  985       4       com.android.dx.ssa.SsaMethod$2::visitNonMoveInsn (6 bytes)
Event: 3.246 Thread 0x00000000149d5800 nmethod 985 0x00000000026a1d90 code [0x00000000026a1f00, 0x00000000026a2478]
Event: 3.246 Thread 0x00000000149d5800  986       4       com.android.dx.ssa.SsaMethod$1::visitNonMoveInsn (26 bytes)
Event: 3.248 Thread 0x00000000149d5800 nmethod 986 0x00000000026a4610 code [0x00000000026a4760, 0x00000000026a4858]

GC Heap History (2 events):
Event: 3.059 GC heap before
{Heap before GC invocations=1 (full 0):
 PSYoungGen      total 18944K, used 16384K [0x00000000eab00000, 0x00000000ec000000, 0x0000000100000000)
  eden space 16384K, 100% used [0x00000000eab00000,0x00000000ebb00000,0x00000000ebb00000)
  from space 2560K, 0% used [0x00000000ebd80000,0x00000000ebd80000,0x00000000ec000000)
  to   space 2560K, 0% used [0x00000000ebb00000,0x00000000ebb00000,0x00000000ebd80000)
 ParOldGen       total 44032K, used 0K [0x00000000c0000000, 0x00000000c2b00000, 0x00000000eab00000)
  object space 44032K, 0% used [0x00000000c0000000,0x00000000c0000000,0x00000000c2b00000)
 Metaspace       used 5519K, capacity 6768K, committed 7040K, reserved 1056768K
  class space    used 566K, capacity 616K, committed 640K, reserved 1048576K
Event: 3.143 GC heap after
Heap after GC invocations=1 (full 0):
 PSYoungGen      total 18944K, used 2554K [0x00000000eab00000, 0x00000000ed000000, 0x0000000100000000)
  eden space 16384K, 0% used [0x00000000eab00000,0x00000000eab00000,0x00000000ebb00000)
  from space 2560K, 99% used [0x00000000ebb00000,0x00000000ebd7e8c8,0x00000000ebd80000)
  to   space 2560K, 0% used [0x00000000ecd80000,0x00000000ecd80000,0x00000000ed000000)
 ParOldGen       total 44032K, used 1640K [0x00000000c0000000, 0x00000000c2b00000, 0x00000000eab00000)
  object space 44032K, 3% used [0x00000000c0000000,0x00000000c019a0f8,0x00000000c2b00000)
 Metaspace       used 5519K, capacity 6768K, committed 7040K, reserved 1056768K
  class space    used 566K, capacity 616K, committed 640K, reserved 1048576K
}

Deoptimization events (10 events):
Event: 2.334 Thread 0x00000000021b0800 Uncommon trap: reason=class_check action=maybe_recompile pc=0x0000000002452bd0 method=com.android.dx.rop.cst.CstMemberRef.compareTo0(Lcom/android/dx/rop/cst/Constant;)I @ 1
Event: 2.369 Thread 0x0000000016508000 Uncommon trap: reason=unstable_if action=reinterpret pc=0x00000000024e0eb8 method=java.util.HashMap.getNode(ILjava/lang/Object;)Ljava/util/HashMap$Node; @ 62
Event: 2.493 Thread 0x0000000016508000 Uncommon trap: reason=unstable_if action=reinterpret pc=0x0000000002455154 method=com.android.dx.rop.cst.CstFieldRef.compareTo0(Lcom/android/dx/rop/cst/Constant;)I @ 7
Event: 2.502 Thread 0x0000000016508000 Uncommon trap: reason=speculate_class_check action=maybe_recompile pc=0x0000000002584848 method=com.android.dx.rop.cst.Constant.compareTo(Lcom/android/dx/rop/cst/Constant;)I @ 29
Event: 2.502 Thread 0x0000000016508000 Uncommon trap: reason=speculate_class_check action=maybe_recompile pc=0x0000000002584848 method=com.android.dx.rop.cst.Constant.compareTo(Lcom/android/dx/rop/cst/Constant;)I @ 29
Event: 2.502 Thread 0x0000000016508000 Uncommon trap: reason=speculate_class_check action=maybe_recompile pc=0x0000000002584848 method=com.android.dx.rop.cst.Constant.compareTo(Lcom/android/dx/rop/cst/Constant;)I @ 29
Event: 2.502 Thread 0x0000000016508000 Uncommon trap: reason=speculate_class_check action=maybe_recompile pc=0x0000000002584848 method=com.android.dx.rop.cst.Constant.compareTo(Lcom/android/dx/rop/cst/Constant;)I @ 29
Event: 3.184 Thread 0x00000000164e9000 Uncommon trap: reason=unstable_if action=reinterpret pc=0x00000000025bb238 method=java.util.HashMap.getNode(ILjava/lang/Object;)Ljava/util/HashMap$Node; @ 129
Event: 3.184 Thread 0x00000000164e9000 Uncommon trap: reason=unstable_if action=reinterpret pc=0x000000000258381c method=java.util.HashMap.getNode(ILjava/lang/Object;)Ljava/util/HashMap$Node; @ 129
Event: 3.186 Thread 0x00000000164e9000 Uncommon trap: reason=unstable_if action=reinterpret pc=0x000000000253c8e8 method=java.util.HashMap.getNode(ILjava/lang/Object;)Ljava/util/HashMap$Node; @ 129

Internal exceptions (2 events):
Event: 0.072 Thread 0x00000000021b0800 Exception <a 'java/lang/NoSuchMethodError': Method sun.misc.Unsafe.defineClass(Ljava/lang/String;[BII)Ljava/lang/Class; name or signature does not match> (0x00000000eab0d560) thrown at [C:\workspace\8-2-build-windows-amd64-cygwin\jdk8u65\4987\hotspot\src\sÂmáf~²?
Event: 0.072 Thread 0x00000000021b0800 Exception <a 'java/lang/NoSuchMethodError': Method sun.misc.Unsafe.prefetchRead(Ljava/lang/Object;J)V name or signature does not match> (0x00000000eab0d848) thrown at [C:\workspace\8-2-build-windows-amd64-cygwin\jdk8u65\4987\hotspot\src\share\vm\prims\jni.

Events (10 events):
Event: 3.176 loading class com/android/dx/cf/code/BytecodeArray$ConstantParserVisitor done
Event: 3.184 Thread 0x00000000164e9000 Uncommon trap: trap_request=0xffffff65 fr.pc=0x00000000025bb238
Event: 3.184 Thread 0x00000000164e9000 DEOPT PACKING pc=0x00000000025bb238 sp=0x0000000016bbe810
Event: 3.184 Thread 0x00000000164e9000 DEOPT UNPACKING pc=0x00000000022f582a sp=0x0000000016bbe6e0 mode 2
Event: 3.184 Thread 0x00000000164e9000 Uncommon trap: trap_request=0xffffff65 fr.pc=0x000000000258381c
Event: 3.184 Thread 0x00000000164e9000 DEOPT PACKING pc=0x000000000258381c sp=0x0000000016bbe720
Event: 3.184 Thread 0x00000000164e9000 DEOPT UNPACKING pc=0x00000000022f582a sp=0x0000000016bbe650 mode 2
Event: 3.186 Thread 0x00000000164e9000 Uncommon trap: trap_request=0xffffff65 fr.pc=0x000000000253c8e8
Event: 3.186 Thread 0x00000000164e9000 DEOPT PACKING pc=0x000000000253c8e8 sp=0x0000000016bbe730
Event: 3.186 Thread 0x00000000164e9000 DEOPT UNPACKING pc=0x00000000022f582a sp=0x0000000016bbe6d0 mode 2


Dynamic libraries:
0x00007ff606210000 - 0x00007ff606247000 	C:\Program Files\Java\jdk1.8.0_65\bin\java.exe
0x00007ff810bb0000 - 0x00007ff810d71000 	C:\Windows\SYSTEM32\ntdll.dll
0x00007ff80e9c0000 - 0x00007ff80ea6d000 	C:\Windows\system32\KERNEL32.DLL
0x00007ff80d280000 - 0x00007ff80d468000 	C:\Windows\system32\KERNELBASE.dll
0x00007ff80b710000 - 0x00007ff80b789000 	C:\Windows\system32\apphelp.dll
0x00007ff8108c0000 - 0x00007ff810967000 	C:\Windows\system32\ADVAPI32.dll
0x00007ff80e0e0000 - 0x00007ff80e17d000 	C:\Windows\system32\msvcrt.dll
0x00007ff8101a0000 - 0x00007ff8101fb000 	C:\Windows\system32\sechost.dll
0x00007ff810480000 - 0x00007ff81059c000 	C:\Windows\system32\RPCRT4.dll
0x00007ff80e7f0000 - 0x00007ff80e946000 	C:\Windows\system32\USER32.dll
0x00007ff810010000 - 0x00007ff810196000 	C:\Windows\system32\GDI32.dll
0x00007fffffb60000 - 0x00007fffffdd4000 	C:\Windows\WinSxS\amd64_microsoft.windows.common-controls_6595b64144ccf1df_6.0.10586.0_none_8c15ae12515e1c22\COMCTL32.dll
0x00007ff810200000 - 0x00007ff81047d000 	C:\Windows\system32\combase.dll
0x00007ff80d8f0000 - 0x00007ff80d95a000 	C:\Windows\system32\bcryptPrimitives.dll
0x00007ff80ffd0000 - 0x00007ff81000b000 	C:\Windows\system32\IMM32.DLL
0x000000005ccc0000 - 0x000000005cd92000 	C:\Program Files\Java\jdk1.8.0_65\jre\bin\msvcr100.dll
0x000000005d140000 - 0x000000005d9c9000 	C:\Program Files\Java\jdk1.8.0_65\jre\bin\server\jvm.dll
0x00007ff810750000 - 0x00007ff810758000 	C:\Windows\system32\PSAPI.DLL
0x00007ff802680000 - 0x00007ff802689000 	C:\Windows\SYSTEM32\WSOCK32.dll
0x00007ff80e180000 - 0x00007ff80e1eb000 	C:\Windows\system32\WS2_32.dll
0x00007ff80b5a0000 - 0x00007ff80b5c3000 	C:\Windows\SYSTEM32\WINMM.dll
0x00007ff8006f0000 - 0x00007ff8006fa000 	C:\Windows\SYSTEM32\VERSION.dll
0x00007ff80b240000 - 0x00007ff80b26c000 	C:\Windows\SYSTEM32\WINMMBASE.dll
0x00007ff80d6d0000 - 0x00007ff80d713000 	C:\Windows\system32\cfgmgr32.dll
0x000000005d130000 - 0x000000005d13f000 	C:\Program Files\Java\jdk1.8.0_65\jre\bin\verify.dll
0x000000005d100000 - 0x000000005d129000 	C:\Program Files\Java\jdk1.8.0_65\jre\bin\java.dll
0x000000005d0e0000 - 0x000000005d0f6000 	C:\Program Files\Java\jdk1.8.0_65\jre\bin\zip.dll
0x00007ff80ea70000 - 0x00007ff80ffcf000 	C:\Windows\system32\SHELL32.dll
0x00007ff80d960000 - 0x00007ff80dfa4000 	C:\Windows\system32\windows.storage.dll
0x00007ff80e250000 - 0x00007ff80e2a2000 	C:\Windows\system32\shlwapi.dll
0x00007ff80d230000 - 0x00007ff80d23f000 	C:\Windows\system32\kernel.appcore.dll
0x00007ff80d560000 - 0x00007ff80d615000 	C:\Windows\system32\shcore.dll
0x00007ff80d1d0000 - 0x00007ff80d21b000 	C:\Windows\system32\powrprof.dll
0x00007ff80d240000 - 0x00007ff80d254000 	C:\Windows\system32\profapi.dll

VM Arguments:
jvm_args: -Djava.awt.headless=true -Xmx1024M -Dfile.encoding=windows-1252 -Duser.country=US -Duser.language=en -Duser.variant 
java_command: com.android.dx.command.Main --dex --force-jumbo --num-threads=4 --multi-dex --output F:\Android Tools\My AndroWork\MapMyDay\app\build\intermediates\transforms\dex\debug\folders\1000\5\slice_0 F:\Android Tools\My AndroWork\MapMyDay\app\build\intermediates\transforms\instantRunSlicer\debug\folders\1\5\slice_0
java_class_path (initial): F:\sdk\build-tools\23.0.1\lib\dx.jar
Launcher Type: SUN_STANDARD

Environment Variables:
PATH=C:\ProgramData\Oracle\Java\javapath;C:\Windows\system32;C:\Windows;C:\Windows\System32\Wbem;C:\Windows\System32\WindowsPowerShell\v1.0\;C:\Program Files (x86)\Intel\OpenCL SDK\2.0\bin\x86;C:\Program Files (x86)\Intel\OpenCL SDK\2.0\bin\x64;C:\Program Files\Microsoft\Web Platform Installer\;C:\Program Files (x86)\Microsoft ASP.NET\ASP.NET Web Pages\v1.0\;C:\Program Files (x86)\Windows Kits\8.0\Windows Performance Toolkit\;C:\Program Files\Microsoft SQL Server\110\Tools\Binn\;C:\VisualStudio & OpenCv\opencv\build\x64\vc11\bin\;C:\Program Files (x86)\Common Files\lenovo\easyplussdk\bin;C:\Modeltech_pe_edu_10.4a\win32pe_edu
USERNAME=Fahim Al Mahmud
OS=Windows_NT
PROCESSOR_IDENTIFIER=Intel64 Family 6 Model 58 Stepping 9, GenuineIntel



---------------  S Y S T E M  ---------------

OS: Windows 10.0 , 64 bit Build 10586 (10.0.10586.0)

CPU:total 4 (2 cores per cpu, 2 threads per core) family 6 model 58 stepping 9, cmov, cx8, fxsr, mmx, sse, sse2, sse3, ssse3, sse4.1, sse4.2, popcnt, avx, aes, clmul, erms, ht, tsc, tscinvbit, tscinv

Memory: 4k page, physical 4087096k(262948k free), swap 6005436k(4988k free)

vm_info: Java HotSpot(TM) 64-Bit Server VM (25.65-b01) for windows-amd64 JRE (1.8.0_65-b17), built on Oct  6 2015 16:39:20 by "java_re" with MS VC++ 10.0 (VS2010)

time: Sun Jun 12 01:21:42 2016
elapsed time: 3 seconds (0d 0h 0m 3s)

