#
# There is insufficient memory for the Java Runtime Environment to continue.
# Native memory allocation (malloc) failed to allocate 32744 bytes for ChunkPool::allocate
# Possible reasons:
#   The system is out of physical RAM or swap space
#   In 32 bit mode, the process size limit was hit
# Possible solutions:
#   Reduce memory load on the system
#   Increase physical memory or swap space
#   Check if swap backing store is full
#   Use 64 bit Java on a 64 bit OS
#   Decrease Java heap size (-Xmx/-Xms)
#   Decrease number of Java threads
#   Decrease Java thread stack sizes (-Xss)
#   Set larger code cache with -XX:ReservedCodeCacheSize=
# This output file may be truncated or incomplete.
#
#  Out of Memory Error (allocation.cpp:273), pid=7196, tid=7872
#
# JRE version: Java(TM) SE Runtime Environment (8.0_65-b17) (build 1.8.0_65-b17)
# Java VM: Java HotSpot(TM) 64-Bit Server VM (25.65-b01 mixed mode windows-amd64 compressed oops)
# Failed to write core dump. Minidumps are not enabled by default on client versions of Windows
#

---------------  T H R E A D  ---------------

Current thread (0x000000001493d800):  JavaThread "C2 CompilerThread0" daemon [_thread_in_native, id=7872, stack(0x0000000015f80000,0x0000000016080000)]

Stack: [0x0000000015f80000,0x0000000016080000]
[error occurred during error reporting (printing stack bounds), id 0xc0000005]

Native frames: (J=compiled Java code, j=interpreted, Vv=VM code, C=native code)


Current CompileTask:
C2:  18796 1907   !   4       com.android.dx.cf.code.BytecodeArray::parseInstruction (2764 bytes)


---------------  P R O C E S S  ---------------

Java Threads: ( => current thread )
  0x000000001651d800 JavaThread "pool-1-thread-1" [_thread_in_Java, id=468, stack(0x0000000018550000,0x0000000018650000)]
  0x0000000016285800 JavaThread "Service Thread" daemon [_thread_blocked, id=3444, stack(0x0000000016680000,0x0000000016780000)]
  0x0000000014998800 JavaThread "C1 CompilerThread2" daemon [_thread_in_native, id=1568, stack(0x0000000016180000,0x0000000016280000)]
  0x0000000014995800 JavaThread "C2 CompilerThread1" daemon [_thread_in_native, id=4156, stack(0x0000000016080000,0x0000000016180000)]
=>0x000000001493d800 JavaThread "C2 CompilerThread0" daemon [_thread_in_native, id=7872, stack(0x0000000015f80000,0x0000000016080000)]
  0x000000001493a800 JavaThread "Attach Listener" daemon [_thread_blocked, id=1620, stack(0x0000000015e80000,0x0000000015f80000)]
  0x0000000014939000 JavaThread "Signal Dispatcher" daemon [_thread_blocked, id=2608, stack(0x0000000015d80000,0x0000000015e80000)]
  0x0000000002260800 JavaThread "Finalizer" daemon [_thread_blocked, id=7116, stack(0x0000000015ba0000,0x0000000015ca0000)]
  0x000000000225d000 JavaThread "Reference Handler" daemon [_thread_blocked, id=7832, stack(0x0000000015aa0000,0x0000000015ba0000)]
  0x0000000002170800 JavaThread "main" [_thread_blocked, id=1668, stack(0x0000000001ff0000,0x00000000020f0000)]

Other Threads:
  0x0000000014908000 VMThread [stack: 0x00000000159a0000,0x0000000015aa0000] [id=5816]
  0x0000000016299000 WatcherThread [stack: 0x0000000016780000,0x0000000016880000] [id=6908]

VM state:not at safepoint (normal execution)

VM Mutex/Monitor currently owned by a thread: None

Heap:
 PSYoungGen      total 68096K, used 10715K [0x00000000eab00000, 0x00000000ef000000, 0x0000000100000000)
  eden space 65536K, 12% used [0x00000000eab00000,0x00000000eb2f93f0,0x00000000eeb00000)
  from space 2560K, 99% used [0x00000000eeb00000,0x00000000eed7d8e8,0x00000000eed80000)
  to   space 2560K, 0% used [0x00000000eed80000,0x00000000eed80000,0x00000000ef000000)
 ParOldGen       total 44032K, used 24167K [0x00000000c0000000, 0x00000000c2b00000, 0x00000000eab00000)
  object space 44032K, 54% used [0x00000000c0000000,0x00000000c1799e40,0x00000000c2b00000)
 Metaspace       used 6300K, capacity 7152K, committed 7296K, reserved 1056768K
  class space    used 596K, capacity 616K, committed 640K, reserved 1048576K

Card table byte_map: [0x0000000011630000,0x0000000011840000] byte_map_base: 0x0000000011030000

Marking Bits: (ParMarkBitMap*) 0x000000006dc5a5b0
 Begin Bits: [0x0000000011da0000, 0x0000000012da0000)
 End Bits:   [0x0000000012da0000, 0x0000000013da0000)

Polling page: 0x00000000001f0000

CodeCache: size=245760Kb used=8504Kb max_used=8504Kb free=237255Kb
 bounds [0x0000000002270000, 0x0000000002ad0000, 0x0000000011270000]
 total_blobs=2132 nmethods=1862 adapters=182
 compilation: enabled

Compilation events (10 events):
Event: 18.118 Thread 0x0000000014998800 1928       2       java.util.concurrent.locks.AbstractQueuedSynchronizer::unparkSuccessor (84 bytes)
Event: 18.118 Thread 0x0000000014998800 nmethod 1928 0x0000000002ac2810 code [0x0000000002ac2980, 0x0000000002ac2be8]
Event: 18.121 Thread 0x0000000014998800 1929       2       com.android.dx.rop.code.SwitchInsn::accept (8 bytes)
Event: 18.121 Thread 0x0000000014998800 nmethod 1929 0x0000000002ac2d90 code [0x0000000002ac2f00, 0x0000000002ac3088]
Event: 18.130 Thread 0x0000000014998800 1930       2       com.android.dx.ssa.SsaBasicBlock::addPhiInsnForReg (18 bytes)
Event: 18.130 Thread 0x0000000014998800 nmethod 1930 0x0000000002ac3110 code [0x0000000002ac32a0, 0x0000000002ac3648]
Event: 18.132 Thread 0x0000000014998800 1931       2       com.android.dx.rop.code.SwitchInsn::<init> (49 bytes)
Event: 18.133 Thread 0x0000000014998800 nmethod 1931 0x0000000002ac3890 code [0x0000000002ac3a20, 0x0000000002ac3d28]
Event: 18.166 Thread 0x0000000014998800 1932       2       java.util.concurrent.FutureTask::report (37 bytes)
Event: 18.167 Thread 0x0000000014998800 nmethod 1932 0x0000000002ac3ed0 code [0x0000000002ac4060, 0x0000000002ac4318]

GC Heap History (10 events):
Event: 5.870 GC heap before
{Heap before GC invocations=1 (full 0):
 PSYoungGen      total 18944K, used 16384K [0x00000000eab00000, 0x00000000ec000000, 0x0000000100000000)
  eden space 16384K, 100% used [0x00000000eab00000,0x00000000ebb00000,0x00000000ebb00000)
  from space 2560K, 0% used [0x00000000ebd80000,0x00000000ebd80000,0x00000000ec000000)
  to   space 2560K, 0% used [0x00000000ebb00000,0x00000000ebb00000,0x00000000ebd80000)
 ParOldGen       total 44032K, used 0K [0x00000000c0000000, 0x00000000c2b00000, 0x00000000eab00000)
  object space 44032K, 0% used [0x00000000c0000000,0x00000000c0000000,0x00000000c2b00000)
 Metaspace       used 5708K, capacity 6768K, committed 7040K, reserved 1056768K
  class space    used 586K, capacity 616K, committed 640K, reserved 1048576K
Event: 6.540 GC heap after
Heap after GC invocations=1 (full 0):
 PSYoungGen      total 18944K, used 2554K [0x00000000eab00000, 0x00000000ed000000, 0x0000000100000000)
  eden space 16384K, 0% used [0x00000000eab00000,0x00000000eab00000,0x00000000ebb00000)
  from space 2560K, 99% used [0x00000000ebb00000,0x00000000ebd7eab8,0x00000000ebd80000)
  to   space 2560K, 0% used [0x00000000ecd80000,0x00000000ecd80000,0x00000000ed000000)
 ParOldGen       total 44032K, used 1679K [0x00000000c0000000, 0x00000000c2b00000, 0x00000000eab00000)
  object space 44032K, 3% used [0x00000000c0000000,0x00000000c01a3ce8,0x00000000c2b00000)
 Metaspace       used 5708K, capacity 6768K, committed 7040K, reserved 1056768K
  class space    used 586K, capacity 616K, committed 640K, reserved 1048576K
}
Event: 7.506 GC heap before
{Heap before GC invocations=2 (full 0):
 PSYoungGen      total 18944K, used 18938K [0x00000000eab00000, 0x00000000ed000000, 0x0000000100000000)
  eden space 16384K, 100% used [0x00000000eab00000,0x00000000ebb00000,0x00000000ebb00000)
  from space 2560K, 99% used [0x00000000ebb00000,0x00000000ebd7eab8,0x00000000ebd80000)
  to   space 2560K, 0% used [0x00000000ecd80000,0x00000000ecd80000,0x00000000ed000000)
 ParOldGen       total 44032K, used 1679K [0x00000000c0000000, 0x00000000c2b00000, 0x00000000eab00000)
  object space 44032K, 3% used [0x00000000c0000000,0x00000000c01a3ce8,0x00000000c2b00000)
 Metaspace       used 6027K, capacity 7024K, committed 7296K, reserved 1056768K
  class space    used 588K, capacity 616K, committed 640K, reserved 1048576K
Event: 7.822 GC heap after
Heap after GC invocations=2 (full 0):
 PSYoungGen      total 35328K, used 2554K [0x00000000eab00000, 0x00000000ed000000, 0x0000000100000000)
  eden space 32768K, 0% used [0x00000000eab00000,0x00000000eab00000,0x00000000ecb00000)
  from space 2560K, 99% used [0x00000000ecd80000,0x00000000ecffea98,0x00000000ed000000)
  to   space 2560K, 0% used [0x00000000ecb00000,0x00000000ecb00000,0x00000000ecd80000)
 ParOldGen       total 44032K, used 3937K [0x00000000c0000000, 0x00000000c2b00000, 0x00000000eab00000)
  object space 44032K, 8% used [0x00000000c0000000,0x00000000c03d8740,0x00000000c2b00000)
 Metaspace       used 6027K, capacity 7024K, committed 7296K, reserved 1056768K
  class space    used 588K, capacity 616K, committed 640K, reserved 1048576K
}
Event: 10.459 GC heap before
{Heap before GC invocations=3 (full 0):
 PSYoungGen      total 35328K, used 35322K [0x00000000eab00000, 0x00000000ed000000, 0x0000000100000000)
  eden space 32768K, 100% used [0x00000000eab00000,0x00000000ecb00000,0x00000000ecb00000)
  from space 2560K, 99% used [0x00000000ecd80000,0x00000000ecffea98,0x00000000ed000000)
  to   space 2560K, 0% used [0x00000000ecb00000,0x00000000ecb00000,0x00000000ecd80000)
 ParOldGen       total 44032K, used 3937K [0x00000000c0000000, 0x00000000c2b00000, 0x00000000eab00000)
  object space 44032K, 8% used [0x00000000c0000000,0x00000000c03d8740,0x00000000c2b00000)
 Metaspace       used 6107K, capacity 7088K, committed 7296K, reserved 1056768K
  class space    used 589K, capacity 616K, committed 640K, reserved 1048576K
Event: 11.374 GC heap after
Heap after GC invocations=3 (full 0):
 PSYoungGen      total 35328K, used 2539K [0x00000000eab00000, 0x00000000ef000000, 0x0000000100000000)
  eden space 32768K, 0% used [0x00000000eab00000,0x00000000eab00000,0x00000000ecb00000)
  from space 2560K, 99% used [0x00000000ecb00000,0x00000000ecd7ace0,0x00000000ecd80000)
  to   space 2560K, 0% used [0x00000000eed80000,0x00000000eed80000,0x00000000ef000000)
 ParOldGen       total 44032K, used 9457K [0x00000000c0000000, 0x00000000c2b00000, 0x00000000eab00000)
  object space 44032K, 21% used [0x00000000c0000000,0x00000000c093c5f0,0x00000000c2b00000)
 Metaspace       used 6107K, capacity 7088K, committed 7296K, reserved 1056768K
  class space    used 589K, capacity 616K, committed 640K, reserved 1048576K
}
Event: 14.718 GC heap before
{Heap before GC invocations=4 (full 0):
 PSYoungGen      total 35328K, used 35307K [0x00000000eab00000, 0x00000000ef000000, 0x0000000100000000)
  eden space 32768K, 100% used [0x00000000eab00000,0x00000000ecb00000,0x00000000ecb00000)
  from space 2560K, 99% used [0x00000000ecb00000,0x00000000ecd7ace0,0x00000000ecd80000)
  to   space 2560K, 0% used [0x00000000eed80000,0x00000000eed80000,0x00000000ef000000)
 ParOldGen       total 44032K, used 9457K [0x00000000c0000000, 0x00000000c2b00000, 0x00000000eab00000)
  object space 44032K, 21% used [0x00000000c0000000,0x00000000c093c5f0,0x00000000c2b00000)
 Metaspace       used 6136K, capacity 7088K, committed 7296K, reserved 1056768K
  class space    used 589K, capacity 616K, committed 640K, reserved 1048576K
Event: 14.865 GC heap after
Heap after GC invocations=4 (full 0):
 PSYoungGen      total 68096K, used 2550K [0x00000000eab00000, 0x00000000ef000000, 0x0000000100000000)
  eden space 65536K, 0% used [0x00000000eab00000,0x00000000eab00000,0x00000000eeb00000)
  from space 2560K, 99% used [0x00000000eed80000,0x00000000eeffd908,0x00000000ef000000)
  to   space 2560K, 0% used [0x00000000eeb00000,0x00000000eeb00000,0x00000000eed80000)
 ParOldGen       total 44032K, used 14318K [0x00000000c0000000, 0x00000000c2b00000, 0x00000000eab00000)
  object space 44032K, 32% used [0x00000000c0000000,0x00000000c0dfbb38,0x00000000c2b00000)
 Metaspace       used 6136K, capacity 7088K, committed 7296K, reserved 1056768K
  class space    used 589K, capacity 616K, committed 640K, reserved 1048576K
}
Event: 17.676 GC heap before
{Heap before GC invocations=5 (full 0):
 PSYoungGen      total 68096K, used 68086K [0x00000000eab00000, 0x00000000ef000000, 0x0000000100000000)
  eden space 65536K, 100% used [0x00000000eab00000,0x00000000eeb00000,0x00000000eeb00000)
  from space 2560K, 99% used [0x00000000eed80000,0x00000000eeffd908,0x00000000ef000000)
  to   space 2560K, 0% used [0x00000000eeb00000,0x00000000eeb00000,0x00000000eed80000)
 ParOldGen       total 44032K, used 14318K [0x00000000c0000000, 0x00000000c2b00000, 0x00000000eab00000)
  object space 44032K, 32% used [0x00000000c0000000,0x00000000c0dfbb38,0x00000000c2b00000)
 Metaspace       used 6250K, capacity 7152K, committed 7296K, reserved 1056768K
  class space    used 590K, capacity 616K, committed 640K, reserved 1048576K
Event: 18.094 GC heap after
Heap after GC invocations=5 (full 0):
 PSYoungGen      total 68096K, used 2550K [0x00000000eab00000, 0x00000000ef000000, 0x0000000100000000)
  eden space 65536K, 0% used [0x00000000eab00000,0x00000000eab00000,0x00000000eeb00000)
  from space 2560K, 99% used [0x00000000eeb00000,0x00000000eed7d8e8,0x00000000eed80000)
  to   space 2560K, 0% used [0x00000000eed80000,0x00000000eed80000,0x00000000ef000000)
 ParOldGen       total 44032K, used 24167K [0x00000000c0000000, 0x00000000c2b00000, 0x00000000eab00000)
  object space 44032K, 54% used [0x00000000c0000000,0x00000000c1799e40,0x00000000c2b00000)
 Metaspace       used 6250K, capacity 7152K, committed 7296K, reserved 1056768K
  class space    used 590K, capacity 616K, committed 640K, reserved 1048576K
}

Deoptimization events (10 events):
Event: 15.612 Thread 0x0000000016510800 Uncommon trap: reason=bimorphic action=maybe_recompile pc=0x0000000002a09190 method=com.android.dx.ssa.SCCP.simulatePhi(Lcom/android/dx/ssa/PhiInsn;)V @ 124
Event: 15.962 Thread 0x0000000002170800 Uncommon trap: reason=unstable_if action=reinterpret pc=0x0000000002828038 method=com.android.dx.rop.cst.StdConstantPool.set(ILcom/android/dx/rop/cst/Constant;)V @ 12
Event: 15.975 Thread 0x0000000016511800 Uncommon trap: reason=unstable_if action=reinterpret pc=0x0000000002a203d4 method=com.android.dx.cf.code.RopperMachine.run(Lcom/android/dx/cf/code/Frame;II)V @ 1429
Event: 16.891 Thread 0x0000000002170800 Uncommon trap: reason=class_check action=maybe_recompile pc=0x0000000002714c5c method=com.android.dx.ssa.NormalSsaInsn.accept(Lcom/android/dx/ssa/SsaInsn$Visitor;)V @ 9
Event: 16.891 Thread 0x0000000002170800 Uncommon trap: reason=class_check action=maybe_recompile pc=0x000000000249b3f0 method=com.android.dx.ssa.NormalSsaInsn.accept(Lcom/android/dx/ssa/SsaInsn$Visitor;)V @ 9
Event: 16.891 Thread 0x0000000002170800 Uncommon trap: reason=class_check action=maybe_recompile pc=0x000000000249b3f0 method=com.android.dx.ssa.NormalSsaInsn.accept(Lcom/android/dx/ssa/SsaInsn$Visitor;)V @ 9
Event: 16.891 Thread 0x0000000002170800 Uncommon trap: reason=class_check action=maybe_recompile pc=0x000000000249b3f0 method=com.android.dx.ssa.NormalSsaInsn.accept(Lcom/android/dx/ssa/SsaInsn$Visitor;)V @ 9
Event: 16.949 Thread 0x0000000016510800 Uncommon trap: reason=unstable_if action=reinterpret pc=0x0000000002a3f5b8 method=com.android.dx.util.MutabilityControl.isImmutable()Z @ 4
Event: 16.990 Thread 0x00000000164d3000 Uncommon trap: reason=class_check action=maybe_recompile pc=0x0000000002714c5c method=com.android.dx.ssa.NormalSsaInsn.accept(Lcom/android/dx/ssa/SsaInsn$Visitor;)V @ 9
Event: 17.074 Thread 0x000000001651d800 Uncommon trap: reason=class_check action=maybe_recompile pc=0x0000000002526f54 method=com.android.dx.ssa.NormalSsaInsn.accept(Lcom/android/dx/ssa/SsaInsn$Visitor;)V @ 9

Internal exceptions (2 events):
Event: 0.077 Thread 0x0000000002170800 Exception <a 'java/lang/NoSuchMethodError': Method sun.misc.Unsafe.defineClass(Ljava/lang/String;[BII)Ljava/lang/Class; name or signature does not match> (0x00000000eab0d638) thrown at [C:\workspace\8-2-build-windows-amd64-cygwin\jdk8u65\4987\hotspot\src\sH“þÆ³?
Event: 0.077 Thread 0x0000000002170800 Exception <a 'java/lang/NoSuchMethodError': Method sun.misc.Unsafe.prefetchRead(Ljava/lang/Object;J)V name or signature does not match> (0x00000000eab0d920) thrown at [C:\workspace\8-2-build-windows-amd64-cygwin\jdk8u65\4987\hotspot\src\share\vm\prims\jni.

Events (10 events):
Event: 18.139 loading class java/util/HashMap$KeyIterator
Event: 18.139 loading class java/util/HashMap$KeyIterator done
Event: 18.143 Thread 0x00000000164d3000 Thread exited: 0x00000000164d3000
Event: 18.143 Thread 0x0000000016510800 Thread exited: 0x0000000016510800
Event: 18.143 Thread 0x0000000016511800 Thread exited: 0x0000000016511800
Event: 18.143 Thread 0x000000001651d800 Thread exited: 0x000000001651d800
Event: 18.162 Thread 0x00000000164d8800 Thread exited: 0x00000000164d8800
Event: 18.166 loading class com/android/dx/command/dexer/Main$DexWriter
Event: 18.166 loading class com/android/dx/command/dexer/Main$DexWriter done
Event: 18.167 Thread 0x000000001651d800 Thread added: 0x000000001651d800


Dynamic libraries:
0x00007ff788ce0000 - 0x00007ff788d17000 	C:\Program Files\Java\jdk1.8.0_65\bin\java.exe
0x00007ffc1d5e0000 - 0x00007ffc1d7a1000 	C:\Windows\SYSTEM32\ntdll.dll
0x00007ffc1b370000 - 0x00007ffc1b41d000 	C:\Windows\system32\KERNEL32.DLL
0x00007ffc19d20000 - 0x00007ffc19f08000 	C:\Windows\system32\KERNELBASE.dll
0x00007ffc18190000 - 0x00007ffc18209000 	C:\Windows\system32\apphelp.dll
0x00007ffc1ac00000 - 0x00007ffc1aca7000 	C:\Windows\system32\ADVAPI32.dll
0x00007ffc1cff0000 - 0x00007ffc1d08d000 	C:\Windows\system32\msvcrt.dll
0x00007ffc1b240000 - 0x00007ffc1b29b000 	C:\Windows\system32\sechost.dll
0x00007ffc1b6a0000 - 0x00007ffc1b7bc000 	C:\Windows\system32\RPCRT4.dll
0x00007ffc1acb0000 - 0x00007ffc1ae06000 	C:\Windows\system32\USER32.dll
0x00007ffc1aa00000 - 0x00007ffc1ab86000 	C:\Windows\system32\GDI32.dll
0x00007ffc0c950000 - 0x00007ffc0cbc4000 	C:\Windows\WinSxS\amd64_microsoft.windows.common-controls_6595b64144ccf1df_6.0.10586.0_none_8c15ae12515e1c22\COMCTL32.dll
0x00007ffc1b420000 - 0x00007ffc1b69d000 	C:\Windows\system32\combase.dll
0x00007ffc1a150000 - 0x00007ffc1a1ba000 	C:\Windows\system32\bcryptPrimitives.dll
0x00007ffc1d210000 - 0x00007ffc1d24b000 	C:\Windows\system32\IMM32.DLL
0x000000006cfd0000 - 0x000000006d0a2000 	C:\Program Files\Java\jdk1.8.0_65\jre\bin\msvcr100.dll
0x000000006d450000 - 0x000000006dcd9000 	C:\Program Files\Java\jdk1.8.0_65\jre\bin\server\jvm.dll
0x00007ffc1d3a0000 - 0x00007ffc1d3a8000 	C:\Windows\system32\PSAPI.DLL
0x00007ffc02230000 - 0x00007ffc02239000 	C:\Windows\SYSTEM32\WSOCK32.dll
0x00007ffc1d090000 - 0x00007ffc1d0fb000 	C:\Windows\system32\WS2_32.dll
0x00007ffc180a0000 - 0x00007ffc180c3000 	C:\Windows\SYSTEM32\WINMM.dll
0x00007ffc0e190000 - 0x00007ffc0e19a000 	C:\Windows\SYSTEM32\VERSION.dll
0x00007ffc18070000 - 0x00007ffc1809c000 	C:\Windows\SYSTEM32\WINMMBASE.dll
0x00007ffc1a100000 - 0x00007ffc1a143000 	C:\Windows\system32\cfgmgr32.dll
0x000000006d440000 - 0x000000006d44f000 	C:\Program Files\Java\jdk1.8.0_65\jre\bin\verify.dll
0x000000006d410000 - 0x000000006d439000 	C:\Program Files\Java\jdk1.8.0_65\jre\bin\java.dll
0x000000006d3f0000 - 0x000000006d406000 	C:\Program Files\Java\jdk1.8.0_65\jre\bin\zip.dll
0x00007ffc1b980000 - 0x00007ffc1cedf000 	C:\Windows\system32\SHELL32.dll
0x00007ffc1a2d0000 - 0x00007ffc1a914000 	C:\Windows\system32\windows.storage.dll
0x00007ffc1d3c0000 - 0x00007ffc1d412000 	C:\Windows\system32\shlwapi.dll
0x00007ffc19c80000 - 0x00007ffc19c8f000 	C:\Windows\system32\kernel.appcore.dll
0x00007ffc1a920000 - 0x00007ffc1a9d5000 	C:\Windows\system32\shcore.dll
0x00007ffc19c30000 - 0x00007ffc19c7b000 	C:\Windows\system32\powrprof.dll
0x00007ffc19c10000 - 0x00007ffc19c24000 	C:\Windows\system32\profapi.dll

VM Arguments:
jvm_args: -Djava.awt.headless=true -Xmx1024M -Dfile.encoding=windows-1252 -Duser.country=US -Duser.language=en -Duser.variant 
java_command: com.android.dx.command.Main --dex --force-jumbo --num-threads=4 --multi-dex --output F:\Android Tools\My AndroWork\MapMyDay\app\build\intermediates\transforms\dex\debug\folders\1000\10\com.google.android.gms-play-services-maps-8.4.0_0881b5e8d06ea5ab105d9da07535a69626dd27b3 F:\Android Tools\My AndroWork\MapMyDay\app\build\intermediates\exploded-aar\com.google.android.gms\play-services-maps\8.4.0\jars\classes.jar
java_class_path (initial): F:\sdk\build-tools\23.0.1\lib\dx.jar
Launcher Type: SUN_STANDARD

Environment Variables:
PATH=C:\ProgramData\Oracle\Java\javapath;C:\Windows\system32;C:\Windows;C:\Windows\System32\Wbem;C:\Windows\System32\WindowsPowerShell\v1.0\;C:\Program Files (x86)\Intel\OpenCL SDK\2.0\bin\x86;C:\Program Files (x86)\Intel\OpenCL SDK\2.0\bin\x64;C:\Program Files\Microsoft\Web Platform Installer\;C:\Program Files (x86)\Microsoft ASP.NET\ASP.NET Web Pages\v1.0\;C:\Program Files (x86)\Windows Kits\8.0\Windows Performance Toolkit\;C:\Program Files\Microsoft SQL Server\110\Tools\Binn\;C:\VisualStudio & OpenCv\opencv\build\x64\vc11\bin\;C:\Program Files (x86)\Common Files\lenovo\easyplussdk\bin;C:\Modeltech_pe_edu_10.4a\win32pe_edu
USERNAME=Fahim Al Mahmud
OS=Windows_NT
PROCESSOR_IDENTIFIER=Intel64 Family 6 Model 58 Stepping 9, GenuineIntel



---------------  S Y S T E M  ---------------

OS: Windows 10.0 , 64 bit Build 10586 (10.0.10586.0)

CPU:total 4 (2 cores per cpu, 2 threads per core) family 6 model 58 stepping 9, cmov, cx8, fxsr, mmx, sse, sse2, sse3, ssse3, sse4.1, sse4.2, popcnt, avx, aes, clmul, erms, ht, tsc, tscinvbit, tscinv

Memory: 4k page, physical 4087096k(438884k free), swap 5215736k(202104k free)

vm_info: Java HotSpot(TM) 64-Bit Server VM (25.65-b01) for windows-amd64 JRE (1.8.0_65-b17), built on Oct  6 2015 16:39:20 by "java_re" with MS VC++ 10.0 (VS2010)

time: Mon Jun 13 11:43:46 2016
elapsed time: 18 seconds (0d 0h 0m 18s)

