#
# A fatal error has been detected by the Java Runtime Environment:
#
#  EXCEPTION_ACCESS_VIOLATION (0xc0000005) at pc=0x000000006d6618b7, pid=5024, tid=8008
#
# JRE version:  (8.0_65-b17) (build )
# Java VM: Java HotSpot(TM) 64-Bit Server VM (25.65-b01 mixed mode windows-amd64 compressed oops)
# Problematic frame:
# V  [jvm.dll+0x2118b7]
#
# Failed to write core dump. Minidumps are not enabled by default on client versions of Windows
#
# If you would like to submit a bug report, please visit:
#   http://bugreport.java.com/bugreport/crash.jsp
#

---------------  T H R E A D  ---------------

Current thread (0x0000000002280800):  JavaThread "main" [_thread_in_vm, id=8008, stack(0x0000000002080000,0x0000000002180000)]

siginfo: ExceptionCode=0xc0000005, writing address 0x0000000002176600

Registers:
RAX=0x0000000002176600, RBX=0x0000000000000007, RCX=0x0000000000006000, RDX=0x000000000000001d
RSP=0x000000000217c600, RBP=0x0000000000000000, RSI=0x000000000217c600, RDI=0x0000000000000007
R8 =0x000000000000001d, R9 =0x0000000001fc85c0, R10=0x00000000140ccae8, R11=0x000000000208a150
R12=0x0000000001fc85c0, R13=0x0000000002280800, R14=0x000000000217c730, R15=0x00000000140ccae8
RIP=0x000000006d6618b7, EFLAGS=0x0000000000010206

Top of Stack: (sp=0x000000000217c600)
0x000000000217c600:   00000000b0000000 0000000000000000
0x000000000217c610:   0000000002280800 0000000001fc85c0
0x000000000217c620:   00000000ffffffff 000000006d6627e7
0x000000000217c630:   000000000217c730 00000000140ccae8
0x000000000217c640:   0000000002280800 0000000000000001
0x000000000217c650:   0000000001fc6fd0 0000000000000001
0x000000000217c660:   0000000000000001 0000000000000000
0x000000000217c670:   00000000140ccae8 0000000002280800
0x000000000217c680:   00000000023910e0 00000000022c9d00
0x000000000217c690:   0000000300000002 000000010000000e
0x000000000217c6a0:   0000000002280e90 000000000217cab0
0x000000000217c6b0:   0000000000000000 00000000140ccae8
0x000000000217c6c0:   0000000002280800 000000010001cbc8
0x000000000217c6d0:   0000000000000000 000000000217c7c0
0x000000000217c6e0:   000000000217c878 00007ffc19d7345c
0x000000000217c6f0:   0000000000000021 00000000022c7190 

Instructions: (pc=0x000000006d6618b7)
0x000000006d661897:   48 89 6c 24 30 33 ed 66 90 e8 ab 36 08 00 ff c3
0x000000006d6618a7:   48 63 c8 48 8b c6 48 0f af cf 48 ff c7 48 2b c1
0x000000006d6618b7:   89 28 48 63 c3 48 3b 05 cd 9d 58 00 7e db 48 8b
0x000000006d6618c7:   6c 24 30 48 8b 5c 24 38 48 8b 74 24 40 48 83 c4 


Register to memory mapping:

RAX=0x0000000002176600 is pointing into the stack for thread: 0x0000000002280800
RBX=0x0000000000000007 is an unknown value
RCX=0x0000000000006000 is an unknown value
RDX=0x000000000000001d is an unknown value
RSP=0x000000000217c600 is pointing into the stack for thread: 0x0000000002280800
RBP=0x0000000000000000 is an unknown value
RSI=0x000000000217c600 is pointing into the stack for thread: 0x0000000002280800
RDI=0x0000000000000007 is an unknown value
R8 =0x000000000000001d is an unknown value
R9 =0x0000000001fc85c0 is an unknown value
R10={method} {0x00000000140ccaf0} '<clinit>' '()V' in 'java/lang/Throwable'
R11=0x000000000208a150 is pointing into the stack for thread: 0x0000000002280800
R12=0x0000000001fc85c0 is an unknown value
R13=0x0000000002280800 is a thread
R14=0x000000000217c730 is pointing into the stack for thread: 0x0000000002280800
R15={method} {0x00000000140ccaf0} '<clinit>' '()V' in 'java/lang/Throwable'


Stack: [0x0000000002080000,0x0000000002180000],  sp=0x000000000217c600,  free space=1009k
Native frames: (J=compiled Java code, j=interpreted, Vv=VM code, C=native code)

Java frames: (J=compiled Java code, j=interpreted, Vv=VM code)
j  sun.misc.Unsafe.registerNatives()V+0
j  sun.misc.Unsafe.<clinit>()V+0
v  ~StubRoutines::call_stub
j  sun.misc.SharedSecrets.<clinit>()V+0
v  ~StubRoutines::call_stub
j  java.io.FileDescriptor.<clinit>()V+10
v  ~StubRoutines::call_stub
j  java.lang.System.initializeSystemClass()V+41
v  ~StubRoutines::call_stub

---------------  P R O C E S S  ---------------

Java Threads: ( => current thread )
  0x0000000002370800 JavaThread "Finalizer" daemon [_thread_blocked, id=7504, stack(0x0000000015ca0000,0x0000000015da0000)]
  0x000000000236d000 JavaThread "Reference Handler" daemon [_thread_blocked, id=7528, stack(0x0000000015ba0000,0x0000000015ca0000)]
=>0x0000000002280800 JavaThread "main" [_thread_in_vm, id=8008, stack(0x0000000002080000,0x0000000002180000)]

Other Threads:
  0x0000000014a18000 VMThread [stack: 0x0000000015aa0000,0x0000000015ba0000] [id=3612]

VM state:not at safepoint (normal execution)

VM Mutex/Monitor currently owned by a thread: None

Heap:
 PSYoungGen      total 18944K, used 655K [0x00000000eab00000, 0x00000000ec000000, 0x0000000100000000)
  eden space 16384K, 4% used [0x00000000eab00000,0x00000000eaba3e30,0x00000000ebb00000)
  from space 2560K, 0% used [0x00000000ebd80000,0x00000000ebd80000,0x00000000ec000000)
  to   space 2560K, 0% used [0x00000000ebb00000,0x00000000ebb00000,0x00000000ebd80000)
 ParOldGen       total 44032K, used 0K [0x00000000c0000000, 0x00000000c2b00000, 0x00000000eab00000)
  object space 44032K, 0% used [0x00000000c0000000,0x00000000c0000000,0x00000000c2b00000)
 Metaspace       used 1085K, capacity 4480K, committed 4480K, reserved 1056768K
  class space    used 115K, capacity 384K, committed 384K, reserved 1048576K

Card table byte_map: [0x0000000011740000,0x0000000011950000] byte_map_base: 0x0000000011140000

Marking Bits: (ParMarkBitMap*) 0x000000006dc5a5b0
 Begin Bits: [0x0000000011eb0000, 0x0000000012eb0000)
 End Bits:   [0x0000000012eb0000, 0x0000000013eb0000)

Polling page: 0x00000000001f0000

CodeCache: size=245760Kb used=403Kb max_used=403Kb free=245356Kb
 bounds [0x0000000002380000, 0x00000000025f0000, 0x0000000011380000]
 total_blobs=101 nmethods=0 adapters=75
 compilation: enabled

Compilation events (0 events):
No events

GC Heap History (0 events):
No events

Deoptimization events (0 events):
No events

Internal exceptions (0 events):
No events

Events (10 events):
Event: 0.725 loading class java/io/FileDescriptor$1
Event: 0.725 loading class sun/misc/JavaIOFileDescriptorAccess
Event: 0.725 loading class sun/misc/JavaIOFileDescriptorAccess done
Event: 0.725 loading class java/io/FileDescriptor$1 done
Event: 0.725 loading class sun/misc/SharedSecrets
Event: 0.725 loading class sun/misc/SharedSecrets done
Event: 0.725 loading class java/lang/NoSuchMethodError
Event: 0.725 loading class java/lang/IncompatibleClassChangeError
Event: 0.725 loading class java/lang/IncompatibleClassChangeError done
Event: 0.725 loading class java/lang/NoSuchMethodError done


Dynamic libraries:
0x00007ff788ce0000 - 0x00007ff788d17000 	C:\Program Files\Java\jdk1.8.0_65\bin\java.exe
0x00007ffc1d5e0000 - 0x00007ffc1d7a1000 	C:\Windows\SYSTEM32\ntdll.dll
0x00007ffc1b370000 - 0x00007ffc1b41d000 	C:\Windows\system32\KERNEL32.DLL
0x00007ffc19d20000 - 0x00007ffc19f08000 	C:\Windows\system32\KERNELBASE.dll
0x00007ffc18190000 - 0x00007ffc18209000 	C:\Windows\system32\apphelp.dll
0x00007ffc1ac00000 - 0x00007ffc1aca7000 	C:\Windows\system32\ADVAPI32.dll
0x00007ffc1cff0000 - 0x00007ffc1d08d000 	C:\Windows\system32\msvcrt.dll
0x00007ffc1b240000 - 0x00007ffc1b29b000 	C:\Windows\system32\sechost.dll
0x00007ffc1b6a0000 - 0x00007ffc1b7bc000 	C:\Windows\system32\RPCRT4.dll
0x00007ffc1acb0000 - 0x00007ffc1ae06000 	C:\Windows\system32\USER32.dll
0x00007ffc1aa00000 - 0x00007ffc1ab86000 	C:\Windows\system32\GDI32.dll
0x00007ffc0c950000 - 0x00007ffc0cbc4000 	C:\Windows\WinSxS\amd64_microsoft.windows.common-controls_6595b64144ccf1df_6.0.10586.0_none_8c15ae12515e1c22\COMCTL32.dll
0x00007ffc1b420000 - 0x00007ffc1b69d000 	C:\Windows\system32\combase.dll
0x00007ffc1a150000 - 0x00007ffc1a1ba000 	C:\Windows\system32\bcryptPrimitives.dll
0x00007ffc1d210000 - 0x00007ffc1d24b000 	C:\Windows\system32\IMM32.DLL
0x000000006cfd0000 - 0x000000006d0a2000 	C:\Program Files\Java\jdk1.8.0_65\jre\bin\msvcr100.dll
0x000000006d450000 - 0x000000006dcd9000 	C:\Program Files\Java\jdk1.8.0_65\jre\bin\server\jvm.dll
0x00007ffc1d3a0000 - 0x00007ffc1d3a8000 	C:\Windows\system32\PSAPI.DLL
0x00007ffc02230000 - 0x00007ffc02239000 	C:\Windows\SYSTEM32\WSOCK32.dll
0x00007ffc1d090000 - 0x00007ffc1d0fb000 	C:\Windows\system32\WS2_32.dll
0x00007ffc180a0000 - 0x00007ffc180c3000 	C:\Windows\SYSTEM32\WINMM.dll
0x00007ffc0e190000 - 0x00007ffc0e19a000 	C:\Windows\SYSTEM32\VERSION.dll
0x00007ffc18070000 - 0x00007ffc1809c000 	C:\Windows\SYSTEM32\WINMMBASE.dll
0x00007ffc1a100000 - 0x00007ffc1a143000 	C:\Windows\system32\cfgmgr32.dll
0x000000006d440000 - 0x000000006d44f000 	C:\Program Files\Java\jdk1.8.0_65\jre\bin\verify.dll
0x000000006d410000 - 0x000000006d439000 	C:\Program Files\Java\jdk1.8.0_65\jre\bin\java.dll
0x000000006d3f0000 - 0x000000006d406000 	C:\Program Files\Java\jdk1.8.0_65\jre\bin\zip.dll
0x00007ffc1b980000 - 0x00007ffc1cedf000 	C:\Windows\system32\SHELL32.dll
0x00007ffc1a2d0000 - 0x00007ffc1a914000 	C:\Windows\system32\windows.storage.dll
0x00007ffc1d3c0000 - 0x00007ffc1d412000 	C:\Windows\system32\shlwapi.dll
0x00007ffc19c80000 - 0x00007ffc19c8f000 	C:\Windows\system32\kernel.appcore.dll
0x00007ffc1a920000 - 0x00007ffc1a9d5000 	C:\Windows\system32\shcore.dll
0x00007ffc19c30000 - 0x00007ffc19c7b000 	C:\Windows\system32\powrprof.dll
0x00007ffc19c10000 - 0x00007ffc19c24000 	C:\Windows\system32\profapi.dll
0x00007ffbfe610000 - 0x00007ffbfe79c000 	C:\Windows\SYSTEM32\dbghelp.dll

VM Arguments:
jvm_args: -Djava.awt.headless=true -Xmx1024M -Dfile.encoding=windows-1252 -Duser.country=US -Duser.language=en -Duser.variant 
java_command: com.android.dx.command.Main --dex --force-jumbo --num-threads=4 --multi-dex --output F:\Android Tools\My AndroWork\MapMyDay\app\build\intermediates\transforms\dex\debug\folders\1000\10\com.google.android.gms-play-services-basement-8.4.0_2ddf79089c325f7b2599eb58671b42b541ff2ff3 F:\Android Tools\My AndroWork\MapMyDay\app\build\intermediates\exploded-aar\com.google.android.gms\play-services-basement\8.4.0\jars\classes.jar
java_class_path (initial): F:\sdk\build-tools\23.0.1\lib\dx.jar
Launcher Type: SUN_STANDARD

Environment Variables:
PATH=C:\ProgramData\Oracle\Java\javapath;C:\Windows\system32;C:\Windows;C:\Windows\System32\Wbem;C:\Windows\System32\WindowsPowerShell\v1.0\;C:\Program Files (x86)\Intel\OpenCL SDK\2.0\bin\x86;C:\Program Files (x86)\Intel\OpenCL SDK\2.0\bin\x64;C:\Program Files\Microsoft\Web Platform Installer\;C:\Program Files (x86)\Microsoft ASP.NET\ASP.NET Web Pages\v1.0\;C:\Program Files (x86)\Windows Kits\8.0\Windows Performance Toolkit\;C:\Program Files\Microsoft SQL Server\110\Tools\Binn\;C:\VisualStudio & OpenCv\opencv\build\x64\vc11\bin\;C:\Program Files (x86)\Common Files\lenovo\easyplussdk\bin;C:\Modeltech_pe_edu_10.4a\win32pe_edu
USERNAME=Fahim Al Mahmud
OS=Windows_NT
PROCESSOR_IDENTIFIER=Intel64 Family 6 Model 58 Stepping 9, GenuineIntel



---------------  S Y S T E M  ---------------

OS: Windows 10.0 , 64 bit Build 10586 (10.0.10586.0)

CPU:total 4 (2 cores per cpu, 2 threads per core) family 6 model 58 stepping 9, cmov, cx8, fxsr, mmx, sse, sse2, sse3, ssse3, sse4.1, sse4.2, popcnt, avx, aes, clmul, erms, ht, tsc, tscinvbit, tscinv

Memory: 4k page, physical 4087096k(798132k free), swap 5215736k(505696k free)

vm_info: Java HotSpot(TM) 64-Bit Server VM (25.65-b01) for windows-amd64 JRE (1.8.0_65-b17), built on Oct  6 2015 16:39:20 by "java_re" with MS VC++ 10.0 (VS2010)

time: Mon Jun 13 11:48:40 2016
elapsed time: 0 seconds (0d 0h 0m 0s)

