#
# There is insufficient memory for the Java Runtime Environment to continue.
# Native memory allocation (malloc) failed to allocate 75936 bytes for Chunk::new
# Possible reasons:
#   The system is out of physical RAM or swap space
#   In 32 bit mode, the process size limit was hit
# Possible solutions:
#   Reduce memory load on the system
#   Increase physical memory or swap space
#   Check if swap backing store is full
#   Use 64 bit Java on a 64 bit OS
#   Decrease Java heap size (-Xmx/-Xms)
#   Decrease number of Java threads
#   Decrease Java thread stack sizes (-Xss)
#   Set larger code cache with -XX:ReservedCodeCacheSize=
# This output file may be truncated or incomplete.
#
#  Out of Memory Error (allocation.cpp:390), pid=3904, tid=6136
#
# JRE version: Java(TM) SE Runtime Environment (8.0_65-b17) (build 1.8.0_65-b17)
# Java VM: Java HotSpot(TM) 64-Bit Server VM (25.65-b01 mixed mode windows-amd64 compressed oops)
# Failed to write core dump. Minidumps are not enabled by default on client versions of Windows
#

---------------  T H R E A D  ---------------

Current thread (0x00000000148e0800):  JavaThread "C2 CompilerThread1" daemon [_thread_in_native, id=6136, stack(0x0000000016010000,0x0000000016110000)]

Stack: [0x0000000016010000,0x0000000016110000]
[error occurred during error reporting (printing stack bounds), id 0xc0000005]

Native frames: (J=compiled Java code, j=interpreted, Vv=VM code, C=native code)


Current CompileTask:
C2:   3532 1210   !   4       com.android.dx.cf.cst.ConstantPoolParser::parse0 (731 bytes)


---------------  P R O C E S S  ---------------

Java Threads: ( => current thread )
  0x0000000016366000 JavaThread "pool-2-thread-4" [_thread_in_Java, id=8336, stack(0x0000000016c10000,0x0000000016d10000)]
  0x0000000016365000 JavaThread "pool-2-thread-3" [_thread_in_Java, id=7664, stack(0x0000000016b10000,0x0000000016c10000)]
  0x0000000016364000 JavaThread "pool-2-thread-2" [_thread_in_Java, id=8572, stack(0x0000000016a10000,0x0000000016b10000)]
  0x0000000016361800 JavaThread "pool-3-thread-1" [_thread_blocked, id=9060, stack(0x0000000016910000,0x0000000016a10000)]
  0x000000001635d000 JavaThread "pool-2-thread-1" [_thread_in_vm, id=6008, stack(0x0000000016810000,0x0000000016910000)]
  0x0000000016213800 JavaThread "Service Thread" daemon [_thread_blocked, id=8624, stack(0x0000000016610000,0x0000000016710000)]
  0x0000000014939800 JavaThread "C1 CompilerThread2" daemon [_thread_in_vm, id=5760, stack(0x0000000016110000,0x0000000016210000)]
=>0x00000000148e0800 JavaThread "C2 CompilerThread1" daemon [_thread_in_native, id=6136, stack(0x0000000016010000,0x0000000016110000)]
  0x00000000148de800 JavaThread "C2 CompilerThread0" daemon [_thread_in_native, id=9108, stack(0x0000000015f10000,0x0000000016010000)]
  0x00000000148db800 JavaThread "Attach Listener" daemon [_thread_blocked, id=5960, stack(0x0000000015e10000,0x0000000015f10000)]
  0x00000000148da800 JavaThread "Signal Dispatcher" daemon [_thread_blocked, id=9668, stack(0x0000000015d10000,0x0000000015e10000)]
  0x0000000002200800 JavaThread "Finalizer" daemon [_thread_blocked, id=9004, stack(0x0000000015b30000,0x0000000015c30000)]
  0x00000000021fd000 JavaThread "Reference Handler" daemon [_thread_blocked, id=7368, stack(0x0000000015a30000,0x0000000015b30000)]
  0x0000000002110800 JavaThread "main" [_thread_blocked, id=7436, stack(0x0000000000760000,0x0000000000860000)]

Other Threads:
  0x00000000148a8000 VMThread [stack: 0x0000000015930000,0x0000000015a30000] [id=9688]
  0x0000000016219800 WatcherThread [stack: 0x0000000016710000,0x0000000016810000] [id=4636]

VM state:not at safepoint (normal execution)

VM Mutex/Monitor currently owned by a thread: None

Heap:
 PSYoungGen      total 35328K, used 10142K [0x00000000eab00000, 0x00000000ed000000, 0x0000000100000000)
  eden space 32768K, 23% used [0x00000000eab00000,0x00000000eb26b928,0x00000000ecb00000)
  from space 2560K, 99% used [0x00000000ecd80000,0x00000000ecffbf98,0x00000000ed000000)
  to   space 2560K, 0% used [0x00000000ecb00000,0x00000000ecb00000,0x00000000ecd80000)
 ParOldGen       total 44032K, used 4207K [0x00000000c0000000, 0x00000000c2b00000, 0x00000000eab00000)
  object space 44032K, 9% used [0x00000000c0000000,0x00000000c041bcf8,0x00000000c2b00000)
 Metaspace       used 5934K, capacity 6960K, committed 7040K, reserved 1056768K
  class space    used 593K, capacity 616K, committed 640K, reserved 1048576K

Card table byte_map: [0x00000000115d0000,0x00000000117e0000] byte_map_base: 0x0000000010fd0000

Marking Bits: (ParMarkBitMap*) 0x000000005d94a5b0
 Begin Bits: [0x0000000011d40000, 0x0000000012d40000)
 End Bits:   [0x0000000012d40000, 0x0000000013d40000)

Polling page: 0x0000000000440000

CodeCache: size=245760Kb used=5174Kb max_used=5174Kb free=240585Kb
 bounds [0x0000000002210000, 0x0000000002730000, 0x0000000011210000]
 total_blobs=1503 nmethods=1234 adapters=182
 compilation: enabled

Compilation events (10 events):
Event: 3.512 Thread 0x0000000014939800 nmethod 1247 0x00000000026ba550 code [0x00000000026ba6c0, 0x00000000026ba848]
Event: 3.512 Thread 0x0000000014939800 1244       2       java.util.Collections$UnmodifiableCollection::iterator (9 bytes)
Event: 3.512 Thread 0x0000000014939800 nmethod 1244 0x00000000026ba110 code [0x00000000026ba280, 0x00000000026ba488]
Event: 3.512 Thread 0x0000000014939800 1252   !   2       com.android.dx.cf.code.BytecodeArray::parseInstruction (2764 bytes)
Event: 3.529 Thread 0x0000000014939800 nmethod 1252 0x000000000270f6d0 code [0x0000000002710600, 0x0000000002716b28]
Event: 3.529 Thread 0x0000000014939800 1254       1       com.android.dx.cf.code.ByteOps::opInfo (6 bytes)
Event: 3.529 Thread 0x0000000014939800 nmethod 1254 0x00000000026b9dd0 code [0x00000000026b9f20, 0x00000000026ba030]
Event: 3.529 Thread 0x0000000014939800 1260       1       com.android.dx.util.ByteArray::getByte0 (12 bytes)
Event: 3.529 Thread 0x0000000014939800 nmethod 1260 0x00000000026eba50 code [0x00000000026ebba0, 0x00000000026ebcd0]
Event: 3.529 Thread 0x0000000014939800 1224       3       com.android.dx.ssa.SsaConverter::edgeSplitPredecessors (44 bytes)

GC Heap History (4 events):
Event: 2.283 GC heap before
{Heap before GC invocations=1 (full 0):
 PSYoungGen      total 18944K, used 16384K [0x00000000eab00000, 0x00000000ec000000, 0x0000000100000000)
  eden space 16384K, 100% used [0x00000000eab00000,0x00000000ebb00000,0x00000000ebb00000)
  from space 2560K, 0% used [0x00000000ebd80000,0x00000000ebd80000,0x00000000ec000000)
  to   space 2560K, 0% used [0x00000000ebb00000,0x00000000ebb00000,0x00000000ebd80000)
 ParOldGen       total 44032K, used 0K [0x00000000c0000000, 0x00000000c2b00000, 0x00000000eab00000)
  object space 44032K, 0% used [0x00000000c0000000,0x00000000c0000000,0x00000000c2b00000)
 Metaspace       used 5719K, capacity 6832K, committed 7040K, reserved 1056768K
  class space    used 590K, capacity 616K, committed 640K, reserved 1048576K
Event: 2.322 GC heap after
Heap after GC invocations=1 (full 0):
 PSYoungGen      total 18944K, used 2538K [0x00000000eab00000, 0x00000000ed000000, 0x0000000100000000)
  eden space 16384K, 0% used [0x00000000eab00000,0x00000000eab00000,0x00000000ebb00000)
  from space 2560K, 99% used [0x00000000ebb00000,0x00000000ebd7aaa8,0x00000000ebd80000)
  to   space 2560K, 0% used [0x00000000ecd80000,0x00000000ecd80000,0x00000000ed000000)
 ParOldGen       total 44032K, used 1543K [0x00000000c0000000, 0x00000000c2b00000, 0x00000000eab00000)
  object space 44032K, 3% used [0x00000000c0000000,0x00000000c0181ca8,0x00000000c2b00000)
 Metaspace       used 5719K, capacity 6832K, committed 7040K, reserved 1056768K
  class space    used 590K, capacity 616K, committed 640K, reserved 1048576K
}
Event: 3.331 GC heap before
{Heap before GC invocations=2 (full 0):
 PSYoungGen      total 18944K, used 18922K [0x00000000eab00000, 0x00000000ed000000, 0x0000000100000000)
  eden space 16384K, 100% used [0x00000000eab00000,0x00000000ebb00000,0x00000000ebb00000)
  from space 2560K, 99% used [0x00000000ebb00000,0x00000000ebd7aaa8,0x00000000ebd80000)
  to   space 2560K, 0% used [0x00000000ecd80000,0x00000000ecd80000,0x00000000ed000000)
 ParOldGen       total 44032K, used 1543K [0x00000000c0000000, 0x00000000c2b00000, 0x00000000eab00000)
  object space 44032K, 3% used [0x00000000c0000000,0x00000000c0181ca8,0x00000000c2b00000)
 Metaspace       used 5919K, capacity 6960K, committed 7040K, reserved 1056768K
  class space    used 591K, capacity 616K, committed 640K, reserved 1048576K
Event: 3.410 GC heap after
Heap after GC invocations=2 (full 0):
 PSYoungGen      total 35328K, used 2543K [0x00000000eab00000, 0x00000000ed000000, 0x0000000100000000)
  eden space 32768K, 0% used [0x00000000eab00000,0x00000000eab00000,0x00000000ecb00000)
  from space 2560K, 99% used [0x00000000ecd80000,0x00000000ecffbf98,0x00000000ed000000)
  to   space 2560K, 0% used [0x00000000ecb00000,0x00000000ecb00000,0x00000000ecd80000)
 ParOldGen       total 44032K, used 4207K [0x00000000c0000000, 0x00000000c2b00000, 0x00000000eab00000)
  object space 44032K, 9% used [0x00000000c0000000,0x00000000c041bcf8,0x00000000c2b00000)
 Metaspace       used 5919K, capacity 6960K, committed 7040K, reserved 1056768K
  class space    used 591K, capacity 616K, committed 640K, reserved 1048576K
}

Deoptimization events (10 events):
Event: 2.577 Thread 0x0000000002110800 Uncommon trap: reason=class_check action=maybe_recompile pc=0x000000000243ffb0 method=com.android.dx.ssa.NormalSsaInsn.accept(Lcom/android/dx/ssa/SsaInsn$Visitor;)V @ 9
Event: 2.837 Thread 0x0000000016364000 Uncommon trap: reason=null_check action=make_not_entrant pc=0x0000000002507ca0 method=com.android.dx.rop.type.Type.equals(Ljava/lang/Object;)Z @ 8
Event: 2.886 Thread 0x0000000016364000 Uncommon trap: reason=null_check action=make_not_entrant pc=0x0000000002641a20 method=com.android.dx.ssa.SsaRenamer.getLocalForNewReg(I)Lcom/android/dx/rop/code/LocalItem; @ 19
Event: 3.313 Thread 0x0000000016366000 Uncommon trap: reason=unstable_if action=reinterpret pc=0x00000000026af44c method=com.android.dx.ssa.SCCP.simulateStmt(Lcom/android/dx/ssa/SsaInsn;)V @ 59
Event: 3.320 Thread 0x0000000016366000 Uncommon trap: reason=null_check action=make_not_entrant pc=0x00000000026396ac method=com.android.dx.ssa.SsaRenamer.getLocalForNewReg(I)Lcom/android/dx/rop/code/LocalItem; @ 19
Event: 3.474 Thread 0x0000000016366000 Uncommon trap: reason=unstable_if action=reinterpret pc=0x00000000024c9520 method=com.android.dx.rop.code.RegisterSpec.equals(ILcom/android/dx/rop/type/TypeBearer;Lcom/android/dx/rop/code/LocalItem;)Z @ 42
Event: 3.488 Thread 0x0000000016364000 Uncommon trap: reason=bimorphic action=maybe_recompile pc=0x00000000026d06a0 method=com.android.dx.cf.code.BytecodeArray.parseInstruction(ILcom/android/dx/cf/code/BytecodeArray$Visitor;)I @ 1224
Event: 3.488 Thread 0x0000000016364000 Uncommon trap: reason=bimorphic action=maybe_recompile pc=0x00000000026d06a0 method=com.android.dx.cf.code.BytecodeArray.parseInstruction(ILcom/android/dx/cf/code/BytecodeArray$Visitor;)I @ 1224
Event: 3.488 Thread 0x0000000016364000 Uncommon trap: reason=bimorphic action=maybe_recompile pc=0x00000000026d06a0 method=com.android.dx.cf.code.BytecodeArray.parseInstruction(ILcom/android/dx/cf/code/BytecodeArray$Visitor;)I @ 1224
Event: 3.488 Thread 0x0000000016364000 Uncommon trap: reason=bimorphic action=maybe_recompile pc=0x00000000026d06a0 method=com.android.dx.cf.code.BytecodeArray.parseInstruction(ILcom/android/dx/cf/code/BytecodeArray$Visitor;)I @ 1224

Internal exceptions (5 events):
Event: 1.260 Thread 0x0000000002110800 Exception <a 'java/lang/NoSuchMethodError': Method sun.misc.Unsafe.defineClass(Ljava/lang/String;[BII)Ljava/lang/Class; name or signature does not match> (0x00000000eab0d620) thrown at [C:\workspace\8-2-build-windows-amd64-cygwin\jdk8u65\4987\hotspot\src\s¹"—[4(ô?
Event: 1.260 Thread 0x0000000002110800 Exception <a 'java/lang/NoSuchMethodError': Method sun.misc.Unsafe.prefetchRead(Ljava/lang/Object;J)V name or signature does not match> (0x00000000eab0d908) thrown at [C:\workspace\8-2-build-windows-amd64-cygwin\jdk8u65\4987\hotspot\src\share\vm\prims\jni.ª›°j%±@
Event: 2.836 Thread 0x0000000016364000 Implicit null exception at 0x0000000002507ba2 to 0x0000000002507c92
Event: 2.886 Thread 0x0000000016364000 Implicit null exception at 0x0000000002640a11 to 0x00000000026419e9
Event: 3.320 Thread 0x0000000016366000 Implicit null exception at 0x000000000263887f to 0x0000000002639679

Events (10 events):
Event: 3.488 Thread 0x0000000016364000 DEOPT UNPACKING pc=0x000000000225582a sp=0x0000000016b0eb88 mode 2
Event: 3.488 Thread 0x0000000016364000 Uncommon trap: trap_request=0xffffffc6 fr.pc=0x00000000026d06a0
Event: 3.488 Thread 0x0000000016364000 DEOPT PACKING pc=0x00000000026d06a0 sp=0x0000000016b0ec00
Event: 3.488 Thread 0x0000000016364000 DEOPT UNPACKING pc=0x000000000225582a sp=0x0000000016b0eb88 mode 2
Event: 3.488 Thread 0x0000000016364000 Uncommon trap: trap_request=0xffffffc6 fr.pc=0x00000000026d06a0
Event: 3.488 Thread 0x0000000016364000 DEOPT PACKING pc=0x00000000026d06a0 sp=0x0000000016b0e9c0
Event: 3.488 Thread 0x0000000016364000 DEOPT UNPACKING pc=0x000000000225582a sp=0x0000000016b0e948 mode 2
Event: 3.488 Thread 0x0000000016364000 Uncommon trap: trap_request=0xffffffc6 fr.pc=0x00000000026d06a0
Event: 3.488 Thread 0x0000000016364000 DEOPT PACKING pc=0x00000000026d06a0 sp=0x0000000016b0e9c0
Event: 3.488 Thread 0x0000000016364000 DEOPT UNPACKING pc=0x000000000225582a sp=0x0000000016b0e948 mode 2


Dynamic libraries:
0x00007ff606210000 - 0x00007ff606247000 	C:\Program Files\Java\jdk1.8.0_65\bin\java.exe
0x00007ff810bb0000 - 0x00007ff810d71000 	C:\Windows\SYSTEM32\ntdll.dll
0x00007ff80e9c0000 - 0x00007ff80ea6d000 	C:\Windows\system32\KERNEL32.DLL
0x00007ff80d280000 - 0x00007ff80d468000 	C:\Windows\system32\KERNELBASE.dll
0x00007ff80b710000 - 0x00007ff80b789000 	C:\Windows\system32\apphelp.dll
0x00007ff8108c0000 - 0x00007ff810967000 	C:\Windows\system32\ADVAPI32.dll
0x00007ff80e0e0000 - 0x00007ff80e17d000 	C:\Windows\system32\msvcrt.dll
0x00007ff8101a0000 - 0x00007ff8101fb000 	C:\Windows\system32\sechost.dll
0x00007ff810480000 - 0x00007ff81059c000 	C:\Windows\system32\RPCRT4.dll
0x00007ff80e7f0000 - 0x00007ff80e946000 	C:\Windows\system32\USER32.dll
0x00007ff810010000 - 0x00007ff810196000 	C:\Windows\system32\GDI32.dll
0x00007fffffb60000 - 0x00007fffffdd4000 	C:\Windows\WinSxS\amd64_microsoft.windows.common-controls_6595b64144ccf1df_6.0.10586.0_none_8c15ae12515e1c22\COMCTL32.dll
0x00007ff810200000 - 0x00007ff81047d000 	C:\Windows\system32\combase.dll
0x00007ff80d8f0000 - 0x00007ff80d95a000 	C:\Windows\system32\bcryptPrimitives.dll
0x00007ff80ffd0000 - 0x00007ff81000b000 	C:\Windows\system32\IMM32.DLL
0x000000005ccc0000 - 0x000000005cd92000 	C:\Program Files\Java\jdk1.8.0_65\jre\bin\msvcr100.dll
0x000000005d140000 - 0x000000005d9c9000 	C:\Program Files\Java\jdk1.8.0_65\jre\bin\server\jvm.dll
0x00007ff810750000 - 0x00007ff810758000 	C:\Windows\system32\PSAPI.DLL
0x00007ff802680000 - 0x00007ff802689000 	C:\Windows\SYSTEM32\WSOCK32.dll
0x00007ff80e180000 - 0x00007ff80e1eb000 	C:\Windows\system32\WS2_32.dll
0x00007ff80b5a0000 - 0x00007ff80b5c3000 	C:\Windows\SYSTEM32\WINMM.dll
0x00007ff8006f0000 - 0x00007ff8006fa000 	C:\Windows\SYSTEM32\VERSION.dll
0x00007ff80b240000 - 0x00007ff80b26c000 	C:\Windows\SYSTEM32\WINMMBASE.dll
0x00007ff80d6d0000 - 0x00007ff80d713000 	C:\Windows\system32\cfgmgr32.dll
0x000000005d130000 - 0x000000005d13f000 	C:\Program Files\Java\jdk1.8.0_65\jre\bin\verify.dll
0x000000005d100000 - 0x000000005d129000 	C:\Program Files\Java\jdk1.8.0_65\jre\bin\java.dll
0x000000005d0e0000 - 0x000000005d0f6000 	C:\Program Files\Java\jdk1.8.0_65\jre\bin\zip.dll
0x00007ff80ea70000 - 0x00007ff80ffcf000 	C:\Windows\system32\SHELL32.dll
0x00007ff80d960000 - 0x00007ff80dfa4000 	C:\Windows\system32\windows.storage.dll
0x00007ff80e250000 - 0x00007ff80e2a2000 	C:\Windows\system32\shlwapi.dll
0x00007ff80d230000 - 0x00007ff80d23f000 	C:\Windows\system32\kernel.appcore.dll
0x00007ff80d560000 - 0x00007ff80d615000 	C:\Windows\system32\shcore.dll
0x00007ff80d1d0000 - 0x00007ff80d21b000 	C:\Windows\system32\powrprof.dll
0x00007ff80d240000 - 0x00007ff80d254000 	C:\Windows\system32\profapi.dll

VM Arguments:
jvm_args: -Djava.awt.headless=true -Xmx1024M -Dfile.encoding=windows-1252 -Duser.country=US -Duser.language=en -Duser.variant 
java_command: com.android.dx.command.Main --dex --force-jumbo --num-threads=4 --multi-dex --output F:\Android Tools\My AndroWork\MapMyDay\app\build\intermediates\transforms\dex\debug\folders\1000\10\com.wdullaer-materialdatetimepicker-2.1.1_f7ad3555f4634fff4658daa706880dbb9aa09b23 F:\Android Tools\My AndroWork\MapMyDay\app\build\intermediates\exploded-aar\com.wdullaer\materialdatetimepicker\2.1.1\jars\classes.jar
java_class_path (initial): F:\sdk\build-tools\23.0.1\lib\dx.jar
Launcher Type: SUN_STANDARD

Environment Variables:
PATH=C:\ProgramData\Oracle\Java\javapath;C:\Windows\system32;C:\Windows;C:\Windows\System32\Wbem;C:\Windows\System32\WindowsPowerShell\v1.0\;C:\Program Files (x86)\Intel\OpenCL SDK\2.0\bin\x86;C:\Program Files (x86)\Intel\OpenCL SDK\2.0\bin\x64;C:\Program Files\Microsoft\Web Platform Installer\;C:\Program Files (x86)\Microsoft ASP.NET\ASP.NET Web Pages\v1.0\;C:\Program Files (x86)\Windows Kits\8.0\Windows Performance Toolkit\;C:\Program Files\Microsoft SQL Server\110\Tools\Binn\;C:\VisualStudio & OpenCv\opencv\build\x64\vc11\bin\;C:\Program Files (x86)\Common Files\lenovo\easyplussdk\bin;C:\Modeltech_pe_edu_10.4a\win32pe_edu
USERNAME=Fahim Al Mahmud
OS=Windows_NT
PROCESSOR_IDENTIFIER=Intel64 Family 6 Model 58 Stepping 9, GenuineIntel



---------------  S Y S T E M  ---------------

OS: Windows 10.0 , 64 bit Build 10586 (10.0.10586.0)

CPU:total 4 (2 cores per cpu, 2 threads per core) family 6 model 58 stepping 9, cmov, cx8, fxsr, mmx, sse, sse2, sse3, ssse3, sse4.1, sse4.2, popcnt, avx, aes, clmul, erms, ht, tsc, tscinvbit, tscinv

Memory: 4k page, physical 4087096k(456196k free), swap 6005436k(5128k free)

vm_info: Java HotSpot(TM) 64-Bit Server VM (25.65-b01) for windows-amd64 JRE (1.8.0_65-b17), built on Oct  6 2015 16:39:20 by "java_re" with MS VC++ 10.0 (VS2010)

time: Sun Jun 12 01:25:46 2016
elapsed time: 3 seconds (0d 0h 0m 3s)

