#
# There is insufficient memory for the Java Runtime Environment to continue.
# Native memory allocation (malloc) failed to allocate 2245776 bytes for Chunk::new
# Possible reasons:
#   The system is out of physical RAM or swap space
#   In 32 bit mode, the process size limit was hit
# Possible solutions:
#   Reduce memory load on the system
#   Increase physical memory or swap space
#   Check if swap backing store is full
#   Use 64 bit Java on a 64 bit OS
#   Decrease Java heap size (-Xmx/-Xms)
#   Decrease number of Java threads
#   Decrease Java thread stack sizes (-Xss)
#   Set larger code cache with -XX:ReservedCodeCacheSize=
# This output file may be truncated or incomplete.
#
#  Out of Memory Error (allocation.cpp:390), pid=4356, tid=5240
#
# JRE version: Java(TM) SE Runtime Environment (8.0_65-b17) (build 1.8.0_65-b17)
# Java VM: Java HotSpot(TM) 64-Bit Server VM (25.65-b01 mixed mode windows-amd64 compressed oops)
# Failed to write core dump. Minidumps are not enabled by default on client versions of Windows
#

---------------  T H R E A D  ---------------

Current thread (0x00000000148cd800):  JavaThread "C2 CompilerThread0" daemon [_thread_in_native, id=5240, stack(0x0000000015f10000,0x0000000016010000)]

Stack: [0x0000000015f10000,0x0000000016010000]
[error occurred during error reporting (printing stack bounds), id 0xc0000005]

Native frames: (J=compiled Java code, j=interpreted, Vv=VM code, C=native code)


Current CompileTask:
C2:   7924 1893   !   4       com.android.dx.cf.code.BytecodeArray::parseInstruction (2764 bytes)


---------------  P R O C E S S  ---------------

Java Threads: ( => current thread )
  0x0000000016483000 JavaThread "pool-2-thread-4" [_thread_in_Java, id=1396, stack(0x0000000016c10000,0x0000000016d10000)]
  0x0000000016479800 JavaThread "pool-2-thread-3" [_thread_blocked, id=5148, stack(0x0000000016b10000,0x0000000016c10000)]
  0x0000000016478800 JavaThread "pool-2-thread-2" [_thread_blocked, id=6544, stack(0x0000000016a10000,0x0000000016b10000)]
  0x0000000016474000 JavaThread "pool-3-thread-1" [_thread_blocked, id=696, stack(0x0000000016910000,0x0000000016a10000)]
  0x0000000016471800 JavaThread "pool-2-thread-1" [_thread_in_Java, id=7024, stack(0x0000000016810000,0x0000000016910000)]
  0x000000001492e800 JavaThread "Service Thread" daemon [_thread_blocked, id=6916, stack(0x0000000016610000,0x0000000016710000)]
  0x000000001492c000 JavaThread "C1 CompilerThread2" daemon [_thread_blocked, id=5168, stack(0x0000000016110000,0x0000000016210000)]
  0x0000000014921000 JavaThread "C2 CompilerThread1" daemon [_thread_in_native, id=8328, stack(0x0000000016010000,0x0000000016110000)]
=>0x00000000148cd800 JavaThread "C2 CompilerThread0" daemon [_thread_in_native, id=5240, stack(0x0000000015f10000,0x0000000016010000)]
  0x00000000148ca800 JavaThread "Attach Listener" daemon [_thread_blocked, id=7200, stack(0x0000000015e10000,0x0000000015f10000)]
  0x00000000148c9800 JavaThread "Signal Dispatcher" daemon [_thread_blocked, id=4628, stack(0x0000000015d10000,0x0000000015e10000)]
  0x00000000021f0800 JavaThread "Finalizer" daemon [_thread_blocked, id=3208, stack(0x0000000015b30000,0x0000000015c30000)]
  0x00000000021ed000 JavaThread "Reference Handler" daemon [_thread_blocked, id=8276, stack(0x0000000015a30000,0x0000000015b30000)]
  0x0000000002100800 JavaThread "main" [_thread_in_vm, id=7552, stack(0x0000000000780000,0x0000000000880000)]

Other Threads:
  0x0000000014898000 VMThread [stack: 0x0000000015930000,0x0000000015a30000] [id=4084]
  0x000000001621b000 WatcherThread [stack: 0x0000000016710000,0x0000000016810000] [id=9144]

VM state:not at safepoint (normal execution)

VM Mutex/Monitor currently owned by a thread: None

Heap:
 PSYoungGen      total 73216K, used 28368K [0x00000000eab00000, 0x00000000f4500000, 0x0000000100000000)
  eden space 64512K, 30% used [0x00000000eab00000,0x00000000ebe34fd0,0x00000000eea00000)
  from space 8704K, 99% used [0x00000000eea00000,0x00000000ef27f3d8,0x00000000ef280000)
  to   space 14336K, 0% used [0x00000000f3700000,0x00000000f3700000,0x00000000f4500000)
 ParOldGen       total 44032K, used 24388K [0x00000000c0000000, 0x00000000c2b00000, 0x00000000eab00000)
  object space 44032K, 55% used [0x00000000c0000000,0x00000000c17d1110,0x00000000c2b00000)
 Metaspace       used 6272K, capacity 7216K, committed 7296K, reserved 1056768K
  class space    used 595K, capacity 616K, committed 640K, reserved 1048576K

Card table byte_map: [0x00000000115c0000,0x00000000117d0000] byte_map_base: 0x0000000010fc0000

Marking Bits: (ParMarkBitMap*) 0x000000005d94a5b0
 Begin Bits: [0x0000000011d30000, 0x0000000012d30000)
 End Bits:   [0x0000000012d30000, 0x0000000013d30000)

Polling page: 0x00000000001f0000

CodeCache: size=245760Kb used=7769Kb max_used=7769Kb free=237990Kb
 bounds [0x0000000002200000, 0x00000000029a0000, 0x0000000011200000]
 total_blobs=2144 nmethods=1874 adapters=182
 compilation: enabled

Compilation events (10 events):
Event: 7.801 Thread 0x000000001492c000 1931       2       java.util.zip.ZipUtils::dosToJavaTime (71 bytes)
Event: 7.801 Thread 0x000000001492c000 nmethod 1931 0x000000000297a010 code [0x000000000297a180, 0x000000000297a458]
Event: 7.805 Thread 0x000000001492c000 1932       2       com.android.dx.dex.file.ClassDefItem::<init> (110 bytes)
Event: 7.806 Thread 0x000000001492c000 nmethod 1932 0x0000000002979510 code [0x00000000029796e0, 0x0000000002979d08]
Event: 7.806 Thread 0x000000001492c000 1933   !   2       com.android.dx.dex.cf.AttributeTranslator::getClassAnnotations (135 bytes)
Event: 7.808 Thread 0x000000001492c000 nmethod 1933 0x0000000002977950 code [0x0000000002977c00, 0x0000000002978928]
Event: 7.808 Thread 0x000000001492c000 1934   !   2       com.android.dx.dex.cf.CfTranslator::processFields (251 bytes)
Event: 7.811 Thread 0x000000001492c000 nmethod 1934 0x000000000299af90 code [0x000000000299b2c0, 0x000000000299bfc8]
Event: 7.812 Thread 0x000000001492c000 1935       2       java.util.Vector::grow (57 bytes)
Event: 7.813 Thread 0x000000001492c000 nmethod 1935 0x0000000002977390 code [0x0000000002977500, 0x0000000002977798]

GC Heap History (10 events):
Event: 5.671 GC heap before
{Heap before GC invocations=3 (full 0):
 PSYoungGen      total 18944K, used 18912K [0x00000000eab00000, 0x00000000ed000000, 0x0000000100000000)
  eden space 16384K, 100% used [0x00000000eab00000,0x00000000ebb00000,0x00000000ebb00000)
  from space 2560K, 98% used [0x00000000ebd80000,0x00000000ebff8018,0x00000000ec000000)
  to   space 2560K, 0% used [0x00000000ebb00000,0x00000000ebb00000,0x00000000ebd80000)
 ParOldGen       total 44032K, used 4329K [0x00000000c0000000, 0x00000000c2b00000, 0x00000000eab00000)
  object space 44032K, 9% used [0x00000000c0000000,0x00000000c043a570,0x00000000c2b00000)
 Metaspace       used 6060K, capacity 7088K, committed 7296K, reserved 1056768K
  class space    used 594K, capacity 616K, committed 640K, reserved 1048576K
Event: 5.708 GC heap after
Heap after GC invocations=3 (full 0):
 PSYoungGen      total 18944K, used 2560K [0x00000000eab00000, 0x00000000ed000000, 0x0000000100000000)
  eden space 16384K, 0% used [0x00000000eab00000,0x00000000eab00000,0x00000000ebb00000)
  from space 2560K, 100% used [0x00000000ebb00000,0x00000000ebd80000,0x00000000ebd80000)
  to   space 2560K, 0% used [0x00000000ecd80000,0x00000000ecd80000,0x00000000ed000000)
 ParOldGen       total 44032K, used 6891K [0x00000000c0000000, 0x00000000c2b00000, 0x00000000eab00000)
  object space 44032K, 15% used [0x00000000c0000000,0x00000000c06baca8,0x00000000c2b00000)
 Metaspace       used 6060K, capacity 7088K, committed 7296K, reserved 1056768K
  class space    used 594K, capacity 616K, committed 640K, reserved 1048576K
}
Event: 5.922 GC heap before
{Heap before GC invocations=4 (full 0):
 PSYoungGen      total 18944K, used 18944K [0x00000000eab00000, 0x00000000ed000000, 0x0000000100000000)
  eden space 16384K, 100% used [0x00000000eab00000,0x00000000ebb00000,0x00000000ebb00000)
  from space 2560K, 100% used [0x00000000ebb00000,0x00000000ebd80000,0x00000000ebd80000)
  to   space 2560K, 0% used [0x00000000ecd80000,0x00000000ecd80000,0x00000000ed000000)
 ParOldGen       total 44032K, used 6891K [0x00000000c0000000, 0x00000000c2b00000, 0x00000000eab00000)
  object space 44032K, 15% used [0x00000000c0000000,0x00000000c06baca8,0x00000000c2b00000)
 Metaspace       used 6133K, capacity 7088K, committed 7296K, reserved 1056768K
  class space    used 594K, capacity 616K, committed 640K, reserved 1048576K
Event: 5.933 GC heap after
Heap after GC invocations=4 (full 0):
 PSYoungGen      total 35328K, used 2560K [0x00000000eab00000, 0x00000000ed000000, 0x0000000100000000)
  eden space 32768K, 0% used [0x00000000eab00000,0x00000000eab00000,0x00000000ecb00000)
  from space 2560K, 100% used [0x00000000ecd80000,0x00000000ed000000,0x00000000ed000000)
  to   space 2560K, 0% used [0x00000000ecb00000,0x00000000ecb00000,0x00000000ecd80000)
 ParOldGen       total 44032K, used 9830K [0x00000000c0000000, 0x00000000c2b00000, 0x00000000eab00000)
  object space 44032K, 22% used [0x00000000c0000000,0x00000000c0999920,0x00000000c2b00000)
 Metaspace       used 6133K, capacity 7088K, committed 7296K, reserved 1056768K
  class space    used 594K, capacity 616K, committed 640K, reserved 1048576K
}
Event: 6.386 GC heap before
{Heap before GC invocations=5 (full 0):
 PSYoungGen      total 35328K, used 35328K [0x00000000eab00000, 0x00000000ed000000, 0x0000000100000000)
  eden space 32768K, 100% used [0x00000000eab00000,0x00000000ecb00000,0x00000000ecb00000)
  from space 2560K, 100% used [0x00000000ecd80000,0x00000000ed000000,0x00000000ed000000)
  to   space 2560K, 0% used [0x00000000ecb00000,0x00000000ecb00000,0x00000000ecd80000)
 ParOldGen       total 44032K, used 9830K [0x00000000c0000000, 0x00000000c2b00000, 0x00000000eab00000)
  object space 44032K, 22% used [0x00000000c0000000,0x00000000c0999920,0x00000000c2b00000)
 Metaspace       used 6181K, capacity 7152K, committed 7296K, reserved 1056768K
  class space    used 594K, capacity 616K, committed 640K, reserved 1048576K
Event: 6.410 GC heap after
Heap after GC invocations=5 (full 0):
 PSYoungGen      total 35328K, used 2546K [0x00000000eab00000, 0x00000000efa00000, 0x0000000100000000)
  eden space 32768K, 0% used [0x00000000eab00000,0x00000000eab00000,0x00000000ecb00000)
  from space 2560K, 99% used [0x00000000ecb00000,0x00000000ecd7cbe0,0x00000000ecd80000)
  to   space 7680K, 0% used [0x00000000ef280000,0x00000000ef280000,0x00000000efa00000)
 ParOldGen       total 44032K, used 15094K [0x00000000c0000000, 0x00000000c2b00000, 0x00000000eab00000)
  object space 44032K, 34% used [0x00000000c0000000,0x00000000c0ebd9a8,0x00000000c2b00000)
 Metaspace       used 6181K, capacity 7152K, committed 7296K, reserved 1056768K
  class space    used 594K, capacity 616K, committed 640K, reserved 1048576K
}
Event: 6.982 GC heap before
{Heap before GC invocations=6 (full 0):
 PSYoungGen      total 35328K, used 35314K [0x00000000eab00000, 0x00000000efa00000, 0x0000000100000000)
  eden space 32768K, 100% used [0x00000000eab00000,0x00000000ecb00000,0x00000000ecb00000)
  from space 2560K, 99% used [0x00000000ecb00000,0x00000000ecd7cbe0,0x00000000ecd80000)
  to   space 7680K, 0% used [0x00000000ef280000,0x00000000ef280000,0x00000000efa00000)
 ParOldGen       total 44032K, used 15094K [0x00000000c0000000, 0x00000000c2b00000, 0x00000000eab00000)
  object space 44032K, 34% used [0x00000000c0000000,0x00000000c0ebd9a8,0x00000000c2b00000)
 Metaspace       used 6205K, capacity 7152K, committed 7296K, reserved 1056768K
  class space    used 594K, capacity 616K, committed 640K, reserved 1048576K
Event: 7.056 GC heap after
Heap after GC invocations=6 (full 0):
 PSYoungGen      total 72192K, used 7491K [0x00000000eab00000, 0x00000000efc00000, 0x0000000100000000)
  eden space 64512K, 0% used [0x00000000eab00000,0x00000000eab00000,0x00000000eea00000)
  from space 7680K, 97% used [0x00000000ef280000,0x00000000ef9d0f78,0x00000000efa00000)
  to   space 8704K, 0% used [0x00000000eea00000,0x00000000eea00000,0x00000000ef280000)
 ParOldGen       total 44032K, used 15094K [0x00000000c0000000, 0x00000000c2b00000, 0x00000000eab00000)
  object space 44032K, 34% used [0x00000000c0000000,0x00000000c0ebd9a8,0x00000000c2b00000)
 Metaspace       used 6205K, capacity 7152K, committed 7296K, reserved 1056768K
  class space    used 594K, capacity 616K, committed 640K, reserved 1048576K
}
Event: 7.652 GC heap before
{Heap before GC invocations=7 (full 0):
 PSYoungGen      total 72192K, used 72003K [0x00000000eab00000, 0x00000000efc00000, 0x0000000100000000)
  eden space 64512K, 100% used [0x00000000eab00000,0x00000000eea00000,0x00000000eea00000)
  from space 7680K, 97% used [0x00000000ef280000,0x00000000ef9d0f78,0x00000000efa00000)
  to   space 8704K, 0% used [0x00000000eea00000,0x00000000eea00000,0x00000000ef280000)
 ParOldGen       total 44032K, used 15094K [0x00000000c0000000, 0x00000000c2b00000, 0x00000000eab00000)
  object space 44032K, 34% used [0x00000000c0000000,0x00000000c0ebd9a8,0x00000000c2b00000)
 Metaspace       used 6264K, capacity 7152K, committed 7296K, reserved 1056768K
  class space    used 595K, capacity 616K, committed 640K, reserved 1048576K
Event: 7.712 GC heap after
Heap after GC invocations=7 (full 0):
 PSYoungGen      total 73216K, used 8700K [0x00000000eab00000, 0x00000000f4500000, 0x0000000100000000)
  eden space 64512K, 0% used [0x00000000eab00000,0x00000000eab00000,0x00000000eea00000)
  from space 8704K, 99% used [0x00000000eea00000,0x00000000ef27f3d8,0x00000000ef280000)
  to   space 14336K, 0% used [0x00000000f3700000,0x00000000f3700000,0x00000000f4500000)
 ParOldGen       total 44032K, used 24388K [0x00000000c0000000, 0x00000000c2b00000, 0x00000000eab00000)
  object space 44032K, 55% used [0x00000000c0000000,0x00000000c17d1110,0x00000000c2b00000)
 Metaspace       used 6264K, capacity 7152K, committed 7296K, reserved 1056768K
  class space    used 595K, capacity 616K, committed 640K, reserved 1048576K
}

Deoptimization events (10 events):
Event: 7.058 Thread 0x0000000016478800 Uncommon trap: reason=null_check action=make_not_entrant pc=0x00000000026e72e0 method=com.android.dx.rop.type.Type.equals(Ljava/lang/Object;)Z @ 8
Event: 7.122 Thread 0x0000000016483000 Uncommon trap: reason=bimorphic action=maybe_recompile pc=0x0000000002701bd0 method=com.android.dx.cf.code.BytecodeArray.parseInstruction(ILcom/android/dx/cf/code/BytecodeArray$Visitor;)I @ 1161
Event: 7.122 Thread 0x0000000016483000 Uncommon trap: reason=bimorphic action=maybe_recompile pc=0x0000000002701bd0 method=com.android.dx.cf.code.BytecodeArray.parseInstruction(ILcom/android/dx/cf/code/BytecodeArray$Visitor;)I @ 1161
Event: 7.345 Thread 0x0000000016471800 Uncommon trap: reason=bimorphic action=maybe_recompile pc=0x000000000261f234 method=java.util.HashMap.getNode(ILjava/lang/Object;)Ljava/util/HashMap$Node; @ 126
Event: 7.345 Thread 0x0000000016471800 Uncommon trap: reason=bimorphic action=maybe_recompile pc=0x000000000278f604 method=java.util.HashMap.putVal(ILjava/lang/Object;Ljava/lang/Object;ZZ)Ljava/lang/Object; @ 203
Event: 7.386 Thread 0x0000000002100800 Uncommon trap: reason=bimorphic action=maybe_recompile pc=0x000000000261f234 method=java.util.HashMap.getNode(ILjava/lang/Object;)Ljava/util/HashMap$Node; @ 126
Event: 7.725 Thread 0x0000000016478800 Uncommon trap: reason=bimorphic action=maybe_recompile pc=0x000000000261f234 method=java.util.HashMap.getNode(ILjava/lang/Object;)Ljava/util/HashMap$Node; @ 126
Event: 7.725 Thread 0x0000000016478800 Uncommon trap: reason=bimorphic action=maybe_recompile pc=0x000000000278f604 method=java.util.HashMap.putVal(ILjava/lang/Object;Ljava/lang/Object;ZZ)Ljava/lang/Object; @ 203
Event: 7.725 Thread 0x0000000016478800 Uncommon trap: reason=bimorphic action=maybe_recompile pc=0x000000000278f604 method=java.util.HashMap.putVal(ILjava/lang/Object;Ljava/lang/Object;ZZ)Ljava/lang/Object; @ 203
Event: 7.725 Thread 0x0000000016478800 Uncommon trap: reason=bimorphic action=maybe_recompile pc=0x000000000278f604 method=java.util.HashMap.putVal(ILjava/lang/Object;Ljava/lang/Object;ZZ)Ljava/lang/Object; @ 203

Internal exceptions (6 events):
Event: 0.876 Thread 0x0000000002100800 Exception <a 'java/lang/NoSuchMethodError': Method sun.misc.Unsafe.defineClass(Ljava/lang/String;[BII)Ljava/lang/Class; name or signature does not match> (0x00000000eab0d790) thrown at [C:\workspace\8-2-build-windows-amd64-cygwin\jdk8u65\4987\hotspot\src\sJ¡Òs	ì?
Event: 0.876 Thread 0x0000000002100800 Exception <a 'java/lang/NoSuchMethodError': Method sun.misc.Unsafe.prefetchRead(Ljava/lang/Object;J)V name or signature does not match> (0x00000000eab0da78) thrown at [C:\workspace\8-2-build-windows-amd64-cygwin\jdk8u65\4987\hotspot\src\share\vm\prims\jni.®Áœé@
Event: 4.024 Thread 0x0000000016483000 Implicit null exception at 0x00000000025511a7 to 0x00000000025527cd
Event: 6.260 Thread 0x0000000016483000 Implicit null exception at 0x00000000028c8f4f to 0x00000000028ca379
Event: 6.507 Thread 0x0000000016479800 Implicit null exception at 0x00000000028dbba5 to 0x00000000028dcd55
Event: 7.058 Thread 0x0000000016478800 Implicit null exception at 0x00000000026e71e2 to 0x00000000026e72d2

Events (10 events):
Event: 7.725 Thread 0x0000000016478800 DEOPT UNPACKING pc=0x000000000224582a sp=0x0000000016b0e450 mode 2
Event: 7.725 Thread 0x0000000016478800 Uncommon trap: trap_request=0xffffffc6 fr.pc=0x000000000278f604
Event: 7.725 Thread 0x0000000016478800 DEOPT PACKING pc=0x000000000278f604 sp=0x0000000016b0e4a0
Event: 7.725 Thread 0x0000000016478800 DEOPT UNPACKING pc=0x000000000224582a sp=0x0000000016b0e428 mode 2
Event: 7.725 Thread 0x0000000016478800 Uncommon trap: trap_request=0xffffffc6 fr.pc=0x000000000278f604
Event: 7.725 Thread 0x0000000016478800 DEOPT PACKING pc=0x000000000278f604 sp=0x0000000016b0e4a0
Event: 7.725 Thread 0x0000000016478800 DEOPT UNPACKING pc=0x000000000224582a sp=0x0000000016b0e428 mode 2
Event: 7.725 Thread 0x0000000016478800 Uncommon trap: trap_request=0xffffffc6 fr.pc=0x000000000278f604
Event: 7.725 Thread 0x0000000016478800 DEOPT PACKING pc=0x000000000278f604 sp=0x0000000016b0e600
Event: 7.725 Thread 0x0000000016478800 DEOPT UNPACKING pc=0x000000000224582a sp=0x0000000016b0e588 mode 2


Dynamic libraries:
0x00007ff606210000 - 0x00007ff606247000 	C:\Program Files\Java\jdk1.8.0_65\bin\java.exe
0x00007ff810bb0000 - 0x00007ff810d71000 	C:\Windows\SYSTEM32\ntdll.dll
0x00007ff80e9c0000 - 0x00007ff80ea6d000 	C:\Windows\system32\KERNEL32.DLL
0x00007ff80d280000 - 0x00007ff80d468000 	C:\Windows\system32\KERNELBASE.dll
0x00007ff80b710000 - 0x00007ff80b789000 	C:\Windows\system32\apphelp.dll
0x00007ff8108c0000 - 0x00007ff810967000 	C:\Windows\system32\ADVAPI32.dll
0x00007ff80e0e0000 - 0x00007ff80e17d000 	C:\Windows\system32\msvcrt.dll
0x00007ff8101a0000 - 0x00007ff8101fb000 	C:\Windows\system32\sechost.dll
0x00007ff810480000 - 0x00007ff81059c000 	C:\Windows\system32\RPCRT4.dll
0x00007ff80e7f0000 - 0x00007ff80e946000 	C:\Windows\system32\USER32.dll
0x00007ff810010000 - 0x00007ff810196000 	C:\Windows\system32\GDI32.dll
0x00007fffffb60000 - 0x00007fffffdd4000 	C:\Windows\WinSxS\amd64_microsoft.windows.common-controls_6595b64144ccf1df_6.0.10586.0_none_8c15ae12515e1c22\COMCTL32.dll
0x00007ff810200000 - 0x00007ff81047d000 	C:\Windows\system32\combase.dll
0x00007ff80d8f0000 - 0x00007ff80d95a000 	C:\Windows\system32\bcryptPrimitives.dll
0x00007ff80ffd0000 - 0x00007ff81000b000 	C:\Windows\system32\IMM32.DLL
0x000000005ccc0000 - 0x000000005cd92000 	C:\Program Files\Java\jdk1.8.0_65\jre\bin\msvcr100.dll
0x000000005d140000 - 0x000000005d9c9000 	C:\Program Files\Java\jdk1.8.0_65\jre\bin\server\jvm.dll
0x00007ff810750000 - 0x00007ff810758000 	C:\Windows\system32\PSAPI.DLL
0x00007ff802680000 - 0x00007ff802689000 	C:\Windows\SYSTEM32\WSOCK32.dll
0x00007ff80e180000 - 0x00007ff80e1eb000 	C:\Windows\system32\WS2_32.dll
0x00007ff80b5a0000 - 0x00007ff80b5c3000 	C:\Windows\SYSTEM32\WINMM.dll
0x00007ff8006f0000 - 0x00007ff8006fa000 	C:\Windows\SYSTEM32\VERSION.dll
0x00007ff80b240000 - 0x00007ff80b26c000 	C:\Windows\SYSTEM32\WINMMBASE.dll
0x00007ff80d6d0000 - 0x00007ff80d713000 	C:\Windows\system32\cfgmgr32.dll
0x000000005d130000 - 0x000000005d13f000 	C:\Program Files\Java\jdk1.8.0_65\jre\bin\verify.dll
0x000000005d100000 - 0x000000005d129000 	C:\Program Files\Java\jdk1.8.0_65\jre\bin\java.dll
0x000000005d0e0000 - 0x000000005d0f6000 	C:\Program Files\Java\jdk1.8.0_65\jre\bin\zip.dll
0x00007ff80ea70000 - 0x00007ff80ffcf000 	C:\Windows\system32\SHELL32.dll
0x00007ff80d960000 - 0x00007ff80dfa4000 	C:\Windows\system32\windows.storage.dll
0x00007ff80e250000 - 0x00007ff80e2a2000 	C:\Windows\system32\shlwapi.dll
0x00007ff80d230000 - 0x00007ff80d23f000 	C:\Windows\system32\kernel.appcore.dll
0x00007ff80d560000 - 0x00007ff80d615000 	C:\Windows\system32\shcore.dll
0x00007ff80d1d0000 - 0x00007ff80d21b000 	C:\Windows\system32\powrprof.dll
0x00007ff80d240000 - 0x00007ff80d254000 	C:\Windows\system32\profapi.dll

VM Arguments:
jvm_args: -Djava.awt.headless=true -Xmx1024M -Dfile.encoding=windows-1252 -Duser.country=US -Duser.language=en -Duser.variant 
java_command: com.android.dx.command.Main --dex --force-jumbo --num-threads=4 --multi-dex --output F:\Android Tools\My AndroWork\MapMyDay\app\build\intermediates\transforms\dex\debug\folders\1000\10\com.android.support-support-v4-23.1.1_b3a364f2fa358bad3d4bcdd2cad6060edfd22087 F:\Android Tools\My AndroWork\MapMyDay\app\build\intermediates\exploded-aar\com.android.support\support-v4\23.1.1\jars\classes.jar
java_class_path (initial): F:\sdk\build-tools\23.0.1\lib\dx.jar
Launcher Type: SUN_STANDARD

Environment Variables:
PATH=C:\ProgramData\Oracle\Java\javapath;C:\Windows\system32;C:\Windows;C:\Windows\System32\Wbem;C:\Windows\System32\WindowsPowerShell\v1.0\;C:\Program Files (x86)\Intel\OpenCL SDK\2.0\bin\x86;C:\Program Files (x86)\Intel\OpenCL SDK\2.0\bin\x64;C:\Program Files\Microsoft\Web Platform Installer\;C:\Program Files (x86)\Microsoft ASP.NET\ASP.NET Web Pages\v1.0\;C:\Program Files (x86)\Windows Kits\8.0\Windows Performance Toolkit\;C:\Program Files\Microsoft SQL Server\110\Tools\Binn\;C:\VisualStudio & OpenCv\opencv\build\x64\vc11\bin\;C:\Program Files (x86)\Common Files\lenovo\easyplussdk\bin;C:\Modeltech_pe_edu_10.4a\win32pe_edu
USERNAME=Fahim Al Mahmud
OS=Windows_NT
PROCESSOR_IDENTIFIER=Intel64 Family 6 Model 58 Stepping 9, GenuineIntel



---------------  S Y S T E M  ---------------

OS: Windows 10.0 , 64 bit Build 10586 (10.0.10586.0)

CPU:total 4 (2 cores per cpu, 2 threads per core) family 6 model 58 stepping 9, cmov, cx8, fxsr, mmx, sse, sse2, sse3, ssse3, sse4.1, sse4.2, popcnt, avx, aes, clmul, erms, ht, tsc, tscinvbit, tscinv

Memory: 4k page, physical 4087096k(551204k free), swap 6005436k(5132k free)

vm_info: Java HotSpot(TM) 64-Bit Server VM (25.65-b01) for windows-amd64 JRE (1.8.0_65-b17), built on Oct  6 2015 16:39:20 by "java_re" with MS VC++ 10.0 (VS2010)

time: Sun Jun 12 03:09:17 2016
elapsed time: 7 seconds (0d 0h 0m 7s)

