#
# There is insufficient memory for the Java Runtime Environment to continue.
# Native memory allocation (malloc) failed to allocate 262160 bytes for Chunk::new
# Possible reasons:
#   The system is out of physical RAM or swap space
#   In 32 bit mode, the process size limit was hit
# Possible solutions:
#   Reduce memory load on the system
#   Increase physical memory or swap space
#   Check if swap backing store is full
#   Use 64 bit Java on a 64 bit OS
#   Decrease Java heap size (-Xmx/-Xms)
#   Decrease number of Java threads
#   Decrease Java thread stack sizes (-Xss)
#   Set larger code cache with -XX:ReservedCodeCacheSize=
# This output file may be truncated or incomplete.
#
#  Out of Memory Error (allocation.cpp:390), pid=84, tid=2404
#
# JRE version: Java(TM) SE Runtime Environment (8.0_65-b17) (build 1.8.0_65-b17)
# Java VM: Java HotSpot(TM) 64-Bit Server VM (25.65-b01 mixed mode windows-amd64 compressed oops)
# Failed to write core dump. Minidumps are not enabled by default on client versions of Windows
#

---------------  T H R E A D  ---------------

Current thread (0x0000000014a9d800):  JavaThread "C2 CompilerThread0" daemon [_thread_in_native, id=2404, stack(0x00000000160e0000,0x00000000161e0000)]

Stack: [0x00000000160e0000,0x00000000161e0000]
[error occurred during error reporting (printing stack bounds), id 0xc0000005]

Native frames: (J=compiled Java code, j=interpreted, Vv=VM code, C=native code)


Current CompileTask:
C2:  17627 2200   !   4       com.android.dx.cf.code.BytecodeArray::parseInstruction (2764 bytes)


---------------  P R O C E S S  ---------------

Java Threads: ( => current thread )
  0x0000000016665800 JavaThread "pool-1-thread-4" [_thread_blocked, id=1156, stack(0x0000000016de0000,0x0000000016ee0000)]
  0x0000000016663800 JavaThread "pool-1-thread-3" [_thread_in_Java, id=2512, stack(0x0000000016ce0000,0x0000000016de0000)]
  0x000000001665e800 JavaThread "pool-1-thread-2" [_thread_blocked, id=2308, stack(0x0000000016be0000,0x0000000016ce0000)]
  0x0000000016659800 JavaThread "pool-2-thread-1" [_thread_blocked, id=6100, stack(0x0000000016ae0000,0x0000000016be0000)]
  0x0000000016657000 JavaThread "pool-1-thread-1" [_thread_blocked, id=7424, stack(0x00000000169e0000,0x0000000016ae0000)]
  0x00000000163e5800 JavaThread "Service Thread" daemon [_thread_blocked, id=6664, stack(0x00000000167e0000,0x00000000168e0000)]
  0x0000000014afc000 JavaThread "C1 CompilerThread2" daemon [_thread_blocked, id=6508, stack(0x00000000162e0000,0x00000000163e0000)]
  0x0000000014af5800 JavaThread "C2 CompilerThread1" daemon [_thread_in_native, id=7472, stack(0x00000000161e0000,0x00000000162e0000)]
=>0x0000000014a9d800 JavaThread "C2 CompilerThread0" daemon [_thread_in_native, id=2404, stack(0x00000000160e0000,0x00000000161e0000)]
  0x0000000014a9a800 JavaThread "Attach Listener" daemon [_thread_blocked, id=7572, stack(0x0000000015fe0000,0x00000000160e0000)]
  0x0000000014a99800 JavaThread "Signal Dispatcher" daemon [_thread_blocked, id=6600, stack(0x0000000015ee0000,0x0000000015fe0000)]
  0x00000000023c0800 JavaThread "Finalizer" daemon [_thread_blocked, id=5208, stack(0x0000000015d00000,0x0000000015e00000)]
  0x00000000023bd000 JavaThread "Reference Handler" daemon [_thread_blocked, id=3448, stack(0x0000000015c00000,0x0000000015d00000)]
  0x00000000022d0800 JavaThread "main" [_thread_blocked, id=948, stack(0x0000000002010000,0x0000000002110000)]

Other Threads:
  0x0000000014a68000 VMThread [stack: 0x0000000015b00000,0x0000000015c00000] [id=988]
  0x0000000016401000 WatcherThread [stack: 0x00000000168e0000,0x00000000169e0000] [id=7516]

VM state:not at safepoint (normal execution)

VM Mutex/Monitor currently owned by a thread: None

Heap:
 PSYoungGen      total 144896K, used 18718K [0x00000000eab00000, 0x00000000f4a00000, 0x0000000100000000)
  eden space 129024K, 5% used [0x00000000eab00000,0x00000000eb253bc0,0x00000000f2900000)
  from space 15872K, 70% used [0x00000000f2900000,0x00000000f33f3d80,0x00000000f3880000)
  to   space 13824K, 0% used [0x00000000f3880000,0x00000000f3880000,0x00000000f4600000)
 ParOldGen       total 44032K, used 43828K [0x00000000c0000000, 0x00000000c2b00000, 0x00000000eab00000)
  object space 44032K, 99% used [0x00000000c0000000,0x00000000c2acd140,0x00000000c2b00000)
 Metaspace       used 6406K, capacity 7256K, committed 7424K, reserved 1056768K
  class space    used 617K, capacity 656K, committed 768K, reserved 1048576K

Card table byte_map: [0x0000000011790000,0x00000000119a0000] byte_map_base: 0x0000000011190000

Marking Bits: (ParMarkBitMap*) 0x000000006dc5a5b0
 Begin Bits: [0x0000000011f00000, 0x0000000012f00000)
 End Bits:   [0x0000000012f00000, 0x0000000013f00000)

Polling page: 0x0000000001f20000

CodeCache: size=245760Kb used=8887Kb max_used=11035Kb free=236872Kb
 bounds [0x00000000023d0000, 0x0000000002eb0000, 0x00000000113d0000]
 total_blobs=2066 nmethods=1796 adapters=182
 compilation: enabled

Compilation events (10 events):
Event: 16.629 Thread 0x0000000014a9d800 2200   !   4       com.android.dx.cf.code.BytecodeArray::parseInstruction (2764 bytes)
Event: 17.607 Thread 0x0000000014afc000 2201       3       java.util.zip.ZipFile$ZipFileInputStream::finalize (5 bytes)
Event: 17.607 Thread 0x0000000014afc000 nmethod 2201 0x00000000026128d0 code [0x0000000002612a40, 0x0000000002612bc8]
Event: 17.607 Thread 0x0000000014afc000 2202       3       java.util.zip.ZipFile$ZipFileInflaterInputStream::finalize (5 bytes)
Event: 17.607 Thread 0x0000000014afc000 nmethod 2202 0x000000000263fd10 code [0x000000000263fe80, 0x0000000002640008]
Event: 17.607 Thread 0x0000000014afc000 2203       1       java.lang.ref.Reference::access$100 (4 bytes)
Event: 17.607 Thread 0x0000000014afc000 nmethod 2203 0x0000000002850690 code [0x00000000028507e0, 0x00000000028508d0]
Event: 17.607 Thread 0x0000000014afc000 2204       1       java.lang.ref.Finalizer::access$000 (4 bytes)
Event: 17.607 Thread 0x0000000014afc000 nmethod 2204 0x00000000028a4190 code [0x00000000028a42e0, 0x00000000028a43d0]
Event: 17.616 Thread 0x0000000014af5800 2205       4       sun.nio.cs.UTF_8$Encoder::encode (359 bytes)

GC Heap History (10 events):
Event: 9.309 GC heap before
{Heap before GC invocations=4 (full 0):
 PSYoungGen      total 35328K, used 35312K [0x00000000eab00000, 0x00000000ef000000, 0x0000000100000000)
  eden space 32768K, 100% used [0x00000000eab00000,0x00000000ecb00000,0x00000000ecb00000)
  from space 2560K, 99% used [0x00000000ecb00000,0x00000000ecd7c038,0x00000000ecd80000)
  to   space 2560K, 0% used [0x00000000eed80000,0x00000000eed80000,0x00000000ef000000)
 ParOldGen       total 44032K, used 9287K [0x00000000c0000000, 0x00000000c2b00000, 0x00000000eab00000)
  object space 44032K, 21% used [0x00000000c0000000,0x00000000c0911c88,0x00000000c2b00000)
 Metaspace       used 6172K, capacity 7152K, committed 7296K, reserved 1056768K
  class space    used 595K, capacity 616K, committed 640K, reserved 1048576K
Event: 9.533 GC heap after
Heap after GC invocations=4 (full 0):
 PSYoungGen      total 68096K, used 2544K [0x00000000eab00000, 0x00000000ef000000, 0x0000000100000000)
  eden space 65536K, 0% used [0x00000000eab00000,0x00000000eab00000,0x00000000eeb00000)
  from space 2560K, 99% used [0x00000000eed80000,0x00000000eeffc3b0,0x00000000ef000000)
  to   space 2560K, 0% used [0x00000000eeb00000,0x00000000eeb00000,0x00000000eed80000)
 ParOldGen       total 44032K, used 14679K [0x00000000c0000000, 0x00000000c2b00000, 0x00000000eab00000)
  object space 44032K, 33% used [0x00000000c0000000,0x00000000c0e55d08,0x00000000c2b00000)
 Metaspace       used 6172K, capacity 7152K, committed 7296K, reserved 1056768K
  class space    used 595K, capacity 616K, committed 640K, reserved 1048576K
}
Event: 11.990 GC heap before
{Heap before GC invocations=5 (full 0):
 PSYoungGen      total 68096K, used 68080K [0x00000000eab00000, 0x00000000ef000000, 0x0000000100000000)
  eden space 65536K, 100% used [0x00000000eab00000,0x00000000eeb00000,0x00000000eeb00000)
  from space 2560K, 99% used [0x00000000eed80000,0x00000000eeffc3b0,0x00000000ef000000)
  to   space 2560K, 0% used [0x00000000eeb00000,0x00000000eeb00000,0x00000000eed80000)
 ParOldGen       total 44032K, used 14679K [0x00000000c0000000, 0x00000000c2b00000, 0x00000000eab00000)
  object space 44032K, 33% used [0x00000000c0000000,0x00000000c0e55d08,0x00000000c2b00000)
 Metaspace       used 6282K, capacity 7216K, committed 7296K, reserved 1056768K
  class space    used 596K, capacity 616K, committed 640K, reserved 1048576K
Event: 12.180 GC heap after
Heap after GC invocations=5 (full 0):
 PSYoungGen      total 68096K, used 2556K [0x00000000eab00000, 0x00000000f4600000, 0x0000000100000000)
  eden space 65536K, 0% used [0x00000000eab00000,0x00000000eab00000,0x00000000eeb00000)
  from space 2560K, 99% used [0x00000000eeb00000,0x00000000eed7f250,0x00000000eed80000)
  to   space 13824K, 0% used [0x00000000f3880000,0x00000000f3880000,0x00000000f4600000)
 ParOldGen       total 44032K, used 25807K [0x00000000c0000000, 0x00000000c2b00000, 0x00000000eab00000)
  object space 44032K, 58% used [0x00000000c0000000,0x00000000c1933e78,0x00000000c2b00000)
 Metaspace       used 6282K, capacity 7216K, committed 7296K, reserved 1056768K
  class space    used 596K, capacity 616K, committed 640K, reserved 1048576K
}
Event: 14.549 GC heap before
{Heap before GC invocations=6 (full 0):
 PSYoungGen      total 68096K, used 68092K [0x00000000eab00000, 0x00000000f4600000, 0x0000000100000000)
  eden space 65536K, 100% used [0x00000000eab00000,0x00000000eeb00000,0x00000000eeb00000)
  from space 2560K, 99% used [0x00000000eeb00000,0x00000000eed7f250,0x00000000eed80000)
  to   space 13824K, 0% used [0x00000000f3880000,0x00000000f3880000,0x00000000f4600000)
 ParOldGen       total 44032K, used 25807K [0x00000000c0000000, 0x00000000c2b00000, 0x00000000eab00000)
  object space 44032K, 58% used [0x00000000c0000000,0x00000000c1933e78,0x00000000c2b00000)
 Metaspace       used 6291K, capacity 7216K, committed 7296K, reserved 1056768K
  class space    used 596K, capacity 616K, committed 640K, reserved 1048576K
Event: 14.613 GC heap after
Heap after GC invocations=6 (full 0):
 PSYoungGen      total 142848K, used 12817K [0x00000000eab00000, 0x00000000f4a00000, 0x0000000100000000)
  eden space 129024K, 0% used [0x00000000eab00000,0x00000000eab00000,0x00000000f2900000)
  from space 13824K, 92% used [0x00000000f3880000,0x00000000f4504558,0x00000000f4600000)
  to   space 15872K, 0% used [0x00000000f2900000,0x00000000f2900000,0x00000000f3880000)
 ParOldGen       total 44032K, used 25807K [0x00000000c0000000, 0x00000000c2b00000, 0x00000000eab00000)
  object space 44032K, 58% used [0x00000000c0000000,0x00000000c1933e78,0x00000000c2b00000)
 Metaspace       used 6291K, capacity 7216K, committed 7296K, reserved 1056768K
  class space    used 596K, capacity 616K, committed 640K, reserved 1048576K
}
Event: 16.676 GC heap before
{Heap before GC invocations=7 (full 0):
 PSYoungGen      total 142848K, used 141841K [0x00000000eab00000, 0x00000000f4a00000, 0x0000000100000000)
  eden space 129024K, 100% used [0x00000000eab00000,0x00000000f2900000,0x00000000f2900000)
  from space 13824K, 92% used [0x00000000f3880000,0x00000000f4504558,0x00000000f4600000)
  to   space 15872K, 0% used [0x00000000f2900000,0x00000000f2900000,0x00000000f3880000)
 ParOldGen       total 44032K, used 25807K [0x00000000c0000000, 0x00000000c2b00000, 0x00000000eab00000)
  object space 44032K, 58% used [0x00000000c0000000,0x00000000c1933e78,0x00000000c2b00000)
 Metaspace       used 6406K, capacity 7256K, committed 7424K, reserved 1056768K
  class space    used 617K, capacity 656K, committed 768K, reserved 1048576K
Event: 16.791 GC heap after
Heap after GC invocations=7 (full 0):
 PSYoungGen      total 144896K, used 15866K [0x00000000eab00000, 0x00000000f4a00000, 0x0000000100000000)
  eden space 129024K, 0% used [0x00000000eab00000,0x00000000eab00000,0x00000000f2900000)
  from space 15872K, 99% used [0x00000000f2900000,0x00000000f387ea30,0x00000000f3880000)
  to   space 13824K, 0% used [0x00000000f3880000,0x00000000f3880000,0x00000000f4600000)
 ParOldGen       total 44032K, used 42446K [0x00000000c0000000, 0x00000000c2b00000, 0x00000000eab00000)
  object space 44032K, 96% used [0x00000000c0000000,0x00000000c2973848,0x00000000c2b00000)
 Metaspace       used 6406K, capacity 7256K, committed 7424K, reserved 1056768K
  class space    used 617K, capacity 656K, committed 768K, reserved 1048576K
}
Event: 16.791 GC heap before
{Heap before GC invocations=8 (full 1):
 PSYoungGen      total 144896K, used 15866K [0x00000000eab00000, 0x00000000f4a00000, 0x0000000100000000)
  eden space 129024K, 0% used [0x00000000eab00000,0x00000000eab00000,0x00000000f2900000)
  from space 15872K, 99% used [0x00000000f2900000,0x00000000f387ea30,0x00000000f3880000)
  to   space 13824K, 0% used [0x00000000f3880000,0x00000000f3880000,0x00000000f4600000)
 ParOldGen       total 44032K, used 42446K [0x00000000c0000000, 0x00000000c2b00000, 0x00000000eab00000)
  object space 44032K, 96% used [0x00000000c0000000,0x00000000c2973848,0x00000000c2b00000)
 Metaspace       used 6406K, capacity 7256K, committed 7424K, reserved 1056768K
  class space    used 617K, capacity 656K, committed 768K, reserved 1048576K
Event: 17.606 GC heap after
Heap after GC invocations=8 (full 1):
 PSYoungGen      total 144896K, used 11215K [0x00000000eab00000, 0x00000000f4a00000, 0x0000000100000000)
  eden space 129024K, 0% used [0x00000000eab00000,0x00000000eab00000,0x00000000f2900000)
  from space 15872K, 70% used [0x00000000f2900000,0x00000000f33f3d80,0x00000000f3880000)
  to   space 13824K, 0% used [0x00000000f3880000,0x00000000f3880000,0x00000000f4600000)
 ParOldGen       total 44032K, used 43828K [0x00000000c0000000, 0x00000000c2b00000, 0x00000000eab00000)
  object space 44032K, 99% used [0x00000000c0000000,0x00000000c2acd140,0x00000000c2b00000)
 Metaspace       used 6406K, capacity 7256K, committed 7424K, reserved 1056768K
  class space    used 617K, capacity 656K, committed 768K, reserved 1048576K
}

Deoptimization events (10 events):
Event: 14.234 Thread 0x000000001665e800 Uncommon trap: reason=class_check action=maybe_recompile pc=0x00000000028fbfdc method=java.util.HashMap.putVal(ILjava/lang/Object;Ljava/lang/Object;ZZ)Ljava/lang/Object; @ 203
Event: 14.379 Thread 0x0000000016665800 Uncommon trap: reason=unstable_if action=reinterpret pc=0x0000000002cc276c method=com.android.dx.ssa.PhiTypeResolver.resolveResultType(Lcom/android/dx/ssa/PhiInsn;)Z @ 280
Event: 15.982 Thread 0x00000000022d0800 Uncommon trap: reason=bimorphic action=maybe_recompile pc=0x0000000002d934fc method=com.android.dx.cf.code.BytecodeArray.parseInstruction(ILcom/android/dx/cf/code/BytecodeArray$Visitor;)I @ 1287
Event: 15.983 Thread 0x00000000022d0800 Uncommon trap: reason=bimorphic action=maybe_recompile pc=0x0000000002d934fc method=com.android.dx.cf.code.BytecodeArray.parseInstruction(ILcom/android/dx/cf/code/BytecodeArray$Visitor;)I @ 1287
Event: 16.241 Thread 0x000000001665e800 Uncommon trap: reason=unstable_if action=reinterpret pc=0x0000000002750b64 method=java.util.HashMap.putVal(ILjava/lang/Object;Ljava/lang/Object;ZZ)Ljava/lang/Object; @ 162
Event: 16.253 Thread 0x000000001665e800 Uncommon trap: reason=unstable_if action=reinterpret pc=0x00000000024da318 method=java.util.HashMap.getNode(ILjava/lang/Object;)Ljava/util/HashMap$Node; @ 84
Event: 16.459 Thread 0x0000000016665800 Uncommon trap: reason=class_check action=maybe_recompile pc=0x00000000028ecd64 method=java.util.HashMap.putVal(ILjava/lang/Object;Ljava/lang/Object;ZZ)Ljava/lang/Object; @ 203
Event: 16.475 Thread 0x0000000016665800 Uncommon trap: reason=unstable_if action=reinterpret pc=0x0000000002e3a0f4 method=java.util.HashMap.getNode(ILjava/lang/Object;)Ljava/util/HashMap$Node; @ 84
Event: 16.621 Thread 0x0000000016657000 Uncommon trap: reason=bimorphic action=maybe_recompile pc=0x00000000028db1a0 method=com.android.dx.cf.code.BytecodeArray.parseInstruction(ILcom/android/dx/cf/code/BytecodeArray$Visitor;)I @ 971
Event: 16.621 Thread 0x0000000016657000 Uncommon trap: reason=bimorphic action=maybe_recompile pc=0x00000000028db1a0 method=com.android.dx.cf.code.BytecodeArray.parseInstruction(ILcom/android/dx/cf/code/BytecodeArray$Visitor;)I @ 971

Internal exceptions (8 events):
Event: 0.067 Thread 0x00000000022d0800 Exception <a 'java/lang/NoSuchMethodError': Method sun.misc.Unsafe.defineClass(Ljava/lang/String;[BII)Ljava/lang/Class; name or signature does not match> (0x00000000eab0d5d8) thrown at [C:\workspace\8-2-build-windows-amd64-cygwin\jdk8u65\4987\hotspot\src\sœÌcï—±?
Event: 0.067 Thread 0x00000000022d0800 Exception <a 'java/lang/NoSuchMethodError': Method sun.misc.Unsafe.prefetchRead(Ljava/lang/Object;J)V name or signature does not match> (0x00000000eab0d8c0) thrown at [C:\workspace\8-2-build-windows-amd64-cygwin\jdk8u65\4987\hotspot\src\share\vm\prims\jni.îÚá;‰^@
Event: 2.671 Thread 0x0000000016665800 Implicit null exception at 0x00000000026b5109 to 0x00000000026b7035
Event: 8.873 Thread 0x0000000016657000 Implicit null exception at 0x0000000002a47e1c to 0x0000000002a498a1
Event: 11.192 Thread 0x00000000022d0800 Implicit null exception at 0x0000000002917562 to 0x0000000002917652
Event: 16.243 Thread 0x000000001665e800 Exception <a 'java/lang/ArrayIndexOutOfBoundsException': 18> (0x00000000ef84e678) thrown at [C:\workspace\8-2-build-windows-amd64-cygwin\jdk8u65\4987\hotspot\src\share\vm\interpreter\interpreterRuntime.cpp, line 366]
Event: 16.243 Thread 0x000000001665e800 Exception <a 'java/lang/ArrayIndexOutOfBoundsException': 145> (0x00000000ef8501f8) thrown at [C:\workspace\8-2-build-windows-amd64-cygwin\jdk8u65\4987\hotspot\src\share\vm\interpreter\interpreterRuntime.cpp, line 366]
Event: 16.244 Thread 0x000000001665e800 Exception <a 'java/lang/ArrayIndexOutOfBoundsException'> (0x00000000ef8514e0) thrown at [C:\workspace\8-2-build-windows-amd64-cygwin\jdk8u65\4987\hotspot\src\share\vm\runtime\sharedRuntime.cpp, line 605]

Events (10 events):
Event: 16.621 Thread 0x0000000016657000 Uncommon trap: trap_request=0xffffffc6 fr.pc=0x00000000028db1a0
Event: 16.621 Thread 0x0000000016657000 DEOPT PACKING pc=0x00000000028db1a0 sp=0x0000000016ade840
Event: 16.621 Thread 0x0000000016657000 DEOPT UNPACKING pc=0x000000000241582a sp=0x0000000016ade7c8 mode 2
Event: 16.621 Thread 0x0000000016657000 Uncommon trap: trap_request=0xffffffc6 fr.pc=0x00000000028db1a0
Event: 16.621 Thread 0x0000000016657000 DEOPT PACKING pc=0x00000000028db1a0 sp=0x0000000016ade8c0
Event: 16.621 Thread 0x0000000016657000 DEOPT UNPACKING pc=0x000000000241582a sp=0x0000000016ade848 mode 2
Event: 16.676 Executing VM operation: ParallelGCFailedAllocation
Event: 17.606 Executing VM operation: ParallelGCFailedAllocation done
Event: 17.617 Thread 0x00000000022d0800 DEOPT PACKING pc=0x00000000025245ff sp=0x000000000210ef90
Event: 17.617 Thread 0x00000000022d0800 DEOPT UNPACKING pc=0x000000000241787f sp=0x000000000210ecc0 mode 0


Dynamic libraries:
0x00007ff788ce0000 - 0x00007ff788d17000 	C:\Program Files\Java\jdk1.8.0_65\bin\java.exe
0x00007ffc1d5e0000 - 0x00007ffc1d7a1000 	C:\Windows\SYSTEM32\ntdll.dll
0x00007ffc1b370000 - 0x00007ffc1b41d000 	C:\Windows\system32\KERNEL32.DLL
0x00007ffc19d20000 - 0x00007ffc19f08000 	C:\Windows\system32\KERNELBASE.dll
0x00007ffc18190000 - 0x00007ffc18209000 	C:\Windows\system32\apphelp.dll
0x00007ffc1ac00000 - 0x00007ffc1aca7000 	C:\Windows\system32\ADVAPI32.dll
0x00007ffc1cff0000 - 0x00007ffc1d08d000 	C:\Windows\system32\msvcrt.dll
0x00007ffc1b240000 - 0x00007ffc1b29b000 	C:\Windows\system32\sechost.dll
0x00007ffc1b6a0000 - 0x00007ffc1b7bc000 	C:\Windows\system32\RPCRT4.dll
0x00007ffc1acb0000 - 0x00007ffc1ae06000 	C:\Windows\system32\USER32.dll
0x00007ffc1aa00000 - 0x00007ffc1ab86000 	C:\Windows\system32\GDI32.dll
0x00007ffc0c950000 - 0x00007ffc0cbc4000 	C:\Windows\WinSxS\amd64_microsoft.windows.common-controls_6595b64144ccf1df_6.0.10586.0_none_8c15ae12515e1c22\COMCTL32.dll
0x00007ffc1b420000 - 0x00007ffc1b69d000 	C:\Windows\system32\combase.dll
0x00007ffc1a150000 - 0x00007ffc1a1ba000 	C:\Windows\system32\bcryptPrimitives.dll
0x00007ffc1d210000 - 0x00007ffc1d24b000 	C:\Windows\system32\IMM32.DLL
0x000000006cfd0000 - 0x000000006d0a2000 	C:\Program Files\Java\jdk1.8.0_65\jre\bin\msvcr100.dll
0x000000006d450000 - 0x000000006dcd9000 	C:\Program Files\Java\jdk1.8.0_65\jre\bin\server\jvm.dll
0x00007ffc1d3a0000 - 0x00007ffc1d3a8000 	C:\Windows\system32\PSAPI.DLL
0x00007ffc02230000 - 0x00007ffc02239000 	C:\Windows\SYSTEM32\WSOCK32.dll
0x00007ffc1d090000 - 0x00007ffc1d0fb000 	C:\Windows\system32\WS2_32.dll
0x00007ffc180a0000 - 0x00007ffc180c3000 	C:\Windows\SYSTEM32\WINMM.dll
0x00007ffc0e190000 - 0x00007ffc0e19a000 	C:\Windows\SYSTEM32\VERSION.dll
0x00007ffc18070000 - 0x00007ffc1809c000 	C:\Windows\SYSTEM32\WINMMBASE.dll
0x00007ffc1a100000 - 0x00007ffc1a143000 	C:\Windows\system32\cfgmgr32.dll
0x000000006d440000 - 0x000000006d44f000 	C:\Program Files\Java\jdk1.8.0_65\jre\bin\verify.dll
0x000000006d410000 - 0x000000006d439000 	C:\Program Files\Java\jdk1.8.0_65\jre\bin\java.dll
0x000000006d3f0000 - 0x000000006d406000 	C:\Program Files\Java\jdk1.8.0_65\jre\bin\zip.dll
0x00007ffc1b980000 - 0x00007ffc1cedf000 	C:\Windows\system32\SHELL32.dll
0x00007ffc1a2d0000 - 0x00007ffc1a914000 	C:\Windows\system32\windows.storage.dll
0x00007ffc1d3c0000 - 0x00007ffc1d412000 	C:\Windows\system32\shlwapi.dll
0x00007ffc19c80000 - 0x00007ffc19c8f000 	C:\Windows\system32\kernel.appcore.dll
0x00007ffc1a920000 - 0x00007ffc1a9d5000 	C:\Windows\system32\shcore.dll
0x00007ffc19c30000 - 0x00007ffc19c7b000 	C:\Windows\system32\powrprof.dll
0x00007ffc19c10000 - 0x00007ffc19c24000 	C:\Windows\system32\profapi.dll

VM Arguments:
jvm_args: -Djava.awt.headless=true -Xmx1024M -Dfile.encoding=windows-1252 -Duser.country=US -Duser.language=en -Duser.variant 
java_command: com.android.dx.command.Main --dex --force-jumbo --num-threads=4 --output F:\Android Tools\My AndroWork\MapMyDay\app\build\intermediates\pre-dexed\debug\com.android.support-support-v4-23.1.1_b3a364f2fa358bad3d4bcdd2cad6060edfd22087.jar F:\Android Tools\My AndroWork\MapMyDay\app\build\intermediates\exploded-aar\com.android.support\support-v4\23.1.1\jars\classes.jar
java_class_path (initial): F:\sdk\build-tools\23.0.1\lib\dx.jar
Launcher Type: SUN_STANDARD

Environment Variables:
PATH=C:\ProgramData\Oracle\Java\javapath;C:\Windows\system32;C:\Windows;C:\Windows\System32\Wbem;C:\Windows\System32\WindowsPowerShell\v1.0\;C:\Program Files (x86)\Intel\OpenCL SDK\2.0\bin\x86;C:\Program Files (x86)\Intel\OpenCL SDK\2.0\bin\x64;C:\Program Files\Microsoft\Web Platform Installer\;C:\Program Files (x86)\Microsoft ASP.NET\ASP.NET Web Pages\v1.0\;C:\Program Files (x86)\Windows Kits\8.0\Windows Performance Toolkit\;C:\Program Files\Microsoft SQL Server\110\Tools\Binn\;C:\VisualStudio & OpenCv\opencv\build\x64\vc11\bin\;C:\Program Files (x86)\Common Files\lenovo\easyplussdk\bin;C:\Modeltech_pe_edu_10.4a\win32pe_edu
USERNAME=Fahim Al Mahmud
OS=Windows_NT
PROCESSOR_IDENTIFIER=Intel64 Family 6 Model 58 Stepping 9, GenuineIntel



---------------  S Y S T E M  ---------------

OS: Windows 10.0 , 64 bit Build 10586 (10.0.10586.0)

CPU:total 4 (2 cores per cpu, 2 threads per core) family 6 model 58 stepping 9, cmov, cx8, fxsr, mmx, sse, sse2, sse3, ssse3, sse4.1, sse4.2, popcnt, avx, aes, clmul, erms, ht, tsc, tscinvbit, tscinv

Memory: 4k page, physical 4087096k(335244k free), swap 5250600k(2428k free)

vm_info: Java HotSpot(TM) 64-Bit Server VM (25.65-b01) for windows-amd64 JRE (1.8.0_65-b17), built on Oct  6 2015 16:39:20 by "java_re" with MS VC++ 10.0 (VS2010)

time: Mon Jun 13 11:30:24 2016
elapsed time: 17 seconds (0d 0h 0m 17s)

