#
# There is insufficient memory for the Java Runtime Environment to continue.
# Native memory allocation (malloc) failed to allocate 329296 bytes for Chunk::new
# Possible reasons:
#   The system is out of physical RAM or swap space
#   In 32 bit mode, the process size limit was hit
# Possible solutions:
#   Reduce memory load on the system
#   Increase physical memory or swap space
#   Check if swap backing store is full
#   Use 64 bit Java on a 64 bit OS
#   Decrease Java heap size (-Xmx/-Xms)
#   Decrease number of Java threads
#   Decrease Java thread stack sizes (-Xss)
#   Set larger code cache with -XX:ReservedCodeCacheSize=
# This output file may be truncated or incomplete.
#
#  Out of Memory Error (allocation.cpp:390), pid=1404, tid=3644
#
# JRE version: Java(TM) SE Runtime Environment (8.0_65-b17) (build 1.8.0_65-b17)
# Java VM: Java HotSpot(TM) 64-Bit Server VM (25.65-b01 mixed mode windows-amd64 compressed oops)
# Failed to write core dump. Minidumps are not enabled by default on client versions of Windows
#

---------------  T H R E A D  ---------------

Current thread (0x000000001495d800):  JavaThread "C2 CompilerThread0" daemon [_thread_in_native, id=3644, stack(0x0000000015fa0000,0x00000000160a0000)]

Stack: [0x0000000015fa0000,0x00000000160a0000]
[error occurred during error reporting (printing stack bounds), id 0xc0000005]

Native frames: (J=compiled Java code, j=interpreted, Vv=VM code, C=native code)


Current CompileTask:
C2:   2787  653       4       com.android.dx.ssa.SsaBasicBlock::forEachInsn (37 bytes)


---------------  P R O C E S S  ---------------

Java Threads: ( => current thread )
  0x000000001650d800 JavaThread "pool-1-thread-4" [_thread_in_Java, id=3580, stack(0x0000000016ca0000,0x0000000016da0000)]
  0x000000001650a000 JavaThread "pool-1-thread-3" [_thread_in_Java, id=6432, stack(0x0000000016ba0000,0x0000000016ca0000)]
  0x0000000016501800 JavaThread "pool-1-thread-2" [_thread_in_Java, id=8168, stack(0x0000000016aa0000,0x0000000016ba0000)]
  0x00000000164fe800 JavaThread "pool-2-thread-1" [_thread_blocked, id=7264, stack(0x00000000169a0000,0x0000000016aa0000)]
  0x00000000164fd800 JavaThread "pool-1-thread-1" [_thread_in_Java, id=7480, stack(0x00000000168a0000,0x00000000169a0000)]
  0x00000000162a7800 JavaThread "Service Thread" daemon [_thread_blocked, id=7472, stack(0x00000000166a0000,0x00000000167a0000)]
  0x00000000149b8800 JavaThread "C1 CompilerThread2" daemon [_thread_in_native, id=6880, stack(0x00000000161a0000,0x00000000162a0000)]
  0x000000001495f800 JavaThread "C2 CompilerThread1" daemon [_thread_in_native, id=5912, stack(0x00000000160a0000,0x00000000161a0000)]
=>0x000000001495d800 JavaThread "C2 CompilerThread0" daemon [_thread_in_native, id=3644, stack(0x0000000015fa0000,0x00000000160a0000)]
  0x000000001495a800 JavaThread "Attach Listener" daemon [_thread_blocked, id=7180, stack(0x0000000015ea0000,0x0000000015fa0000)]
  0x0000000014959000 JavaThread "Signal Dispatcher" daemon [_thread_blocked, id=5040, stack(0x0000000015da0000,0x0000000015ea0000)]
  0x0000000002280800 JavaThread "Finalizer" daemon [_thread_blocked, id=6412, stack(0x0000000015bc0000,0x0000000015cc0000)]
  0x000000000227d000 JavaThread "Reference Handler" daemon [_thread_blocked, id=7524, stack(0x0000000015ac0000,0x0000000015bc0000)]
  0x0000000002190800 JavaThread "main" [_thread_in_Java, id=7072, stack(0x0000000002090000,0x0000000002190000)]

Other Threads:
  0x0000000014928000 VMThread [stack: 0x00000000159c0000,0x0000000015ac0000] [id=6044]
  0x00000000162c3800 WatcherThread [stack: 0x00000000167a0000,0x00000000168a0000] [id=1692]

VM state:not at safepoint (normal execution)

VM Mutex/Monitor currently owned by a thread: None

Heap:
 PSYoungGen      total 18944K, used 13084K [0x00000000eab00000, 0x00000000ec000000, 0x0000000100000000)
  eden space 16384K, 79% used [0x00000000eab00000,0x00000000eb7c7150,0x00000000ebb00000)
  from space 2560K, 0% used [0x00000000ebd80000,0x00000000ebd80000,0x00000000ec000000)
  to   space 2560K, 0% used [0x00000000ebb00000,0x00000000ebb00000,0x00000000ebd80000)
 ParOldGen       total 44032K, used 0K [0x00000000c0000000, 0x00000000c2b00000, 0x00000000eab00000)
  object space 44032K, 0% used [0x00000000c0000000,0x00000000c0000000,0x00000000c2b00000)
 Metaspace       used 5584K, capacity 6640K, committed 6784K, reserved 1056768K
  class space    used 589K, capacity 616K, committed 640K, reserved 1048576K

Card table byte_map: [0x0000000011650000,0x0000000011860000] byte_map_base: 0x0000000011050000

Marking Bits: (ParMarkBitMap*) 0x000000006dc5a5b0
 Begin Bits: [0x0000000011dc0000, 0x0000000012dc0000)
 End Bits:   [0x0000000012dc0000, 0x0000000013dc0000)

Polling page: 0x00000000001f0000

CodeCache: size=245760Kb used=2842Kb max_used=2842Kb free=242918Kb
 bounds [0x0000000002290000, 0x0000000002560000, 0x0000000011290000]
 total_blobs=965 nmethods=696 adapters=182
 compilation: enabled

Compilation events (10 events):
Event: 2.782 Thread 0x00000000149b8800 nmethod 697 0x0000000002547110 code [0x0000000002547600, 0x000000000254add8]
Event: 2.782 Thread 0x00000000149b8800  708       3       com.android.dx.ssa.SCCP::simulateBlock (54 bytes)
Event: 2.782 Thread 0x00000000149b8800 nmethod 708 0x000000000254da10 code [0x000000000254dc00, 0x000000000254e548]
Event: 2.782 Thread 0x00000000149b8800  707       3       com.android.dx.ssa.back.FirstFitLocalCombiningAllocator$1::visitNonMoveInsn (6 bytes)
Event: 2.782 Thread 0x00000000149b8800 nmethod 707 0x000000000254e910 code [0x000000000254ea80, 0x000000000254ec08]
Event: 2.783 Thread 0x00000000149b8800  696       3       com.android.dx.rop.code.RegisterSpecSet::<init> (27 bytes)
Event: 2.783 Thread 0x00000000149b8800 nmethod 696 0x000000000254ec90 code [0x000000000254ee00, 0x000000000254f110]
Event: 2.783 Thread 0x00000000149b8800  710       3       java.util.AbstractSet::<init> (5 bytes)
Event: 2.783 Thread 0x00000000149b8800 nmethod 710 0x000000000254f210 code [0x000000000254f380, 0x000000000254f590]
Event: 2.783 Thread 0x00000000149b8800  704       3       com.android.dx.ssa.LiteralOpUpgrader$1::visitNonMoveInsn (203 bytes)

GC Heap History (0 events):
No events

Deoptimization events (5 events):
Event: 2.612 Thread 0x000000001650d800 Uncommon trap: reason=unstable_if action=reinterpret pc=0x000000000249e63c method=java.util.HashMap.getNode(ILjava/lang/Object;)Ljava/util/HashMap$Node; @ 62
Event: 2.720 Thread 0x00000000164fd800 Uncommon trap: reason=class_check action=maybe_recompile pc=0x00000000024fcd30 method=com.android.dx.ssa.NormalSsaInsn.accept(Lcom/android/dx/ssa/SsaInsn$Visitor;)V @ 9
Event: 2.720 Thread 0x00000000164fd800 Uncommon trap: reason=class_check action=maybe_recompile pc=0x00000000024fcd30 method=com.android.dx.ssa.NormalSsaInsn.accept(Lcom/android/dx/ssa/SsaInsn$Visitor;)V @ 9
Event: 2.720 Thread 0x00000000164fd800 Uncommon trap: reason=class_check action=maybe_recompile pc=0x00000000024fcd30 method=com.android.dx.ssa.NormalSsaInsn.accept(Lcom/android/dx/ssa/SsaInsn$Visitor;)V @ 9
Event: 2.721 Thread 0x00000000164fd800 Uncommon trap: reason=class_check action=maybe_recompile pc=0x00000000024fcd30 method=com.android.dx.ssa.NormalSsaInsn.accept(Lcom/android/dx/ssa/SsaInsn$Visitor;)V @ 9

Internal exceptions (2 events):
Event: 0.088 Thread 0x0000000002190800 Exception <a 'java/lang/NoSuchMethodError': Method sun.misc.Unsafe.defineClass(Ljava/lang/String;[BII)Ljava/lang/Class; name or signature does not match> (0x00000000eab0d5e8) thrown at [C:\workspace\8-2-build-windows-amd64-cygwin\jdk8u65\4987\hotspot\src\sг蛶?
Event: 0.088 Thread 0x0000000002190800 Exception <a 'java/lang/NoSuchMethodError': Method sun.misc.Unsafe.prefetchRead(Ljava/lang/Object;J)V name or signature does not match> (0x00000000eab0d8d0) thrown at [C:\workspace\8-2-build-windows-amd64-cygwin\jdk8u65\4987\hotspot\src\share\vm\prims\jni.

Events (10 events):
Event: 2.720 Thread 0x00000000164fd800 DEOPT UNPACKING pc=0x00000000022d582a sp=0x000000001699ed20 mode 2
Event: 2.720 Thread 0x00000000164fd800 Uncommon trap: trap_request=0xffffffde fr.pc=0x00000000024fcd30
Event: 2.720 Thread 0x00000000164fd800 DEOPT PACKING pc=0x00000000024fcd30 sp=0x000000001699eae0
Event: 2.720 Thread 0x00000000164fd800 DEOPT UNPACKING pc=0x00000000022d582a sp=0x000000001699ea70 mode 2
Event: 2.720 Thread 0x00000000164fd800 Uncommon trap: trap_request=0xffffffde fr.pc=0x00000000024fcd30
Event: 2.720 Thread 0x00000000164fd800 DEOPT PACKING pc=0x00000000024fcd30 sp=0x000000001699ea50
Event: 2.720 Thread 0x00000000164fd800 DEOPT UNPACKING pc=0x00000000022d582a sp=0x000000001699e9e0 mode 2
Event: 2.721 Thread 0x00000000164fd800 Uncommon trap: trap_request=0xffffffde fr.pc=0x00000000024fcd30
Event: 2.721 Thread 0x00000000164fd800 DEOPT PACKING pc=0x00000000024fcd30 sp=0x000000001699ed60
Event: 2.721 Thread 0x00000000164fd800 DEOPT UNPACKING pc=0x00000000022d582a sp=0x000000001699ecf0 mode 2


Dynamic libraries:
0x00007ff788ce0000 - 0x00007ff788d17000 	C:\Program Files\Java\jdk1.8.0_65\bin\java.exe
0x00007ffc1d5e0000 - 0x00007ffc1d7a1000 	C:\Windows\SYSTEM32\ntdll.dll
0x00007ffc1b370000 - 0x00007ffc1b41d000 	C:\Windows\system32\KERNEL32.DLL
0x00007ffc19d20000 - 0x00007ffc19f08000 	C:\Windows\system32\KERNELBASE.dll
0x00007ffc18190000 - 0x00007ffc18209000 	C:\Windows\system32\apphelp.dll
0x00007ffc1ac00000 - 0x00007ffc1aca7000 	C:\Windows\system32\ADVAPI32.dll
0x00007ffc1cff0000 - 0x00007ffc1d08d000 	C:\Windows\system32\msvcrt.dll
0x00007ffc1b240000 - 0x00007ffc1b29b000 	C:\Windows\system32\sechost.dll
0x00007ffc1b6a0000 - 0x00007ffc1b7bc000 	C:\Windows\system32\RPCRT4.dll
0x00007ffc1acb0000 - 0x00007ffc1ae06000 	C:\Windows\system32\USER32.dll
0x00007ffc1aa00000 - 0x00007ffc1ab86000 	C:\Windows\system32\GDI32.dll
0x00007ffc0c950000 - 0x00007ffc0cbc4000 	C:\Windows\WinSxS\amd64_microsoft.windows.common-controls_6595b64144ccf1df_6.0.10586.0_none_8c15ae12515e1c22\COMCTL32.dll
0x00007ffc1b420000 - 0x00007ffc1b69d000 	C:\Windows\system32\combase.dll
0x00007ffc1a150000 - 0x00007ffc1a1ba000 	C:\Windows\system32\bcryptPrimitives.dll
0x00007ffc1d210000 - 0x00007ffc1d24b000 	C:\Windows\system32\IMM32.DLL
0x000000006cfd0000 - 0x000000006d0a2000 	C:\Program Files\Java\jdk1.8.0_65\jre\bin\msvcr100.dll
0x000000006d450000 - 0x000000006dcd9000 	C:\Program Files\Java\jdk1.8.0_65\jre\bin\server\jvm.dll
0x00007ffc1d3a0000 - 0x00007ffc1d3a8000 	C:\Windows\system32\PSAPI.DLL
0x00007ffc02230000 - 0x00007ffc02239000 	C:\Windows\SYSTEM32\WSOCK32.dll
0x00007ffc1d090000 - 0x00007ffc1d0fb000 	C:\Windows\system32\WS2_32.dll
0x00007ffc180a0000 - 0x00007ffc180c3000 	C:\Windows\SYSTEM32\WINMM.dll
0x00007ffc0e190000 - 0x00007ffc0e19a000 	C:\Windows\SYSTEM32\VERSION.dll
0x00007ffc18070000 - 0x00007ffc1809c000 	C:\Windows\SYSTEM32\WINMMBASE.dll
0x00007ffc1a100000 - 0x00007ffc1a143000 	C:\Windows\system32\cfgmgr32.dll
0x000000006d440000 - 0x000000006d44f000 	C:\Program Files\Java\jdk1.8.0_65\jre\bin\verify.dll
0x000000006d410000 - 0x000000006d439000 	C:\Program Files\Java\jdk1.8.0_65\jre\bin\java.dll
0x000000006d3f0000 - 0x000000006d406000 	C:\Program Files\Java\jdk1.8.0_65\jre\bin\zip.dll
0x00007ffc1b980000 - 0x00007ffc1cedf000 	C:\Windows\system32\SHELL32.dll
0x00007ffc1a2d0000 - 0x00007ffc1a914000 	C:\Windows\system32\windows.storage.dll
0x00007ffc1d3c0000 - 0x00007ffc1d412000 	C:\Windows\system32\shlwapi.dll
0x00007ffc19c80000 - 0x00007ffc19c8f000 	C:\Windows\system32\kernel.appcore.dll
0x00007ffc1a920000 - 0x00007ffc1a9d5000 	C:\Windows\system32\shcore.dll
0x00007ffc19c30000 - 0x00007ffc19c7b000 	C:\Windows\system32\powrprof.dll
0x00007ffc19c10000 - 0x00007ffc19c24000 	C:\Windows\system32\profapi.dll

VM Arguments:
jvm_args: -Djava.awt.headless=true -Xmx1024M -Dfile.encoding=windows-1252 -Duser.country=US -Duser.language=en -Duser.variant 
java_command: com.android.dx.command.Main --dex --force-jumbo --num-threads=4 --output F:\Android Tools\My AndroWork\MapMyDay\app\build\intermediates\pre-dexed\debug\com.android.support-recyclerview-v7-23.1.1_3b68c178c13e6a0df3a3b1c4f3709ead7e46dfb0.jar F:\Android Tools\My AndroWork\MapMyDay\app\build\intermediates\exploded-aar\com.android.support\recyclerview-v7\23.1.1\jars\classes.jar
java_class_path (initial): F:\sdk\build-tools\23.0.1\lib\dx.jar
Launcher Type: SUN_STANDARD

Environment Variables:
PATH=C:\ProgramData\Oracle\Java\javapath;C:\Windows\system32;C:\Windows;C:\Windows\System32\Wbem;C:\Windows\System32\WindowsPowerShell\v1.0\;C:\Program Files (x86)\Intel\OpenCL SDK\2.0\bin\x86;C:\Program Files (x86)\Intel\OpenCL SDK\2.0\bin\x64;C:\Program Files\Microsoft\Web Platform Installer\;C:\Program Files (x86)\Microsoft ASP.NET\ASP.NET Web Pages\v1.0\;C:\Program Files (x86)\Windows Kits\8.0\Windows Performance Toolkit\;C:\Program Files\Microsoft SQL Server\110\Tools\Binn\;C:\VisualStudio & OpenCv\opencv\build\x64\vc11\bin\;C:\Program Files (x86)\Common Files\lenovo\easyplussdk\bin;C:\Modeltech_pe_edu_10.4a\win32pe_edu
USERNAME=Fahim Al Mahmud
OS=Windows_NT
PROCESSOR_IDENTIFIER=Intel64 Family 6 Model 58 Stepping 9, GenuineIntel



---------------  S Y S T E M  ---------------

OS: Windows 10.0 , 64 bit Build 10586 (10.0.10586.0)

CPU:total 4 (2 cores per cpu, 2 threads per core) family 6 model 58 stepping 9, cmov, cx8, fxsr, mmx, sse, sse2, sse3, ssse3, sse4.1, sse4.2, popcnt, avx, aes, clmul, erms, ht, tsc, tscinvbit, tscinv

Memory: 4k page, physical 4087096k(469860k free), swap 5250600k(1840k free)

vm_info: Java HotSpot(TM) 64-Bit Server VM (25.65-b01) for windows-amd64 JRE (1.8.0_65-b17), built on Oct  6 2015 16:39:20 by "java_re" with MS VC++ 10.0 (VS2010)

time: Mon Jun 13 11:34:07 2016
elapsed time: 2 seconds (0d 0h 0m 2s)

