#
# There is insufficient memory for the Java Runtime Environment to continue.
# Native memory allocation (malloc) failed to allocate 391184 bytes for Chunk::new
# Possible reasons:
#   The system is out of physical RAM or swap space
#   In 32 bit mode, the process size limit was hit
# Possible solutions:
#   Reduce memory load on the system
#   Increase physical memory or swap space
#   Check if swap backing store is full
#   Use 64 bit Java on a 64 bit OS
#   Decrease Java heap size (-Xmx/-Xms)
#   Decrease number of Java threads
#   Decrease Java thread stack sizes (-Xss)
#   Set larger code cache with -XX:ReservedCodeCacheSize=
# This output file may be truncated or incomplete.
#
#  Out of Memory Error (allocation.cpp:390), pid=6436, tid=7600
#
# JRE version: Java(TM) SE Runtime Environment (8.0_65-b17) (build 1.8.0_65-b17)
# Java VM: Java HotSpot(TM) 64-Bit Server VM (25.65-b01 mixed mode windows-amd64 compressed oops)
# Failed to write core dump. Minidumps are not enabled by default on client versions of Windows
#

---------------  T H R E A D  ---------------

Current thread (0x000000001492d800):  JavaThread "C2 CompilerThread0" daemon [_thread_in_native, id=7600, stack(0x0000000015f60000,0x0000000016060000)]

Stack: [0x0000000015f60000,0x0000000016060000]
[error occurred during error reporting (printing stack bounds), id 0xc0000005]

Native frames: (J=compiled Java code, j=interpreted, Vv=VM code, C=native code)


Current CompileTask:
C2:   2666 1217       4       com.android.dx.ssa.SsaRenamer$BlockRenamer::process (191 bytes)


---------------  P R O C E S S  ---------------

Java Threads: ( => current thread )
  0x000000001639c800 JavaThread "pool-1-thread-4" [_thread_blocked, id=8188, stack(0x0000000016c60000,0x0000000016d60000)]
  0x000000001639b000 JavaThread "pool-1-thread-3" [_thread_blocked, id=2600, stack(0x0000000016b60000,0x0000000016c60000)]
  0x000000001639a000 JavaThread "pool-1-thread-2" [_thread_blocked, id=3408, stack(0x0000000016a60000,0x0000000016b60000)]
  0x000000001629c000 JavaThread "pool-2-thread-1" [_thread_blocked, id=6268, stack(0x0000000016960000,0x0000000016a60000)]
  0x000000001629b000 JavaThread "pool-1-thread-1" [_thread_blocked, id=8156, stack(0x0000000016860000,0x0000000016960000)]
  0x000000001616c800 JavaThread "Service Thread" daemon [_thread_blocked, id=4632, stack(0x0000000016660000,0x0000000016760000)]
  0x0000000016168800 JavaThread "C1 CompilerThread2" daemon [_thread_blocked, id=6772, stack(0x0000000016560000,0x0000000016660000)]
  0x000000001492f800 JavaThread "C2 CompilerThread1" daemon [_thread_in_native, id=5984, stack(0x0000000016060000,0x0000000016160000)]
=>0x000000001492d800 JavaThread "C2 CompilerThread0" daemon [_thread_in_native, id=7600, stack(0x0000000015f60000,0x0000000016060000)]
  0x000000001492a800 JavaThread "Attach Listener" daemon [_thread_blocked, id=688, stack(0x0000000015e60000,0x0000000015f60000)]
  0x0000000014929000 JavaThread "Signal Dispatcher" daemon [_thread_blocked, id=5460, stack(0x0000000015d60000,0x0000000015e60000)]
  0x0000000002250800 JavaThread "Finalizer" daemon [_thread_blocked, id=2104, stack(0x0000000015b80000,0x0000000015c80000)]
  0x000000000224d000 JavaThread "Reference Handler" daemon [_thread_blocked, id=7664, stack(0x0000000015a80000,0x0000000015b80000)]
  0x0000000002160800 JavaThread "main" [_thread_blocked, id=7676, stack(0x0000000002060000,0x0000000002160000)]

Other Threads:
  0x00000000148f8000 VMThread [stack: 0x0000000015980000,0x0000000015a80000] [id=1628]
  0x0000000016182800 WatcherThread [stack: 0x0000000016760000,0x0000000016860000] [id=4624]

VM state:not at safepoint (normal execution)

VM Mutex/Monitor currently owned by a thread: None

Heap:
 PSYoungGen      total 35328K, used 4774K [0x00000000eab00000, 0x00000000ed000000, 0x0000000100000000)
  eden space 32768K, 6% used [0x00000000eab00000,0x00000000ead2b6c8,0x00000000ecb00000)
  from space 2560K, 99% used [0x00000000ecd80000,0x00000000ecffe308,0x00000000ed000000)
  to   space 2560K, 0% used [0x00000000ecb00000,0x00000000ecb00000,0x00000000ecd80000)
 ParOldGen       total 44032K, used 4216K [0x00000000c0000000, 0x00000000c2b00000, 0x00000000eab00000)
  object space 44032K, 9% used [0x00000000c0000000,0x00000000c041e328,0x00000000c2b00000)
 Metaspace       used 5608K, capacity 6832K, committed 7040K, reserved 1056768K
  class space    used 567K, capacity 616K, committed 640K, reserved 1048576K

Card table byte_map: [0x0000000011620000,0x0000000011830000] byte_map_base: 0x0000000011020000

Marking Bits: (ParMarkBitMap*) 0x000000006dc5a5b0
 Begin Bits: [0x0000000011d90000, 0x0000000012d90000)
 End Bits:   [0x0000000012d90000, 0x0000000013d90000)

Polling page: 0x00000000001f0000

CodeCache: size=245760Kb used=4880Kb max_used=4893Kb free=240879Kb
 bounds [0x0000000002260000, 0x0000000002730000, 0x0000000011260000]
 total_blobs=1476 nmethods=1215 adapters=174
 compilation: enabled

Compilation events (10 events):
Event: 2.589 Thread 0x000000001492d800 nmethod 1212 0x0000000002717e50 code [0x0000000002717fa0, 0x0000000002718118]
Event: 2.589 Thread 0x0000000016168800 nmethod 1213 0x000000000270ec90 code [0x000000000270ee00, 0x000000000270f1d0]
Event: 2.590 Thread 0x000000001492f800 1214       4       com.android.dx.ssa.back.LivenessAnalyzer::run (231 bytes)
Event: 2.590 Thread 0x000000001492d800 1215 %     4       com.android.dx.ssa.SsaMethod::computeReachability @ 52 (131 bytes)
Event: 2.605 Thread 0x0000000016168800 1218       3       com.android.dx.rop.code.RegisterSpec::withType (13 bytes)
Event: 2.606 Thread 0x0000000016168800 nmethod 1218 0x000000000270e850 code [0x000000000270e9c0, 0x000000000270eba8]
Event: 2.608 Thread 0x0000000016168800 1219       3       java.util.Vector::<init> (49 bytes)
Event: 2.608 Thread 0x0000000016168800 nmethod 1219 0x00000000027114d0 code [0x00000000027116c0, 0x00000000027120b8]
Event: 2.622 Thread 0x000000001492d800 nmethod 1215% 0x000000000272b950 code [0x000000000272bae0, 0x000000000272c518]
Event: 2.622 Thread 0x000000001492d800 1217       4       com.android.dx.ssa.SsaRenamer$BlockRenamer::process (191 bytes)

GC Heap History (4 events):
Event: 1.254 GC heap before
{Heap before GC invocations=1 (full 0):
 PSYoungGen      total 18944K, used 16384K [0x00000000eab00000, 0x00000000ec000000, 0x0000000100000000)
  eden space 16384K, 100% used [0x00000000eab00000,0x00000000ebb00000,0x00000000ebb00000)
  from space 2560K, 0% used [0x00000000ebd80000,0x00000000ebd80000,0x00000000ec000000)
  to   space 2560K, 0% used [0x00000000ebb00000,0x00000000ebb00000,0x00000000ebd80000)
 ParOldGen       total 44032K, used 0K [0x00000000c0000000, 0x00000000c2b00000, 0x00000000eab00000)
  object space 44032K, 0% used [0x00000000c0000000,0x00000000c0000000,0x00000000c2b00000)
 Metaspace       used 5482K, capacity 6768K, committed 7040K, reserved 1056768K
  class space    used 566K, capacity 616K, committed 640K, reserved 1048576K
Event: 1.268 GC heap after
Heap after GC invocations=1 (full 0):
 PSYoungGen      total 18944K, used 2559K [0x00000000eab00000, 0x00000000ed000000, 0x0000000100000000)
  eden space 16384K, 0% used [0x00000000eab00000,0x00000000eab00000,0x00000000ebb00000)
  from space 2560K, 99% used [0x00000000ebb00000,0x00000000ebd7ff50,0x00000000ebd80000)
  to   space 2560K, 0% used [0x00000000ecd80000,0x00000000ecd80000,0x00000000ed000000)
 ParOldGen       total 44032K, used 1713K [0x00000000c0000000, 0x00000000c2b00000, 0x00000000eab00000)
  object space 44032K, 3% used [0x00000000c0000000,0x00000000c01ac438,0x00000000c2b00000)
 Metaspace       used 5482K, capacity 6768K, committed 7040K, reserved 1056768K
  class space    used 566K, capacity 616K, committed 640K, reserved 1048576K
}
Event: 2.292 GC heap before
{Heap before GC invocations=2 (full 0):
 PSYoungGen      total 18944K, used 18943K [0x00000000eab00000, 0x00000000ed000000, 0x0000000100000000)
  eden space 16384K, 100% used [0x00000000eab00000,0x00000000ebb00000,0x00000000ebb00000)
  from space 2560K, 99% used [0x00000000ebb00000,0x00000000ebd7ff50,0x00000000ebd80000)
  to   space 2560K, 0% used [0x00000000ecd80000,0x00000000ecd80000,0x00000000ed000000)
 ParOldGen       total 44032K, used 1713K [0x00000000c0000000, 0x00000000c2b00000, 0x00000000eab00000)
  object space 44032K, 3% used [0x00000000c0000000,0x00000000c01ac438,0x00000000c2b00000)
 Metaspace       used 5608K, capacity 6832K, committed 7040K, reserved 1056768K
  class space    used 567K, capacity 616K, committed 640K, reserved 1048576K
Event: 2.485 GC heap after
Heap after GC invocations=2 (full 0):
 PSYoungGen      total 35328K, used 2552K [0x00000000eab00000, 0x00000000ed000000, 0x0000000100000000)
  eden space 32768K, 0% used [0x00000000eab00000,0x00000000eab00000,0x00000000ecb00000)
  from space 2560K, 99% used [0x00000000ecd80000,0x00000000ecffe308,0x00000000ed000000)
  to   space 2560K, 0% used [0x00000000ecb00000,0x00000000ecb00000,0x00000000ecd80000)
 ParOldGen       total 44032K, used 4216K [0x00000000c0000000, 0x00000000c2b00000, 0x00000000eab00000)
  object space 44032K, 9% used [0x00000000c0000000,0x00000000c041e328,0x00000000c2b00000)
 Metaspace       used 5608K, capacity 6832K, committed 7040K, reserved 1056768K
  class space    used 567K, capacity 616K, committed 640K, reserved 1048576K
}

Deoptimization events (10 events):
Event: 0.952 Thread 0x0000000002160800 Uncommon trap: reason=unstable_if action=reinterpret pc=0x000000000246210c method=com.android.dx.rop.cst.CstFieldRef.compareTo0(Lcom/android/dx/rop/cst/Constant;)I @ 7
Event: 1.003 Thread 0x000000001639a000 Uncommon trap: reason=unstable_if action=reinterpret pc=0x000000000242ff54 method=com.android.dx.rop.cst.CstFieldRef.compareTo0(Lcom/android/dx/rop/cst/Constant;)I @ 7
Event: 1.478 Thread 0x000000001629b000 Uncommon trap: reason=unstable_if action=reinterpret pc=0x0000000002598078 method=java.util.HashMap.getNode(ILjava/lang/Object;)Ljava/util/HashMap$Node; @ 129
Event: 1.479 Thread 0x000000001629b000 Uncommon trap: reason=unstable_if action=reinterpret pc=0x00000000024ff70c method=java.util.HashMap.getNode(ILjava/lang/Object;)Ljava/util/HashMap$Node; @ 129
Event: 1.482 Thread 0x000000001629b000 Uncommon trap: reason=unstable_if action=reinterpret pc=0x00000000024e51a4 method=java.util.HashMap.getNode(ILjava/lang/Object;)Ljava/util/HashMap$Node; @ 129
Event: 1.496 Thread 0x000000001629b000 Uncommon trap: reason=unstable_if action=reinterpret pc=0x000000000265dbbc method=com.android.dx.rop.code.RegisterSpec.withReg(I)Lcom/android/dx/rop/code/RegisterSpec; @ 5
Event: 2.168 Thread 0x000000001639c800 Uncommon trap: reason=class_check action=maybe_recompile pc=0x00000000026aee2c method=com.android.dx.cf.code.BytecodeArray.parseInstruction(ILcom/android/dx/cf/code/BytecodeArray$Visitor;)I @ 2002
Event: 2.168 Thread 0x000000001639c800 Uncommon trap: reason=class_check action=maybe_recompile pc=0x00000000026aee2c method=com.android.dx.cf.code.BytecodeArray.parseInstruction(ILcom/android/dx/cf/code/BytecodeArray$Visitor;)I @ 2002
Event: 2.168 Thread 0x000000001639c800 Uncommon trap: reason=class_check action=maybe_recompile pc=0x00000000026aee2c method=com.android.dx.cf.code.BytecodeArray.parseInstruction(ILcom/android/dx/cf/code/BytecodeArray$Visitor;)I @ 2002
Event: 2.168 Thread 0x000000001639c800 Uncommon trap: reason=class_check action=maybe_recompile pc=0x00000000026aee2c method=com.android.dx.cf.code.BytecodeArray.parseInstruction(ILcom/android/dx/cf/code/BytecodeArray$Visitor;)I @ 2002

Internal exceptions (2 events):
Event: 0.081 Thread 0x0000000002160800 Exception <a 'java/lang/NoSuchMethodError': Method sun.misc.Unsafe.defineClass(Ljava/lang/String;[BII)Ljava/lang/Class; name or signature does not match> (0x00000000eab0d568) thrown at [C:\workspace\8-2-build-windows-amd64-cygwin\jdk8u65\4987\hotspot\src\s©—9¶´?
Event: 0.081 Thread 0x0000000002160800 Exception <a 'java/lang/NoSuchMethodError': Method sun.misc.Unsafe.prefetchRead(Ljava/lang/Object;J)V name or signature does not match> (0x00000000eab0d850) thrown at [C:\workspace\8-2-build-windows-amd64-cygwin\jdk8u65\4987\hotspot\src\share\vm\prims\jni.

Events (10 events):
Event: 2.168 Thread 0x000000001639c800 DEOPT PACKING pc=0x00000000026aee2c sp=0x0000000016d5e5d0
Event: 2.168 Thread 0x000000001639c800 DEOPT UNPACKING pc=0x00000000022a582a sp=0x0000000016d5e538 mode 2
Event: 2.168 Thread 0x000000001639c800 Uncommon trap: trap_request=0xffffffde fr.pc=0x00000000026aee2c
Event: 2.168 Thread 0x000000001639c800 DEOPT PACKING pc=0x00000000026aee2c sp=0x0000000016d5e5d0
Event: 2.168 Thread 0x000000001639c800 DEOPT UNPACKING pc=0x00000000022a582a sp=0x0000000016d5e538 mode 2
Event: 2.168 Thread 0x000000001639c800 Uncommon trap: trap_request=0xffffffde fr.pc=0x00000000026aee2c
Event: 2.168 Thread 0x000000001639c800 DEOPT PACKING pc=0x00000000026aee2c sp=0x0000000016d5e5d0
Event: 2.168 Thread 0x000000001639c800 DEOPT UNPACKING pc=0x00000000022a582a sp=0x0000000016d5e538 mode 2
Event: 2.292 Executing VM operation: ParallelGCFailedAllocation
Event: 2.485 Executing VM operation: ParallelGCFailedAllocation done


Dynamic libraries:
0x00007ff788ce0000 - 0x00007ff788d17000 	C:\Program Files\Java\jdk1.8.0_65\bin\java.exe
0x00007ffc1d5e0000 - 0x00007ffc1d7a1000 	C:\Windows\SYSTEM32\ntdll.dll
0x00007ffc1b370000 - 0x00007ffc1b41d000 	C:\Windows\system32\KERNEL32.DLL
0x00007ffc19d20000 - 0x00007ffc19f08000 	C:\Windows\system32\KERNELBASE.dll
0x00007ffc18190000 - 0x00007ffc18209000 	C:\Windows\system32\apphelp.dll
0x00007ffc1ac00000 - 0x00007ffc1aca7000 	C:\Windows\system32\ADVAPI32.dll
0x00007ffc1cff0000 - 0x00007ffc1d08d000 	C:\Windows\system32\msvcrt.dll
0x00007ffc1b240000 - 0x00007ffc1b29b000 	C:\Windows\system32\sechost.dll
0x00007ffc1b6a0000 - 0x00007ffc1b7bc000 	C:\Windows\system32\RPCRT4.dll
0x00007ffc1acb0000 - 0x00007ffc1ae06000 	C:\Windows\system32\USER32.dll
0x00007ffc1aa00000 - 0x00007ffc1ab86000 	C:\Windows\system32\GDI32.dll
0x00007ffc0c950000 - 0x00007ffc0cbc4000 	C:\Windows\WinSxS\amd64_microsoft.windows.common-controls_6595b64144ccf1df_6.0.10586.0_none_8c15ae12515e1c22\COMCTL32.dll
0x00007ffc1b420000 - 0x00007ffc1b69d000 	C:\Windows\system32\combase.dll
0x00007ffc1a150000 - 0x00007ffc1a1ba000 	C:\Windows\system32\bcryptPrimitives.dll
0x00007ffc1d210000 - 0x00007ffc1d24b000 	C:\Windows\system32\IMM32.DLL
0x000000006cfd0000 - 0x000000006d0a2000 	C:\Program Files\Java\jdk1.8.0_65\jre\bin\msvcr100.dll
0x000000006d450000 - 0x000000006dcd9000 	C:\Program Files\Java\jdk1.8.0_65\jre\bin\server\jvm.dll
0x00007ffc1d3a0000 - 0x00007ffc1d3a8000 	C:\Windows\system32\PSAPI.DLL
0x00007ffc02230000 - 0x00007ffc02239000 	C:\Windows\SYSTEM32\WSOCK32.dll
0x00007ffc1d090000 - 0x00007ffc1d0fb000 	C:\Windows\system32\WS2_32.dll
0x00007ffc180a0000 - 0x00007ffc180c3000 	C:\Windows\SYSTEM32\WINMM.dll
0x00007ffc0e190000 - 0x00007ffc0e19a000 	C:\Windows\SYSTEM32\VERSION.dll
0x00007ffc18070000 - 0x00007ffc1809c000 	C:\Windows\SYSTEM32\WINMMBASE.dll
0x00007ffc1a100000 - 0x00007ffc1a143000 	C:\Windows\system32\cfgmgr32.dll
0x000000006d440000 - 0x000000006d44f000 	C:\Program Files\Java\jdk1.8.0_65\jre\bin\verify.dll
0x000000006d410000 - 0x000000006d439000 	C:\Program Files\Java\jdk1.8.0_65\jre\bin\java.dll
0x000000006d3f0000 - 0x000000006d406000 	C:\Program Files\Java\jdk1.8.0_65\jre\bin\zip.dll
0x00007ffc1b980000 - 0x00007ffc1cedf000 	C:\Windows\system32\SHELL32.dll
0x00007ffc1a2d0000 - 0x00007ffc1a914000 	C:\Windows\system32\windows.storage.dll
0x00007ffc1d3c0000 - 0x00007ffc1d412000 	C:\Windows\system32\shlwapi.dll
0x00007ffc19c80000 - 0x00007ffc19c8f000 	C:\Windows\system32\kernel.appcore.dll
0x00007ffc1a920000 - 0x00007ffc1a9d5000 	C:\Windows\system32\shcore.dll
0x00007ffc19c30000 - 0x00007ffc19c7b000 	C:\Windows\system32\powrprof.dll
0x00007ffc19c10000 - 0x00007ffc19c24000 	C:\Windows\system32\profapi.dll

VM Arguments:
jvm_args: -Djava.awt.headless=true -Xmx1024M -Dfile.encoding=windows-1252 -Duser.country=US -Duser.language=en -Duser.variant 
java_command: com.android.dx.command.Main --dex --force-jumbo --num-threads=4 --output F:\Android Tools\My AndroWork\MapMyDay\app\build\intermediates\pre-dexed\debug\main_4e97dbef46589e4dc0a63058c676df0620a7b0ad.jar F:\Android Tools\My AndroWork\MapMyDay\app\build\intermediates\transforms\instantRun\debug\folders\1\5\main
java_class_path (initial): F:\sdk\build-tools\23.0.1\lib\dx.jar
Launcher Type: SUN_STANDARD

Environment Variables:
PATH=C:\ProgramData\Oracle\Java\javapath;C:\Windows\system32;C:\Windows;C:\Windows\System32\Wbem;C:\Windows\System32\WindowsPowerShell\v1.0\;C:\Program Files (x86)\Intel\OpenCL SDK\2.0\bin\x86;C:\Program Files (x86)\Intel\OpenCL SDK\2.0\bin\x64;C:\Program Files\Microsoft\Web Platform Installer\;C:\Program Files (x86)\Microsoft ASP.NET\ASP.NET Web Pages\v1.0\;C:\Program Files (x86)\Windows Kits\8.0\Windows Performance Toolkit\;C:\Program Files\Microsoft SQL Server\110\Tools\Binn\;C:\VisualStudio & OpenCv\opencv\build\x64\vc11\bin\;C:\Program Files (x86)\Common Files\lenovo\easyplussdk\bin;C:\Modeltech_pe_edu_10.4a\win32pe_edu
USERNAME=Fahim Al Mahmud
OS=Windows_NT
PROCESSOR_IDENTIFIER=Intel64 Family 6 Model 58 Stepping 9, GenuineIntel



---------------  S Y S T E M  ---------------

OS: Windows 10.0 , 64 bit Build 10586 (10.0.10586.0)

CPU:total 4 (2 cores per cpu, 2 threads per core) family 6 model 58 stepping 9, cmov, cx8, fxsr, mmx, sse, sse2, sse3, ssse3, sse4.1, sse4.2, popcnt, avx, aes, clmul, erms, ht, tsc, tscinvbit, tscinv

Memory: 4k page, physical 4087096k(478284k free), swap 5250600k(4240k free)

vm_info: Java HotSpot(TM) 64-Bit Server VM (25.65-b01) for windows-amd64 JRE (1.8.0_65-b17), built on Oct  6 2015 16:39:20 by "java_re" with MS VC++ 10.0 (VS2010)

time: Mon Jun 13 11:34:07 2016
elapsed time: 2 seconds (0d 0h 0m 2s)

