#
# There is insufficient memory for the Java Runtime Environment to continue.
# Native memory allocation (malloc) failed to allocate 39312 bytes for Chunk::new
# Possible reasons:
#   The system is out of physical RAM or swap space
#   In 32 bit mode, the process size limit was hit
# Possible solutions:
#   Reduce memory load on the system
#   Increase physical memory or swap space
#   Check if swap backing store is full
#   Use 64 bit Java on a 64 bit OS
#   Decrease Java heap size (-Xmx/-Xms)
#   Decrease number of Java threads
#   Decrease Java thread stack sizes (-Xss)
#   Set larger code cache with -XX:ReservedCodeCacheSize=
# This output file may be truncated or incomplete.
#
#  Out of Memory Error (allocation.cpp:390), pid=8620, tid=6172
#
# JRE version: Java(TM) SE Runtime Environment (8.0_65-b17) (build 1.8.0_65-b17)
# Java VM: Java HotSpot(TM) 64-Bit Server VM (25.65-b01 mixed mode windows-amd64 compressed oops)
# Failed to write core dump. Minidumps are not enabled by default on client versions of Windows
#

---------------  T H R E A D  ---------------

Current thread (0x0000000014975800):  JavaThread "C2 CompilerThread1" daemon [_thread_in_native, id=6172, stack(0x0000000016160000,0x0000000016260000)]

Stack: [0x0000000016160000,0x0000000016260000]
[error occurred during error reporting (printing stack bounds), id 0xc0000005]

Native frames: (J=compiled Java code, j=interpreted, Vv=VM code, C=native code)


Current CompileTask:
C2:   2153  971       4       com.android.dx.rop.code.RegisterSpecSet::mutableCopy (57 bytes)


---------------  P R O C E S S  ---------------

Java Threads: ( => current thread )
  0x00000000165f0800 JavaThread "pool-2-thread-4" [_thread_in_Java, id=312, stack(0x0000000016d60000,0x0000000016e60000)]
  0x00000000165ea000 JavaThread "pool-2-thread-3" [_thread_in_Java, id=5180, stack(0x0000000016c60000,0x0000000016d60000)]
  0x00000000165e0800 JavaThread "pool-2-thread-2" [_thread_in_Java, id=8984, stack(0x0000000016b60000,0x0000000016c60000)]
  0x00000000165c0000 JavaThread "pool-3-thread-1" [_thread_blocked, id=8840, stack(0x0000000016a60000,0x0000000016b60000)]
  0x00000000165bf000 JavaThread "pool-2-thread-1" [_thread_blocked, id=7176, stack(0x0000000016960000,0x0000000016a60000)]
  0x0000000016366800 JavaThread "Service Thread" daemon [_thread_blocked, id=9520, stack(0x0000000016760000,0x0000000016860000)]
  0x000000001497d800 JavaThread "C1 CompilerThread2" daemon [_thread_in_vm, id=10216, stack(0x0000000016260000,0x0000000016360000)]
=>0x0000000014975800 JavaThread "C2 CompilerThread1" daemon [_thread_in_native, id=6172, stack(0x0000000016160000,0x0000000016260000)]
  0x000000001491d800 JavaThread "C2 CompilerThread0" daemon [_thread_in_native, id=8776, stack(0x0000000016060000,0x0000000016160000)]
  0x000000001491a800 JavaThread "Attach Listener" daemon [_thread_blocked, id=1832, stack(0x0000000015f60000,0x0000000016060000)]
  0x0000000014919800 JavaThread "Signal Dispatcher" daemon [_thread_blocked, id=700, stack(0x0000000015e60000,0x0000000015f60000)]
  0x0000000002240800 JavaThread "Finalizer" daemon [_thread_blocked, id=5284, stack(0x0000000015b80000,0x0000000015c80000)]
  0x000000000223d000 JavaThread "Reference Handler" daemon [_thread_blocked, id=4460, stack(0x0000000015a80000,0x0000000015b80000)]
  0x0000000002150800 JavaThread "main" [_thread_in_Java, id=4476, stack(0x0000000001f50000,0x0000000002050000)]

Other Threads:
  0x00000000148e8000 VMThread [stack: 0x0000000015980000,0x0000000015a80000] [id=8784]
  0x000000001637a000 WatcherThread [stack: 0x0000000016860000,0x0000000016960000] [id=4752]

VM state:not at safepoint (normal execution)

VM Mutex/Monitor currently owned by a thread: None

Heap:
 PSYoungGen      total 18944K, used 8128K [0x00000000eab00000, 0x00000000ed000000, 0x0000000100000000)
  eden space 16384K, 34% used [0x00000000eab00000,0x00000000eb0733b0,0x00000000ebb00000)
  from space 2560K, 99% used [0x00000000ebb00000,0x00000000ebd7cc60,0x00000000ebd80000)
  to   space 2560K, 0% used [0x00000000ecd80000,0x00000000ecd80000,0x00000000ed000000)
 ParOldGen       total 44032K, used 2141K [0x00000000c0000000, 0x00000000c2b00000, 0x00000000eab00000)
  object space 44032K, 4% used [0x00000000c0000000,0x00000000c0217508,0x00000000c2b00000)
 Metaspace       used 5760K, capacity 6768K, committed 7040K, reserved 1056768K
  class space    used 591K, capacity 616K, committed 640K, reserved 1048576K

Card table byte_map: [0x0000000011610000,0x0000000011820000] byte_map_base: 0x0000000011010000

Marking Bits: (ParMarkBitMap*) 0x000000005d94a5b0
 Begin Bits: [0x0000000011d80000, 0x0000000012d80000)
 End Bits:   [0x0000000012d80000, 0x0000000013d80000)

Polling page: 0x00000000001f0000

CodeCache: size=245760Kb used=3823Kb max_used=3823Kb free=241936Kb
 bounds [0x0000000002250000, 0x0000000002610000, 0x0000000011250000]
 total_blobs=1215 nmethods=945 adapters=182
 compilation: disabled (not enough contiguous free space left)

Compilation events (10 events):
Event: 2.148 Thread 0x000000001497d800 nmethod 964 0x00000000026036d0 code [0x0000000002603820, 0x0000000002603950]
Event: 2.148 Thread 0x000000001497d800  977       1       com.android.dx.rop.code.Insn$BaseVisitor::visitPlainInsn (1 bytes)
Event: 2.148 Thread 0x000000001497d800 nmethod 977 0x0000000002601890 code [0x00000000026019e0, 0x0000000002601af0]
Event: 2.148 Thread 0x000000001497d800  937       3       com.android.dx.ssa.PhiInsn::predBlocksForReg (73 bytes)
Event: 2.150 Thread 0x000000001497d800 nmethod 937 0x0000000002608c90 code [0x0000000002608f00, 0x0000000002609f58]
Event: 2.150 Thread 0x000000001497d800  962       3       com.android.dx.ssa.PhiInsn::accept (8 bytes)
Event: 2.150 Thread 0x000000001497d800 nmethod 962 0x0000000002608810 code [0x0000000002608980, 0x0000000002608ba8]
Event: 2.150 Thread 0x000000001497d800  939       3       sun.misc.VM::addFinalRefCount (24 bytes)
Event: 2.150 Thread 0x000000001497d800 nmethod 939 0x0000000002608490 code [0x00000000026085e0, 0x0000000002608790]
Event: 2.150 Thread 0x000000001497d800  952       3       com.android.dx.dex.code.RopTranslator$TranslationVisitor::visitPlainInsn (161 bytes)

GC Heap History (2 events):
Event: 1.953 GC heap before
{Heap before GC invocations=1 (full 0):
 PSYoungGen      total 18944K, used 16384K [0x00000000eab00000, 0x00000000ec000000, 0x0000000100000000)
  eden space 16384K, 100% used [0x00000000eab00000,0x00000000ebb00000,0x00000000ebb00000)
  from space 2560K, 0% used [0x00000000ebd80000,0x00000000ebd80000,0x00000000ec000000)
  to   space 2560K, 0% used [0x00000000ebb00000,0x00000000ebb00000,0x00000000ebd80000)
 ParOldGen       total 44032K, used 0K [0x00000000c0000000, 0x00000000c2b00000, 0x00000000eab00000)
  object space 44032K, 0% used [0x00000000c0000000,0x00000000c0000000,0x00000000c2b00000)
 Metaspace       used 5712K, capacity 6768K, committed 7040K, reserved 1056768K
  class space    used 591K, capacity 616K, committed 640K, reserved 1048576K
Event: 2.019 GC heap after
Heap after GC invocations=1 (full 0):
 PSYoungGen      total 18944K, used 2547K [0x00000000eab00000, 0x00000000ed000000, 0x0000000100000000)
  eden space 16384K, 0% used [0x00000000eab00000,0x00000000eab00000,0x00000000ebb00000)
  from space 2560K, 99% used [0x00000000ebb00000,0x00000000ebd7cc60,0x00000000ebd80000)
  to   space 2560K, 0% used [0x00000000ecd80000,0x00000000ecd80000,0x00000000ed000000)
 ParOldGen       total 44032K, used 2141K [0x00000000c0000000, 0x00000000c2b00000, 0x00000000eab00000)
  object space 44032K, 4% used [0x00000000c0000000,0x00000000c0217508,0x00000000c2b00000)
 Metaspace       used 5712K, capacity 6768K, committed 7040K, reserved 1056768K
  class space    used 591K, capacity 616K, committed 640K, reserved 1048576K
}

Deoptimization events (7 events):
Event: 1.381 Thread 0x00000000165ea000 Uncommon trap: reason=unstable_if action=reinterpret pc=0x000000000247ee34 method=java.util.HashMap.getNode(ILjava/lang/Object;)Ljava/util/HashMap$Node; @ 129
Event: 1.383 Thread 0x00000000165ea000 Uncommon trap: reason=unstable_if action=reinterpret pc=0x00000000024b0d30 method=java.util.BitSet.nextSetBit(I)I @ 87
Event: 2.031 Thread 0x00000000165e0800 Uncommon trap: reason=null_check action=make_not_entrant pc=0x00000000025612a0 method=com.android.dx.rop.type.Type.equals(Ljava/lang/Object;)Z @ 8
Event: 2.038 Thread 0x00000000165ea000 Uncommon trap: reason=null_check action=make_not_entrant pc=0x0000000002575240 method=com.android.dx.ssa.SsaRenamer.getLocalForNewReg(I)Lcom/android/dx/rop/code/LocalItem; @ 19
Event: 2.059 Thread 0x00000000165ea000 Uncommon trap: reason=unstable_if action=reinterpret pc=0x00000000025baee0 method=com.android.dx.rop.code.RegisterSpec.equals(ILcom/android/dx/rop/type/TypeBearer;Lcom/android/dx/rop/code/LocalItem;)Z @ 42
Event: 2.081 Thread 0x00000000165ea000 Uncommon trap: reason=unstable_if action=reinterpret pc=0x00000000025e876c method=com.android.dx.rop.code.RegisterSpecSet.put(Lcom/android/dx/rop/code/RegisterSpec;)V @ 77
Event: 2.085 Thread 0x00000000165ea000 Uncommon trap: reason=unstable_if action=reinterpret pc=0x00000000024d396c method=java.util.HashMap.getNode(ILjava/lang/Object;)Ljava/util/HashMap$Node; @ 62

Internal exceptions (4 events):
Event: 0.137 Thread 0x0000000002150800 Exception <a 'java/lang/NoSuchMethodError': Method sun.misc.Unsafe.defineClass(Ljava/lang/String;[BII)Ljava/lang/Class; name or signature does not match> (0x00000000eab0d608) thrown at [C:\workspace\8-2-build-windows-amd64-cygwin\jdk8u65\4987\hotspot\src\s”ÀÙL¡Ç¡?
Event: 0.137 Thread 0x0000000002150800 Exception <a 'java/lang/NoSuchMethodError': Method sun.misc.Unsafe.prefetchRead(Ljava/lang/Object;J)V name or signature does not match> (0x00000000eab0d8f0) thrown at [C:\workspace\8-2-build-windows-amd64-cygwin\jdk8u65\4987\hotspot\src\share\vm\prims\jni.oﬂÓx>
Event: 2.031 Thread 0x00000000165e0800 Implicit null exception at 0x00000000025611a2 to 0x0000000002561292
Event: 2.037 Thread 0x00000000165ea000 Implicit null exception at 0x00000000025731c2 to 0x00000000025751fd

Events (10 events):
Event: 2.040 loading class java/util/DualPivotQuicksort done
Event: 2.059 Thread 0x00000000165ea000 Uncommon trap: trap_request=0xffffff65 fr.pc=0x00000000025baee0
Event: 2.059 Thread 0x00000000165ea000 DEOPT PACKING pc=0x00000000025baee0 sp=0x0000000016d5ebf0
Event: 2.059 Thread 0x00000000165ea000 DEOPT UNPACKING pc=0x000000000229582a sp=0x0000000016d5eb78 mode 2
Event: 2.081 Thread 0x00000000165ea000 Uncommon trap: trap_request=0xffffff65 fr.pc=0x00000000025e876c
Event: 2.081 Thread 0x00000000165ea000 DEOPT PACKING pc=0x00000000025e876c sp=0x0000000016d5ec30
Event: 2.081 Thread 0x00000000165ea000 DEOPT UNPACKING pc=0x000000000229582a sp=0x0000000016d5ebb8 mode 2
Event: 2.085 Thread 0x00000000165ea000 Uncommon trap: trap_request=0xffffff65 fr.pc=0x00000000024d396c
Event: 2.085 Thread 0x00000000165ea000 DEOPT PACKING pc=0x00000000024d396c sp=0x0000000016d5ec90
Event: 2.085 Thread 0x00000000165ea000 DEOPT UNPACKING pc=0x000000000229582a sp=0x0000000016d5ebc0 mode 2


Dynamic libraries:
0x00007ff606210000 - 0x00007ff606247000 	C:\Program Files\Java\jdk1.8.0_65\bin\java.exe
0x00007ff810bb0000 - 0x00007ff810d71000 	C:\Windows\SYSTEM32\ntdll.dll
0x00007ff80e9c0000 - 0x00007ff80ea6d000 	C:\Windows\system32\KERNEL32.DLL
0x00007ff80d280000 - 0x00007ff80d468000 	C:\Windows\system32\KERNELBASE.dll
0x00007ff80b710000 - 0x00007ff80b789000 	C:\Windows\system32\apphelp.dll
0x00007ff8108c0000 - 0x00007ff810967000 	C:\Windows\system32\ADVAPI32.dll
0x00007ff80e0e0000 - 0x00007ff80e17d000 	C:\Windows\system32\msvcrt.dll
0x00007ff8101a0000 - 0x00007ff8101fb000 	C:\Windows\system32\sechost.dll
0x00007ff810480000 - 0x00007ff81059c000 	C:\Windows\system32\RPCRT4.dll
0x00007ff80e7f0000 - 0x00007ff80e946000 	C:\Windows\system32\USER32.dll
0x00007ff810010000 - 0x00007ff810196000 	C:\Windows\system32\GDI32.dll
0x00007fffffb60000 - 0x00007fffffdd4000 	C:\Windows\WinSxS\amd64_microsoft.windows.common-controls_6595b64144ccf1df_6.0.10586.0_none_8c15ae12515e1c22\COMCTL32.dll
0x00007ff810200000 - 0x00007ff81047d000 	C:\Windows\system32\combase.dll
0x00007ff80d8f0000 - 0x00007ff80d95a000 	C:\Windows\system32\bcryptPrimitives.dll
0x00007ff80ffd0000 - 0x00007ff81000b000 	C:\Windows\system32\IMM32.DLL
0x000000005ccc0000 - 0x000000005cd92000 	C:\Program Files\Java\jdk1.8.0_65\jre\bin\msvcr100.dll
0x000000005d140000 - 0x000000005d9c9000 	C:\Program Files\Java\jdk1.8.0_65\jre\bin\server\jvm.dll
0x00007ff810750000 - 0x00007ff810758000 	C:\Windows\system32\PSAPI.DLL
0x00007ff802680000 - 0x00007ff802689000 	C:\Windows\SYSTEM32\WSOCK32.dll
0x00007ff80e180000 - 0x00007ff80e1eb000 	C:\Windows\system32\WS2_32.dll
0x00007ff80b5a0000 - 0x00007ff80b5c3000 	C:\Windows\SYSTEM32\WINMM.dll
0x00007ff8006f0000 - 0x00007ff8006fa000 	C:\Windows\SYSTEM32\VERSION.dll
0x00007ff80b240000 - 0x00007ff80b26c000 	C:\Windows\SYSTEM32\WINMMBASE.dll
0x00007ff80d6d0000 - 0x00007ff80d713000 	C:\Windows\system32\cfgmgr32.dll
0x000000005d130000 - 0x000000005d13f000 	C:\Program Files\Java\jdk1.8.0_65\jre\bin\verify.dll
0x000000005d100000 - 0x000000005d129000 	C:\Program Files\Java\jdk1.8.0_65\jre\bin\java.dll
0x000000005d0e0000 - 0x000000005d0f6000 	C:\Program Files\Java\jdk1.8.0_65\jre\bin\zip.dll
0x00007ff80ea70000 - 0x00007ff80ffcf000 	C:\Windows\system32\SHELL32.dll
0x00007ff80d960000 - 0x00007ff80dfa4000 	C:\Windows\system32\windows.storage.dll
0x00007ff80e250000 - 0x00007ff80e2a2000 	C:\Windows\system32\shlwapi.dll
0x00007ff80d230000 - 0x00007ff80d23f000 	C:\Windows\system32\kernel.appcore.dll
0x00007ff80d560000 - 0x00007ff80d615000 	C:\Windows\system32\shcore.dll
0x00007ff80d1d0000 - 0x00007ff80d21b000 	C:\Windows\system32\powrprof.dll
0x00007ff80d240000 - 0x00007ff80d254000 	C:\Windows\system32\profapi.dll

VM Arguments:
jvm_args: -Djava.awt.headless=true -Xmx1024M -Dfile.encoding=windows-1252 -Duser.country=US -Duser.language=en -Duser.variant 
java_command: com.android.dx.command.Main --dex --force-jumbo --num-threads=4 --multi-dex --output F:\Android Tools\My AndroWork\MapMyDay\app\build\intermediates\transforms\dex\debug\folders\1000\10\glide-3.7.0_abeea4c31300fe30579db1176bb1de07dc72ee4f C:\Users\Fahim Al Mahmud\.gradle\caches\modules-2\files-2.1\com.github.bumptech.glide\glide\3.7.0\9e9eeaf9948ee4d6c3ab354e8dc14368f16994a4\glide-3.7.0.jar
java_class_path (initial): F:\sdk\build-tools\23.0.1\lib\dx.jar
Launcher Type: SUN_STANDARD

Environment Variables:
PATH=C:\ProgramData\Oracle\Java\javapath;C:\Windows\system32;C:\Windows;C:\Windows\System32\Wbem;C:\Windows\System32\WindowsPowerShell\v1.0\;C:\Program Files (x86)\Intel\OpenCL SDK\2.0\bin\x86;C:\Program Files (x86)\Intel\OpenCL SDK\2.0\bin\x64;C:\Program Files\Microsoft\Web Platform Installer\;C:\Program Files (x86)\Microsoft ASP.NET\ASP.NET Web Pages\v1.0\;C:\Program Files (x86)\Windows Kits\8.0\Windows Performance Toolkit\;C:\Program Files\Microsoft SQL Server\110\Tools\Binn\;C:\VisualStudio & OpenCv\opencv\build\x64\vc11\bin\;C:\Program Files (x86)\Common Files\lenovo\easyplussdk\bin;C:\Modeltech_pe_edu_10.4a\win32pe_edu
USERNAME=Fahim Al Mahmud
OS=Windows_NT
PROCESSOR_IDENTIFIER=Intel64 Family 6 Model 58 Stepping 9, GenuineIntel



---------------  S Y S T E M  ---------------

OS: Windows 10.0 , 64 bit Build 10586 (10.0.10586.0)

CPU:total 4 (2 cores per cpu, 2 threads per core) family 6 model 58 stepping 9, cmov, cx8, fxsr, mmx, sse, sse2, sse3, ssse3, sse4.1, sse4.2, popcnt, avx, aes, clmul, erms, ht, tsc, tscinvbit, tscinv

Memory: 4k page, physical 4087096k(455744k free), swap 6005436k(4100k free)

vm_info: Java HotSpot(TM) 64-Bit Server VM (25.65-b01) for windows-amd64 JRE (1.8.0_65-b17), built on Oct  6 2015 16:39:20 by "java_re" with MS VC++ 10.0 (VS2010)

time: Sun Jun 12 01:25:46 2016
elapsed time: 2 seconds (0d 0h 0m 2s)

