#
# There is insufficient memory for the Java Runtime Environment to continue.
# Native memory allocation (malloc) failed to allocate 189456 bytes for Chunk::new
# Possible reasons:
#   The system is out of physical RAM or swap space
#   In 32 bit mode, the process size limit was hit
# Possible solutions:
#   Reduce memory load on the system
#   Increase physical memory or swap space
#   Check if swap backing store is full
#   Use 64 bit Java on a 64 bit OS
#   Decrease Java heap size (-Xmx/-Xms)
#   Decrease number of Java threads
#   Decrease Java thread stack sizes (-Xss)
#   Set larger code cache with -XX:ReservedCodeCacheSize=
# This output file may be truncated or incomplete.
#
#  Out of Memory Error (allocation.cpp:390), pid=7960, tid=8116
#
# JRE version: Java(TM) SE Runtime Environment (8.0_65-b17) (build 1.8.0_65-b17)
# Java VM: Java HotSpot(TM) 64-Bit Server VM (25.65-b01 mixed mode windows-amd64 compressed oops)
# Failed to write core dump. Minidumps are not enabled by default on client versions of Windows
#

---------------  T H R E A D  ---------------

Current thread (0x00000000149ed800):  JavaThread "C2 CompilerThread0" daemon [_thread_in_native, id=8116, stack(0x0000000016030000,0x0000000016130000)]

Stack: [0x0000000016030000,0x0000000016130000]
[error occurred during error reporting (printing stack bounds), id 0xc0000005]

Native frames: (J=compiled Java code, j=interpreted, Vv=VM code, C=native code)


Current CompileTask:
C2:   1598  897       4       com.android.dx.ssa.NormalSsaInsn::mapSourceRegisters (48 bytes)


---------------  P R O C E S S  ---------------

Java Threads: ( => current thread )
  0x00000000165ae800 JavaThread "pool-2-thread-4" [_thread_in_Java, id=5900, stack(0x0000000016d30000,0x0000000016e30000)]
  0x00000000165a9000 JavaThread "pool-2-thread-3" [_thread_in_Java, id=4824, stack(0x0000000016c30000,0x0000000016d30000)]
  0x00000000165a8000 JavaThread "pool-2-thread-2" [_thread_in_Java, id=8776, stack(0x0000000016b30000,0x0000000016c30000)]
  0x00000000165a4000 JavaThread "pool-3-thread-1" [_thread_blocked, id=9304, stack(0x0000000016a30000,0x0000000016b30000)]
  0x00000000165a0800 JavaThread "pool-2-thread-1" [_thread_blocked, id=8432, stack(0x0000000016930000,0x0000000016a30000)]
  0x0000000016335800 JavaThread "Service Thread" daemon [_thread_blocked, id=7348, stack(0x0000000016730000,0x0000000016830000)]
  0x0000000014a4c000 JavaThread "C1 CompilerThread2" daemon [_thread_blocked, id=6248, stack(0x0000000016230000,0x0000000016330000)]
  0x0000000014a49000 JavaThread "C2 CompilerThread1" daemon [_thread_blocked, id=6532, stack(0x0000000016130000,0x0000000016230000)]
=>0x00000000149ed800 JavaThread "C2 CompilerThread0" daemon [_thread_in_native, id=8116, stack(0x0000000016030000,0x0000000016130000)]
  0x00000000149ea800 JavaThread "Attach Listener" daemon [_thread_blocked, id=8124, stack(0x0000000015f30000,0x0000000016030000)]
  0x00000000149e9800 JavaThread "Signal Dispatcher" daemon [_thread_blocked, id=9396, stack(0x0000000015e30000,0x0000000015f30000)]
  0x0000000002230800 JavaThread "Finalizer" daemon [_thread_blocked, id=1932, stack(0x0000000015c50000,0x0000000015d50000)]
  0x000000000222d000 JavaThread "Reference Handler" daemon [_thread_blocked, id=7376, stack(0x0000000015b50000,0x0000000015c50000)]
  0x0000000002140800 JavaThread "main" [_thread_in_vm, id=4236, stack(0x0000000000700000,0x0000000000800000)]

Other Threads:
  0x00000000149b8000 VMThread [stack: 0x0000000015a50000,0x0000000015b50000] [id=6184]
  0x0000000016352000 WatcherThread [stack: 0x0000000016830000,0x0000000016930000] [id=6880]

VM state:not at safepoint (normal execution)

VM Mutex/Monitor currently owned by a thread: None

Heap:
 PSYoungGen      total 18944K, used 16363K [0x00000000eab00000, 0x00000000ec000000, 0x0000000100000000)
  eden space 16384K, 99% used [0x00000000eab00000,0x00000000ebafacb0,0x00000000ebb00000)
  from space 2560K, 0% used [0x00000000ebd80000,0x00000000ebd80000,0x00000000ec000000)
  to   space 2560K, 0% used [0x00000000ebb00000,0x00000000ebb00000,0x00000000ebd80000)
 ParOldGen       total 44032K, used 0K [0x00000000c0000000, 0x00000000c2b00000, 0x00000000eab00000)
  object space 44032K, 0% used [0x00000000c0000000,0x00000000c0000000,0x00000000c2b00000)
 Metaspace       used 5688K, capacity 6768K, committed 7040K, reserved 1056768K
  class space    used 586K, capacity 616K, committed 640K, reserved 1048576K

Card table byte_map: [0x00000000116e0000,0x00000000118f0000] byte_map_base: 0x00000000110e0000

Marking Bits: (ParMarkBitMap*) 0x000000005d94a5b0
 Begin Bits: [0x0000000011e50000, 0x0000000012e50000)
 End Bits:   [0x0000000012e50000, 0x0000000013e50000)

Polling page: 0x00000000001f0000

CodeCache: size=245760Kb used=3659Kb max_used=3671Kb free=242100Kb
 bounds [0x0000000002320000, 0x00000000026c0000, 0x0000000011320000]
 total_blobs=1161 nmethods=892 adapters=182
 compilation: enabled

Compilation events (10 events):
Event: 1.582 Thread 0x00000000149ed800 nmethod 898 0x00000000026b3c10 code [0x00000000026b3d60, 0x00000000026b3ef8]
Event: 1.582 Thread 0x00000000149ed800  903       4       com.android.dx.rop.code.RegisterSpecList::get (9 bytes)
Event: 1.583 Thread 0x00000000149ed800 nmethod 903 0x00000000026b3890 code [0x00000000026b39e0, 0x00000000026b3ab8]
Event: 1.583 Thread 0x00000000149ed800  901       4       com.android.dx.ssa.SsaMethod::getDefinitionForRegister (61 bytes)
Event: 1.586 Thread 0x00000000149ed800 nmethod 901 0x00000000026b3310 code [0x00000000026b3480, 0x00000000026b36c8]
Event: 1.586 Thread 0x00000000149ed800  907       4       com.android.dx.rop.code.RegisterSpec$ForComparison::equals (31 bytes)
Event: 1.591 Thread 0x00000000149ed800 nmethod 907 0x00000000026b5110 code [0x00000000026b5280, 0x00000000026b5798]
Event: 1.591 Thread 0x00000000149ed800  908       4       com.android.dx.util.Bits::set (38 bytes)
Event: 1.592 Thread 0x00000000149ed800 nmethod 908 0x00000000026b3010 code [0x00000000026b3140, 0x00000000026b31f8]
Event: 1.592 Thread 0x00000000149ed800  897       4       com.android.dx.ssa.NormalSsaInsn::mapSourceRegisters (48 bytes)

GC Heap History (0 events):
No events

Deoptimization events (5 events):
Event: 1.348 Thread 0x00000000165a0800 Uncommon trap: reason=unstable_if action=reinterpret pc=0x00000000025480b8 method=java.util.HashMap.getNode(ILjava/lang/Object;)Ljava/util/HashMap$Node; @ 62
Event: 1.534 Thread 0x00000000165a8000 Uncommon trap: reason=unstable_if action=reinterpret pc=0x00000000025c92e0 method=java.util.HashMap.getNode(ILjava/lang/Object;)Ljava/util/HashMap$Node; @ 62
Event: 1.536 Thread 0x00000000165a8000 Uncommon trap: reason=unstable_if action=reinterpret pc=0x0000000002572ab0 method=java.util.BitSet.nextSetBit(I)I @ 87
Event: 1.547 Thread 0x0000000002140800 Uncommon trap: reason=unstable_if action=reinterpret pc=0x00000000025e8834 method=java.util.BitSet.ensureCapacity(I)V @ 6
Event: 1.553 Thread 0x0000000002140800 Uncommon trap: reason=unstable_if action=reinterpret pc=0x0000000002671904 method=java.util.HashMap.putVal(ILjava/lang/Object;Ljava/lang/Object;ZZ)Ljava/lang/Object; @ 193

Internal exceptions (2 events):
Event: 0.257 Thread 0x0000000002140800 Exception <a 'java/lang/NoSuchMethodError': Method sun.misc.Unsafe.defineClass(Ljava/lang/String;[BII)Ljava/lang/Class; name or signature does not match> (0x00000000eab0d790) thrown at [C:\workspace\8-2-build-windows-amd64-cygwin\jdk8u65\4987\hotspot\src\sm`({|t–?
Event: 0.257 Thread 0x0000000002140800 Exception <a 'java/lang/NoSuchMethodError': Method sun.misc.Unsafe.prefetchRead(Ljava/lang/Object;J)V name or signature does not match> (0x00000000eab0da78) thrown at [C:\workspace\8-2-build-windows-amd64-cygwin\jdk8u65\4987\hotspot\src\share\vm\prims\jni.

Events (10 events):
Event: 1.543 loading class java/util/ArrayList$1
Event: 1.543 loading class java/util/ArrayList$1 done
Event: 1.547 Thread 0x0000000002140800 Uncommon trap: trap_request=0xffffff65 fr.pc=0x00000000025e8834
Event: 1.547 Thread 0x0000000002140800 DEOPT PACKING pc=0x00000000025e8834 sp=0x00000000007fe410
Event: 1.547 Thread 0x0000000002140800 DEOPT UNPACKING pc=0x000000000236582a sp=0x00000000007fe2f8 mode 2
Event: 1.553 Thread 0x0000000002140800 Uncommon trap: trap_request=0xffffff65 fr.pc=0x0000000002671904
Event: 1.553 Thread 0x0000000002140800 DEOPT PACKING pc=0x0000000002671904 sp=0x00000000007fe330
Event: 1.553 Thread 0x0000000002140800 DEOPT UNPACKING pc=0x000000000236582a sp=0x00000000007fe1d0 mode 2
Event: 1.593 loading class com/android/dx/cf/code/BytecodeArray$ConstantParserVisitor
Event: 1.593 loading class com/android/dx/cf/code/BytecodeArray$ConstantParserVisitor done


Dynamic libraries:
0x00007ff606210000 - 0x00007ff606247000 	C:\Program Files\Java\jdk1.8.0_65\bin\java.exe
0x00007ff810bb0000 - 0x00007ff810d71000 	C:\Windows\SYSTEM32\ntdll.dll
0x00007ff80e9c0000 - 0x00007ff80ea6d000 	C:\Windows\system32\KERNEL32.DLL
0x00007ff80d280000 - 0x00007ff80d468000 	C:\Windows\system32\KERNELBASE.dll
0x00007ff80b710000 - 0x00007ff80b789000 	C:\Windows\system32\apphelp.dll
0x00007ff8108c0000 - 0x00007ff810967000 	C:\Windows\system32\ADVAPI32.dll
0x00007ff80e0e0000 - 0x00007ff80e17d000 	C:\Windows\system32\msvcrt.dll
0x00007ff8101a0000 - 0x00007ff8101fb000 	C:\Windows\system32\sechost.dll
0x00007ff810480000 - 0x00007ff81059c000 	C:\Windows\system32\RPCRT4.dll
0x00007ff80e7f0000 - 0x00007ff80e946000 	C:\Windows\system32\USER32.dll
0x00007ff810010000 - 0x00007ff810196000 	C:\Windows\system32\GDI32.dll
0x00007fffffb60000 - 0x00007fffffdd4000 	C:\Windows\WinSxS\amd64_microsoft.windows.common-controls_6595b64144ccf1df_6.0.10586.0_none_8c15ae12515e1c22\COMCTL32.dll
0x00007ff810200000 - 0x00007ff81047d000 	C:\Windows\system32\combase.dll
0x00007ff80d8f0000 - 0x00007ff80d95a000 	C:\Windows\system32\bcryptPrimitives.dll
0x00007ff80ffd0000 - 0x00007ff81000b000 	C:\Windows\system32\IMM32.DLL
0x000000005ccc0000 - 0x000000005cd92000 	C:\Program Files\Java\jdk1.8.0_65\jre\bin\msvcr100.dll
0x000000005d140000 - 0x000000005d9c9000 	C:\Program Files\Java\jdk1.8.0_65\jre\bin\server\jvm.dll
0x00007ff810750000 - 0x00007ff810758000 	C:\Windows\system32\PSAPI.DLL
0x00007ff802680000 - 0x00007ff802689000 	C:\Windows\SYSTEM32\WSOCK32.dll
0x00007ff80e180000 - 0x00007ff80e1eb000 	C:\Windows\system32\WS2_32.dll
0x00007ff80b5a0000 - 0x00007ff80b5c3000 	C:\Windows\SYSTEM32\WINMM.dll
0x00007ff8006f0000 - 0x00007ff8006fa000 	C:\Windows\SYSTEM32\VERSION.dll
0x00007ff80b240000 - 0x00007ff80b26c000 	C:\Windows\SYSTEM32\WINMMBASE.dll
0x00007ff80d6d0000 - 0x00007ff80d713000 	C:\Windows\system32\cfgmgr32.dll
0x000000005d130000 - 0x000000005d13f000 	C:\Program Files\Java\jdk1.8.0_65\jre\bin\verify.dll
0x000000005d100000 - 0x000000005d129000 	C:\Program Files\Java\jdk1.8.0_65\jre\bin\java.dll
0x000000005d0e0000 - 0x000000005d0f6000 	C:\Program Files\Java\jdk1.8.0_65\jre\bin\zip.dll
0x00007ff80ea70000 - 0x00007ff80ffcf000 	C:\Windows\system32\SHELL32.dll
0x00007ff80d960000 - 0x00007ff80dfa4000 	C:\Windows\system32\windows.storage.dll
0x00007ff80e250000 - 0x00007ff80e2a2000 	C:\Windows\system32\shlwapi.dll
0x00007ff80d230000 - 0x00007ff80d23f000 	C:\Windows\system32\kernel.appcore.dll
0x00007ff80d560000 - 0x00007ff80d615000 	C:\Windows\system32\shcore.dll
0x00007ff80d1d0000 - 0x00007ff80d21b000 	C:\Windows\system32\powrprof.dll
0x00007ff80d240000 - 0x00007ff80d254000 	C:\Windows\system32\profapi.dll

VM Arguments:
jvm_args: -Djava.awt.headless=true -Xmx1024M -Dfile.encoding=windows-1252 -Duser.country=US -Duser.language=en -Duser.variant 
java_command: com.android.dx.command.Main --dex --force-jumbo --num-threads=4 --multi-dex --output F:\Android Tools\My AndroWork\MapMyDay\app\build\intermediates\transforms\dex\debug\folders\1000\10\com.android.support-support-v4-23.1.1_b3a364f2fa358bad3d4bcdd2cad6060edfd22087 F:\Android Tools\My AndroWork\MapMyDay\app\build\intermediates\exploded-aar\com.android.support\support-v4\23.1.1\jars\classes.jar
java_class_path (initial): F:\sdk\build-tools\23.0.1\lib\dx.jar
Launcher Type: SUN_STANDARD

Environment Variables:
PATH=C:\ProgramData\Oracle\Java\javapath;C:\Windows\system32;C:\Windows;C:\Windows\System32\Wbem;C:\Windows\System32\WindowsPowerShell\v1.0\;C:\Program Files (x86)\Intel\OpenCL SDK\2.0\bin\x86;C:\Program Files (x86)\Intel\OpenCL SDK\2.0\bin\x64;C:\Program Files\Microsoft\Web Platform Installer\;C:\Program Files (x86)\Microsoft ASP.NET\ASP.NET Web Pages\v1.0\;C:\Program Files (x86)\Windows Kits\8.0\Windows Performance Toolkit\;C:\Program Files\Microsoft SQL Server\110\Tools\Binn\;C:\VisualStudio & OpenCv\opencv\build\x64\vc11\bin\;C:\Program Files (x86)\Common Files\lenovo\easyplussdk\bin;C:\Modeltech_pe_edu_10.4a\win32pe_edu
USERNAME=Fahim Al Mahmud
OS=Windows_NT
PROCESSOR_IDENTIFIER=Intel64 Family 6 Model 58 Stepping 9, GenuineIntel



---------------  S Y S T E M  ---------------

OS: Windows 10.0 , 64 bit Build 10586 (10.0.10586.0)

CPU:total 4 (2 cores per cpu, 2 threads per core) family 6 model 58 stepping 9, cmov, cx8, fxsr, mmx, sse, sse2, sse3, ssse3, sse4.1, sse4.2, popcnt, avx, aes, clmul, erms, ht, tsc, tscinvbit, tscinv

Memory: 4k page, physical 4087096k(515144k free), swap 6005436k(3600k free)

vm_info: Java HotSpot(TM) 64-Bit Server VM (25.65-b01) for windows-amd64 JRE (1.8.0_65-b17), built on Oct  6 2015 16:39:20 by "java_re" with MS VC++ 10.0 (VS2010)

time: Sun Jun 12 03:15:52 2016
elapsed time: 1 seconds (0d 0h 0m 1s)

