#
# There is insufficient memory for the Java Runtime Environment to continue.
# Native memory allocation (malloc) failed to allocate 434656 bytes for Chunk::new
# Possible reasons:
#   The system is out of physical RAM or swap space
#   In 32 bit mode, the process size limit was hit
# Possible solutions:
#   Reduce memory load on the system
#   Increase physical memory or swap space
#   Check if swap backing store is full
#   Use 64 bit Java on a 64 bit OS
#   Decrease Java heap size (-Xmx/-Xms)
#   Decrease number of Java threads
#   Decrease Java thread stack sizes (-Xss)
#   Set larger code cache with -XX:ReservedCodeCacheSize=
# This output file may be truncated or incomplete.
#
#  Out of Memory Error (allocation.cpp:390), pid=9444, tid=5384
#
# JRE version: Java(TM) SE Runtime Environment (8.0_65-b17) (build 1.8.0_65-b17)
# Java VM: Java HotSpot(TM) 64-Bit Server VM (25.65-b01 mixed mode windows-amd64 compressed oops)
# Failed to write core dump. Minidumps are not enabled by default on client versions of Windows
#

---------------  T H R E A D  ---------------

Current thread (0x00000000148b1000):  JavaThread "C2 CompilerThread1" daemon [_thread_in_native, id=5384, stack(0x0000000015fe0000,0x00000000160e0000)]

Stack: [0x0000000015fe0000,0x00000000160e0000]
[error occurred during error reporting (printing stack bounds), id 0xc0000005]

Native frames: (J=compiled Java code, j=interpreted, Vv=VM code, C=native code)


Current CompileTask:
C2:   1966 1016       4       com.android.dx.ssa.back.LivenessAnalyzer::handleTailRecursion (94 bytes)


---------------  P R O C E S S  ---------------

Java Threads: ( => current thread )
  0x000000001645b800 JavaThread "pool-2-thread-4" [_thread_blocked, id=9760, stack(0x0000000016be0000,0x0000000016ce0000)]
  0x0000000016459000 JavaThread "pool-2-thread-3" [_thread_in_vm, id=5512, stack(0x0000000016ae0000,0x0000000016be0000)]
  0x0000000016453000 JavaThread "pool-2-thread-2" [_thread_blocked, id=7280, stack(0x00000000169e0000,0x0000000016ae0000)]
  0x0000000016450800 JavaThread "pool-3-thread-1" [_thread_blocked, id=7196, stack(0x00000000168e0000,0x00000000169e0000)]
  0x000000001644f800 JavaThread "pool-2-thread-1" [_thread_in_Java, id=10224, stack(0x00000000167e0000,0x00000000168e0000)]
  0x00000000161e5800 JavaThread "Service Thread" daemon [_thread_blocked, id=5872, stack(0x00000000165e0000,0x00000000166e0000)]
  0x00000000148bc000 JavaThread "C1 CompilerThread2" daemon [_thread_in_native, id=5376, stack(0x00000000160e0000,0x00000000161e0000)]
=>0x00000000148b1000 JavaThread "C2 CompilerThread1" daemon [_thread_in_native, id=5384, stack(0x0000000015fe0000,0x00000000160e0000)]
  0x000000001485d800 JavaThread "C2 CompilerThread0" daemon [_thread_in_native, id=7000, stack(0x0000000015ee0000,0x0000000015fe0000)]
  0x000000001485a800 JavaThread "Attach Listener" daemon [_thread_blocked, id=9064, stack(0x0000000015de0000,0x0000000015ee0000)]
  0x0000000014859000 JavaThread "Signal Dispatcher" daemon [_thread_blocked, id=1712, stack(0x0000000015ce0000,0x0000000015de0000)]
  0x0000000002180800 JavaThread "Finalizer" daemon [_thread_blocked, id=6408, stack(0x0000000015ad0000,0x0000000015bd0000)]
  0x000000000217d000 JavaThread "Reference Handler" daemon [_thread_blocked, id=7200, stack(0x00000000159d0000,0x0000000015ad0000)]
  0x0000000002090800 JavaThread "main" [_thread_blocked, id=4828, stack(0x0000000001f90000,0x0000000002090000)]

Other Threads:
  0x0000000014828000 VMThread [stack: 0x00000000158d0000,0x00000000159d0000] [id=6568]
  0x0000000016201000 WatcherThread [stack: 0x00000000166e0000,0x00000000167e0000] [id=4060]

VM state:not at safepoint (normal execution)

VM Mutex/Monitor currently owned by a thread: None

Heap:
 PSYoungGen      total 18944K, used 9073K [0x00000000eab00000, 0x00000000ec000000, 0x0000000100000000)
  eden space 16384K, 39% used [0x00000000eab00000,0x00000000eb15ea80,0x00000000ebb00000)
  from space 2560K, 99% used [0x00000000ebb00000,0x00000000ebd7dc98,0x00000000ebd80000)
  to   space 2560K, 0% used [0x00000000ebd80000,0x00000000ebd80000,0x00000000ec000000)
 ParOldGen       total 44032K, used 1751K [0x00000000c0000000, 0x00000000c2b00000, 0x00000000eab00000)
  object space 44032K, 3% used [0x00000000c0000000,0x00000000c01b5db0,0x00000000c2b00000)
 Metaspace       used 5819K, capacity 6832K, committed 7040K, reserved 1056768K
  class space    used 592K, capacity 616K, committed 640K, reserved 1048576K

Card table byte_map: [0x0000000011550000,0x0000000011760000] byte_map_base: 0x0000000010f50000

Marking Bits: (ParMarkBitMap*) 0x000000005d94a5b0
 Begin Bits: [0x0000000011cc0000, 0x0000000012cc0000)
 End Bits:   [0x0000000012cc0000, 0x0000000013cc0000)

Polling page: 0x0000000000420000

CodeCache: size=245760Kb used=4134Kb max_used=4134Kb free=241625Kb
 bounds [0x0000000002190000, 0x00000000025a0000, 0x0000000011190000]
 total_blobs=1294 nmethods=1025 adapters=182
 compilation: enabled

Compilation events (10 events):
Event: 1.961 Thread 0x00000000148bc000 nmethod 986 0x0000000002595210 code [0x0000000002595420, 0x0000000002595f78]
Event: 1.961 Thread 0x00000000148bc000 1030       3       com.android.dx.dex.file.Section::throwIfPrepared (18 bytes)
Event: 1.961 Thread 0x00000000148bc000 nmethod 1030 0x0000000002596610 code [0x0000000002596780, 0x00000000025969c8]
Event: 1.961 Thread 0x00000000148bc000  984       3       com.android.dx.rop.code.AccessFlags::isStatic (13 bytes)
Event: 1.961 Thread 0x000000001485d800 nmethod 1010 0x0000000002596a90 code [0x0000000002596c40, 0x00000000025979a8]
Event: 1.961 Thread 0x00000000148bc000 nmethod 984 0x0000000002594e90 code [0x0000000002594fe0, 0x0000000002595170]
Event: 1.961 Thread 0x00000000148bc000  981       3       java.util.TreeMap::values (27 bytes)
Event: 1.961 Thread 0x000000001485d800 1025       4       com.android.dx.ssa.SsaRenamer$BlockRenamer::addMapping (143 bytes)
Event: 1.961 Thread 0x00000000148bc000 nmethod 981 0x0000000002594890 code [0x0000000002594a00, 0x0000000002594d50]
Event: 1.961 Thread 0x00000000148bc000  987       3       com.android.dx.dex.code.RopTranslator$TranslationVisitor::visitThrowingCstInsn (225 bytes)

GC Heap History (2 events):
Event: 1.616 GC heap before
{Heap before GC invocations=1 (full 0):
 PSYoungGen      total 18944K, used 16384K [0x00000000eab00000, 0x00000000ec000000, 0x0000000100000000)
  eden space 16384K, 100% used [0x00000000eab00000,0x00000000ebb00000,0x00000000ebb00000)
  from space 2560K, 0% used [0x00000000ebd80000,0x00000000ebd80000,0x00000000ec000000)
  to   space 2560K, 0% used [0x00000000ebb00000,0x00000000ebb00000,0x00000000ebd80000)
 ParOldGen       total 44032K, used 0K [0x00000000c0000000, 0x00000000c2b00000, 0x00000000eab00000)
  object space 44032K, 0% used [0x00000000c0000000,0x00000000c0000000,0x00000000c2b00000)
 Metaspace       used 5731K, capacity 6768K, committed 7040K, reserved 1056768K
  class space    used 592K, capacity 616K, committed 640K, reserved 1048576K
Event: 1.791 GC heap after
Heap after GC invocations=1 (full 0):
 PSYoungGen      total 18944K, used 2551K [0x00000000eab00000, 0x00000000ec000000, 0x0000000100000000)
  eden space 16384K, 0% used [0x00000000eab00000,0x00000000eab00000,0x00000000ebb00000)
  from space 2560K, 99% used [0x00000000ebb00000,0x00000000ebd7dc98,0x00000000ebd80000)
  to   space 2560K, 0% used [0x00000000ebd80000,0x00000000ebd80000,0x00000000ec000000)
 ParOldGen       total 44032K, used 1751K [0x00000000c0000000, 0x00000000c2b00000, 0x00000000eab00000)
  object space 44032K, 3% used [0x00000000c0000000,0x00000000c01b5db0,0x00000000c2b00000)
 Metaspace       used 5731K, capacity 6768K, committed 7040K, reserved 1056768K
  class space    used 592K, capacity 616K, committed 640K, reserved 1048576K
}

Deoptimization events (7 events):
Event: 0.962 Thread 0x0000000002090800 Uncommon trap: reason=unstable_if action=reinterpret pc=0x00000000023893e8 method=java.lang.String.<init>([CII)V @ 18
Event: 0.980 Thread 0x0000000016453000 Uncommon trap: reason=unstable_if action=reinterpret pc=0x00000000023a73dc method=java.util.HashMap.getNode(ILjava/lang/Object;)Ljava/util/HashMap$Node; @ 129
Event: 1.477 Thread 0x0000000016459000 Uncommon trap: reason=class_check action=maybe_recompile pc=0x0000000002481030 method=com.android.dx.ssa.NormalSsaInsn.accept(Lcom/android/dx/ssa/SsaInsn$Visitor;)V @ 9
Event: 1.477 Thread 0x0000000016459000 Uncommon trap: reason=class_check action=maybe_recompile pc=0x000000000240cc30 method=com.android.dx.ssa.NormalSsaInsn.accept(Lcom/android/dx/ssa/SsaInsn$Visitor;)V @ 9
Event: 1.477 Thread 0x0000000016459000 Uncommon trap: reason=class_check action=maybe_recompile pc=0x0000000002481030 method=com.android.dx.ssa.NormalSsaInsn.accept(Lcom/android/dx/ssa/SsaInsn$Visitor;)V @ 9
Event: 1.477 Thread 0x0000000016459000 Uncommon trap: reason=class_check action=maybe_recompile pc=0x000000000240cc30 method=com.android.dx.ssa.NormalSsaInsn.accept(Lcom/android/dx/ssa/SsaInsn$Visitor;)V @ 9
Event: 1.477 Thread 0x0000000016459000 Uncommon trap: reason=class_check action=maybe_recompile pc=0x0000000002481030 method=com.android.dx.ssa.NormalSsaInsn.accept(Lcom/android/dx/ssa/SsaInsn$Visitor;)V @ 9

Internal exceptions (2 events):
Event: 0.054 Thread 0x0000000002090800 Exception <a 'java/lang/NoSuchMethodError': Method sun.misc.Unsafe.defineClass(Ljava/lang/String;[BII)Ljava/lang/Class; name or signature does not match> (0x00000000eab0d610) thrown at [C:\workspace\8-2-build-windows-amd64-cygwin\jdk8u65\4987\hotspot\src\sÔð“{'Š«?
Event: 0.054 Thread 0x0000000002090800 Exception <a 'java/lang/NoSuchMethodError': Method sun.misc.Unsafe.prefetchRead(Ljava/lang/Object;J)V name or signature does not match> (0x00000000eab0d8f8) thrown at [C:\workspace\8-2-build-windows-amd64-cygwin\jdk8u65\4987\hotspot\src\share\vm\prims\jni.

Events (10 events):
Event: 1.477 Thread 0x0000000016459000 DEOPT PACKING pc=0x0000000002481030 sp=0x0000000016bde530
Event: 1.477 Thread 0x0000000016459000 DEOPT UNPACKING pc=0x00000000021d582a sp=0x0000000016bde470 mode 2
Event: 1.501 loading class com/android/dx/cf/code/BytecodeArray$ConstantParserVisitor
Event: 1.501 loading class com/android/dx/cf/code/BytecodeArray$ConstantParserVisitor done
Event: 1.525 loading class com/android/dx/dex/file/FieldAnnotationStruct
Event: 1.525 loading class com/android/dx/dex/file/FieldAnnotationStruct done
Event: 1.539 Executing VM operation: ParallelGCFailedAllocation
Event: 1.791 Executing VM operation: ParallelGCFailedAllocation done
Event: 1.922 loading class com/android/dx/cf/code/SwitchList
Event: 1.922 loading class com/android/dx/cf/code/SwitchList done


Dynamic libraries:
0x00007ff606210000 - 0x00007ff606247000 	C:\Program Files\Java\jdk1.8.0_65\bin\java.exe
0x00007ff810bb0000 - 0x00007ff810d71000 	C:\Windows\SYSTEM32\ntdll.dll
0x00007ff80e9c0000 - 0x00007ff80ea6d000 	C:\Windows\system32\KERNEL32.DLL
0x00007ff80d280000 - 0x00007ff80d468000 	C:\Windows\system32\KERNELBASE.dll
0x00007ff80b710000 - 0x00007ff80b789000 	C:\Windows\system32\apphelp.dll
0x00007ff8108c0000 - 0x00007ff810967000 	C:\Windows\system32\ADVAPI32.dll
0x00007ff80e0e0000 - 0x00007ff80e17d000 	C:\Windows\system32\msvcrt.dll
0x00007ff8101a0000 - 0x00007ff8101fb000 	C:\Windows\system32\sechost.dll
0x00007ff810480000 - 0x00007ff81059c000 	C:\Windows\system32\RPCRT4.dll
0x00007ff80e7f0000 - 0x00007ff80e946000 	C:\Windows\system32\USER32.dll
0x00007ff810010000 - 0x00007ff810196000 	C:\Windows\system32\GDI32.dll
0x00007fffffb60000 - 0x00007fffffdd4000 	C:\Windows\WinSxS\amd64_microsoft.windows.common-controls_6595b64144ccf1df_6.0.10586.0_none_8c15ae12515e1c22\COMCTL32.dll
0x00007ff810200000 - 0x00007ff81047d000 	C:\Windows\system32\combase.dll
0x00007ff80d8f0000 - 0x00007ff80d95a000 	C:\Windows\system32\bcryptPrimitives.dll
0x00007ff80ffd0000 - 0x00007ff81000b000 	C:\Windows\system32\IMM32.DLL
0x000000005ccc0000 - 0x000000005cd92000 	C:\Program Files\Java\jdk1.8.0_65\jre\bin\msvcr100.dll
0x000000005d140000 - 0x000000005d9c9000 	C:\Program Files\Java\jdk1.8.0_65\jre\bin\server\jvm.dll
0x00007ff810750000 - 0x00007ff810758000 	C:\Windows\system32\PSAPI.DLL
0x00007ff802680000 - 0x00007ff802689000 	C:\Windows\SYSTEM32\WSOCK32.dll
0x00007ff80e180000 - 0x00007ff80e1eb000 	C:\Windows\system32\WS2_32.dll
0x00007ff80b5a0000 - 0x00007ff80b5c3000 	C:\Windows\SYSTEM32\WINMM.dll
0x00007ff8006f0000 - 0x00007ff8006fa000 	C:\Windows\SYSTEM32\VERSION.dll
0x00007ff80b240000 - 0x00007ff80b26c000 	C:\Windows\SYSTEM32\winmmbase.dll
0x00007ff80d6d0000 - 0x00007ff80d713000 	C:\Windows\system32\cfgmgr32.dll
0x000000005d130000 - 0x000000005d13f000 	C:\Program Files\Java\jdk1.8.0_65\jre\bin\verify.dll
0x000000005d100000 - 0x000000005d129000 	C:\Program Files\Java\jdk1.8.0_65\jre\bin\java.dll
0x000000005d0e0000 - 0x000000005d0f6000 	C:\Program Files\Java\jdk1.8.0_65\jre\bin\zip.dll
0x00007ff80ea70000 - 0x00007ff80ffcf000 	C:\Windows\system32\SHELL32.dll
0x00007ff80d960000 - 0x00007ff80dfa4000 	C:\Windows\system32\windows.storage.dll
0x00007ff80e250000 - 0x00007ff80e2a2000 	C:\Windows\system32\shlwapi.dll
0x00007ff80d230000 - 0x00007ff80d23f000 	C:\Windows\system32\kernel.appcore.dll
0x00007ff80d560000 - 0x00007ff80d615000 	C:\Windows\system32\shcore.dll
0x00007ff80d1d0000 - 0x00007ff80d21b000 	C:\Windows\system32\powrprof.dll
0x00007ff80d240000 - 0x00007ff80d254000 	C:\Windows\system32\profapi.dll

VM Arguments:
jvm_args: -Djava.awt.headless=true -Xmx1024M -Dfile.encoding=windows-1252 -Duser.country=US -Duser.language=en -Duser.variant 
java_command: com.android.dx.command.Main --dex --force-jumbo --num-threads=4 --multi-dex --output F:\Android Tools\My AndroWork\MapMyDay\app\build\intermediates\transforms\dex\debug\folders\1000\10\internal_impl-23.1.1_a7b219d7b997107c8a138ff7b3488863373a22c5 F:\Android Tools\My AndroWork\MapMyDay\app\build\intermediates\exploded-aar\com.android.support\support-v4\23.1.1\jars\libs\internal_impl-23.1.1.jar
java_class_path (initial): F:\sdk\build-tools\23.0.1\lib\dx.jar
Launcher Type: SUN_STANDARD

Environment Variables:
PATH=C:\ProgramData\Oracle\Java\javapath;C:\Windows\system32;C:\Windows;C:\Windows\System32\Wbem;C:\Windows\System32\WindowsPowerShell\v1.0\;C:\Program Files (x86)\Intel\OpenCL SDK\2.0\bin\x86;C:\Program Files (x86)\Intel\OpenCL SDK\2.0\bin\x64;C:\Program Files\Microsoft\Web Platform Installer\;C:\Program Files (x86)\Microsoft ASP.NET\ASP.NET Web Pages\v1.0\;C:\Program Files (x86)\Windows Kits\8.0\Windows Performance Toolkit\;C:\Program Files\Microsoft SQL Server\110\Tools\Binn\;C:\VisualStudio & OpenCv\opencv\build\x64\vc11\bin\;C:\Program Files (x86)\Common Files\lenovo\easyplussdk\bin;C:\Modeltech_pe_edu_10.4a\win32pe_edu
USERNAME=Fahim Al Mahmud
OS=Windows_NT
PROCESSOR_IDENTIFIER=Intel64 Family 6 Model 58 Stepping 9, GenuineIntel



---------------  S Y S T E M  ---------------

OS: Windows 10.0 , 64 bit Build 10586 (10.0.10586.0)

CPU:total 4 (2 cores per cpu, 2 threads per core) family 6 model 58 stepping 9, cmov, cx8, fxsr, mmx, sse, sse2, sse3, ssse3, sse4.1, sse4.2, popcnt, avx, aes, clmul, erms, ht, tsc, tscinvbit, tscinv

Memory: 4k page, physical 4087096k(543580k free), swap 6005436k(5720k free)

vm_info: Java HotSpot(TM) 64-Bit Server VM (25.65-b01) for windows-amd64 JRE (1.8.0_65-b17), built on Oct  6 2015 16:39:20 by "java_re" with MS VC++ 10.0 (VS2010)

time: Sun Jun 12 01:27:38 2016
elapsed time: 1 seconds (0d 0h 0m 1s)

