#
# There is insufficient memory for the Java Runtime Environment to continue.
# Native memory allocation (malloc) failed to allocate 1032416 bytes for Chunk::new
# Possible reasons:
#   The system is out of physical RAM or swap space
#   In 32 bit mode, the process size limit was hit
# Possible solutions:
#   Reduce memory load on the system
#   Increase physical memory or swap space
#   Check if swap backing store is full
#   Use 64 bit Java on a 64 bit OS
#   Decrease Java heap size (-Xmx/-Xms)
#   Decrease number of Java threads
#   Decrease Java thread stack sizes (-Xss)
#   Set larger code cache with -XX:ReservedCodeCacheSize=
# This output file may be truncated or incomplete.
#
#  Out of Memory Error (allocation.cpp:390), pid=8328, tid=8928
#
# JRE version: Java(TM) SE Runtime Environment (8.0_65-b17) (build 1.8.0_65-b17)
# Java VM: Java HotSpot(TM) 64-Bit Server VM (25.65-b01 mixed mode windows-amd64 compressed oops)
# Failed to write core dump. Minidumps are not enabled by default on client versions of Windows
#

---------------  T H R E A D  ---------------

Current thread (0x00000000148e0000):  JavaThread "C2 CompilerThread1" daemon [_thread_in_native, id=8928, stack(0x0000000016010000,0x0000000016110000)]

Stack: [0x0000000016010000,0x0000000016110000]
[error occurred during error reporting (printing stack bounds), id 0xc0000005]

Native frames: (J=compiled Java code, j=interpreted, Vv=VM code, C=native code)


Current CompileTask:
C2:   3232 1227       4       com.android.dx.ssa.SCCP::simulateBranch (666 bytes)


---------------  P R O C E S S  ---------------

Java Threads: ( => current thread )
  0x000000001635e000 JavaThread "pool-2-thread-4" [_thread_in_Java, id=4916, stack(0x0000000016c10000,0x0000000016d10000)]
  0x0000000016363800 JavaThread "pool-2-thread-3" [_thread_in_Java, id=6768, stack(0x0000000016b10000,0x0000000016c10000)]
  0x000000001635d000 JavaThread "pool-2-thread-2" [_thread_blocked, id=1148, stack(0x0000000016a10000,0x0000000016b10000)]
  0x0000000016350800 JavaThread "pool-3-thread-1" [_thread_blocked, id=5428, stack(0x0000000016910000,0x0000000016a10000)]
  0x000000001634b800 JavaThread "pool-2-thread-1" [_thread_blocked, id=6092, stack(0x0000000016810000,0x0000000016910000)]
  0x000000001493d000 JavaThread "Service Thread" daemon [_thread_blocked, id=7420, stack(0x0000000016610000,0x0000000016710000)]
  0x0000000014938800 JavaThread "C1 CompilerThread2" daemon [_thread_blocked, id=8704, stack(0x0000000016110000,0x0000000016210000)]
=>0x00000000148e0000 JavaThread "C2 CompilerThread1" daemon [_thread_in_native, id=8928, stack(0x0000000016010000,0x0000000016110000)]
  0x00000000148dd800 JavaThread "C2 CompilerThread0" daemon [_thread_in_native, id=8000, stack(0x0000000015f10000,0x0000000016010000)]
  0x00000000148da800 JavaThread "Attach Listener" daemon [_thread_blocked, id=10168, stack(0x0000000015e10000,0x0000000015f10000)]
  0x00000000148d9800 JavaThread "Signal Dispatcher" daemon [_thread_blocked, id=6196, stack(0x0000000015d10000,0x0000000015e10000)]
  0x0000000002200800 JavaThread "Finalizer" daemon [_thread_blocked, id=5856, stack(0x0000000015b30000,0x0000000015c30000)]
  0x00000000021fd000 JavaThread "Reference Handler" daemon [_thread_blocked, id=8260, stack(0x0000000015a30000,0x0000000015b30000)]
  0x0000000002110800 JavaThread "main" [_thread_blocked, id=2528, stack(0x0000000001e70000,0x0000000001f70000)]

Other Threads:
  0x00000000148a8000 VMThread [stack: 0x0000000015930000,0x0000000015a30000] [id=5536]
  0x0000000016215800 WatcherThread [stack: 0x0000000016710000,0x0000000016810000] [id=5884]

VM state:not at safepoint (normal execution)

VM Mutex/Monitor currently owned by a thread: None

Heap:
 PSYoungGen      total 18944K, used 2922K [0x00000000eab00000, 0x00000000ec000000, 0x0000000100000000)
  eden space 16384K, 2% used [0x00000000eab00000,0x00000000eab5dea8,0x00000000ebb00000)
  from space 2560K, 99% used [0x00000000ebd80000,0x00000000ebffcd20,0x00000000ec000000)
  to   space 2560K, 0% used [0x00000000ebb00000,0x00000000ebb00000,0x00000000ebd80000)
 ParOldGen       total 44032K, used 4192K [0x00000000c0000000, 0x00000000c2b00000, 0x00000000eab00000)
  object space 44032K, 9% used [0x00000000c0000000,0x00000000c04180b8,0x00000000c2b00000)
 Metaspace       used 5921K, capacity 6960K, committed 7040K, reserved 1056768K
  class space    used 592K, capacity 616K, committed 640K, reserved 1048576K

Card table byte_map: [0x00000000115d0000,0x00000000117e0000] byte_map_base: 0x0000000010fd0000

Marking Bits: (ParMarkBitMap*) 0x000000005d94a5b0
 Begin Bits: [0x0000000011d40000, 0x0000000012d40000)
 End Bits:   [0x0000000012d40000, 0x0000000013d40000)

Polling page: 0x00000000001f0000

CodeCache: size=245760Kb used=5333Kb max_used=5333Kb free=240426Kb
 bounds [0x0000000002210000, 0x0000000002750000, 0x0000000011210000]
 total_blobs=1533 nmethods=1264 adapters=182
 compilation: enabled

Compilation events (10 events):
Event: 3.200 Thread 0x00000000148dd800 1262       4       com.android.dx.ssa.NormalSsaInsn::accept (25 bytes)
Event: 3.201 Thread 0x0000000014938800 nmethod 1267 0x0000000002745910 code [0x0000000002745da0, 0x0000000002748ec8]
Event: 3.201 Thread 0x0000000014938800 1268       3       com.android.dx.ssa.SsaRenamer::access$500 (6 bytes)
Event: 3.202 Thread 0x0000000014938800 nmethod 1268 0x0000000002744410 code [0x00000000027445c0, 0x0000000002744b58]
Event: 3.202 Thread 0x0000000014938800 1269       3       com.android.dx.cf.direct.DirectClassFile::getAccessFlags (9 bytes)
Event: 3.202 Thread 0x0000000014938800 nmethod 1269 0x0000000002743f90 code [0x0000000002744100, 0x0000000002744348]
Event: 3.225 Thread 0x0000000014938800 1270       3       java.util.zip.ZipFile$ZipFileInflaterInputStream::finalize (5 bytes)
Event: 3.225 Thread 0x0000000014938800 nmethod 1270 0x00000000027395d0 code [0x0000000002739740, 0x00000000027398e8]
Event: 3.225 Thread 0x0000000014938800 1271       3       java.util.zip.ZipFile$ZipFileInputStream::finalize (5 bytes)
Event: 3.225 Thread 0x0000000014938800 nmethod 1271 0x00000000026fd210 code [0x00000000026fd380, 0x00000000026fd528]

GC Heap History (4 events):
Event: 2.048 GC heap before
{Heap before GC invocations=1 (full 0):
 PSYoungGen      total 18944K, used 16384K [0x00000000eab00000, 0x00000000ec000000, 0x0000000100000000)
  eden space 16384K, 100% used [0x00000000eab00000,0x00000000ebb00000,0x00000000ebb00000)
  from space 2560K, 0% used [0x00000000ebd80000,0x00000000ebd80000,0x00000000ec000000)
  to   space 2560K, 0% used [0x00000000ebb00000,0x00000000ebb00000,0x00000000ebd80000)
 ParOldGen       total 44032K, used 0K [0x00000000c0000000, 0x00000000c2b00000, 0x00000000eab00000)
  object space 44032K, 0% used [0x00000000c0000000,0x00000000c0000000,0x00000000c2b00000)
 Metaspace       used 5730K, capacity 6832K, committed 7040K, reserved 1056768K
  class space    used 591K, capacity 616K, committed 640K, reserved 1048576K
Event: 2.054 GC heap after
Heap after GC invocations=1 (full 0):
 PSYoungGen      total 18944K, used 2538K [0x00000000eab00000, 0x00000000ec000000, 0x0000000100000000)
  eden space 16384K, 0% used [0x00000000eab00000,0x00000000eab00000,0x00000000ebb00000)
  from space 2560K, 99% used [0x00000000ebb00000,0x00000000ebd7aaa8,0x00000000ebd80000)
  to   space 2560K, 0% used [0x00000000ebd80000,0x00000000ebd80000,0x00000000ec000000)
 ParOldGen       total 44032K, used 1649K [0x00000000c0000000, 0x00000000c2b00000, 0x00000000eab00000)
  object space 44032K, 3% used [0x00000000c0000000,0x00000000c019c740,0x00000000c2b00000)
 Metaspace       used 5730K, capacity 6832K, committed 7040K, reserved 1056768K
  class space    used 591K, capacity 616K, committed 640K, reserved 1048576K
}
Event: 3.203 GC heap before
{Heap before GC invocations=2 (full 0):
 PSYoungGen      total 18944K, used 18922K [0x00000000eab00000, 0x00000000ec000000, 0x0000000100000000)
  eden space 16384K, 100% used [0x00000000eab00000,0x00000000ebb00000,0x00000000ebb00000)
  from space 2560K, 99% used [0x00000000ebb00000,0x00000000ebd7aaa8,0x00000000ebd80000)
  to   space 2560K, 0% used [0x00000000ebd80000,0x00000000ebd80000,0x00000000ec000000)
 ParOldGen       total 44032K, used 1649K [0x00000000c0000000, 0x00000000c2b00000, 0x00000000eab00000)
  object space 44032K, 3% used [0x00000000c0000000,0x00000000c019c740,0x00000000c2b00000)
 Metaspace       used 5920K, capacity 6960K, committed 7040K, reserved 1056768K
  class space    used 592K, capacity 616K, committed 640K, reserved 1048576K
Event: 3.223 GC heap after
Heap after GC invocations=2 (full 0):
 PSYoungGen      total 18944K, used 2547K [0x00000000eab00000, 0x00000000ec000000, 0x0000000100000000)
  eden space 16384K, 0% used [0x00000000eab00000,0x00000000eab00000,0x00000000ebb00000)
  from space 2560K, 99% used [0x00000000ebd80000,0x00000000ebffcd20,0x00000000ec000000)
  to   space 2560K, 0% used [0x00000000ebb00000,0x00000000ebb00000,0x00000000ebd80000)
 ParOldGen       total 44032K, used 4192K [0x00000000c0000000, 0x00000000c2b00000, 0x00000000eab00000)
  object space 44032K, 9% used [0x00000000c0000000,0x00000000c04180b8,0x00000000c2b00000)
 Metaspace       used 5920K, capacity 6960K, committed 7040K, reserved 1056768K
  class space    used 592K, capacity 616K, committed 640K, reserved 1048576K
}

Deoptimization events (10 events):
Event: 2.340 Thread 0x0000000002110800 Uncommon trap: reason=class_check action=maybe_recompile pc=0x0000000002493cf0 method=com.android.dx.ssa.NormalSsaInsn.accept(Lcom/android/dx/ssa/SsaInsn$Visitor;)V @ 9
Event: 2.528 Thread 0x000000001635d000 Uncommon trap: reason=null_check action=make_not_entrant pc=0x00000000025cc4a0 method=com.android.dx.rop.type.Type.equals(Ljava/lang/Object;)Z @ 8
Event: 2.868 Thread 0x0000000016363800 Uncommon trap: reason=unstable_if action=reinterpret pc=0x0000000002678034 method=com.android.dx.ssa.SCCP.simulateStmt(Lcom/android/dx/ssa/SsaInsn;)V @ 59
Event: 2.881 Thread 0x000000001635d000 Uncommon trap: reason=null_check action=make_not_entrant pc=0x0000000002642bf0 method=com.android.dx.ssa.SsaRenamer.getLocalForNewReg(I)Lcom/android/dx/rop/code/LocalItem; @ 19
Event: 3.171 Thread 0x0000000016363800 Uncommon trap: reason=bimorphic action=maybe_recompile pc=0x000000000270753c method=com.android.dx.cf.code.BytecodeArray.parseInstruction(ILcom/android/dx/cf/code/BytecodeArray$Visitor;)I @ 1224
Event: 3.171 Thread 0x0000000016363800 Uncommon trap: reason=bimorphic action=maybe_recompile pc=0x000000000270753c method=com.android.dx.cf.code.BytecodeArray.parseInstruction(ILcom/android/dx/cf/code/BytecodeArray$Visitor;)I @ 1224
Event: 3.171 Thread 0x0000000016363800 Uncommon trap: reason=bimorphic action=maybe_recompile pc=0x000000000270753c method=com.android.dx.cf.code.BytecodeArray.parseInstruction(ILcom/android/dx/cf/code/BytecodeArray$Visitor;)I @ 1224
Event: 3.171 Thread 0x0000000016363800 Uncommon trap: reason=bimorphic action=maybe_recompile pc=0x000000000270753c method=com.android.dx.cf.code.BytecodeArray.parseInstruction(ILcom/android/dx/cf/code/BytecodeArray$Visitor;)I @ 1224
Event: 3.176 Thread 0x000000001634b800 Uncommon trap: reason=unstable_if action=reinterpret pc=0x00000000026ae1c8 method=com.android.dx.util.IntList.sort()V @ 8
Event: 3.179 Thread 0x000000001634b800 Uncommon trap: reason=null_check action=make_not_entrant pc=0x000000000263eec0 method=com.android.dx.ssa.SsaRenamer.getLocalForNewReg(I)Lcom/android/dx/rop/code/LocalItem; @ 19

Internal exceptions (5 events):
Event: 0.461 Thread 0x0000000002110800 Exception <a 'java/lang/NoSuchMethodError': Method sun.misc.Unsafe.defineClass(Ljava/lang/String;[BII)Ljava/lang/Class; name or signature does not match> (0x00000000eab0d7a0) thrown at [C:\workspace\8-2-build-windows-amd64-cygwin\jdk8u65\4987\hotspot\src\sª˛D}WÅ›?
Event: 0.461 Thread 0x0000000002110800 Exception <a 'java/lang/NoSuchMethodError': Method sun.misc.Unsafe.prefetchRead(Ljava/lang/Object;J)V name or signature does not match> (0x00000000eab0da88) thrown at [C:\workspace\8-2-build-windows-amd64-cygwin\jdk8u65\4987\hotspot\src\share\vm\prims\jni.PN™/?9@
Event: 2.528 Thread 0x000000001635d000 Implicit null exception at 0x00000000025cc3a2 to 0x00000000025cc492
Event: 2.881 Thread 0x000000001635d000 Implicit null exception at 0x0000000002641b60 to 0x0000000002642ba5
Event: 3.179 Thread 0x000000001634b800 Implicit null exception at 0x000000000263e07f to 0x000000000263ee8d

Events (10 events):
Event: 3.176 Thread 0x000000001634b800 DEOPT UNPACKING pc=0x000000000225582a sp=0x000000001690e740 mode 2
Event: 3.176 loading class java/util/DualPivotQuicksort
Event: 3.177 loading class java/util/DualPivotQuicksort done
Event: 3.179 Thread 0x000000001634b800 Uncommon trap: trap_request=0xfffffff4 fr.pc=0x000000000263eec0
Event: 3.179 Thread 0x000000001634b800 DEOPT PACKING pc=0x000000000263eec0 sp=0x000000001690e6a0
Event: 3.179 Thread 0x000000001634b800 DEOPT UNPACKING pc=0x000000000225582a sp=0x000000001690e4f8 mode 2
Event: 3.195 Thread 0x000000001635d000 DEOPT PACKING pc=0x00000000025b23bc sp=0x0000000016b0edb0
Event: 3.195 Thread 0x000000001635d000 DEOPT UNPACKING pc=0x000000000225787f sp=0x0000000016b0eb78 mode 0
Event: 3.202 Executing VM operation: ParallelGCFailedAllocation
Event: 3.223 Executing VM operation: ParallelGCFailedAllocation done


Dynamic libraries:
0x00007ff606210000 - 0x00007ff606247000 	C:\Program Files\Java\jdk1.8.0_65\bin\java.exe
0x00007ff810bb0000 - 0x00007ff810d71000 	C:\Windows\SYSTEM32\ntdll.dll
0x00007ff80e9c0000 - 0x00007ff80ea6d000 	C:\Windows\system32\KERNEL32.DLL
0x00007ff80d280000 - 0x00007ff80d468000 	C:\Windows\system32\KERNELBASE.dll
0x00007ff80b710000 - 0x00007ff80b789000 	C:\Windows\system32\apphelp.dll
0x00007ff8108c0000 - 0x00007ff810967000 	C:\Windows\system32\ADVAPI32.dll
0x00007ff80e0e0000 - 0x00007ff80e17d000 	C:\Windows\system32\msvcrt.dll
0x00007ff8101a0000 - 0x00007ff8101fb000 	C:\Windows\system32\sechost.dll
0x00007ff810480000 - 0x00007ff81059c000 	C:\Windows\system32\RPCRT4.dll
0x00007ff80e7f0000 - 0x00007ff80e946000 	C:\Windows\system32\USER32.dll
0x00007ff810010000 - 0x00007ff810196000 	C:\Windows\system32\GDI32.dll
0x00007fffffb60000 - 0x00007fffffdd4000 	C:\Windows\WinSxS\amd64_microsoft.windows.common-controls_6595b64144ccf1df_6.0.10586.0_none_8c15ae12515e1c22\COMCTL32.dll
0x00007ff810200000 - 0x00007ff81047d000 	C:\Windows\system32\combase.dll
0x00007ff80d8f0000 - 0x00007ff80d95a000 	C:\Windows\system32\bcryptPrimitives.dll
0x00007ff80ffd0000 - 0x00007ff81000b000 	C:\Windows\system32\IMM32.DLL
0x000000005ccc0000 - 0x000000005cd92000 	C:\Program Files\Java\jdk1.8.0_65\jre\bin\msvcr100.dll
0x000000005d140000 - 0x000000005d9c9000 	C:\Program Files\Java\jdk1.8.0_65\jre\bin\server\jvm.dll
0x00007ff810750000 - 0x00007ff810758000 	C:\Windows\system32\PSAPI.DLL
0x00007ff802680000 - 0x00007ff802689000 	C:\Windows\SYSTEM32\WSOCK32.dll
0x00007ff80e180000 - 0x00007ff80e1eb000 	C:\Windows\system32\WS2_32.dll
0x00007ff80b5a0000 - 0x00007ff80b5c3000 	C:\Windows\SYSTEM32\WINMM.dll
0x00007ff8006f0000 - 0x00007ff8006fa000 	C:\Windows\SYSTEM32\VERSION.dll
0x00007ff80b240000 - 0x00007ff80b26c000 	C:\Windows\SYSTEM32\WINMMBASE.dll
0x00007ff80d6d0000 - 0x00007ff80d713000 	C:\Windows\system32\cfgmgr32.dll
0x000000005d130000 - 0x000000005d13f000 	C:\Program Files\Java\jdk1.8.0_65\jre\bin\verify.dll
0x000000005d100000 - 0x000000005d129000 	C:\Program Files\Java\jdk1.8.0_65\jre\bin\java.dll
0x000000005d0e0000 - 0x000000005d0f6000 	C:\Program Files\Java\jdk1.8.0_65\jre\bin\zip.dll
0x00007ff80ea70000 - 0x00007ff80ffcf000 	C:\Windows\system32\SHELL32.dll
0x00007ff80d960000 - 0x00007ff80dfa4000 	C:\Windows\system32\windows.storage.dll
0x00007ff80e250000 - 0x00007ff80e2a2000 	C:\Windows\system32\shlwapi.dll
0x00007ff80d230000 - 0x00007ff80d23f000 	C:\Windows\system32\kernel.appcore.dll
0x00007ff80d560000 - 0x00007ff80d615000 	C:\Windows\system32\shcore.dll
0x00007ff80d1d0000 - 0x00007ff80d21b000 	C:\Windows\system32\powrprof.dll
0x00007ff80d240000 - 0x00007ff80d254000 	C:\Windows\system32\profapi.dll

VM Arguments:
jvm_args: -Djava.awt.headless=true -Xmx1024M -Dfile.encoding=windows-1252 -Duser.country=US -Duser.language=en -Duser.variant 
java_command: com.android.dx.command.Main --dex --force-jumbo --num-threads=4 --multi-dex --output F:\Android Tools\My AndroWork\MapMyDay\app\build\intermediates\transforms\dex\debug\folders\1000\10\com.wdullaer-materialdatetimepicker-2.1.1_f7ad3555f4634fff4658daa706880dbb9aa09b23 F:\Android Tools\My AndroWork\MapMyDay\app\build\intermediates\exploded-aar\com.wdullaer\materialdatetimepicker\2.1.1\jars\classes.jar
java_class_path (initial): F:\sdk\build-tools\23.0.1\lib\dx.jar
Launcher Type: SUN_STANDARD

Environment Variables:
PATH=C:\ProgramData\Oracle\Java\javapath;C:\Windows\system32;C:\Windows;C:\Windows\System32\Wbem;C:\Windows\System32\WindowsPowerShell\v1.0\;C:\Program Files (x86)\Intel\OpenCL SDK\2.0\bin\x86;C:\Program Files (x86)\Intel\OpenCL SDK\2.0\bin\x64;C:\Program Files\Microsoft\Web Platform Installer\;C:\Program Files (x86)\Microsoft ASP.NET\ASP.NET Web Pages\v1.0\;C:\Program Files (x86)\Windows Kits\8.0\Windows Performance Toolkit\;C:\Program Files\Microsoft SQL Server\110\Tools\Binn\;C:\VisualStudio & OpenCv\opencv\build\x64\vc11\bin\;C:\Program Files (x86)\Common Files\lenovo\easyplussdk\bin;C:\Modeltech_pe_edu_10.4a\win32pe_edu
USERNAME=Fahim Al Mahmud
OS=Windows_NT
PROCESSOR_IDENTIFIER=Intel64 Family 6 Model 58 Stepping 9, GenuineIntel



---------------  S Y S T E M  ---------------

OS: Windows 10.0 , 64 bit Build 10586 (10.0.10586.0)

CPU:total 4 (2 cores per cpu, 2 threads per core) family 6 model 58 stepping 9, cmov, cx8, fxsr, mmx, sse, sse2, sse3, ssse3, sse4.1, sse4.2, popcnt, avx, aes, clmul, erms, ht, tsc, tscinvbit, tscinv

Memory: 4k page, physical 4087096k(821444k free), swap 6005436k(5476k free)

vm_info: Java HotSpot(TM) 64-Bit Server VM (25.65-b01) for windows-amd64 JRE (1.8.0_65-b17), built on Oct  6 2015 16:39:20 by "java_re" with MS VC++ 10.0 (VS2010)

time: Sun Jun 12 01:39:10 2016
elapsed time: 3 seconds (0d 0h 0m 3s)

